Log file open, 11/07/14 10:37:56
LogInit:Display: Running engine for game: TheRoom
LogInit: Version: 4.4.3-2296771+++depot+UE4-Releases+4.4
LogInit: API Version: 2255576
LogInit: Compiled (64-bit): Sep 13 2014 22:30:58
LogInit: Build Configuration: Development
LogInit: Branch Name: ++depot+UE4-Releases+4.4
LogInit: Command line: 
LogInit: Base directory: C:/Program Files/Unreal Engine/4.4/Engine/Binaries/Win64/
LogInit: Rocket: 1
[2014.11.07-09.37.56:613][  0]LogTaskGraph: Started task graph with 3 named threads and 4 total threads.
[2014.11.07-09.37.56:639][  0]LogOnline:Warning: No default platform service specified for OnlineSubsystem
[2014.11.07-09.37.56:648][  0]LogInit: Presizing for 0 objects not considered by GC, pre-allocating 0 bytes.
[2014.11.07-09.37.56:656][  0]LogInit: Object subsystem initialized
[2014.11.07-09.37.56:658][  0]LogInit: Selected Device Profile: [Windows]
[2014.11.07-09.37.56:658][  0]LogInit: Applying CVar settings loaded from the selected device profile: [Windows]
[2014.11.07-09.37.56:663][  0]LogInit: Computer: 2013-KURS-09
[2014.11.07-09.37.56:663][  0]LogInit: User: lennartdaldrup
[2014.11.07-09.37.56:663][  0]LogInit: CPU Page size=4096, Cores=2
[2014.11.07-09.37.56:663][  0]LogInit: High frequency timer resolution =3.320380 MHz
[2014.11.07-09.37.56:663][  0]LogMemory: Memory total: Physical=8.0GB (8GB approx) Virtual=8192.0GB
[2014.11.07-09.37.56:664][  0]LogMemory: Platform Memory Stats for Windows
[2014.11.07-09.37.56:664][  0]LogMemory: Process Physical Memory: 61.48 MB used, 61.48 MB peak
[2014.11.07-09.37.56:664][  0]LogMemory: Process Virtual Memory: 37.07 MB used, 37.07 MB peak
[2014.11.07-09.37.56:664][  0]LogMemory: Physical Memory: 2663.30 MB used, 8185.95 MB total
[2014.11.07-09.37.56:664][  0]LogMemory: Virtual Memory: 262.12 MB used, 8388608.00 MB total
[2014.11.07-09.37.56:715][  0]LogD3D11RHI: Found D3D11 adapter 0: NVIDIA GeForce GTX 650 (Feature Level 11_0)
[2014.11.07-09.37.56:715][  0]LogD3D11RHI: Adapter has 971MB of dedicated video memory, 0MB of dedicated system memory, and 3072MB of shared system memory, 1 output[s]
[2014.11.07-09.37.56:715][  0]LogD3D11RHI: Chosen D3D11 Adapter Id = 0
[2014.11.07-09.37.56:721][  0]LogRHI: Texture pool is 680 MB (70% of 971 MB)
[2014.11.07-09.37.56:730][  0]LogD3D11RHI: Async texture creation enabled
[2014.11.07-09.37.56:792][  0]LogTextLocalizationManager:Warning: The selected culture 'de_DE' is not available; falling back to 'en'
[2014.11.07-09.37.56:885][  0]LogContentStreaming: Texture pool size is 0.000000MB
[2014.11.07-09.37.58:619][  0]LogTargetPlatformManager:Display: Building Assets For Windows
[2014.11.07-09.37.59:028][  0]LogTargetPlatformManager:Display: Building Assets For Windows
[2014.11.07-09.37.59:067][  0]LogDerivedDataCache:Display: Max Cache Size: 512 MB
[2014.11.07-09.37.59:145][  0]LogDerivedDataCache: Loaded boot cache 0.08s 39MB C:/Users/lennart.daldrup.S4G/AppData/Local/UnrealEngine/4.4/DerivedDataCache/Boot.ddc.
[2014.11.07-09.37.59:145][  0]LogDerivedDataCache:Display: Loaded Boot cache: C:/Users/lennart.daldrup.S4G/AppData/Local/UnrealEngine/4.4/DerivedDataCache/Boot.ddc
[2014.11.07-09.37.59:145][  0]LogDerivedDataCache: FDerivedDataBackendGraph:  Pak pak cache file ../../../../../../Users/lennart.daldrup.S4G/Documents/Unreal Projects/Nightterror/DerivedDataCache/DDC.ddp not found, will not use a pak cache.
[2014.11.07-09.37.59:145][  0]LogDerivedDataCache: Unable to find inner node Pak for hierarchical cache Hierarchy.
[2014.11.07-09.37.59:162][  0]LogDerivedDataCache:Display: Pak cache opened for reading ../../../Engine/DerivedDataCache/DDC.ddp.
[2014.11.07-09.37.59:173][  0]LogDerivedDataCache: Using Local data cache path C:/Users/lennart.daldrup.S4G/AppData/Local/UnrealEngine/4.4/DerivedDataCache: Writable
[2014.11.07-09.37.59:352][  0]LogMeshUtilities: No automatic mesh reduction module available
[2014.11.07-09.37.59:352][  0]LogMeshUtilities: No automatic mesh merging module available
[2014.11.07-09.37.59:742][  0]LogInit: WinSock: version 1.1 (2.2), MaxSocks=32767, MaxUdp=65467
[2014.11.07-09.38.00:493][  0]LogStats:Warning: MetaData mismatch. Did you assign a stat to two groups? New //STATGROUP_Threads//FMonitoredProcess///Thread_12b4_0///////STATCAT_Advanced//// old //STATGROUP_Threads//FMonitoredProcess///Thread_1028_0///////STATCAT_Advanced////
[2014.11.07-09.38.00:493][  0]UdpMessaging: Initializing bridge on interface 0.0.0.0:0 to multicast group 230.0.0.1:6666.
[2014.11.07-09.38.00:629][  0]SourceControl: Info Source control is disabled
[2014.11.07-09.38.00:629][  0]SourceControl: Info Source control is disabled
[2014.11.07-09.38.00:634][  0]SourceControl: Info Source control is disabled
[2014.11.07-09.38.00:812][  0]BlueprintLog: New page: Editor Load
[2014.11.07-09.38.00:913][  0]LogObj: 21438 objects as part of root set at end of initial load.
[2014.11.07-09.38.00:913][  0]LogUObjectAllocator: 4218656 out of 0 bytes used by permanent object pool.
[2014.11.07-09.38.01:167][  0]LogEngine: Initializing Engine...
[2014.11.07-09.38.01:299][  0]LogInit: XAudio2 using 'Realtek Digital Output (Realtek High Definition Audio)' : 2 channels at 48 kHz using 16 bits per sample (channel mask 0x3)
[2014.11.07-09.38.01:328][  0]LogInit: FAudioDevice initialized.
[2014.11.07-09.38.01:345][  0]LogAIModule: Creating AISystem for world NewWorld
[2014.11.07-09.38.01:380][  0]LogDerivedDataCache: Saved boot cache 0.03s 39MB C:/Users/lennart.daldrup.S4G/AppData/Local/UnrealEngine/4.4/DerivedDataCache/Boot.ddc.
[2014.11.07-09.38.01:392][  0]LogInit: Texture streaming: Enabled
[2014.11.07-09.38.01:425][  0]LogInit: Transaction tracking system initialized
[2014.11.07-09.38.01:537][  0]LogAssetRegistry: FAssetRegistry took 0.0096 seconds to start up
[2014.11.07-09.38.02:040][  0]LogTargetPlatformManager:Display: Building Assets For Windows
[2014.11.07-09.38.02:379][  0]LogTargetPlatformManager:Display: Building Assets For Windows
[2014.11.07-09.38.02:577][  0]LogConsoleResponse:Display: 
[2014.11.07-09.38.02:746][  0]LogStats:Warning: MetaData mismatch. Did you assign a stat to two groups? New //STATGROUP_Threads//FMonitoredProcess///Thread_42c_0///////STATCAT_Advanced//// old //STATGROUP_Threads//FMonitoredProcess///Thread_1028_0///////STATCAT_Advanced////
[2014.11.07-09.38.02:746][  0]LogStats:Warning: MetaData mismatch. Did you assign a stat to two groups? New //STATGROUP_Threads//FMonitoredProcess///Thread_f6c_0///////STATCAT_Advanced//// old //STATGROUP_Threads//FMonitoredProcess///Thread_1028_0///////STATCAT_Advanced////
[2014.11.07-09.38.02:746][  0]SourceControl: Info Source control is disabled
[2014.11.07-09.38.02:746][  0]Cmd: MAP LOAD FILE="../../../../../../Users/lennart.daldrup.S4G/Documents/Unreal Projects/Nightterror/Content/Maps/TheRoom.umap" TEMPLATE=0 SHOWPROGRESS=1
[2014.11.07-09.38.02:747][  0]LightingResults: New page: Lighting Build
[2014.11.07-09.38.02:753][  0]MapCheck: New page: Map Check
[2014.11.07-09.38.02:753][  0]LightingResults: New page: Lighting Build
[2014.11.07-09.38.02:770][  0]LogParticles: Destroying 0 GPU particle simulations for FXSystem 0x00000000118F9300
[2014.11.07-09.38.03:171][  0]LogEditorServer: Finished looking for orphan Actors (0.000 secs)
[2014.11.07-09.38.03:171][  0]LogAIModule: Creating AISystem for world TheRoom
[2014.11.07-09.38.03:171][  0]Cmd: MAP CHECKDEP
[2014.11.07-09.38.03:172][  0]MapCheck: New page: TheRoom - Nov 7, 2014, 11:38:03 AM
[2014.11.07-09.38.03:224][  0]MapCheck: Info ========== Map Check: 0 Error(s), 0 Warning(s), [52.277ms] ==========
[2014.11.07-09.38.03:224][  0]LogFileHelpers: Loading map 'TheRoom' took 0.478
[2014.11.07-09.38.03:354][  0]LogCollectionManager: Loaded 0 collections in 0.005548 seconds
[2014.11.07-09.38.03:455][  0]LogCrashTracker: Crashtracker disabled due to settings.
[2014.11.07-09.38.03:532][  0]LogLoad: Full Startup: 7.65 seconds (BP compile: 0.12 seconds)
[2014.11.07-09.38.03:543][  0]LogContentBrowser:Verbose: The content browser source was changed by the sources view to '/Game/Blueprints'
[2014.11.07-09.38.03:756][  0]LogRenderer:Warning: Reallocating scene render targets to support 32x32.
[2014.11.07-09.38.03:828][  0]LogRenderer:Warning: Reallocating scene render targets to support 1136x896.
[2014.11.07-09.38.04:075][  2]LogAssetRegistry: Asset discovery search completed in 2.5474 seconds
[2014.11.07-09.38.08:206][333]BlueprintLog: New page: Pre-PIE auto-recompile
[2014.11.07-09.38.08:206][333]LogPlayLevel: [PIE] Compiling TheRoom before PIE...
[2014.11.07-09.38.08:345][333]LogActorComponent: UnregisterComponent: (/Engine/Transient.CharacterMovementComponent_0) Not registered. Aborting.
[2014.11.07-09.38.08:383][333]LogPlayLevel: PIE:  Blueprint regeneration took 177 ms (1 blueprints)
[2014.11.07-09.38.08:383][333]PIE: New page: PIE session: TheRoom (Nov 7, 2014, 11:38:08 AM)
[2014.11.07-09.38.08:396][333]LogPlayLevel: PIE: StaticDuplicateObject took: (0.013078s)
[2014.11.07-09.38.08:399][333]LogPlayLevel: PIE: World Init took: (0.002303s)
[2014.11.07-09.38.08:399][333]LogPlayLevel: PIE: Created PIE world by copying editor world from /Game/Maps/TheRoom.TheRoom to /Game/Maps/UEDPIE_0_TheRoom.TheRoom (0.015600s)
[2014.11.07-09.38.08:499][333]BlueprintLog:Warning: Warning Blueprint MyHUD has been migrated and requires re-saving to avoid import errors
[2014.11.07-09.38.08:601][333]BlueprintLog:Warning: Warning Blueprint MyGame has been migrated and requires re-saving to avoid import errors
[2014.11.07-09.38.08:601][333]LogWorld: Game class is 'MyGame_C'
[2014.11.07-09.38.08:603][333]LogAIModule: Creating AISystem for world TheRoom
[2014.11.07-09.38.08:605][333]LogWorld: Bringing World /Game/Maps/UEDPIE_0_TheRoom.TheRoom up for play (max tick rate 0) at 2014.11.07-10.38.08
[2014.11.07-09.38.08:606][333]LogWorld: Bringing up level for play took: 0.002602
[2014.11.07-09.38.08:607][333]PIE: Info Play in editor start time for /Game/Maps/UEDPIE_0_TheRoom 0.624
[2014.11.07-09.38.11:628][571]LogBlueprintUserMessages: true && Actor: Schlüssel_C_0
[2014.11.07-09.38.12:351][623]Cmd: sg.ResolutionQuality 400
[2014.11.07-09.38.12:351][623]sg.ResolutionQuality = "400"
[2014.11.07-09.38.12:351][623]Cmd: sg.ViewDistanceQuality 3
[2014.11.07-09.38.12:351][623]sg.ViewDistanceQuality = "3"
[2014.11.07-09.38.12:351][623]Cmd: sg.AntiAliasingQuality 3
[2014.11.07-09.38.12:351][623]sg.AntiAliasingQuality = "3"
[2014.11.07-09.38.12:351][623]Cmd: sg.PostProcessQuality 3
[2014.11.07-09.38.12:351][623]sg.PostProcessQuality = "3"
[2014.11.07-09.38.12:351][623]Cmd: sg.ShadowQuality 3
[2014.11.07-09.38.12:351][623]sg.ShadowQuality = "3"
[2014.11.07-09.38.12:351][623]Cmd: sg.TextureQuality 3
[2014.11.07-09.38.12:351][623]sg.TextureQuality = "3"
[2014.11.07-09.38.12:351][623]Cmd: sg.EffectsQuality 3
[2014.11.07-09.38.12:351][623]sg.EffectsQuality = "3"
[2014.11.07-09.38.12:356][623]Cmd: r.PostProcessAAQuality 6
[2014.11.07-09.38.12:356][623]r.PostProcessAAQuality = "6"
[2014.11.07-09.38.12:356][623]Cmd: r.EyeAdaptationQuality 0
[2014.11.07-09.38.12:356][623]r.EyeAdaptationQuality = "0"
[2014.11.07-09.38.12:356][623]Cmd: r.SSR.MaxRoughness 0.9
[2014.11.07-09.38.12:356][623]r.SSR.MaxRoughness = "0.9"
[2014.11.07-09.38.12:356][623]LogBlueprintUserMessages: ULTRAEXTREME!!
[2014.11.07-09.38.12:358][623]LogRenderer:Warning: Reallocating scene render targets to support 1136x904.
[2014.11.07-09.38.12:358][623]LogContentStreaming: Texture pool size now 1000 MB
[2014.11.07-09.38.17:892][974]LogParticles: Destroying 0 GPU particle simulations for FXSystem 0x000000001DB3E480
[2014.11.07-09.38.20:513][ 90]BlueprintLog: New page: Pre-PIE auto-recompile
[2014.11.07-09.38.20:513][ 90]LogPlayLevel: [PIE] Compiling TheRoom before PIE...
[2014.11.07-09.38.20:693][ 90]LogPlayLevel: PIE:  Blueprint regeneration took 180 ms (1 blueprints)
[2014.11.07-09.38.20:694][ 90]PIE: New page: PIE session: TheRoom (Nov 7, 2014, 11:38:20 AM)
[2014.11.07-09.38.20:703][ 90]LogPlayLevel: PIE: StaticDuplicateObject took: (0.009392s)
[2014.11.07-09.38.20:704][ 90]LogPlayLevel: PIE: World Init took: (0.000913s)
[2014.11.07-09.38.20:704][ 90]LogPlayLevel: PIE: Created PIE world by copying editor world from /Game/Maps/TheRoom.TheRoom to /Game/Maps/UEDPIE_0_TheRoom.TheRoom (0.010500s)
[2014.11.07-09.38.20:732][ 90]LogWorld: Game class is 'MyGame_C'
[2014.11.07-09.38.20:733][ 90]LogAIModule: Creating AISystem for world TheRoom
[2014.11.07-09.38.20:735][ 90]LogWorld: Bringing World /Game/Maps/UEDPIE_0_TheRoom.TheRoom up for play (max tick rate 0) at 2014.11.07-10.38.20
[2014.11.07-09.38.20:736][ 90]LogWorld: Bringing up level for play took: 0.002571
[2014.11.07-09.38.20:737][ 90]PIE: Info Play in editor start time for /Game/Maps/UEDPIE_0_TheRoom 0.751
[2014.11.07-09.38.24:765][357]LogParticles: Destroying 0 GPU particle simulations for FXSystem 0x0000000010E8DE40
[2014.11.07-09.39.25:997][903]BlueprintLog: New page: Pre-PIE auto-recompile
[2014.11.07-09.39.25:997][903]LogPlayLevel: [PIE] Compiling TheRoom before PIE...
[2014.11.07-09.39.26:132][903]LogPlayLevel: PIE:  Blueprint regeneration took 135 ms (1 blueprints)
[2014.11.07-09.39.26:133][903]PIE: New page: PIE session: TheRoom (Nov 7, 2014, 11:39:26 AM)
[2014.11.07-09.39.26:142][903]LogPlayLevel: PIE: StaticDuplicateObject took: (0.009708s)
[2014.11.07-09.39.26:143][903]LogPlayLevel: PIE: World Init took: (0.000960s)
[2014.11.07-09.39.26:144][903]LogPlayLevel: PIE: Created PIE world by copying editor world from /Game/Maps/TheRoom.TheRoom to /Game/Maps/UEDPIE_0_TheRoom.TheRoom (0.010867s)
[2014.11.07-09.39.26:175][903]LogWorld: Game class is 'MyGame_C'
[2014.11.07-09.39.26:176][903]LogAIModule: Creating AISystem for world TheRoom
[2014.11.07-09.39.26:178][903]LogWorld: Bringing World /Game/Maps/UEDPIE_0_TheRoom.TheRoom up for play (max tick rate 0) at 2014.11.07-10.39.26
[2014.11.07-09.39.26:179][903]LogWorld: Bringing up level for play took: 0.002975
[2014.11.07-09.39.26:180][903]PIE: Info Play in editor start time for /Game/Maps/UEDPIE_0_TheRoom 0.184
[2014.11.07-09.39.30:802][202]LogBlueprintUserMessages: true && Actor: Schlüssel_C_0
[2014.11.07-09.39.32:276][288]LogParticles: Destroying 0 GPU particle simulations for FXSystem 0x000000000AF6E520
[2014.11.07-09.39.33:367][332]BlueprintLog: New page: Pre-PIE auto-recompile
[2014.11.07-09.39.33:367][332]LogPlayLevel: [PIE] Compiling TheRoom before PIE...
[2014.11.07-09.39.33:507][332]LogPlayLevel: PIE:  Blueprint regeneration took 140 ms (1 blueprints)
[2014.11.07-09.39.33:507][332]PIE: New page: PIE session: TheRoom (Nov 7, 2014, 11:39:33 AM)
[2014.11.07-09.39.33:517][332]LogPlayLevel: PIE: StaticDuplicateObject took: (0.009434s)
[2014.11.07-09.39.33:518][332]LogPlayLevel: PIE: World Init took: (0.000996s)
[2014.11.07-09.39.33:518][332]LogPlayLevel: PIE: Created PIE world by copying editor world from /Game/Maps/TheRoom.TheRoom to /Game/Maps/UEDPIE_0_TheRoom.TheRoom (0.010654s)
[2014.11.07-09.39.33:549][332]LogWorld: Game class is 'MyGame_C'
[2014.11.07-09.39.33:550][332]LogAIModule: Creating AISystem for world TheRoom
[2014.11.07-09.39.33:552][332]LogWorld: Bringing World /Game/Maps/UEDPIE_0_TheRoom.TheRoom up for play (max tick rate 0) at 2014.11.07-10.39.33
[2014.11.07-09.39.33:553][332]LogWorld: Bringing up level for play took: 0.002596
[2014.11.07-09.39.33:554][332]PIE: Info Play in editor start time for /Game/Maps/UEDPIE_0_TheRoom -0.443
[2014.11.07-09.40.08:372][570]LogBlueprintUserMessages: true && Actor: Schlüssel_C_0
[2014.11.07-09.40.14:292][945]LogParticles: Destroying 0 GPU particle simulations for FXSystem 0x000000000AF6F1A0
[2014.11.07-09.40.21:065][312]BlueprintLog: New page: Pre-PIE auto-recompile
[2014.11.07-09.40.21:065][312]LogPlayLevel: [PIE] Compiling TheRoom before PIE...
[2014.11.07-09.40.21:265][312]LogPlayLevel: PIE:  Blueprint regeneration took 200 ms (1 blueprints)
[2014.11.07-09.40.21:265][312]PIE: New page: PIE session: TheRoom (Nov 7, 2014, 11:40:21 AM)
[2014.11.07-09.40.21:276][312]LogPlayLevel: PIE: StaticDuplicateObject took: (0.010189s)
[2014.11.07-09.40.21:278][312]LogPlayLevel: PIE: World Init took: (0.002374s)
[2014.11.07-09.40.21:278][312]LogPlayLevel: PIE: Created PIE world by copying editor world from /Game/Maps/TheRoom.TheRoom to /Game/Maps/UEDPIE_0_TheRoom.TheRoom (0.012789s)
[2014.11.07-09.40.21:309][312]LogWorld: Game class is 'MyGame_C'
[2014.11.07-09.40.21:310][312]LogAIModule: Creating AISystem for world TheRoom
[2014.11.07-09.40.21:315][312]LogWorld: Bringing World /Game/Maps/UEDPIE_0_TheRoom.TheRoom up for play (max tick rate 0) at 2014.11.07-10.40.21
[2014.11.07-09.40.21:315][312]LogWorld: Bringing up level for play took: 0.005240
[2014.11.07-09.40.21:316][312]PIE: Info Play in editor start time for /Game/Maps/UEDPIE_0_TheRoom -0.688
[2014.11.07-09.40.25:327][567]LogBlueprintUserMessages: true && Actor: Schlüssel_C_0
[2014.11.07-09.40.30:764][927]LogParticles: Destroying 0 GPU particle simulations for FXSystem 0x000000000AF6FEC0
[2014.11.07-09.40.31:777][973]BlueprintLog: New page: Pre-PIE auto-recompile
[2014.11.07-09.40.31:777][973]LogPlayLevel: [PIE] Compiling TheRoom before PIE...
[2014.11.07-09.40.31:961][973]LogPlayLevel: PIE:  Blueprint regeneration took 184 ms (1 blueprints)
[2014.11.07-09.40.31:961][973]PIE: New page: PIE session: TheRoom (Nov 7, 2014, 11:40:31 AM)
[2014.11.07-09.40.31:971][973]LogPlayLevel: PIE: StaticDuplicateObject took: (0.009610s)
[2014.11.07-09.40.31:974][973]LogPlayLevel: PIE: World Init took: (0.002677s)
[2014.11.07-09.40.31:974][973]LogPlayLevel: PIE: Created PIE world by copying editor world from /Game/Maps/TheRoom.TheRoom to /Game/Maps/UEDPIE_0_TheRoom.TheRoom (0.012475s)
[2014.11.07-09.40.32:006][973]LogWorld: Game class is 'MyGame_C'
[2014.11.07-09.40.32:007][973]LogAIModule: Creating AISystem for world TheRoom
[2014.11.07-09.40.32:009][973]LogWorld: Bringing World /Game/Maps/UEDPIE_0_TheRoom.TheRoom up for play (max tick rate 0) at 2014.11.07-10.40.32
[2014.11.07-09.40.32:010][973]LogWorld: Bringing up level for play took: 0.002479
[2014.11.07-09.40.32:011][973]PIE: Info Play in editor start time for /Game/Maps/UEDPIE_0_TheRoom 0.005
[2014.11.07-09.40.47:277][998]LogBlueprintUserMessages: true && Actor: Schlüssel_C_0
[2014.11.07-09.40.57:163][659]LogParticles: Destroying 0 GPU particle simulations for FXSystem 0x000000000AE92160
[2014.11.07-09.41.02:030][890]BlueprintLog: New page: Pre-PIE auto-recompile
[2014.11.07-09.41.02:030][890]LogPlayLevel: [PIE] Compiling TheRoom before PIE...
[2014.11.07-09.41.02:194][890]LogActorComponent: UnregisterComponent: (/Engine/Transient.CharacterMovementComponent_1) Not registered. Aborting.
[2014.11.07-09.41.02:221][890]LogPlayLevel: PIE:  Blueprint regeneration took 191 ms (1 blueprints)
[2014.11.07-09.41.02:221][890]PIE: New page: PIE session: TheRoom (Nov 7, 2014, 11:41:02 AM)
[2014.11.07-09.41.02:231][890]LogPlayLevel: PIE: StaticDuplicateObject took: (0.009621s)
[2014.11.07-09.41.02:232][890]LogPlayLevel: PIE: World Init took: (0.000910s)
[2014.11.07-09.41.02:232][890]LogPlayLevel: PIE: Created PIE world by copying editor world from /Game/Maps/TheRoom.TheRoom to /Game/Maps/UEDPIE_0_TheRoom.TheRoom (0.010727s)
[2014.11.07-09.41.02:263][890]LogWorld: Game class is 'MyGame_C'
[2014.11.07-09.41.02:264][890]LogAIModule: Creating AISystem for world TheRoom
[2014.11.07-09.41.02:266][890]LogWorld: Bringing World /Game/Maps/UEDPIE_0_TheRoom.TheRoom up for play (max tick rate 0) at 2014.11.07-10.41.02
[2014.11.07-09.41.02:267][890]LogWorld: Bringing up level for play took: 0.002620
[2014.11.07-09.41.02:268][890]PIE: Info Play in editor start time for /Game/Maps/UEDPIE_0_TheRoom 0.257
[2014.11.07-09.41.03:491][970]Cmd: sg.ResolutionQuality 400
[2014.11.07-09.41.03:491][970]sg.ResolutionQuality = "400"
[2014.11.07-09.41.03:491][970]Cmd: sg.ViewDistanceQuality 3
[2014.11.07-09.41.03:491][970]sg.ViewDistanceQuality = "3"
[2014.11.07-09.41.03:491][970]Cmd: sg.AntiAliasingQuality 3
[2014.11.07-09.41.03:491][970]sg.AntiAliasingQuality = "3"
[2014.11.07-09.41.03:491][970]Cmd: sg.PostProcessQuality 3
[2014.11.07-09.41.03:491][970]sg.PostProcessQuality = "3"
[2014.11.07-09.41.03:491][970]Cmd: sg.ShadowQuality 3
[2014.11.07-09.41.03:491][970]sg.ShadowQuality = "3"
[2014.11.07-09.41.03:491][970]Cmd: sg.TextureQuality 3
[2014.11.07-09.41.03:491][970]sg.TextureQuality = "3"
[2014.11.07-09.41.03:492][970]Cmd: sg.EffectsQuality 3
[2014.11.07-09.41.03:492][970]sg.EffectsQuality = "3"
[2014.11.07-09.41.03:492][970]Cmd: r.PostProcessAAQuality 6
[2014.11.07-09.41.03:492][970]r.PostProcessAAQuality = "6"
[2014.11.07-09.41.03:492][970]Cmd: r.EyeAdaptationQuality 0
[2014.11.07-09.41.03:492][970]r.EyeAdaptationQuality = "0"
[2014.11.07-09.41.03:492][970]Cmd: r.SSR.MaxRoughness 0.9
[2014.11.07-09.41.03:492][970]r.SSR.MaxRoughness = "0.9"
[2014.11.07-09.41.03:492][970]LogBlueprintUserMessages: ULTRAEXTREME!!
[2014.11.07-09.41.19:150][ 25]LogBlueprintUserMessages: true && Actor: Schlüssel_C_0
[2014.11.07-09.42.59:771][941]Cmd: sg.ResolutionQuality 25
[2014.11.07-09.42.59:771][941]sg.ResolutionQuality = "25"
[2014.11.07-09.42.59:771][941]Cmd: sg.ViewDistanceQuality 0
[2014.11.07-09.42.59:771][941]sg.ViewDistanceQuality = "0"
[2014.11.07-09.42.59:771][941]Cmd: sg.AntiAliasingQuality 0
[2014.11.07-09.42.59:771][941]sg.AntiAliasingQuality = "0"
[2014.11.07-09.42.59:771][941]Cmd: sg.PostProcessQuality 0
[2014.11.07-09.42.59:771][941]sg.PostProcessQuality = "0"
[2014.11.07-09.42.59:771][941]Cmd: sg.ShadowQuality 0
[2014.11.07-09.42.59:771][941]sg.ShadowQuality = "0"
[2014.11.07-09.42.59:771][941]Cmd: sg.TextureQuality 0
[2014.11.07-09.42.59:771][941]sg.TextureQuality = "0"
[2014.11.07-09.42.59:771][941]Cmd: sg.EffectsQuality 0
[2014.11.07-09.42.59:771][941]sg.EffectsQuality = "0"
[2014.11.07-09.42.59:852][941]Cmd: r.PostProcessAAQuality 1
[2014.11.07-09.42.59:852][941]r.PostProcessAAQuality = "1"
[2014.11.07-09.42.59:852][941]Cmd: r.EyeAdaptationQuality 0
[2014.11.07-09.42.59:852][941]r.EyeAdaptationQuality = "0"
[2014.11.07-09.42.59:852][941]Cmd: r.SSR.MaxRoughness 0.2
[2014.11.07-09.42.59:852][941]r.SSR.MaxRoughness = "0.2"
[2014.11.07-09.42.59:852][941]LogBlueprintUserMessages: LOW!!
[2014.11.07-09.42.59:863][942]LogRenderer:Warning: Reallocating scene render targets to support 1136x904.
[2014.11.07-09.42.59:890][944]LogContentStreaming: Texture pool size now 200 MB
[2014.11.07-09.43.01:569][ 89]Cmd: sg.ResolutionQuality 400
[2014.11.07-09.43.01:569][ 89]sg.ResolutionQuality = "400"
[2014.11.07-09.43.01:569][ 89]Cmd: sg.ViewDistanceQuality 3
[2014.11.07-09.43.01:569][ 89]sg.ViewDistanceQuality = "3"
[2014.11.07-09.43.01:569][ 89]Cmd: sg.AntiAliasingQuality 3
[2014.11.07-09.43.01:569][ 89]sg.AntiAliasingQuality = "3"
[2014.11.07-09.43.01:570][ 89]Cmd: sg.PostProcessQuality 3
[2014.11.07-09.43.01:570][ 89]sg.PostProcessQuality = "3"
[2014.11.07-09.43.01:570][ 89]Cmd: sg.ShadowQuality 3
[2014.11.07-09.43.01:570][ 89]sg.ShadowQuality = "3"
[2014.11.07-09.43.01:570][ 89]Cmd: sg.TextureQuality 3
[2014.11.07-09.43.01:570][ 89]sg.TextureQuality = "3"
[2014.11.07-09.43.01:570][ 89]Cmd: sg.EffectsQuality 3
[2014.11.07-09.43.01:570][ 89]sg.EffectsQuality = "3"
[2014.11.07-09.43.01:638][ 89]Cmd: r.PostProcessAAQuality 6
[2014.11.07-09.43.01:638][ 89]r.PostProcessAAQuality = "6"
[2014.11.07-09.43.01:638][ 89]Cmd: r.EyeAdaptationQuality 0
[2014.11.07-09.43.01:638][ 89]r.EyeAdaptationQuality = "0"
[2014.11.07-09.43.01:638][ 89]Cmd: r.SSR.MaxRoughness 0.9
[2014.11.07-09.43.01:638][ 89]r.SSR.MaxRoughness = "0.9"
[2014.11.07-09.43.01:638][ 89]LogBlueprintUserMessages: ULTRAEXTREME!!
[2014.11.07-09.43.01:639][ 89]LogRenderer:Warning: Reallocating scene render targets to support 1136x904.
[2014.11.07-09.43.01:639][ 89]LogContentStreaming: Texture pool size now 1000 MB
[2014.11.07-09.43.03:376][206]Cmd: sg.ResolutionQuality 25
[2014.11.07-09.43.03:376][206]sg.ResolutionQuality = "25"
[2014.11.07-09.43.03:376][206]Cmd: sg.ViewDistanceQuality 0
[2014.11.07-09.43.03:376][206]sg.ViewDistanceQuality = "0"
[2014.11.07-09.43.03:376][206]Cmd: sg.AntiAliasingQuality 0
[2014.11.07-09.43.03:376][206]sg.AntiAliasingQuality = "0"
[2014.11.07-09.43.03:376][206]Cmd: sg.PostProcessQuality 0
[2014.11.07-09.43.03:376][206]sg.PostProcessQuality = "0"
[2014.11.07-09.43.03:376][206]Cmd: sg.ShadowQuality 0
[2014.11.07-09.43.03:376][206]sg.ShadowQuality = "0"
[2014.11.07-09.43.03:377][206]Cmd: sg.TextureQuality 0
[2014.11.07-09.43.03:377][206]sg.TextureQuality = "0"
[2014.11.07-09.43.03:377][206]Cmd: sg.EffectsQuality 0
[2014.11.07-09.43.03:377][206]sg.EffectsQuality = "0"
[2014.11.07-09.43.03:459][206]Cmd: r.PostProcessAAQuality 1
[2014.11.07-09.43.03:459][206]r.PostProcessAAQuality = "1"
[2014.11.07-09.43.03:459][206]Cmd: r.EyeAdaptationQuality 0
[2014.11.07-09.43.03:459][206]r.EyeAdaptationQuality = "0"
[2014.11.07-09.43.03:459][206]Cmd: r.SSR.MaxRoughness 0.2
[2014.11.07-09.43.03:459][206]r.SSR.MaxRoughness = "0.2"
[2014.11.07-09.43.03:459][206]LogBlueprintUserMessages: LOW!!
[2014.11.07-09.43.03:472][207]LogRenderer:Warning: Reallocating scene render targets to support 1136x904.
[2014.11.07-09.43.03:498][209]LogContentStreaming: Texture pool size now 200 MB
[2014.11.07-09.43.05:149][350]Cmd: sg.ResolutionQuality 25
[2014.11.07-09.43.05:149][350]sg.ResolutionQuality = "25"
[2014.11.07-09.43.05:150][350]Cmd: sg.ViewDistanceQuality 0
[2014.11.07-09.43.05:150][350]sg.ViewDistanceQuality = "0"
[2014.11.07-09.43.05:150][350]Cmd: sg.AntiAliasingQuality 0
[2014.11.07-09.43.05:150][350]sg.AntiAliasingQuality = "0"
[2014.11.07-09.43.05:150][350]Cmd: sg.PostProcessQuality 0
[2014.11.07-09.43.05:150][350]sg.PostProcessQuality = "0"
[2014.11.07-09.43.05:150][350]Cmd: sg.ShadowQuality 0
[2014.11.07-09.43.05:150][350]sg.ShadowQuality = "0"
[2014.11.07-09.43.05:150][350]Cmd: sg.TextureQuality 0
[2014.11.07-09.43.05:150][350]sg.TextureQuality = "0"
[2014.11.07-09.43.05:150][350]Cmd: sg.EffectsQuality 0
[2014.11.07-09.43.05:150][350]sg.EffectsQuality = "0"
[2014.11.07-09.43.05:150][350]Cmd: r.PostProcessAAQuality 1
[2014.11.07-09.43.05:150][350]r.PostProcessAAQuality = "1"
[2014.11.07-09.43.05:150][350]Cmd: r.EyeAdaptationQuality 0
[2014.11.07-09.43.05:150][350]r.EyeAdaptationQuality = "0"
[2014.11.07-09.43.05:150][350]Cmd: r.SSR.MaxRoughness 0.2
[2014.11.07-09.43.05:150][350]r.SSR.MaxRoughness = "0.2"
[2014.11.07-09.43.05:150][350]LogBlueprintUserMessages: LOW!!
[2014.11.07-09.43.10:476][802]Cmd: sg.ResolutionQuality 400
[2014.11.07-09.43.10:476][802]sg.ResolutionQuality = "400"
[2014.11.07-09.43.10:476][802]Cmd: sg.ViewDistanceQuality 3
[2014.11.07-09.43.10:476][802]sg.ViewDistanceQuality = "3"
[2014.11.07-09.43.10:476][802]Cmd: sg.AntiAliasingQuality 3
[2014.11.07-09.43.10:476][802]sg.AntiAliasingQuality = "3"
[2014.11.07-09.43.10:476][802]Cmd: sg.PostProcessQuality 3
[2014.11.07-09.43.10:476][802]sg.PostProcessQuality = "3"
[2014.11.07-09.43.10:476][802]Cmd: sg.ShadowQuality 3
[2014.11.07-09.43.10:476][802]sg.ShadowQuality = "3"
[2014.11.07-09.43.10:476][802]Cmd: sg.TextureQuality 3
[2014.11.07-09.43.10:476][802]sg.TextureQuality = "3"
[2014.11.07-09.43.10:476][802]Cmd: sg.EffectsQuality 3
[2014.11.07-09.43.10:477][802]sg.EffectsQuality = "3"
[2014.11.07-09.43.10:545][802]Cmd: r.PostProcessAAQuality 6
[2014.11.07-09.43.10:545][802]r.PostProcessAAQuality = "6"
[2014.11.07-09.43.10:545][802]Cmd: r.EyeAdaptationQuality 0
[2014.11.07-09.43.10:545][802]r.EyeAdaptationQuality = "0"
[2014.11.07-09.43.10:545][802]Cmd: r.SSR.MaxRoughness 0.9
[2014.11.07-09.43.10:545][802]r.SSR.MaxRoughness = "0.9"
[2014.11.07-09.43.10:546][802]LogBlueprintUserMessages: ULTRAEXTREME!!
[2014.11.07-09.43.10:563][803]LogRenderer:Warning: Reallocating scene render targets to support 1136x904.
[2014.11.07-09.43.10:581][804]LogContentStreaming: Texture pool size now 1000 MB
[2014.11.07-09.43.11:997][901]Cmd: sg.ResolutionQuality 25
[2014.11.07-09.43.11:997][901]sg.ResolutionQuality = "25"
[2014.11.07-09.43.11:997][901]Cmd: sg.ViewDistanceQuality 0
[2014.11.07-09.43.11:997][901]sg.ViewDistanceQuality = "0"
[2014.11.07-09.43.11:997][901]Cmd: sg.AntiAliasingQuality 0
[2014.11.07-09.43.11:997][901]sg.AntiAliasingQuality = "0"
[2014.11.07-09.43.11:997][901]Cmd: sg.PostProcessQuality 0
[2014.11.07-09.43.11:997][901]sg.PostProcessQuality = "0"
[2014.11.07-09.43.11:997][901]Cmd: sg.ShadowQuality 0
[2014.11.07-09.43.11:997][901]sg.ShadowQuality = "0"
[2014.11.07-09.43.11:997][901]Cmd: sg.TextureQuality 0
[2014.11.07-09.43.11:997][901]sg.TextureQuality = "0"
[2014.11.07-09.43.11:998][901]Cmd: sg.EffectsQuality 0
[2014.11.07-09.43.11:998][901]sg.EffectsQuality = "0"
[2014.11.07-09.43.12:079][901]Cmd: r.PostProcessAAQuality 1
[2014.11.07-09.43.12:079][901]r.PostProcessAAQuality = "1"
[2014.11.07-09.43.12:079][901]Cmd: r.EyeAdaptationQuality 0
[2014.11.07-09.43.12:079][901]r.EyeAdaptationQuality = "0"
[2014.11.07-09.43.12:079][901]Cmd: r.SSR.MaxRoughness 0.2
[2014.11.07-09.43.12:079][901]r.SSR.MaxRoughness = "0.2"
[2014.11.07-09.43.12:079][901]LogBlueprintUserMessages: LOW!!
[2014.11.07-09.43.12:089][902]LogRenderer:Warning: Reallocating scene render targets to support 1136x904.
[2014.11.07-09.43.12:114][904]LogContentStreaming: Texture pool size now 200 MB
[2014.11.07-09.43.12:723][956]Cmd: sg.ResolutionQuality 50
[2014.11.07-09.43.12:723][956]sg.ResolutionQuality = "50"
[2014.11.07-09.43.12:723][956]Cmd: sg.ViewDistanceQuality 1
[2014.11.07-09.43.12:723][956]sg.ViewDistanceQuality = "1"
[2014.11.07-09.43.12:723][956]Cmd: sg.AntiAliasingQuality 1
[2014.11.07-09.43.12:723][956]sg.AntiAliasingQuality = "1"
[2014.11.07-09.43.12:723][956]Cmd: sg.PostProcessQuality 1
[2014.11.07-09.43.12:723][956]sg.PostProcessQuality = "1"
[2014.11.07-09.43.12:723][956]Cmd: sg.ShadowQuality 1
[2014.11.07-09.43.12:723][956]sg.ShadowQuality = "1"
[2014.11.07-09.43.12:723][956]Cmd: sg.TextureQuality 1
[2014.11.07-09.43.12:723][956]sg.TextureQuality = "1"
[2014.11.07-09.43.12:723][956]Cmd: sg.EffectsQuality 1
[2014.11.07-09.43.12:723][956]sg.EffectsQuality = "1"
[2014.11.07-09.43.12:792][956]Cmd: r.PostProcessAAQuality 2
[2014.11.07-09.43.12:792][956]r.PostProcessAAQuality = "2"
[2014.11.07-09.43.12:792][956]Cmd: r.EyeAdaptationQuality 0
[2014.11.07-09.43.12:792][956]r.EyeAdaptationQuality = "0"
[2014.11.07-09.43.12:792][956]Cmd: r.SSR.MaxRoughness 0.6
[2014.11.07-09.43.12:792][956]r.SSR.MaxRoughness = "0.6"
[2014.11.07-09.43.12:792][956]LogBlueprintUserMessages: MID!!
[2014.11.07-09.43.12:805][957]LogRenderer:Warning: Reallocating scene render targets to support 1136x904.
[2014.11.07-09.43.12:832][959]LogContentStreaming: Texture pool size now 400 MB
[2014.11.07-09.43.12:934][967]Cmd: sg.ResolutionQuality 75
[2014.11.07-09.43.12:934][967]sg.ResolutionQuality = "75"
[2014.11.07-09.43.12:934][967]Cmd: sg.ViewDistanceQuality 2
[2014.11.07-09.43.12:934][967]sg.ViewDistanceQuality = "2"
[2014.11.07-09.43.12:934][967]Cmd: sg.AntiAliasingQuality 2
[2014.11.07-09.43.12:934][967]sg.AntiAliasingQuality = "2"
[2014.11.07-09.43.12:934][967]Cmd: sg.PostProcessQuality 2
[2014.11.07-09.43.12:934][967]sg.PostProcessQuality = "2"
[2014.11.07-09.43.12:934][967]Cmd: sg.ShadowQuality 2
[2014.11.07-09.43.12:934][967]sg.ShadowQuality = "2"
[2014.11.07-09.43.12:934][967]Cmd: sg.TextureQuality 2
[2014.11.07-09.43.12:934][967]sg.TextureQuality = "2"
[2014.11.07-09.43.12:934][967]Cmd: sg.EffectsQuality 2
[2014.11.07-09.43.12:935][967]sg.EffectsQuality = "2"
[2014.11.07-09.43.12:935][967]Cmd: r.PostProcessAAQuality 3
[2014.11.07-09.43.12:935][967]r.PostProcessAAQuality = "3"
[2014.11.07-09.43.12:935][967]Cmd: r.EyeAdaptationQuality 0
[2014.11.07-09.43.12:935][967]r.EyeAdaptationQuality = "0"
[2014.11.07-09.43.12:935][967]Cmd: r.SSR.MaxRoughness 0.8
[2014.11.07-09.43.12:935][967]r.SSR.MaxRoughness = "0.8"
[2014.11.07-09.43.12:935][967]LogBlueprintUserMessages: HIGH!!
[2014.11.07-09.43.12:957][968]LogRenderer:Warning: Reallocating scene render targets to support 1136x904.
[2014.11.07-09.43.12:968][969]LogContentStreaming: Texture pool size now 700 MB
[2014.11.07-09.43.13:122][980]Cmd: sg.ResolutionQuality 100
[2014.11.07-09.43.13:122][980]sg.ResolutionQuality = "100"
[2014.11.07-09.43.13:122][980]Cmd: sg.ViewDistanceQuality 3
[2014.11.07-09.43.13:122][980]sg.ViewDistanceQuality = "3"
[2014.11.07-09.43.13:122][980]Cmd: sg.AntiAliasingQuality 3
[2014.11.07-09.43.13:123][980]sg.AntiAliasingQuality = "3"
[2014.11.07-09.43.13:123][980]Cmd: sg.PostProcessQuality 3
[2014.11.07-09.43.13:123][980]sg.PostProcessQuality = "3"
[2014.11.07-09.43.13:123][980]Cmd: sg.ShadowQuality 3
[2014.11.07-09.43.13:123][980]sg.ShadowQuality = "3"
[2014.11.07-09.43.13:123][980]Cmd: sg.TextureQuality 3
[2014.11.07-09.43.13:123][980]sg.TextureQuality = "3"
[2014.11.07-09.43.13:123][980]Cmd: sg.EffectsQuality 3
[2014.11.07-09.43.13:123][980]sg.EffectsQuality = "3"
[2014.11.07-09.43.13:127][980]Cmd: r.PostProcessAAQuality 4
[2014.11.07-09.43.13:127][980]r.PostProcessAAQuality = "4"
[2014.11.07-09.43.13:127][980]Cmd: r.EyeAdaptationQuality 0
[2014.11.07-09.43.13:127][980]r.EyeAdaptationQuality = "0"
[2014.11.07-09.43.13:127][980]Cmd: r.SSR.MaxRoughness 0.9
[2014.11.07-09.43.13:127][980]r.SSR.MaxRoughness = "0.9"
[2014.11.07-09.43.13:127][980]LogBlueprintUserMessages: ULTRA!!
[2014.11.07-09.43.13:141][981]LogRenderer:Warning: Reallocating scene render targets to support 1136x904.
[2014.11.07-09.43.13:181][984]LogContentStreaming: Texture pool size now 1000 MB
[2014.11.07-09.43.13:322][994]Cmd: sg.ResolutionQuality 150
[2014.11.07-09.43.13:322][994]sg.ResolutionQuality = "150"
[2014.11.07-09.43.13:322][994]Cmd: sg.ViewDistanceQuality 3
[2014.11.07-09.43.13:322][994]sg.ViewDistanceQuality = "3"
[2014.11.07-09.43.13:322][994]Cmd: sg.AntiAliasingQuality 3
[2014.11.07-09.43.13:322][994]sg.AntiAliasingQuality = "3"
[2014.11.07-09.43.13:322][994]Cmd: sg.PostProcessQuality 3
[2014.11.07-09.43.13:322][994]sg.PostProcessQuality = "3"
[2014.11.07-09.43.13:322][994]Cmd: sg.ShadowQuality 3
[2014.11.07-09.43.13:322][994]sg.ShadowQuality = "3"
[2014.11.07-09.43.13:322][994]Cmd: sg.TextureQuality 3
[2014.11.07-09.43.13:322][994]sg.TextureQuality = "3"
[2014.11.07-09.43.13:322][994]Cmd: sg.EffectsQuality 3
[2014.11.07-09.43.13:323][994]sg.EffectsQuality = "3"
[2014.11.07-09.43.13:323][994]Cmd: r.PostProcessAAQuality 6
[2014.11.07-09.43.13:323][994]r.PostProcessAAQuality = "6"
[2014.11.07-09.43.13:323][994]Cmd: r.EyeAdaptationQuality 0
[2014.11.07-09.43.13:323][994]r.EyeAdaptationQuality = "0"
[2014.11.07-09.43.13:323][994]Cmd: r.SSR.MaxRoughness 0.9
[2014.11.07-09.43.13:323][994]r.SSR.MaxRoughness = "0.9"
[2014.11.07-09.43.13:323][994]LogBlueprintUserMessages: EXTREME!!
[2014.11.07-09.43.13:534][  9]Cmd: sg.ResolutionQuality 400
[2014.11.07-09.43.13:534][  9]sg.ResolutionQuality = "400"
[2014.11.07-09.43.13:534][  9]Cmd: sg.ViewDistanceQuality 3
[2014.11.07-09.43.13:534][  9]sg.ViewDistanceQuality = "3"
[2014.11.07-09.43.13:534][  9]Cmd: sg.AntiAliasingQuality 3
[2014.11.07-09.43.13:534][  9]sg.AntiAliasingQuality = "3"
[2014.11.07-09.43.13:534][  9]Cmd: sg.PostProcessQuality 3
[2014.11.07-09.43.13:534][  9]sg.PostProcessQuality = "3"
[2014.11.07-09.43.13:534][  9]Cmd: sg.ShadowQuality 3
[2014.11.07-09.43.13:534][  9]sg.ShadowQuality = "3"
[2014.11.07-09.43.13:534][  9]Cmd: sg.TextureQuality 3
[2014.11.07-09.43.13:534][  9]sg.TextureQuality = "3"
[2014.11.07-09.43.13:534][  9]Cmd: sg.EffectsQuality 3
[2014.11.07-09.43.13:535][  9]sg.EffectsQuality = "3"
[2014.11.07-09.43.13:535][  9]Cmd: r.PostProcessAAQuality 6
[2014.11.07-09.43.13:535][  9]r.PostProcessAAQuality = "6"
[2014.11.07-09.43.13:535][  9]Cmd: r.EyeAdaptationQuality 0
[2014.11.07-09.43.13:535][  9]r.EyeAdaptationQuality = "0"
[2014.11.07-09.43.13:535][  9]Cmd: r.SSR.MaxRoughness 0.9
[2014.11.07-09.43.13:535][  9]r.SSR.MaxRoughness = "0.9"
[2014.11.07-09.43.13:535][  9]LogBlueprintUserMessages: ULTRAEXTREME!!
[2014.11.07-09.43.14:316][ 64]Cmd: sg.ResolutionQuality 50
[2014.11.07-09.43.14:316][ 64]sg.ResolutionQuality = "50"
[2014.11.07-09.43.14:316][ 64]Cmd: sg.ViewDistanceQuality 1
[2014.11.07-09.43.14:316][ 64]sg.ViewDistanceQuality = "1"
[2014.11.07-09.43.14:316][ 64]Cmd: sg.AntiAliasingQuality 1
[2014.11.07-09.43.14:316][ 64]sg.AntiAliasingQuality = "1"
[2014.11.07-09.43.14:316][ 64]Cmd: sg.PostProcessQuality 1
[2014.11.07-09.43.14:316][ 64]sg.PostProcessQuality = "1"
[2014.11.07-09.43.14:316][ 64]Cmd: sg.ShadowQuality 1
[2014.11.07-09.43.14:316][ 64]sg.ShadowQuality = "1"
[2014.11.07-09.43.14:316][ 64]Cmd: sg.TextureQuality 1
[2014.11.07-09.43.14:316][ 64]sg.TextureQuality = "1"
[2014.11.07-09.43.14:317][ 64]Cmd: sg.EffectsQuality 1
[2014.11.07-09.43.14:317][ 64]sg.EffectsQuality = "1"
[2014.11.07-09.43.14:334][ 64]Cmd: r.PostProcessAAQuality 2
[2014.11.07-09.43.14:334][ 64]r.PostProcessAAQuality = "2"
[2014.11.07-09.43.14:334][ 64]Cmd: r.EyeAdaptationQuality 0
[2014.11.07-09.43.14:334][ 64]r.EyeAdaptationQuality = "0"
[2014.11.07-09.43.14:334][ 64]Cmd: r.SSR.MaxRoughness 0.6
[2014.11.07-09.43.14:334][ 64]r.SSR.MaxRoughness = "0.6"
[2014.11.07-09.43.14:334][ 64]LogBlueprintUserMessages: MID!!
[2014.11.07-09.43.14:335][ 64]LogRenderer:Warning: Reallocating scene render targets to support 1136x904.
[2014.11.07-09.43.14:335][ 64]LogContentStreaming: Texture pool size now 400 MB
[2014.11.07-09.43.14:714][ 96]Cmd: sg.ResolutionQuality 75
[2014.11.07-09.43.14:715][ 96]sg.ResolutionQuality = "75"
[2014.11.07-09.43.14:715][ 96]Cmd: sg.ViewDistanceQuality 2
[2014.11.07-09.43.14:715][ 96]sg.ViewDistanceQuality = "2"
[2014.11.07-09.43.14:715][ 96]Cmd: sg.AntiAliasingQuality 2
[2014.11.07-09.43.14:715][ 96]sg.AntiAliasingQuality = "2"
[2014.11.07-09.43.14:715][ 96]Cmd: sg.PostProcessQuality 2
[2014.11.07-09.43.14:715][ 96]sg.PostProcessQuality = "2"
[2014.11.07-09.43.14:715][ 96]Cmd: sg.ShadowQuality 2
[2014.11.07-09.43.14:715][ 96]sg.ShadowQuality = "2"
[2014.11.07-09.43.14:715][ 96]Cmd: sg.TextureQuality 2
[2014.11.07-09.43.14:715][ 96]sg.TextureQuality = "2"
[2014.11.07-09.43.14:715][ 96]Cmd: sg.EffectsQuality 2
[2014.11.07-09.43.14:715][ 96]sg.EffectsQuality = "2"
[2014.11.07-09.43.14:715][ 96]Cmd: r.PostProcessAAQuality 3
[2014.11.07-09.43.14:715][ 96]r.PostProcessAAQuality = "3"
[2014.11.07-09.43.14:715][ 96]Cmd: r.EyeAdaptationQuality 0
[2014.11.07-09.43.14:715][ 96]r.EyeAdaptationQuality = "0"
[2014.11.07-09.43.14:715][ 96]Cmd: r.SSR.MaxRoughness 0.8
[2014.11.07-09.43.14:715][ 96]r.SSR.MaxRoughness = "0.8"
[2014.11.07-09.43.14:715][ 96]LogBlueprintUserMessages: HIGH!!
[2014.11.07-09.43.14:729][ 97]LogRenderer:Warning: Reallocating scene render targets to support 1136x904.
[2014.11.07-09.43.14:757][ 99]LogContentStreaming: Texture pool size now 700 MB
[2014.11.07-09.43.15:986][202]Cmd: sg.ResolutionQuality 75
[2014.11.07-09.43.15:986][202]sg.ResolutionQuality = "75"
[2014.11.07-09.43.15:986][202]Cmd: sg.ViewDistanceQuality 2
[2014.11.07-09.43.15:986][202]sg.ViewDistanceQuality = "2"
[2014.11.07-09.43.15:986][202]Cmd: sg.AntiAliasingQuality 2
[2014.11.07-09.43.15:986][202]sg.AntiAliasingQuality = "2"
[2014.11.07-09.43.15:986][202]Cmd: sg.PostProcessQuality 2
[2014.11.07-09.43.15:986][202]sg.PostProcessQuality = "2"
[2014.11.07-09.43.15:986][202]Cmd: sg.ShadowQuality 2
[2014.11.07-09.43.15:986][202]sg.ShadowQuality = "2"
[2014.11.07-09.43.15:986][202]Cmd: sg.TextureQuality 2
[2014.11.07-09.43.15:986][202]sg.TextureQuality = "2"
[2014.11.07-09.43.15:986][202]Cmd: sg.EffectsQuality 2
[2014.11.07-09.43.15:986][202]sg.EffectsQuality = "2"
[2014.11.07-09.43.15:986][202]Cmd: r.PostProcessAAQuality 3
[2014.11.07-09.43.15:986][202]r.PostProcessAAQuality = "3"
[2014.11.07-09.43.15:986][202]Cmd: r.EyeAdaptationQuality 0
[2014.11.07-09.43.15:986][202]r.EyeAdaptationQuality = "0"
[2014.11.07-09.43.15:986][202]Cmd: r.SSR.MaxRoughness 0.8
[2014.11.07-09.43.15:986][202]r.SSR.MaxRoughness = "0.8"
[2014.11.07-09.43.15:986][202]LogBlueprintUserMessages: HIGH!!
[2014.11.07-09.43.16:277][227]Cmd: sg.ResolutionQuality 75
[2014.11.07-09.43.16:277][227]sg.ResolutionQuality = "75"
[2014.11.07-09.43.16:277][227]Cmd: sg.ViewDistanceQuality 2
[2014.11.07-09.43.16:277][227]sg.ViewDistanceQuality = "2"
[2014.11.07-09.43.16:277][227]Cmd: sg.AntiAliasingQuality 2
[2014.11.07-09.43.16:277][227]sg.AntiAliasingQuality = "2"
[2014.11.07-09.43.16:277][227]Cmd: sg.PostProcessQuality 2
[2014.11.07-09.43.16:277][227]sg.PostProcessQuality = "2"
[2014.11.07-09.43.16:277][227]Cmd: sg.ShadowQuality 2
[2014.11.07-09.43.16:277][227]sg.ShadowQuality = "2"
[2014.11.07-09.43.16:277][227]Cmd: sg.TextureQuality 2
[2014.11.07-09.43.16:277][227]sg.TextureQuality = "2"
[2014.11.07-09.43.16:277][227]Cmd: sg.EffectsQuality 2
[2014.11.07-09.43.16:277][227]sg.EffectsQuality = "2"
[2014.11.07-09.43.16:277][227]Cmd: r.PostProcessAAQuality 3
[2014.11.07-09.43.16:278][227]r.PostProcessAAQuality = "3"
[2014.11.07-09.43.16:278][227]Cmd: r.EyeAdaptationQuality 0
[2014.11.07-09.43.16:278][227]r.EyeAdaptationQuality = "0"
[2014.11.07-09.43.16:278][227]Cmd: r.SSR.MaxRoughness 0.8
[2014.11.07-09.43.16:278][227]r.SSR.MaxRoughness = "0.8"
[2014.11.07-09.43.16:278][227]LogBlueprintUserMessages: HIGH!!
[2014.11.07-09.43.16:505][246]Cmd: sg.ResolutionQuality 75
[2014.11.07-09.43.16:505][246]sg.ResolutionQuality = "75"
[2014.11.07-09.43.16:505][246]Cmd: sg.ViewDistanceQuality 2
[2014.11.07-09.43.16:505][246]sg.ViewDistanceQuality = "2"
[2014.11.07-09.43.16:505][246]Cmd: sg.AntiAliasingQuality 2
[2014.11.07-09.43.16:505][246]sg.AntiAliasingQuality = "2"
[2014.11.07-09.43.16:505][246]Cmd: sg.PostProcessQuality 2
[2014.11.07-09.43.16:505][246]sg.PostProcessQuality = "2"
[2014.11.07-09.43.16:505][246]Cmd: sg.ShadowQuality 2
[2014.11.07-09.43.16:506][246]sg.ShadowQuality = "2"
[2014.11.07-09.43.16:506][246]Cmd: sg.TextureQuality 2
[2014.11.07-09.43.16:506][246]sg.TextureQuality = "2"
[2014.11.07-09.43.16:506][246]Cmd: sg.EffectsQuality 2
[2014.11.07-09.43.16:506][246]sg.EffectsQuality = "2"
[2014.11.07-09.43.16:506][246]Cmd: r.PostProcessAAQuality 3
[2014.11.07-09.43.16:506][246]r.PostProcessAAQuality = "3"
[2014.11.07-09.43.16:506][246]Cmd: r.EyeAdaptationQuality 0
[2014.11.07-09.43.16:506][246]r.EyeAdaptationQuality = "0"
[2014.11.07-09.43.16:506][246]Cmd: r.SSR.MaxRoughness 0.8
[2014.11.07-09.43.16:506][246]r.SSR.MaxRoughness = "0.8"
[2014.11.07-09.43.16:506][246]LogBlueprintUserMessages: HIGH!!
[2014.11.07-09.43.21:333][641]Cmd: sg.ResolutionQuality 25
[2014.11.07-09.43.21:333][641]sg.ResolutionQuality = "25"
[2014.11.07-09.43.21:333][641]Cmd: sg.ViewDistanceQuality 0
[2014.11.07-09.43.21:333][641]sg.ViewDistanceQuality = "0"
[2014.11.07-09.43.21:333][641]Cmd: sg.AntiAliasingQuality 0
[2014.11.07-09.43.21:333][641]sg.AntiAliasingQuality = "0"
[2014.11.07-09.43.21:333][641]Cmd: sg.PostProcessQuality 0
[2014.11.07-09.43.21:333][641]sg.PostProcessQuality = "0"
[2014.11.07-09.43.21:333][641]Cmd: sg.ShadowQuality 0
[2014.11.07-09.43.21:333][641]sg.ShadowQuality = "0"
[2014.11.07-09.43.21:333][641]Cmd: sg.TextureQuality 0
[2014.11.07-09.43.21:333][641]sg.TextureQuality = "0"
[2014.11.07-09.43.21:333][641]Cmd: sg.EffectsQuality 0
[2014.11.07-09.43.21:334][641]sg.EffectsQuality = "0"
[2014.11.07-09.43.21:402][641]Cmd: r.PostProcessAAQuality 1
[2014.11.07-09.43.21:402][641]r.PostProcessAAQuality = "1"
[2014.11.07-09.43.21:402][641]Cmd: r.EyeAdaptationQuality 0
[2014.11.07-09.43.21:402][641]r.EyeAdaptationQuality = "0"
[2014.11.07-09.43.21:402][641]Cmd: r.SSR.MaxRoughness 0.2
[2014.11.07-09.43.21:402][641]r.SSR.MaxRoughness = "0.2"
[2014.11.07-09.43.21:402][641]LogBlueprintUserMessages: LOW!!
[2014.11.07-09.43.21:413][642]LogRenderer:Warning: Reallocating scene render targets to support 1136x904.
[2014.11.07-09.43.21:444][644]LogContentStreaming: Texture pool size now 200 MB
[2014.11.07-09.43.22:081][698]Cmd: sg.ResolutionQuality 150
[2014.11.07-09.43.22:081][698]sg.ResolutionQuality = "150"
[2014.11.07-09.43.22:081][698]Cmd: sg.ViewDistanceQuality 3
[2014.11.07-09.43.22:081][698]sg.ViewDistanceQuality = "3"
[2014.11.07-09.43.22:081][698]Cmd: sg.AntiAliasingQuality 3
[2014.11.07-09.43.22:081][698]sg.AntiAliasingQuality = "3"
[2014.11.07-09.43.22:081][698]Cmd: sg.PostProcessQuality 3
[2014.11.07-09.43.22:081][698]sg.PostProcessQuality = "3"
[2014.11.07-09.43.22:081][698]Cmd: sg.ShadowQuality 3
[2014.11.07-09.43.22:081][698]sg.ShadowQuality = "3"
[2014.11.07-09.43.22:081][698]Cmd: sg.TextureQuality 3
[2014.11.07-09.43.22:081][698]sg.TextureQuality = "3"
[2014.11.07-09.43.22:081][698]Cmd: sg.EffectsQuality 3
[2014.11.07-09.43.22:082][698]sg.EffectsQuality = "3"
[2014.11.07-09.43.22:149][698]Cmd: r.PostProcessAAQuality 6
[2014.11.07-09.43.22:149][698]r.PostProcessAAQuality = "6"
[2014.11.07-09.43.22:149][698]Cmd: r.EyeAdaptationQuality 0
[2014.11.07-09.43.22:149][698]r.EyeAdaptationQuality = "0"
[2014.11.07-09.43.22:149][698]Cmd: r.SSR.MaxRoughness 0.9
[2014.11.07-09.43.22:149][698]r.SSR.MaxRoughness = "0.9"
[2014.11.07-09.43.22:149][698]LogBlueprintUserMessages: EXTREME!!
[2014.11.07-09.43.22:159][699]LogRenderer:Warning: Reallocating scene render targets to support 1136x904.
[2014.11.07-09.43.22:161][699]LogContentStreaming: Texture pool size now 1000 MB
[2014.11.07-09.43.22:514][725]Cmd: sg.ResolutionQuality 400
[2014.11.07-09.43.22:514][725]sg.ResolutionQuality = "400"
[2014.11.07-09.43.22:514][725]Cmd: sg.ViewDistanceQuality 3
[2014.11.07-09.43.22:514][725]sg.ViewDistanceQuality = "3"
[2014.11.07-09.43.22:514][725]Cmd: sg.AntiAliasingQuality 3
[2014.11.07-09.43.22:514][725]sg.AntiAliasingQuality = "3"
[2014.11.07-09.43.22:514][725]Cmd: sg.PostProcessQuality 3
[2014.11.07-09.43.22:514][725]sg.PostProcessQuality = "3"
[2014.11.07-09.43.22:514][725]Cmd: sg.ShadowQuality 3
[2014.11.07-09.43.22:514][725]sg.ShadowQuality = "3"
[2014.11.07-09.43.22:514][725]Cmd: sg.TextureQuality 3
[2014.11.07-09.43.22:514][725]sg.TextureQuality = "3"
[2014.11.07-09.43.22:514][725]Cmd: sg.EffectsQuality 3
[2014.11.07-09.43.22:514][725]sg.EffectsQuality = "3"
[2014.11.07-09.43.22:514][725]Cmd: r.PostProcessAAQuality 6
[2014.11.07-09.43.22:514][725]r.PostProcessAAQuality = "6"
[2014.11.07-09.43.22:514][725]Cmd: r.EyeAdaptationQuality 0
[2014.11.07-09.43.22:514][725]r.EyeAdaptationQuality = "0"
[2014.11.07-09.43.22:514][725]Cmd: r.SSR.MaxRoughness 0.9
[2014.11.07-09.43.22:514][725]r.SSR.MaxRoughness = "0.9"
[2014.11.07-09.43.22:515][725]LogBlueprintUserMessages: ULTRAEXTREME!!
[2014.11.07-09.43.25:401][925]LogParticles: Destroying 0 GPU particle simulations for FXSystem 0x000000000AF6E980
[2014.11.07-09.43.26:789][997]BlueprintLog: New page: Pre-PIE auto-recompile
[2014.11.07-09.43.26:789][997]LogPlayLevel: [PIE] Compiling TheRoom before PIE...
[2014.11.07-09.43.26:948][997]LogPlayLevel: PIE:  Blueprint regeneration took 159 ms (1 blueprints)
[2014.11.07-09.43.26:948][997]PIE: New page: PIE session: TheRoom (Nov 7, 2014, 11:43:26 AM)
[2014.11.07-09.43.26:959][997]LogPlayLevel: PIE: StaticDuplicateObject took: (0.010560s)
[2014.11.07-09.43.26:962][997]LogPlayLevel: PIE: World Init took: (0.002751s)
[2014.11.07-09.43.26:962][997]LogPlayLevel: PIE: Created PIE world by copying editor world from /Game/Maps/TheRoom.TheRoom to /Game/Maps/UEDPIE_0_TheRoom.TheRoom (0.013527s)
[2014.11.07-09.43.26:994][997]LogWorld: Game class is 'MyGame_C'
[2014.11.07-09.43.26:995][997]LogAIModule: Creating AISystem for world TheRoom
[2014.11.07-09.43.26:997][997]LogWorld: Bringing World /Game/Maps/UEDPIE_0_TheRoom.TheRoom up for play (max tick rate 0) at 2014.11.07-10.43.26
[2014.11.07-09.43.26:998][997]LogWorld: Bringing up level for play took: 0.002893
[2014.11.07-09.43.26:999][997]PIE: Info Play in editor start time for /Game/Maps/UEDPIE_0_TheRoom 0.974
[2014.11.07-09.43.29:928][186]LogParticles: Destroying 0 GPU particle simulations for FXSystem 0x000000000AF6C9A0
[2014.11.07-09.43.40:776][655]BlueprintLog: New page: Pre-PIE auto-recompile
[2014.11.07-09.43.40:776][655]LogPlayLevel: [PIE] Compiling TheRoom before PIE...
[2014.11.07-09.43.40:918][655]LogPlayLevel: PIE:  Blueprint regeneration took 142 ms (1 blueprints)
[2014.11.07-09.43.40:918][655]PIE: New page: PIE session: TheRoom (Nov 7, 2014, 11:43:40 AM)
[2014.11.07-09.43.40:927][655]LogPlayLevel: PIE: StaticDuplicateObject took: (0.009316s)
[2014.11.07-09.43.40:928][655]LogPlayLevel: PIE: World Init took: (0.000932s)
[2014.11.07-09.43.40:928][655]LogPlayLevel: PIE: Created PIE world by copying editor world from /Game/Maps/TheRoom.TheRoom to /Game/Maps/UEDPIE_0_TheRoom.TheRoom (0.010455s)
[2014.11.07-09.43.40:959][655]LogWorld: Game class is 'MyGame_C'
[2014.11.07-09.43.40:960][655]LogAIModule: Creating AISystem for world TheRoom
[2014.11.07-09.43.40:962][655]LogWorld: Bringing World /Game/Maps/UEDPIE_0_TheRoom.TheRoom up for play (max tick rate 0) at 2014.11.07-10.43.40
[2014.11.07-09.43.40:963][655]LogWorld: Bringing up level for play took: 0.002610
[2014.11.07-09.43.40:964][655]PIE: Info Play in editor start time for /Game/Maps/UEDPIE_0_TheRoom 0.938
[2014.11.07-09.43.46:764][ 37]LogParticles: Destroying 0 GPU particle simulations for FXSystem 0x000000000AE902C0
[2014.11.07-09.44.11:007][295]BlueprintLog: New page: Pre-PIE auto-recompile
[2014.11.07-09.44.11:007][295]LogPlayLevel: [PIE] Compiling TheRoom before PIE...
[2014.11.07-09.44.11:117][295]LogActorComponent: UnregisterComponent: (/Engine/Transient.CharacterMovementComponent_2) Not registered. Aborting.
[2014.11.07-09.44.11:143][295]LogPlayLevel: PIE:  Blueprint regeneration took 136 ms (1 blueprints)
[2014.11.07-09.44.11:143][295]PIE: New page: PIE session: TheRoom (Nov 7, 2014, 11:44:11 AM)
[2014.11.07-09.44.11:153][295]LogPlayLevel: PIE: StaticDuplicateObject took: (0.010074s)
[2014.11.07-09.44.11:154][295]LogPlayLevel: PIE: World Init took: (0.000968s)
[2014.11.07-09.44.11:155][295]LogPlayLevel: PIE: Created PIE world by copying editor world from /Game/Maps/TheRoom.TheRoom to /Game/Maps/UEDPIE_0_TheRoom.TheRoom (0.011246s)
[2014.11.07-09.44.11:185][295]LogWorld: Game class is 'MyGame_C'
[2014.11.07-09.44.11:186][295]LogAIModule: Creating AISystem for world TheRoom
[2014.11.07-09.44.11:188][295]LogWorld: Bringing World /Game/Maps/UEDPIE_0_TheRoom.TheRoom up for play (max tick rate 0) at 2014.11.07-10.44.11
[2014.11.07-09.44.11:189][295]LogWorld: Bringing up level for play took: 0.003014
[2014.11.07-09.44.11:190][295]PIE: Info Play in editor start time for /Game/Maps/UEDPIE_0_TheRoom 1.163
[2014.11.07-09.44.13:207][421]Cmd: sg.ResolutionQuality 400
[2014.11.07-09.44.13:207][421]sg.ResolutionQuality = "400"
[2014.11.07-09.44.13:207][421]Cmd: sg.ViewDistanceQuality 3
[2014.11.07-09.44.13:207][421]sg.ViewDistanceQuality = "3"
[2014.11.07-09.44.13:208][421]Cmd: sg.AntiAliasingQuality 3
[2014.11.07-09.44.13:208][421]sg.AntiAliasingQuality = "3"
[2014.11.07-09.44.13:208][421]Cmd: sg.PostProcessQuality 3
[2014.11.07-09.44.13:208][421]sg.PostProcessQuality = "3"
[2014.11.07-09.44.13:208][421]Cmd: sg.ShadowQuality 3
[2014.11.07-09.44.13:208][421]sg.ShadowQuality = "3"
[2014.11.07-09.44.13:208][421]Cmd: sg.TextureQuality 3
[2014.11.07-09.44.13:208][421]sg.TextureQuality = "3"
[2014.11.07-09.44.13:208][421]Cmd: sg.EffectsQuality 3
[2014.11.07-09.44.13:208][421]sg.EffectsQuality = "3"
[2014.11.07-09.44.13:208][421]Cmd: r.PostProcessAAQuality 6
[2014.11.07-09.44.13:208][421]r.PostProcessAAQuality = "6"
[2014.11.07-09.44.13:208][421]Cmd: r.EyeAdaptationQuality 0
[2014.11.07-09.44.13:208][421]r.EyeAdaptationQuality = "0"
[2014.11.07-09.44.13:208][421]Cmd: r.SSR.MaxRoughness 0.9
[2014.11.07-09.44.13:208][421]r.SSR.MaxRoughness = "0.9"
[2014.11.07-09.44.13:208][421]LogBlueprintUserMessages: ULTRAEXTREME!!
[2014.11.07-09.44.17:995][729]LogBlueprintUserMessages: true && Actor: Schlüssel_C_0
[2014.11.07-09.44.21:771][977]Set new viewmode: Wireframe
[2014.11.07-09.44.28:554][599]LogParticles: Destroying 0 GPU particle simulations for FXSystem 0x000000000AE90CC0
[2014.11.07-09.44.53:302][942]LogContentBrowser:Verbose: The content browser source was changed by the sources view to '/Game/Blueprints/NewFolder'
[2014.11.07-09.44.55:486][ 63]LogContentBrowser:Verbose: The content browser source was changed by the sources view to '/Game/Blueprints/Assets'
[2014.11.07-09.44.58:880][265]LogContentBrowser:Verbose: The content browser source was changed by the sources view to 'None'
[2014.11.07-09.44.58:881][265]LogContentBrowser:Verbose: The content browser source was changed by the sources view to '/Game/Assets'
[2014.11.07-09.45.04:506][575]LogActorComponent: UnregisterComponent: (/Engine/Transient.CharacterMovementComponent_3) Not registered. Aborting.
[2014.11.07-09.45.04:691][575]LogSavePackage: Save=148.155640ms
[2014.11.07-09.45.04:691][575]LogSavePackage: Moving '../../../../../../Users/lennart.daldrup.S4G/Documents/Unreal Projects/Nightterror/Saved/TheRoomD262932F4EA405E1BF503098E2652558.tmp' to '../../../../../../Users/lennart.daldrup.S4G/Documents/Unreal Projects/Nightterror/Content/Maps/TheRoom.umap'
[2014.11.07-09.45.08:777][802]LogContentBrowser:Verbose: The content browser source was changed by the sources view to '/Game/Materials'
[2014.11.07-09.45.09:535][826]LogContentBrowser:Verbose: The content browser source was changed by the sources view to '/Game/Meshes'
[2014.11.07-09.45.18:077][ 98]LogContentBrowser:Verbose: The content browser source was changed by the sources view to '/Game/Assets'
[2014.11.07-09.45.19:726][206]LogContentBrowser:Verbose: The content browser source was changed by the sources view to '/Game/Assets/NewFolder'
[2014.11.07-09.45.21:759][327]LogContentBrowser:Verbose: The content browser source was changed by the sources view to '/Game/Assets/Materials'
[2014.11.07-09.45.23:317][422]LogContentBrowser:Verbose: The content browser source was changed by the sources view to '/Game/Assets'
[2014.11.07-09.45.24:741][509]LogContentBrowser:Verbose: The content browser source was changed by the sources view to '/Game/Assets/NewFolder'
[2014.11.07-09.45.32:262][956]LogContentBrowser:Verbose: The content browser source was changed by the sources view to '/Game/Assets/Meshes'
[2014.11.07-09.45.33:772][ 46]LogContentBrowser:Verbose: The content browser source was changed by the sources view to '/Game/Assets'
[2014.11.07-09.45.34:441][ 85]LogContentBrowser:Verbose: The content browser source was changed by the sources view to '/Game/Assets/NewFolder'
[2014.11.07-09.45.35:818][167]LogContentBrowser:Verbose: The content browser source was changed by the sources view to '/Game/Assets/Textures'
[2014.11.07-09.45.40:099][423]LogContentBrowser:Verbose: The content browser source was changed by the sources view to '/Game/Assets'
[2014.11.07-09.45.40:833][479]LogContentBrowser:Verbose: The content browser source was changed by the sources view to '/Game/Assets/NewFolder'
[2014.11.07-09.45.42:772][594]LogContentBrowser:Verbose: The content browser source was changed by the sources view to '/Game/Assets/Blueprints'
[2014.11.07-09.45.46:022][789]LogContentBrowser:Verbose: The content browser source was changed by the sources view to '/Game/Assets/Textures'
[2014.11.07-09.45.46:892][843]LogContentBrowser:Verbose: The content browser source was changed by the sources view to '/Game/Assets'
[2014.11.07-09.45.50:338][ 48]LogContentBrowser:Verbose: The content browser source was changed by the sources view to '/Game/Assets/NewFolder'
[2014.11.07-09.45.51:563][121]LogContentBrowser:Verbose: The content browser source was changed by the sources view to '/Game/Assets/Audio'
[2014.11.07-09.45.58:316][534]LogContentBrowser:Verbose: The content browser source was changed by the sources view to '/Game/Props/Materials'
[2014.11.07-09.46.00:016][621]LogContentBrowser:Verbose: The content browser source was changed by the sources view to '/Game/Props'
[2014.11.07-09.46.01:461][687]LogContentBrowser:Verbose: The content browser source was changed by the sources view to '/Game/Shapes'
[2014.11.07-09.46.03:652][783]LogContentBrowser:Verbose: The content browser source was changed by the sources view to '/Game/Materials'
[2014.11.07-09.46.04:111][801]LogContentBrowser:Verbose: The content browser source was changed by the sources view to '/Game/Maps'
[2014.11.07-09.46.04:603][832]LogContentBrowser:Verbose: The content browser source was changed by the sources view to '/Game/Character'
[2014.11.07-09.46.05:439][876]LogContentBrowser:Verbose: The content browser source was changed by the sources view to '/Game/Blueprints'
[2014.11.07-09.46.08:547][995]LogContentBrowser:Verbose: The content browser source was changed by the sources view to '/Game/Assets/Audio'
[2014.11.07-09.46.08:975][ 24]LogContentBrowser:Verbose: The content browser source was changed by the sources view to '/Game/Assets'
[2014.11.07-09.46.10:191][ 99]LogContentBrowser:Verbose: The content browser source was changed by the sources view to '/Game/Animations'
[2014.11.07-09.46.12:969][214]LogContentBrowser:Verbose: The content browser source was changed by the sources view to '/Game/Assets'
[2014.11.07-09.46.18:765][559]LogContentBrowser:Verbose: The content browser source was changed by the sources view to '/Game/Materials'
[2014.11.07-09.47.14:865][239]LogContentBrowser:Verbose: The content browser source was changed by the sources view to '/Game/Textures'
[2014.11.07-09.47.15:184][242]LogContentBrowser:Verbose: The content browser source was changed by the sources view to '/Game/Textures/UsedTex'
[2014.11.07-09.47.15:809][277]LogContentBrowser:Verbose: The content browser source was changed by the sources view to '/Game/Textures'
[2014.11.07-09.47.30:179][968]LogContentBrowser:Verbose: The content browser source was changed by the sources view to '/Game/Textures/UsedTex'
[2014.11.07-09.47.50:789][ 49]LogContentBrowser:Verbose: The content browser source was changed by the sources view to '/Game/Assets/Materials'
[2014.11.07-09.47.53:177][196]LogContentBrowser:Verbose: The content browser source was changed by the sources view to '/Game/Assets/Materials'
[2014.11.07-09.47.59:921][498]LogContentBrowser:Verbose: The content browser source was changed by the sources view to '/Game/Assets/Textures'
[2014.11.07-09.48.11:386][ 25]LogContentBrowser:Verbose: The content browser source was changed by the sources view to '/Game/Assets/Textures'
[2014.11.07-09.48.12:535][ 84]LogTTFontImport:Warning: OutPutGlyph X=225 Y=1 FontHeight=12 FontWidth=3 Char=0020 U=225 V=2 =Usize=3 VSIze=12
[2014.11.07-09.48.12:561][ 84]LogTTFontImport:Warning: OutPutGlyph X=15 Y=44 FontHeight=12 FontWidth=3 Char=00a0 U=15 V=45 =Usize=3 VSIze=12
[2014.11.07-09.48.12:614][ 84]LogTexture:Display: Building textures: NewFont_PageA (AutoDXT)
[2014.11.07-09.48.12:625][ 84]LogTTFontImport:Warning: ImportTrueTypeFont: Total Time 0.11
[2014.11.07-09.48.21:814][705]LogContentBrowser:Verbose: The content browser source was changed by the sources view to '/Game/Assets/Meshes'
[2014.11.07-09.48.23:879][806]LogContentBrowser:Verbose: The content browser source was changed by the sources view to '/Game/Assets/Meshes'
[2014.11.07-09.48.25:149][872]LogContentBrowser:Verbose: The content browser source was changed by the sources view to '/Game/Assets/Materials'
[2014.11.07-09.48.25:991][904]LogContentBrowser:Verbose: The content browser source was changed by the sources view to '/Game/Assets/Blueprints'
[2014.11.07-09.48.27:599][991]LogContentBrowser:Verbose: The content browser source was changed by the sources view to '/Game/Assets/Blueprints'
[2014.11.07-09.48.28:880][ 65]LogContentBrowser:Verbose: The content browser source was changed by the sources view to '/Game/Assets/Audio'
[2014.11.07-09.48.29:980][112]LogContentBrowser:Verbose: The content browser source was changed by the sources view to '/Game/Assets/Audio'
[2014.11.07-09.48.50:127][102]LogContentBrowser:Verbose: The content browser source was changed by the sources view to '/Game/Textures'
[2014.11.07-09.49.44:461][787]LogContentBrowser:Verbose: The content browser source was changed by the sources view to '/Game/Assets/Materials'
[2014.11.07-09.49.45:706][846]LogContentBrowser:Verbose: The content browser source was changed by the sources view to '/Game/Assets/Blueprints'
[2014.11.07-09.49.46:380][879]LogContentBrowser:Verbose: The content browser source was changed by the sources view to '/Game/Assets/Meshes'
[2014.11.07-09.49.46:993][911]LogContentBrowser:Verbose: The content browser source was changed by the sources view to '/Game/Assets/Textures'
[2014.11.07-09.50.09:113][979]LogContentBrowser:Verbose: The content browser source was changed by the sources view to '/Game/Textures'
[2014.11.07-09.50.09:408][992]LogContentBrowser:Verbose: The content browser source was changed by the sources view to '/Game/Textures/UsedTex'
[2014.11.07-09.50.09:639][  6]Cmd: DELETE
[2014.11.07-09.50.09:639][  6]Cmd: ACTOR DELETE
[2014.11.07-09.50.09:640][  6]LogEditorActor: Deleted Actor: StaticMeshActor
[2014.11.07-09.50.09:641][  6]LogActorComponent: UnregisterComponent: (/Engine/Transient.CharacterMovementComponent_4) Not registered. Aborting.
[2014.11.07-09.50.09:669][  6]LogEditorActor: Deleted 1 Actors (0.029 secs)
[2014.11.07-09.50.12:041][172]LogEditorViewport: Clicking on Actor (LMB): StaticMeshActor (Environment_Door_Lowpoly)
[2014.11.07-09.50.12:588][201]Cmd: TRANSACTION UNDO
[2014.11.07-09.50.12:588][201]LogEditorTransaction: Undo Clicking on Actors
[2014.11.07-09.50.13:852][231]Cmd: TRANSACTION UNDO
[2014.11.07-09.50.13:852][231]LogEditorTransaction: Undo Delete Actors
[2014.11.07-09.50.16:042][291]Cmd: DELETE
[2014.11.07-09.50.16:042][291]Cmd: ACTOR DELETE
[2014.11.07-09.50.16:042][291]LogEditorActor: Deleted Actor: StaticMeshActor
[2014.11.07-09.50.16:070][291]LogEditorActor: Deleted 1 Actors (0.028 secs)
[2014.11.07-09.50.17:097][330]Cmd: TRANSACTION UNDO
[2014.11.07-09.50.17:097][330]LogEditorTransaction: Undo Delete Actors
[2014.11.07-09.50.19:735][416]LogContentBrowser:Verbose: The content browser source was changed by the sources view to 'None'
[2014.11.07-09.50.29:060][696]LogContentBrowser:Verbose: The content browser source was changed by the sources view to '/Game/Assets/Textures'
[2014.11.07-09.50.33:611][919]LogContentBrowser:Verbose: The content browser source was changed by the sources view to '/Game/Assets/Materials'
[2014.11.07-09.50.46:874][340]LogSavePackage: Save=266.050568ms
[2014.11.07-09.50.46:874][340]LogSavePackage: Moving '../../../../../../Users/lennart.daldrup.S4G/Documents/Unreal Projects/Nightterror/Saved/NewMaterial60285B8948E0782F03F49280B17487BF.tmp' to '../../../../../../Users/lennart.daldrup.S4G/Documents/Unreal Projects/Nightterror/Content/Assets/Materials/NewMaterial.uasset'
[2014.11.07-09.50.46:988][340]Cmd: OBJ SAVEPACKAGE PACKAGE="/Game/Assets/Textures/NewFont" FILE="../../../../../../Users/lennart.daldrup.S4G/Documents/Unreal Projects/Nightterror/Content/Assets/Textures/NewFont.uasset" SILENT=true
[2014.11.07-09.50.47:049][340]LogSavePackage: Save=56.894691ms
[2014.11.07-09.50.47:050][340]LogSavePackage: Moving '../../../../../../Users/lennart.daldrup.S4G/Documents/Unreal Projects/Nightterror/Saved/NewFontF6F4D9944C509A36CF3BABB2AC37C956.tmp' to '../../../../../../Users/lennart.daldrup.S4G/Documents/Unreal Projects/Nightterror/Content/Assets/Textures/NewFont.uasset'
[2014.11.07-09.50.47:083][340]Cmd: OBJ SAVEPACKAGE PACKAGE="/Game/Assets/Meshes/NewMaterial" FILE="../../../../../../Users/lennart.daldrup.S4G/Documents/Unreal Projects/Nightterror/Content/Assets/Meshes/NewMaterial.uasset" SILENT=true
[2014.11.07-09.50.47:350][340]LogSavePackage: Save=263.598755ms
[2014.11.07-09.50.47:350][340]LogSavePackage: Moving '../../../../../../Users/lennart.daldrup.S4G/Documents/Unreal Projects/Nightterror/Saved/NewMaterial2C224F334CC5111BA26137A620B2B9AF.tmp' to '../../../../../../Users/lennart.daldrup.S4G/Documents/Unreal Projects/Nightterror/Content/Assets/Meshes/NewMaterial.uasset'
[2014.11.07-09.50.47:650][340]LogSavePackage: Save=263.690002ms
[2014.11.07-09.50.47:650][340]LogSavePackage: Moving '../../../../../../Users/lennart.daldrup.S4G/Documents/Unreal Projects/Nightterror/Saved/NewMaterialBF1D2D784A205A709D322AACDD4AAC16.tmp' to '../../../../../../Users/lennart.daldrup.S4G/Documents/Unreal Projects/Nightterror/Content/Assets/Blueprints/NewMaterial.uasset'
[2014.11.07-09.50.47:686][340]Cmd: OBJ SAVEPACKAGE PACKAGE="/Game/Assets/Audio/NewMaterial" FILE="../../../../../../Users/lennart.daldrup.S4G/Documents/Unreal Projects/Nightterror/Content/Assets/Audio/NewMaterial.uasset" SILENT=true
[2014.11.07-09.50.47:963][340]LogSavePackage: Save=272.611267ms
[2014.11.07-09.50.47:963][340]LogSavePackage: Moving '../../../../../../Users/lennart.daldrup.S4G/Documents/Unreal Projects/Nightterror/Saved/NewMaterialABAF7FFE462665ABCF9B0483055C0D44.tmp' to '../../../../../../Users/lennart.daldrup.S4G/Documents/Unreal Projects/Nightterror/Content/Assets/Audio/NewMaterial.uasset'
[2014.11.07-09.50.51:283][490]LogUProjectInfo: Found projects:
[2014.11.07-09.50.52:877][539]Cmd: CLOSE_SLATE_MAINFRAME
[2014.11.07-09.50.53:307][540]Cmd: QUIT_EDITOR
[2014.11.07-09.50.53:506][540]LogWindowsTextInputMethodSystem:Error: Terminating failed while unadvising the language notification sink from the TSF source.
[2014.11.07-09.50.53:508][540]LogExit: Preparing to exit.
[2014.11.07-09.50.54:100][540]LogExit: Editor shut down
[2014.11.07-09.50.54:100][540]LogExit: Transaction tracking system shut down
[2014.11.07-09.50.54:102][540]LogParticles: Destroying 0 GPU particle simulations for FXSystem 0x000000000D59F420
[2014.11.07-09.50.54:102][540]LogParticles: Destroying 0 GPU particle simulations for FXSystem 0x000000000CBD8F40
[2014.11.07-09.50.54:102][540]LogParticles: Destroying 0 GPU particle simulations for FXSystem 0x000000000CBD9260
[2014.11.07-09.50.54:102][540]LogParticles: Destroying 0 GPU particle simulations for FXSystem 0x000000000CBD8900
[2014.11.07-09.50.54:131][540]LogExit: Object subsystem successfully closed.
[2014.11.07-09.50.54:158][540]LogModuleManager: Shutting down and abandoning module AndroidDeviceDetection (161)
[2014.11.07-09.50.54:158][540]LogModuleManager: Shutting down and abandoning module HTTP (160)
[2014.11.07-09.50.54:158][540]LogModuleManager: Shutting down and abandoning module CrashTracker (159)
[2014.11.07-09.50.54:158][540]LogModuleManager: Shutting down and abandoning module SuperSearch (158)
[2014.11.07-09.50.54:158][540]LogModuleManager: Shutting down and abandoning module SceneOutliner (157)
[2014.11.07-09.50.54:158][540]LogModuleManager: Shutting down and abandoning module EditorWidgets (156)
[2014.11.07-09.50.54:158][540]LogModuleManager: Shutting down and abandoning module CollectionManager (155)
[2014.11.07-09.50.54:158][540]LogModuleManager: Shutting down and abandoning module StatsViewer (154)
[2014.11.07-09.50.54:158][540]LogModuleManager: Shutting down and abandoning module FoliageEdit (153)
[2014.11.07-09.50.54:158][540]LogModuleManager: Shutting down and abandoning module LandscapeEditor (152)
[2014.11.07-09.50.54:158][540]LogModuleManager: Shutting down and abandoning module MeshPaint (151)
[2014.11.07-09.50.54:158][540]LogModuleManager: Shutting down and abandoning module ActorPickerMode (150)
[2014.11.07-09.50.54:158][540]LogModuleManager: Shutting down and abandoning module GeometryMode (149)
[2014.11.07-09.50.54:158][540]LogModuleManager: Shutting down and abandoning module TextureAlignMode (148)
[2014.11.07-09.50.54:158][540]LogModuleManager: Shutting down and abandoning module BspMode (147)
[2014.11.07-09.50.54:158][540]LogModuleManager: Shutting down and abandoning module PlacementMode (146)
[2014.11.07-09.50.54:158][540]LogModuleManager: Shutting down and abandoning module DesktopPlatform (145)
[2014.11.07-09.50.54:158][540]LogModuleManager: Shutting down and abandoning module AutomationWorker (144)
[2014.11.07-09.50.54:159][540]LogModuleManager: Shutting down and abandoning module EditorLiveStreaming (143)
[2014.11.07-09.50.54:159][540]LogModuleManager: Shutting down and abandoning module BehaviorTreeEditor (142)
[2014.11.07-09.50.54:159][540]LogModuleManager: Shutting down and abandoning module DeviceProfileEditor (141)
[2014.11.07-09.50.54:159][540]LogModuleManager: Shutting down and abandoning module UndoHistory (140)
[2014.11.07-09.50.54:159][540]LogModuleManager: Shutting down and abandoning module GameplayTagsEditor (139)
[2014.11.07-09.50.54:159][540]LogModuleManager: Shutting down and abandoning module UserFeedback (138)
[2014.11.07-09.50.54:159][540]LogModuleManager: Shutting down and abandoning module XmlParser (137)
[2014.11.07-09.50.54:159][540]LogModuleManager: Shutting down and abandoning module Blutility (136)
[2014.11.07-09.50.54:159][540]LogModuleManager: Shutting down and abandoning module IOSPlatformEditor (135)
[2014.11.07-09.50.54:159][540]LogModuleManager: Shutting down and abandoning module IOSRuntimeSettings (134)
[2014.11.07-09.50.54:159][540]LogModuleManager: Shutting down and abandoning module AndroidPlatformEditor (133)
[2014.11.07-09.50.54:159][540]LogModuleManager: Shutting down and abandoning module AndroidRuntimeSettings (132)
[2014.11.07-09.50.54:159][540]LogModuleManager: Shutting down and abandoning module ProjectTargetPlatformEditor (131)
[2014.11.07-09.50.54:159][540]LogModuleManager: Shutting down and abandoning module ProjectSettingsViewer (130)
[2014.11.07-09.50.54:159][540]LogModuleManager: Shutting down and abandoning module InputBindingEditor (129)
[2014.11.07-09.50.54:159][540]LogModuleManager: Shutting down and abandoning module EditorSettingsViewer (128)
[2014.11.07-09.50.54:159][540]LogModuleManager: Shutting down and abandoning module SettingsEditor (127)
[2014.11.07-09.50.54:159][540]LogModuleManager: Shutting down and abandoning module SessionLauncher (126)
[2014.11.07-09.50.54:159][540]LogModuleManager: Shutting down and abandoning module SessionFrontend (125)
[2014.11.07-09.50.54:159][540]LogModuleManager: Shutting down and abandoning module ProfilerClient (124)
[2014.11.07-09.50.54:159][540]LogModuleManager: Shutting down and abandoning module TargetDeviceServices (123)
[2014.11.07-09.50.54:159][540]LogModuleManager: Shutting down and abandoning module DeviceManager (122)
[2014.11.07-09.50.54:159][540]LogModuleManager: Shutting down and abandoning module AutomationController (121)
[2014.11.07-09.50.54:159][540]LogModuleManager: Shutting down and abandoning module AutomationWindow (120)
[2014.11.07-09.50.54:159][540]LogModuleManager: Shutting down and abandoning module Layers (119)
[2014.11.07-09.50.54:159][540]LogModuleManager: Shutting down and abandoning module ComponentVisualizers (118)
[2014.11.07-09.50.54:159][540]LogModuleManager: Shutting down and abandoning module DetailCustomizations (117)
[2014.11.07-09.50.54:159][540]LogModuleManager: Shutting down and abandoning module PackagesDialog (116)
[2014.11.07-09.50.54:159][540]LogModuleManager: Shutting down and abandoning module DirectoryWatcher (115)
[2014.11.07-09.50.54:160][540]LogModuleManager: Shutting down and abandoning module AssetRegistry (114)
[2014.11.07-09.50.54:259][540]LogModuleManager: Shutting down and abandoning module Persona (113)
[2014.11.07-09.50.54:260][540]LogModuleManager: Shutting down and abandoning module GraphEditor (112)
[2014.11.07-09.50.54:260][540]LogModuleManager: Shutting down and abandoning module ClassViewer (111)
[2014.11.07-09.50.54:260][540]LogModuleManager: Shutting down and abandoning module Toolbox (110)
[2014.11.07-09.50.54:260][540]LogModuleManager: Shutting down and abandoning module ModuleUI (109)
[2014.11.07-09.50.54:260][540]LogModuleManager: Shutting down and abandoning module Sequencer (108)
[2014.11.07-09.50.54:260][540]LogModuleManager: Shutting down and abandoning module MovieSceneTools (107)
[2014.11.07-09.50.54:260][540]LogModuleManager: Shutting down and abandoning module OutputLog (106)
[2014.11.07-09.50.54:260][540]LogModuleManager: Shutting down and abandoning module GammaUI (105)
[2014.11.07-09.50.54:260][540]LogModuleManager: Shutting down and abandoning module Documentation (104)
[2014.11.07-09.50.54:260][540]LogModuleManager: Shutting down and abandoning module GameLiveStreaming (103)
[2014.11.07-09.50.54:260][540]LogModuleManager: Shutting down and abandoning module StreamingPauseRendering (102)
[2014.11.07-09.50.54:260][540]LogModuleManager: Shutting down and abandoning module AnalyticsET (101)
[2014.11.07-09.50.54:260][540]LogModuleManager: Shutting down and abandoning module Analytics (100)
[2014.11.07-09.50.54:260][540]LogModuleManager: Shutting down and abandoning module GameplayDebugger (99)
[2014.11.07-09.50.54:260][540]LogModuleManager: Shutting down and abandoning module AIModule (98)
[2014.11.07-09.50.54:260][540]LogModuleManager: Shutting down and abandoning module ProfilerService (97)
[2014.11.07-09.50.54:285][540]LogModuleManager: Shutting down and abandoning module TaskGraph (96)
[2014.11.07-09.50.54:285][540]LogModuleManager: Shutting down and abandoning module SlateRemote (95)
[2014.11.07-09.50.54:285][540]LogModuleManager: Shutting down and abandoning module ScriptEditorPlugin (94)
[2014.11.07-09.50.54:285][540]LogModuleManager: Shutting down and abandoning module CustomMeshComponent (93)
[2014.11.07-09.50.54:285][540]LogModuleManager: Shutting down and abandoning module CableComponent (92)
[2014.11.07-09.50.54:285][540]LogModuleManager: Shutting down and abandoning module MessagingDebugger (91)
[2014.11.07-09.50.54:285][540]LogModuleManager: Shutting down and abandoning module ViewportSnapping (90)
[2014.11.07-09.50.54:285][540]LogModuleManager: Shutting down and abandoning module SmartSnapping (89)
[2014.11.07-09.50.54:285][540]LogModuleManager: Shutting down and abandoning module PaperTiledImporter (88)
[2014.11.07-09.50.54:285][540]LogModuleManager: Shutting down and abandoning module PaperJsonImporter (87)
[2014.11.07-09.50.54:285][540]LogModuleManager: Shutting down and abandoning module GameProjectGeneration (86)
[2014.11.07-09.50.54:285][540]LogModuleManager: Shutting down and abandoning module Matinee (85)
[2014.11.07-09.50.54:285][540]LogModuleManager: Shutting down and abandoning module Kismet (84)
[2014.11.07-09.50.54:285][540]LogModuleManager: Shutting down and abandoning module SlateReflector (83)
[2014.11.07-09.50.54:285][540]LogModuleManager: Shutting down and abandoning module LevelEditor (82)
[2014.11.07-09.50.54:286][540]LogModuleManager: Shutting down and abandoning module IntroTutorials (81)
[2014.11.07-09.50.54:286][540]LogModuleManager: Shutting down and abandoning module ContentBrowser (80)
[2014.11.07-09.50.54:286][540]LogModuleManager: Shutting down and abandoning module PropertyEditor (79)
[2014.11.07-09.50.54:286][540]LogModuleManager: Shutting down and abandoning module AssetTools (78)
[2014.11.07-09.50.54:286][540]LogModuleManager: Shutting down and abandoning module Paper2DEditor (77)
[2014.11.07-09.50.54:286][540]LogModuleManager: Shutting down and abandoning module SpeedTreeImporter (76)
[2014.11.07-09.50.54:286][540]LogModuleManager: Shutting down and abandoning module PluginsEditor (75)
[2014.11.07-09.50.54:286][540]LogModuleManager: Shutting down and abandoning module MainFrame (74)
[2014.11.07-09.50.54:286][540]LogModuleManager: Shutting down and abandoning module EpicSurvey (73)
[2014.11.07-09.50.54:286][540]LogModuleManager: Shutting down and abandoning module VisualStudioSourceCodeAccess (72)
[2014.11.07-09.50.54:286][540]LogModuleManager: Shutting down and abandoning module UObjectPlugin (71)
[2014.11.07-09.50.54:286][540]LogModuleManager: Shutting down and abandoning module SubversionSourceControl (70)
[2014.11.07-09.50.54:286][540]LogModuleManager: Shutting down and abandoning module SourceControl (69)
[2014.11.07-09.50.54:286][540]LogModuleManager: Shutting down and abandoning module PerforceSourceControl (68)
[2014.11.07-09.50.54:286][540]LogModuleManager: Shutting down and abandoning module BlankPlugin (67)
[2014.11.07-09.50.54:286][540]LogModuleManager: Shutting down and abandoning module ScriptPlugin (66)
[2014.11.07-09.50.54:286][540]LogModuleManager: Shutting down and abandoning module UdpMessaging (65)
[2014.11.07-09.50.54:387][540]LogModuleManager: Shutting down and abandoning module Paper2D (64)
[2014.11.07-09.50.54:387][540]LogModuleManager: Shutting down and abandoning module WindowsMoviePlayer (63)
[2014.11.07-09.50.54:395][540]LogModuleManager: Shutting down and abandoning module ImageWrapper (62)
[2014.11.07-09.50.54:395][540]LogModuleManager: Shutting down and abandoning module OnlineBlueprintSupport (61)
[2014.11.07-09.50.54:395][540]LogModuleManager: Shutting down and abandoning module FunctionalTesting (60)
[2014.11.07-09.50.54:395][540]LogModuleManager: Shutting down and abandoning module CollisionAnalyzer (59)
[2014.11.07-09.50.54:395][540]LogModuleManager: Shutting down and abandoning module WorkspaceMenuStructure (58)
[2014.11.07-09.50.54:395][540]LogModuleManager: Shutting down and abandoning module MessageLog (57)
[2014.11.07-09.50.54:395][540]LogModuleManager: Shutting down and abandoning module UMGEditor (56)
[2014.11.07-09.50.54:395][540]LogModuleManager: Shutting down and abandoning module UMG (55)
[2014.11.07-09.50.54:395][540]LogModuleManager: Shutting down and abandoning module Slate (54)
[2014.11.07-09.50.54:395][540]LogModuleManager: Shutting down and abandoning module EditorStyle (53)
[2014.11.07-09.50.54:396][540]LogModuleManager: Shutting down and abandoning module SessionServices (52)
[2014.11.07-09.50.54:397][540]LogModuleManager: Shutting down and abandoning module SourceCodeAccess (51)
[2014.11.07-09.50.54:397][540]LogModuleManager: Shutting down and abandoning module HeadMountedDisplay (50)
[2014.11.07-09.50.54:397][540]LogModuleManager: Shutting down and abandoning module XAudio2 (49)
[2014.11.07-09.50.54:397][540]LogModuleManager: Shutting down and abandoning module Networking (47)
[2014.11.07-09.50.54:397][540]LogModuleManager: Shutting down and abandoning module Core (46)
[2014.11.07-09.50.54:397][540]LogModuleManager: Shutting down and abandoning module KismetCompiler (45)
[2014.11.07-09.50.54:397][540]LogModuleManager: Shutting down and abandoning module PhysXFormats (44)
[2014.11.07-09.50.54:397][540]LogModuleManager: Shutting down and abandoning module MeshUtilities (43)
[2014.11.07-09.50.54:397][540]LogModuleManager: Shutting down and abandoning module DerivedDataCache (42)
[2014.11.07-09.50.54:436][540]LogDerivedDataCache: Shutdown
[2014.11.07-09.50.54:436][540]LogModuleManager: Shutting down and abandoning module ShaderFormatOpenGL (41)
[2014.11.07-09.50.54:436][540]LogModuleManager: Shutting down and abandoning module ShaderFormatD3D (40)
[2014.11.07-09.50.54:436][540]LogModuleManager: Shutting down and abandoning module MetalShaderFormat (39)
[2014.11.07-09.50.54:436][540]LogModuleManager: Shutting down and abandoning module TextureFormatUncompressed (38)
[2014.11.07-09.50.54:436][540]LogModuleManager: Shutting down and abandoning module TextureFormatPVR (37)
[2014.11.07-09.50.54:436][540]LogModuleManager: Shutting down and abandoning module TextureFormatDXT (36)
[2014.11.07-09.50.54:436][540]LogModuleManager: Shutting down and abandoning module TextureFormatAndroid (35)
[2014.11.07-09.50.54:436][540]LogModuleManager: Shutting down and abandoning module AudioFormatOpus (34)
[2014.11.07-09.50.54:436][540]LogModuleManager: Shutting down and abandoning module AudioFormatOgg (33)
[2014.11.07-09.50.54:436][540]LogModuleManager: Shutting down and abandoning module AudioFormatADPCM (32)
[2014.11.07-09.50.54:436][540]LogModuleManager: Shutting down and abandoning module Messaging (31)
[2014.11.07-09.50.54:436][540]LogModuleManager: Shutting down and abandoning module IOSTargetPlatform (30)
[2014.11.07-09.50.54:436][540]LogModuleManager: Shutting down and abandoning module Android_PVRTCTargetPlatform (29)
[2014.11.07-09.50.54:436][540]LogModuleManager: Shutting down and abandoning module Android_ETC2TargetPlatform (28)
[2014.11.07-09.50.54:436][540]LogModuleManager: Shutting down and abandoning module Android_ETC1TargetPlatform (27)
[2014.11.07-09.50.54:436][540]LogModuleManager: Shutting down and abandoning module Android_DXTTargetPlatform (26)
[2014.11.07-09.50.54:436][540]LogModuleManager: Shutting down and abandoning module Android_ATCTargetPlatform (25)
[2014.11.07-09.50.54:436][540]LogModuleManager: Shutting down and abandoning module AndroidTargetPlatform (24)
[2014.11.07-09.50.54:436][540]LogModuleManager: Shutting down and abandoning module WindowsTargetPlatform (23)
[2014.11.07-09.50.54:436][540]LogModuleManager: Shutting down and abandoning module WindowsServerTargetPlatform (22)
[2014.11.07-09.50.54:436][540]LogModuleManager: Shutting down and abandoning module WindowsNoEditorTargetPlatform (21)
[2014.11.07-09.50.54:436][540]LogModuleManager: Shutting down and abandoning module WindowsClientTargetPlatform (20)
[2014.11.07-09.50.54:436][540]LogModuleManager: Shutting down and abandoning module TargetPlatform (19)
[2014.11.07-09.50.54:436][540]LogModuleManager: Shutting down and abandoning module InputCore (18)
[2014.11.07-09.50.54:436][540]LogModuleManager: Shutting down and abandoning module Settings (17)
[2014.11.07-09.50.54:436][540]LogModuleManager: Shutting down and abandoning module ExampleDeviceProfileSelector (14)
[2014.11.07-09.50.54:436][540]LogModuleManager: Shutting down and abandoning module OculusRift (13)
[2014.11.07-09.50.54:436][540]LogModuleManager: Shutting down and abandoning module TextureCompressor (12)
[2014.11.07-09.50.54:436][540]LogModuleManager: Shutting down and abandoning module ShaderCore (11)
[2014.11.07-09.50.54:436][540]LogModuleManager: Shutting down and abandoning module OpenGLDrv (10)
[2014.11.07-09.50.54:436][540]LogModuleManager: Shutting down and abandoning module D3D11RHI (9)
[2014.11.07-09.50.54:436][540]LogModuleManager: Shutting down and abandoning module SlateRHIRenderer (8)
[2014.11.07-09.50.54:436][540]LogModuleManager: Shutting down and abandoning module Renderer (7)
[2014.11.07-09.50.54:436][540]LogModuleManager: Shutting down and abandoning module Engine (6)
[2014.11.07-09.50.54:436][540]LogModuleManager: Shutting down and abandoning module CoreUObject (5)
[2014.11.07-09.50.54:436][540]LogModuleManager: Shutting down and abandoning module NetworkFile (4)
[2014.11.07-09.50.54:436][540]LogModuleManager: Shutting down and abandoning module StreamingFile (3)
[2014.11.07-09.50.54:436][540]LogModuleManager: Shutting down and abandoning module SandboxFile (2)
[2014.11.07-09.50.54:436][540]LogModuleManager: Shutting down and abandoning module PakFile (1)
[2014.11.07-09.50.54:439][540]LogExit: Exiting.
[2014.11.07-09.50.54:442][540]Log file closed, 11/07/14 10:50:54
