Log file open, 10/21/14 16:37:00
LogInit:Display: Running engine for game: TheRoom
LogInit: Version: 4.4.3-2296771+++depot+UE4-Releases+4.4
LogInit: API Version: 2255576
LogInit: Compiled (64-bit): Sep 13 2014 22:30:58
LogInit: Build Configuration: Development
LogInit: Branch Name: ++depot+UE4-Releases+4.4
LogInit: Command line:  /Temp/Autosaves/Game/Maps/UEDPCTheRoom -game -PIEVIACONSOLE -ResX=1280 -ResY=720  -Multiprocess 
LogInit: Base directory: C:/Program Files/Unreal Engine/4.4/Engine/Binaries/Win64/
LogInit: Rocket: 1
[2014.10.21-14.37.00:965][  0]LogTaskGraph: Started task graph with 3 named threads and 4 total threads.
[2014.10.21-14.37.00:991][  0]LogOnline:Warning: No default platform service specified for OnlineSubsystem
[2014.10.21-14.37.01:000][  0]LogInit: Presizing for 0 objects not considered by GC, pre-allocating 0 bytes.
[2014.10.21-14.37.01:009][  0]LogInit: Object subsystem initialized
[2014.10.21-14.37.01:012][  0]LogInit: Selected Device Profile: [Windows]
[2014.10.21-14.37.01:012][  0]LogInit: Applying CVar settings loaded from the selected device profile: [Windows]
[2014.10.21-14.37.01:024][  0]LogInit: Computer: 2011-KURS-09
[2014.10.21-14.37.01:025][  0]LogInit: User: lennartdaldrup
[2014.10.21-14.37.01:026][  0]LogInit: CPU Page size=4096, Cores=2
[2014.10.21-14.37.01:026][  0]LogInit: High frequency timer resolution =14.318180 MHz
[2014.10.21-14.37.01:026][  0]LogMemory: Memory total: Physical=8.0GB (8GB approx) Virtual=8192.0GB
[2014.10.21-14.37.01:027][  0]LogMemory: Platform Memory Stats for Windows
[2014.10.21-14.37.01:027][  0]LogMemory: Process Physical Memory: 60.85 MB used, 60.85 MB peak
[2014.10.21-14.37.01:027][  0]LogMemory: Process Virtual Memory: 36.79 MB used, 36.79 MB peak
[2014.10.21-14.37.01:027][  0]LogMemory: Physical Memory: 4409.01 MB used, 8191.18 MB total
[2014.10.21-14.37.01:027][  0]LogMemory: Virtual Memory: 256.66 MB used, 8388608.00 MB total
[2014.10.21-14.37.01:103][  0]LogD3D11RHI: Found D3D11 adapter 0: NVIDIA GeForce GTX 550 Ti (Feature Level 11_0)
[2014.10.21-14.37.01:103][  0]LogD3D11RHI: Adapter has 977MB of dedicated video memory, 0MB of dedicated system memory, and 3071MB of shared system memory, 1 output[s]
[2014.10.21-14.37.01:103][  0]LogD3D11RHI: Chosen D3D11 Adapter Id = 0
[2014.10.21-14.37.01:120][  0]LogRHI: Texture pool is 684 MB (70% of 977 MB)
[2014.10.21-14.37.01:137][  0]LogD3D11RHI: Async texture creation enabled
[2014.10.21-14.37.01:209][  0]LogTextLocalizationManager:Warning: The selected culture 'de_DE' is not available; falling back to 'en'
[2014.10.21-14.37.01:334][  0]LogContentStreaming: Texture pool size is 1000.000000MB
[2014.10.21-14.37.03:449][  0]LogTargetPlatformManager:Display: Building Assets For Windows
[2014.10.21-14.37.04:022][  0]LogTargetPlatformManager:Display: Building Assets For Windows
[2014.10.21-14.37.04:069][  0]LogDerivedDataCache:Display: Max Cache Size: 512 MB
[2014.10.21-14.37.04:185][  0]LogDerivedDataCache: Loaded boot cache 0.12s 39MB C:/Users/lennart.daldrup/AppData/Local/UnrealEngine/4.4/DerivedDataCache/Boot.ddc.
[2014.10.21-14.37.04:185][  0]LogDerivedDataCache:Display: Loaded Boot cache: C:/Users/lennart.daldrup/AppData/Local/UnrealEngine/4.4/DerivedDataCache/Boot.ddc
[2014.10.21-14.37.04:186][  0]LogDerivedDataCache: FDerivedDataBackendGraph:  Pak pak cache file ../../../../../../Users/lennart.daldrup/Documents/Unreal Projects/TheRoom/DerivedDataCache/DDC.ddp not found, will not use a pak cache.
[2014.10.21-14.37.04:186][  0]LogDerivedDataCache: Unable to find inner node Pak for hierarchical cache Hierarchy.
[2014.10.21-14.37.04:205][  0]LogDerivedDataCache:Display: Pak cache opened for reading ../../../Engine/DerivedDataCache/DDC.ddp.
[2014.10.21-14.37.04:217][  0]LogDerivedDataCache: Using Local data cache path C:/Users/lennart.daldrup/AppData/Local/UnrealEngine/4.4/DerivedDataCache: Writable
[2014.10.21-14.37.04:443][  0]LogMeshUtilities: No automatic mesh reduction module available
[2014.10.21-14.37.04:443][  0]LogMeshUtilities: No automatic mesh merging module available
[2014.10.21-14.37.04:936][  0]LogInit: WinSock: version 1.1 (2.2), MaxSocks=32767, MaxUdp=65467
[2014.10.21-14.37.06:113][  0]LogWindowsMoviePlayer: Unable to load movie: ../../../../../../Users/lennart.daldrup/Documents/Unreal Projects/TheRoom/Content/Movies/Default_Startup.mp4
[2014.10.21-14.37.06:230][  0]LogStats:Warning: MetaData mismatch. Did you assign a stat to two groups? New //STATGROUP_Threads//FMonitoredProcess///Thread_2430_0///////STATCAT_Advanced//// old //STATGROUP_Threads//FMonitoredProcess///Thread_274c_0///////STATCAT_Advanced////
[2014.10.21-14.37.06:230][  0]SourceControl: Info Source control is disabled
[2014.10.21-14.37.06:230][  0]SourceControl: Info Source control is disabled
[2014.10.21-14.37.06:235][  0]SourceControl: Info Source control is disabled
[2014.10.21-14.37.06:288][  0]LogObj: 20996 objects as part of root set at end of initial load.
[2014.10.21-14.37.06:288][  0]LogUObjectAllocator: 3965968 out of 0 bytes used by permanent object pool.
[2014.10.21-14.37.06:665][  0]LogAutomationTest:Warning: ERR: Transient text cannot be serialized "Testing Transient serialization detection".
[2014.10.21-14.37.06:665][  0]LogEngine: Initializing Engine...
[2014.10.21-14.37.08:761][  0]LogHMD:Warning: No Oculus HMD detected! Is Oculus Run-Time installed and service is running?
[2014.10.21-14.37.08:771][  0]LogHMD: Oculus shutdown.
[2014.10.21-14.37.08:943][  0]LogInit: XAudio2 using 'Kopfhörer (High Definition Audio-Gerät)' : 2 channels at 44.1 kHz using 16 bits per sample (channel mask 0x3)
[2014.10.21-14.37.08:962][  0]LogInit: FAudioDevice initialized.
[2014.10.21-14.37.08:974][  0]LogInit: Texture streaming: Enabled
[2014.10.21-14.37.09:182][  0]LogConsoleResponse:Display: 
[2014.10.21-14.37.09:183][  0]LogNet: Browse: /Temp/Autosaves/Game/Maps/UEDPCTheRoom?Name=Player
[2014.10.21-14.37.09:183][  0]LogLoad: LoadMap: /Temp/Autosaves/Game/Maps/UEDPCTheRoom?Name=Player
[2014.10.21-14.37.09:225][  0]LogMemory: Platform Memory Stats for Windows
[2014.10.21-14.37.09:225][  0]LogMemory: Process Physical Memory: 280.44 MB used, 312.41 MB peak
[2014.10.21-14.37.09:225][  0]LogMemory: Process Virtual Memory: 244.59 MB used, 276.30 MB peak
[2014.10.21-14.37.09:225][  0]LogMemory: Physical Memory: 4588.62 MB used, 8191.18 MB total
[2014.10.21-14.37.09:225][  0]LogMemory: Virtual Memory: 630.44 MB used, 8388608.00 MB total
[2014.10.21-14.37.09:225][  0]LogMemory: 
[2014.10.21-14.37.09:225][  0]Allocator Stats for TBB: (not implemented)
[2014.10.21-14.37.09:235][  0]LogLinker:Warning: Asset '../../../../../../Users/lennart.daldrup/Documents/Unreal Projects/TheRoom/Content/Props/SM_Lamp_Ceiling.uasset' has been saved with empty engine version. The asset will be loaded but may be incompatible.
[2014.10.21-14.37.09:243][  0]LogLinker:Warning: Can't find file '/Game/Textures/T_Lamp_N'
[2014.10.21-14.37.09:243][  0]LoadErrors: Info Failed to load /Game/Textures/T_Lamp_N.T_Lamp_N Referenced by MaterialExpressionTextureSample_0 Property /Script/Engine.MaterialExpressionTextureBase:Texture
[2014.10.21-14.37.09:243][  0]LogUObjectGlobals:Warning: Failed to load '/Game/Textures/T_Lamp_N': Can't find file '/Game/Textures/T_Lamp_N'
[2014.10.21-14.37.09:243][  0]LogLinker:Warning: Can't find file for asset '/Game/Textures/T_Lamp_N' while loading NULL.
[2014.10.21-14.37.09:244][  0]LoadErrors: Info Failed to load /Game/Textures/T_Lamp_N.T_Lamp_N Referenced by MaterialExpressionTextureSample_0 Property /Script/Engine.MaterialExpressionTextureBase:Texture
[2014.10.21-14.37.09:244][  0]LogUObjectGlobals:Warning: Failed to load '/Game/Textures/T_Lamp_N': Can't find file for asset '/Game/Textures/T_Lamp_N' while loading NULL.
[2014.10.21-14.37.09:245][  0]LogLinker:Warning: Can't find file '/Game/Textures/T_Lamp_M'
[2014.10.21-14.37.09:245][  0]LoadErrors: Info Failed to load /Game/Textures/T_Lamp_M.T_Lamp_M Referenced by MaterialExpressionTextureSample_1 Property /Script/Engine.MaterialExpressionTextureBase:Texture
[2014.10.21-14.37.09:245][  0]LogUObjectGlobals:Warning: Failed to load '/Game/Textures/T_Lamp_M': Can't find file '/Game/Textures/T_Lamp_M'
[2014.10.21-14.37.09:245][  0]LogLinker:Warning: Can't find file for asset '/Game/Textures/T_Lamp_M' while loading NULL.
[2014.10.21-14.37.09:245][  0]LoadErrors: Info Failed to load /Game/Textures/T_Lamp_M.T_Lamp_M Referenced by MaterialExpressionTextureSample_1 Property /Script/Engine.MaterialExpressionTextureBase:Texture
[2014.10.21-14.37.09:245][  0]LogUObjectGlobals:Warning: Failed to load '/Game/Textures/T_Lamp_M': Can't find file for asset '/Game/Textures/T_Lamp_M' while loading NULL.
[2014.10.21-14.37.09:252][  0]LogMaterial: Missing cached shader map for material M_Lamp, compiling.
[2014.10.21-14.37.09:252][  0]LogMaterial:Warning: Failed to compile Material /Game/Props/Materials/M_Lamp.M_Lamp for platform PCD3D_SM5, Default Material will be used in game.
[2014.10.21-14.37.09:252][  0]LogMaterial:Warning: 	(Node TextureSample) TextureSample> Missing input texture
[2014.10.21-14.37.09:364][  0]BlueprintLog:Warning: Warning Blueprint MyGame has been migrated and requires re-saving to avoid import errors
[2014.10.21-14.37.09:365][  0]BlueprintLog:Warning: Warning Blueprint MyHUD has been migrated and requires re-saving to avoid import errors
[2014.10.21-14.37.09:365][  0]LogWorld: Game class is 'MyGame_C'
[2014.10.21-14.37.09:388][  0]LogAIModule: Creating AISystem for world TheRoom
[2014.10.21-14.37.09:391][  0]LogWorld: Bringing World /Temp/Autosaves/Game/Maps/UEDPCTheRoom.TheRoom up for play (max tick rate 0) at 2014.10.21-16.37.09
[2014.10.21-14.37.09:391][  0]LogWorld: Bringing up level for play took: 0.002951
[2014.10.21-14.37.09:393][  0]LogInit:Display: Game Engine Initialized.
[2014.10.21-14.37.09:602][  0]LogLoad: Full Startup: 10.86 seconds (BP compile: 0.07 seconds)
[2014.10.21-14.37.09:726][  1]LogRenderer:Warning: Reallocating scene render targets to support 1280x720.
[2014.10.21-14.37.28:114][902]LogEngine: All Windows Closed
[2014.10.21-14.37.28:114][902]LogWindows: FPlatformMisc::RequestExit(0)
[2014.10.21-14.37.28:127][903]LogWindowsTextInputMethodSystem:Error: Terminating failed while unadvising the language notification sink from the TSF source.
[2014.10.21-14.37.28:158][903]LogExit: Preparing to exit.
[2014.10.21-14.37.28:273][903]LogExit: Game engine shut down
[2014.10.21-14.37.28:274][903]LogParticles: Destroying 0 GPU particle simulations for FXSystem 0x00000000107025C0
[2014.10.21-14.37.28:302][903]LogExit: Object subsystem successfully closed.
[2014.10.21-14.37.28:331][903]LogModuleManager: Shutting down and abandoning module HTTP (86)
[2014.10.21-14.37.28:331][903]LogModuleManager: Shutting down and abandoning module AndroidDeviceDetection (85)
[2014.10.21-14.37.28:331][903]LogModuleManager: Shutting down and abandoning module AutomationWorker (84)
[2014.10.21-14.37.28:332][903]LogModuleManager: Shutting down and abandoning module GameplayDebugger (83)
[2014.10.21-14.37.28:332][903]LogModuleManager: Shutting down and abandoning module AIModule (82)
[2014.10.21-14.37.28:332][903]LogModuleManager: Shutting down and abandoning module GameLiveStreaming (81)
[2014.10.21-14.37.28:332][903]LogModuleManager: Shutting down and abandoning module StreamingPauseRendering (80)
[2014.10.21-14.37.28:332][903]LogModuleManager: Shutting down and abandoning module AnalyticsET (79)
[2014.10.21-14.37.28:332][903]LogModuleManager: Shutting down and abandoning module Analytics (78)
[2014.10.21-14.37.28:332][903]LogModuleManager: Shutting down and abandoning module ProfilerService (77)
[2014.10.21-14.37.28:568][903]LogModuleManager: Shutting down and abandoning module TaskGraph (76)
[2014.10.21-14.37.28:568][903]LogModuleManager: Shutting down and abandoning module SlateRemote (75)
[2014.10.21-14.37.28:568][903]LogModuleManager: Shutting down and abandoning module CustomMeshComponent (74)
[2014.10.21-14.37.28:568][903]LogModuleManager: Shutting down and abandoning module CableComponent (73)
[2014.10.21-14.37.28:568][903]LogModuleManager: Shutting down and abandoning module VisualStudioSourceCodeAccess (72)
[2014.10.21-14.37.28:568][903]LogModuleManager: Shutting down and abandoning module UObjectPlugin (71)
[2014.10.21-14.37.28:568][903]LogModuleManager: Shutting down and abandoning module SubversionSourceControl (70)
[2014.10.21-14.37.28:568][903]LogModuleManager: Shutting down and abandoning module SourceControl (69)
[2014.10.21-14.37.28:568][903]LogModuleManager: Shutting down and abandoning module PerforceSourceControl (68)
[2014.10.21-14.37.28:568][903]LogModuleManager: Shutting down and abandoning module BlankPlugin (67)
[2014.10.21-14.37.28:568][903]LogModuleManager: Shutting down and abandoning module ScriptPlugin (66)
[2014.10.21-14.37.28:568][903]LogModuleManager: Shutting down and abandoning module UdpMessaging (65)
[2014.10.21-14.37.28:568][903]LogModuleManager: Shutting down and abandoning module Paper2D (64)
[2014.10.21-14.37.28:568][903]LogModuleManager: Shutting down and abandoning module WindowsMoviePlayer (63)
[2014.10.21-14.37.28:568][903]LogModuleManager: Shutting down and abandoning module ImageWrapper (62)
[2014.10.21-14.37.28:568][903]LogModuleManager: Shutting down and abandoning module OnlineBlueprintSupport (61)
[2014.10.21-14.37.28:568][903]LogModuleManager: Shutting down and abandoning module FunctionalTesting (60)
[2014.10.21-14.37.28:568][903]LogModuleManager: Shutting down and abandoning module CollisionAnalyzer (59)
[2014.10.21-14.37.28:568][903]LogModuleManager: Shutting down and abandoning module WorkspaceMenuStructure (58)
[2014.10.21-14.37.28:568][903]LogModuleManager: Shutting down and abandoning module MessageLog (57)
[2014.10.21-14.37.28:568][903]LogModuleManager: Shutting down and abandoning module UMGEditor (56)
[2014.10.21-14.37.28:569][903]LogModuleManager: Shutting down and abandoning module UMG (55)
[2014.10.21-14.37.28:569][903]LogModuleManager: Shutting down and abandoning module Slate (54)
[2014.10.21-14.37.28:569][903]LogModuleManager: Shutting down and abandoning module EditorStyle (53)
[2014.10.21-14.37.28:570][903]LogModuleManager: Shutting down and abandoning module SessionServices (52)
[2014.10.21-14.37.28:570][903]LogModuleManager: Shutting down and abandoning module SourceCodeAccess (51)
[2014.10.21-14.37.28:570][903]LogModuleManager: Shutting down and abandoning module HeadMountedDisplay (50)
[2014.10.21-14.37.28:570][903]LogModuleManager: Shutting down and abandoning module XAudio2 (49)
[2014.10.21-14.37.28:570][903]LogModuleManager: Shutting down and abandoning module Networking (47)
[2014.10.21-14.37.28:570][903]LogModuleManager: Shutting down and abandoning module Core (46)
[2014.10.21-14.37.28:570][903]LogModuleManager: Shutting down and abandoning module KismetCompiler (45)
[2014.10.21-14.37.28:570][903]LogModuleManager: Shutting down and abandoning module PhysXFormats (44)
[2014.10.21-14.37.28:570][903]LogModuleManager: Shutting down and abandoning module MeshUtilities (43)
[2014.10.21-14.37.28:570][903]LogModuleManager: Shutting down and abandoning module DerivedDataCache (42)
[2014.10.21-14.37.28:800][903]LogDerivedDataCache: Shutdown
[2014.10.21-14.37.28:800][903]LogModuleManager: Shutting down and abandoning module ShaderFormatOpenGL (41)
[2014.10.21-14.37.28:800][903]LogModuleManager: Shutting down and abandoning module ShaderFormatD3D (40)
[2014.10.21-14.37.28:800][903]LogModuleManager: Shutting down and abandoning module MetalShaderFormat (39)
[2014.10.21-14.37.28:800][903]LogModuleManager: Shutting down and abandoning module TextureFormatUncompressed (38)
[2014.10.21-14.37.28:800][903]LogModuleManager: Shutting down and abandoning module TextureFormatPVR (37)
[2014.10.21-14.37.28:800][903]LogModuleManager: Shutting down and abandoning module TextureFormatDXT (36)
[2014.10.21-14.37.28:800][903]LogModuleManager: Shutting down and abandoning module TextureFormatAndroid (35)
[2014.10.21-14.37.28:800][903]LogModuleManager: Shutting down and abandoning module AudioFormatOpus (34)
[2014.10.21-14.37.28:800][903]LogModuleManager: Shutting down and abandoning module AudioFormatOgg (33)
[2014.10.21-14.37.28:800][903]LogModuleManager: Shutting down and abandoning module AudioFormatADPCM (32)
[2014.10.21-14.37.28:800][903]LogModuleManager: Shutting down and abandoning module Messaging (31)
[2014.10.21-14.37.28:800][903]LogModuleManager: Shutting down and abandoning module IOSTargetPlatform (30)
[2014.10.21-14.37.28:800][903]LogModuleManager: Shutting down and abandoning module Android_PVRTCTargetPlatform (29)
[2014.10.21-14.37.28:800][903]LogModuleManager: Shutting down and abandoning module Android_ETC2TargetPlatform (28)
[2014.10.21-14.37.28:800][903]LogModuleManager: Shutting down and abandoning module Android_ETC1TargetPlatform (27)
[2014.10.21-14.37.28:800][903]LogModuleManager: Shutting down and abandoning module Android_DXTTargetPlatform (26)
[2014.10.21-14.37.28:800][903]LogModuleManager: Shutting down and abandoning module Android_ATCTargetPlatform (25)
[2014.10.21-14.37.28:800][903]LogModuleManager: Shutting down and abandoning module AndroidTargetPlatform (24)
[2014.10.21-14.37.28:800][903]LogModuleManager: Shutting down and abandoning module WindowsTargetPlatform (23)
[2014.10.21-14.37.28:800][903]LogModuleManager: Shutting down and abandoning module WindowsServerTargetPlatform (22)
[2014.10.21-14.37.28:800][903]LogModuleManager: Shutting down and abandoning module WindowsNoEditorTargetPlatform (21)
[2014.10.21-14.37.28:800][903]LogModuleManager: Shutting down and abandoning module WindowsClientTargetPlatform (20)
[2014.10.21-14.37.28:800][903]LogModuleManager: Shutting down and abandoning module TargetPlatform (19)
[2014.10.21-14.37.28:800][903]LogModuleManager: Shutting down and abandoning module InputCore (18)
[2014.10.21-14.37.28:800][903]LogModuleManager: Shutting down and abandoning module Settings (17)
[2014.10.21-14.37.28:800][903]LogModuleManager: Shutting down and abandoning module ExampleDeviceProfileSelector (14)
[2014.10.21-14.37.28:800][903]LogModuleManager: Shutting down and abandoning module OculusRift (13)
[2014.10.21-14.37.28:800][903]LogModuleManager: Shutting down and abandoning module TextureCompressor (12)
[2014.10.21-14.37.28:800][903]LogModuleManager: Shutting down and abandoning module ShaderCore (11)
[2014.10.21-14.37.28:800][903]LogModuleManager: Shutting down and abandoning module OpenGLDrv (10)
[2014.10.21-14.37.28:800][903]LogModuleManager: Shutting down and abandoning module D3D11RHI (9)
[2014.10.21-14.37.28:801][903]LogModuleManager: Shutting down and abandoning module SlateRHIRenderer (8)
[2014.10.21-14.37.28:801][903]LogModuleManager: Shutting down and abandoning module Renderer (7)
[2014.10.21-14.37.28:801][903]LogModuleManager: Shutting down and abandoning module Engine (6)
[2014.10.21-14.37.28:801][903]LogModuleManager: Shutting down and abandoning module CoreUObject (5)
[2014.10.21-14.37.28:801][903]LogModuleManager: Shutting down and abandoning module NetworkFile (4)
[2014.10.21-14.37.28:801][903]LogModuleManager: Shutting down and abandoning module StreamingFile (3)
[2014.10.21-14.37.28:801][903]LogModuleManager: Shutting down and abandoning module SandboxFile (2)
[2014.10.21-14.37.28:801][903]LogModuleManager: Shutting down and abandoning module PakFile (1)
[2014.10.21-14.37.28:801][903]LogExit: Exiting.
[2014.10.21-14.37.28:802][903]Log file closed, 10/21/14 16:37:28
