Log file open, 11/07/14 10:58:21
LogInit:Display: Running engine for game: TheRoom
LogInit: Version: 4.4.3-2296771+++depot+UE4-Releases+4.4
LogInit: API Version: 2255576
LogInit: Compiled (64-bit): Sep 13 2014 22:30:58
LogInit: Build Configuration: Development
LogInit: Branch Name: ++depot+UE4-Releases+4.4
LogInit: Command line: 
LogInit: Base directory: C:/Program Files/Unreal Engine/4.4/Engine/Binaries/Win64/
LogInit: Rocket: 1
[2014.11.07-09.58.21:533][  0]LogTaskGraph: Started task graph with 3 named threads and 4 total threads.
[2014.11.07-09.58.21:563][  0]LogOnline:Warning: No default platform service specified for OnlineSubsystem
[2014.11.07-09.58.21:572][  0]LogInit: Presizing for 0 objects not considered by GC, pre-allocating 0 bytes.
[2014.11.07-09.58.21:580][  0]LogInit: Object subsystem initialized
[2014.11.07-09.58.21:582][  0]LogInit: Selected Device Profile: [Windows]
[2014.11.07-09.58.21:582][  0]LogInit: Applying CVar settings loaded from the selected device profile: [Windows]
[2014.11.07-09.58.21:589][  0]LogInit: Computer: 2013-KURS-09
[2014.11.07-09.58.21:589][  0]LogInit: User: lennartdaldrup
[2014.11.07-09.58.21:591][  0]LogInit: CPU Page size=4096, Cores=2
[2014.11.07-09.58.21:591][  0]LogInit: High frequency timer resolution =3.320380 MHz
[2014.11.07-09.58.21:591][  0]LogMemory: Memory total: Physical=8.0GB (8GB approx) Virtual=8192.0GB
[2014.11.07-09.58.21:591][  0]LogMemory: Platform Memory Stats for Windows
[2014.11.07-09.58.21:591][  0]LogMemory: Process Physical Memory: 61.39 MB used, 61.39 MB peak
[2014.11.07-09.58.21:591][  0]LogMemory: Process Virtual Memory: 37.07 MB used, 37.07 MB peak
[2014.11.07-09.58.21:591][  0]LogMemory: Physical Memory: 2945.30 MB used, 8185.95 MB total
[2014.11.07-09.58.21:591][  0]LogMemory: Virtual Memory: 262.12 MB used, 8388608.00 MB total
[2014.11.07-09.58.21:640][  0]LogD3D11RHI: Found D3D11 adapter 0: NVIDIA GeForce GTX 650 (Feature Level 11_0)
[2014.11.07-09.58.21:640][  0]LogD3D11RHI: Adapter has 971MB of dedicated video memory, 0MB of dedicated system memory, and 3072MB of shared system memory, 1 output[s]
[2014.11.07-09.58.21:640][  0]LogD3D11RHI: Chosen D3D11 Adapter Id = 0
[2014.11.07-09.58.21:647][  0]LogRHI: Texture pool is 680 MB (70% of 971 MB)
[2014.11.07-09.58.21:656][  0]LogD3D11RHI: Async texture creation enabled
[2014.11.07-09.58.21:718][  0]LogTextLocalizationManager:Warning: The selected culture 'de_DE' is not available; falling back to 'en'
[2014.11.07-09.58.21:806][  0]LogContentStreaming: Texture pool size is 0.000000MB
[2014.11.07-09.58.23:534][  0]LogTargetPlatformManager:Display: Building Assets For Windows
[2014.11.07-09.58.23:941][  0]LogTargetPlatformManager:Display: Building Assets For Windows
[2014.11.07-09.58.23:978][  0]LogDerivedDataCache:Display: Max Cache Size: 512 MB
[2014.11.07-09.58.24:058][  0]LogDerivedDataCache: Loaded boot cache 0.08s 39MB C:/Users/lennart.daldrup.S4G/AppData/Local/UnrealEngine/4.4/DerivedDataCache/Boot.ddc.
[2014.11.07-09.58.24:058][  0]LogDerivedDataCache:Display: Loaded Boot cache: C:/Users/lennart.daldrup.S4G/AppData/Local/UnrealEngine/4.4/DerivedDataCache/Boot.ddc
[2014.11.07-09.58.24:058][  0]LogDerivedDataCache: FDerivedDataBackendGraph:  Pak pak cache file ../../../../../../Users/lennart.daldrup.S4G/Documents/Unreal Projects/Nightterror/DerivedDataCache/DDC.ddp not found, will not use a pak cache.
[2014.11.07-09.58.24:058][  0]LogDerivedDataCache: Unable to find inner node Pak for hierarchical cache Hierarchy.
[2014.11.07-09.58.24:074][  0]LogDerivedDataCache:Display: Pak cache opened for reading ../../../Engine/DerivedDataCache/DDC.ddp.
[2014.11.07-09.58.24:086][  0]LogDerivedDataCache: Using Local data cache path C:/Users/lennart.daldrup.S4G/AppData/Local/UnrealEngine/4.4/DerivedDataCache: Writable
[2014.11.07-09.58.24:267][  0]LogMeshUtilities: No automatic mesh reduction module available
[2014.11.07-09.58.24:267][  0]LogMeshUtilities: No automatic mesh merging module available
[2014.11.07-09.58.24:657][  0]LogInit: WinSock: version 1.1 (2.2), MaxSocks=32767, MaxUdp=65467
[2014.11.07-09.58.25:379][  0]LogStats:Warning: MetaData mismatch. Did you assign a stat to two groups? New //STATGROUP_Threads//FMonitoredProcess///Thread_784_0///////STATCAT_Advanced//// old //STATGROUP_Threads//FMonitoredProcess///Thread_103c_0///////STATCAT_Advanced////
[2014.11.07-09.58.25:379][  0]UdpMessaging: Initializing bridge on interface 0.0.0.0:0 to multicast group 230.0.0.1:6666.
[2014.11.07-09.58.25:479][  0]SourceControl: Info Source control is disabled
[2014.11.07-09.58.25:479][  0]SourceControl: Info Source control is disabled
[2014.11.07-09.58.25:484][  0]SourceControl: Info Source control is disabled
[2014.11.07-09.58.25:667][  0]BlueprintLog: New page: Editor Load
[2014.11.07-09.58.25:768][  0]LogObj: 21438 objects as part of root set at end of initial load.
[2014.11.07-09.58.25:768][  0]LogUObjectAllocator: 4218656 out of 0 bytes used by permanent object pool.
[2014.11.07-09.58.26:021][  0]LogEngine: Initializing Engine...
[2014.11.07-09.58.26:153][  0]LogInit: XAudio2 using 'Realtek Digital Output (Realtek High Definition Audio)' : 2 channels at 48 kHz using 16 bits per sample (channel mask 0x3)
[2014.11.07-09.58.26:189][  0]LogInit: FAudioDevice initialized.
[2014.11.07-09.58.26:203][  0]LogAIModule: Creating AISystem for world NewWorld
[2014.11.07-09.58.26:239][  0]LogDerivedDataCache: Saved boot cache 0.04s 39MB C:/Users/lennart.daldrup.S4G/AppData/Local/UnrealEngine/4.4/DerivedDataCache/Boot.ddc.
[2014.11.07-09.58.26:252][  0]LogInit: Texture streaming: Enabled
[2014.11.07-09.58.26:285][  0]LogInit: Transaction tracking system initialized
[2014.11.07-09.58.26:397][  0]LogAssetRegistry: FAssetRegistry took 0.0102 seconds to start up
[2014.11.07-09.58.27:018][  0]LogTargetPlatformManager:Display: Building Assets For Windows
[2014.11.07-09.58.27:366][  0]LogTargetPlatformManager:Display: Building Assets For Windows
[2014.11.07-09.58.27:495][  0]LogConsoleResponse:Display: 
[2014.11.07-09.58.27:665][  0]LogStats:Warning: MetaData mismatch. Did you assign a stat to two groups? New //STATGROUP_Threads//FMonitoredProcess///Thread_e58_0///////STATCAT_Advanced//// old //STATGROUP_Threads//FMonitoredProcess///Thread_103c_0///////STATCAT_Advanced////
[2014.11.07-09.58.27:665][  0]LogStats:Warning: MetaData mismatch. Did you assign a stat to two groups? New //STATGROUP_Threads//FMonitoredProcess///Thread_1338_0///////STATCAT_Advanced//// old //STATGROUP_Threads//FMonitoredProcess///Thread_103c_0///////STATCAT_Advanced////
[2014.11.07-09.58.27:665][  0]SourceControl: Info Source control is disabled
[2014.11.07-09.58.27:665][  0]Cmd: MAP LOAD FILE="../../../../../../Users/lennart.daldrup.S4G/Documents/Unreal Projects/Nightterror/Content/Maps/TheRoom.umap" TEMPLATE=0 SHOWPROGRESS=1
[2014.11.07-09.58.27:666][  0]LightingResults: New page: Lighting Build
[2014.11.07-09.58.27:672][  0]MapCheck: New page: Map Check
[2014.11.07-09.58.27:672][  0]LightingResults: New page: Lighting Build
[2014.11.07-09.58.27:689][  0]LogParticles: Destroying 0 GPU particle simulations for FXSystem 0x00000000112F9300
[2014.11.07-09.58.27:986][  0]LogEditorServer: Finished looking for orphan Actors (0.000 secs)
[2014.11.07-09.58.27:986][  0]LogAIModule: Creating AISystem for world TheRoom
[2014.11.07-09.58.27:986][  0]Cmd: MAP CHECKDEP
[2014.11.07-09.58.27:986][  0]MapCheck: New page: TheRoom - Nov 7, 2014, 11:58:27 AM
[2014.11.07-09.58.28:037][  0]MapCheck: Info ========== Map Check: 0 Error(s), 0 Warning(s), [50.695ms] ==========
[2014.11.07-09.58.28:037][  0]LogFileHelpers: Loading map 'TheRoom' took 0.372
[2014.11.07-09.58.28:131][  0]LogCollectionManager: Loaded 0 collections in 0.001125 seconds
[2014.11.07-09.58.28:220][  0]LogCrashTracker: Crashtracker disabled due to settings.
[2014.11.07-09.58.28:291][  0]LogLoad: Full Startup: 7.53 seconds (BP compile: 0.12 seconds)
[2014.11.07-09.58.28:305][  0]LogContentBrowser:Verbose: The content browser source was changed by the sources view to '/Game/Assets/Materials'
[2014.11.07-09.58.28:422][  0]LogRenderer:Warning: Reallocating scene render targets to support 32x32.
[2014.11.07-09.58.28:538][  0]LogRenderer:Warning: Reallocating scene render targets to support 1136x896.
[2014.11.07-09.58.28:651][  2]LogAssetRegistry: Asset discovery search completed in 2.2643 seconds
[2014.11.07-09.58.32:399][322]LogContentBrowser:Verbose: The content browser source was changed by the sources view to '/Game/Materials'
[2014.11.07-10.00.11:753][568]Cmd: TRANSACTION UNDO
[2014.11.07-10.00.11:753][568]LogEditorTransaction: Undo Create Actors
[2014.11.07-10.00.18:753][796]LogMaterial: Missing cached shader map for material PreviewMaterial_0, compiling.
[2014.11.07-10.00.18:950][796]LogActorComponent: UnregisterComponent: (/Engine/Transient.SkeletalMeshComponent_0) Not registered. Aborting.
[2014.11.07-10.00.19:164][796]LogActorComponent: UnregisterComponent: (/Engine/Transient.SkeletalMeshComponent_0) Not registered. Aborting.
[2014.11.07-10.00.19:164][796]LogActorComponent: RegisterComponentWithWorld: (/Engine/Transient.MaterialEditorMeshComponent_0) Already registered. Aborting.
[2014.11.07-10.00.19:165][796]LogActorComponent: UnregisterComponent: (/Engine/Transient.SkeletalMeshComponent_0) Not registered. Aborting.
[2014.11.07-10.00.19:165][796]LogActorComponent: RegisterComponentWithWorld: (/Engine/Transient.MaterialEditorMeshComponent_0) Already registered. Aborting.
[2014.11.07-10.00.19:230][796]LogMaterial: Missing cached shader map for material PreviewMaterial_0, compiling.
[2014.11.07-10.00.19:266][796]LogMaterial: Missing cached shader map for material FMatExpressionPreview MaterialExpressionBumpOffset_22, compiling.
[2014.11.07-10.00.19:429][796]LogMaterial: Missing cached shader map for material FMatExpressionPreview MaterialExpressionTextureSample_2, compiling.
[2014.11.07-10.00.19:644][796]LogMaterial: Missing cached shader map for material FMatExpressionPreview MaterialExpressionTextureSample_4, compiling.
[2014.11.07-10.00.19:681][796]LogMaterial: Missing cached shader map for material FMatExpressionPreview MaterialExpressionTextureSampleParameter2D_39, compiling.
[2014.11.07-10.00.19:703][796]LogMaterial: Missing cached shader map for material FMatExpressionPreview MaterialExpressionBumpOffset_13, compiling.
[2014.11.07-10.00.19:706][796]LogMaterial: Missing cached shader map for material FMatExpressionPreview MaterialExpressionTextureSampleParameter2D_41, compiling.
[2014.11.07-10.00.19:733][796]LogMaterial: Missing cached shader map for material FMatExpressionPreview MaterialExpressionTextureSampleParameter2D_42, compiling.
[2014.11.07-10.00.19:760][796]LogMaterial: Missing cached shader map for material FMatExpressionPreview MaterialExpressionBumpOffset_14, compiling.
[2014.11.07-10.00.19:762][796]LogMaterial: Missing cached shader map for material FMatExpressionPreview MaterialExpressionTextureSampleParameter2D_1, compiling.
[2014.11.07-10.00.19:764][796]LogMaterial: Missing cached shader map for material FMatExpressionPreview MaterialExpressionBumpOffset_15, compiling.
[2014.11.07-10.00.19:786][796]LogMaterial: Missing cached shader map for material FMatExpressionPreview MaterialExpressionTextureSampleParameter2D_45, compiling.
[2014.11.07-10.00.19:804][796]LogMaterial: Missing cached shader map for material FMatExpressionPreview MaterialExpressionTextureSampleParameter2D_47, compiling.
[2014.11.07-10.00.19:815][796]LogMaterial: Missing cached shader map for material FMatExpressionPreview MaterialExpressionBumpOffset_16, compiling.
[2014.11.07-10.00.19:817][796]LogMaterial: Missing cached shader map for material FMatExpressionPreview MaterialExpressionTextureSampleParameter2D_48, compiling.
[2014.11.07-10.00.19:820][796]LogMaterial: Missing cached shader map for material FMatExpressionPreview MaterialExpressionTextureSampleParameter2D_50, compiling.
[2014.11.07-10.00.19:841][796]LogMaterial: Missing cached shader map for material FMatExpressionPreview MaterialExpressionBumpOffset_17, compiling.
[2014.11.07-10.00.19:844][796]LogMaterial: Missing cached shader map for material FMatExpressionPreview MaterialExpressionTextureSampleParameter2D_51, compiling.
[2014.11.07-10.00.19:861][796]LogMaterial: Missing cached shader map for material FMatExpressionPreview MaterialExpressionTextureSampleParameter2D_53, compiling.
[2014.11.07-10.00.19:864][796]LogMaterial: Missing cached shader map for material FMatExpressionPreview MaterialExpressionBumpOffset_18, compiling.
[2014.11.07-10.00.19:874][796]LogMaterial: Missing cached shader map for material FMatExpressionPreview MaterialExpressionTextureSampleParameter2D_54, compiling.
[2014.11.07-10.00.19:889][796]LogMaterial: Missing cached shader map for material FMatExpressionPreview MaterialExpressionTextureSampleParameter2D_56, compiling.
[2014.11.07-10.00.19:902][796]LogMaterial: Missing cached shader map for material FMatExpressionPreview MaterialExpressionTextureSampleParameter2D_57, compiling.
[2014.11.07-10.00.19:906][796]LogMaterial: Missing cached shader map for material FMatExpressionPreview MaterialExpressionBumpOffset_19, compiling.
[2014.11.07-10.00.19:930][796]LogMaterial: Missing cached shader map for material FMatExpressionPreview MaterialExpressionTextureSampleParameter2D_59, compiling.
[2014.11.07-10.00.19:948][796]LogMaterial: Missing cached shader map for material FMatExpressionPreview MaterialExpressionBumpOffset_20, compiling.
[2014.11.07-10.00.19:950][796]LogMaterial: Missing cached shader map for material FMatExpressionPreview MaterialExpressionTextureSampleParameter2D_60, compiling.
[2014.11.07-10.00.19:965][796]LogMaterial: Missing cached shader map for material FMatExpressionPreview MaterialExpressionTextureSampleParameter2D_62, compiling.
[2014.11.07-10.00.19:977][796]LogMaterial: Missing cached shader map for material FMatExpressionPreview MaterialExpressionBumpOffset_21, compiling.
[2014.11.07-10.00.19:980][796]LogMaterial: Missing cached shader map for material FMatExpressionPreview MaterialExpressionTextureSampleParameter2D_63, compiling.
[2014.11.07-10.00.19:982][796]LogMaterial: Missing cached shader map for material FMatExpressionPreview MaterialExpressionTextureSampleParameter2D_65, compiling.
[2014.11.07-10.00.19:984][796]LogMaterial: Missing cached shader map for material FMatExpressionPreview MaterialExpressionTextureSampleParameter2D_66, compiling.
[2014.11.07-10.00.19:987][796]LogMaterial: Missing cached shader map for material FMatExpressionPreview MaterialExpressionTextureSampleParameter2D_67, compiling.
[2014.11.07-10.00.19:989][796]LogMaterial: Missing cached shader map for material FMatExpressionPreview MaterialExpressionBumpOffset_23, compiling.
[2014.11.07-10.00.19:991][796]LogMaterial: Missing cached shader map for material FMatExpressionPreview MaterialExpressionTextureSampleParameter2D_69, compiling.
[2014.11.07-10.00.19:994][796]LogMaterial: Missing cached shader map for material FMatExpressionPreview MaterialExpressionTextureSample_31, compiling.
[2014.11.07-10.00.20:014][796]LogMaterial: Missing cached shader map for material FMatExpressionPreview MaterialExpressionTextureSampleParameter2D_72, compiling.
[2014.11.07-10.00.20:016][796]LogMaterial: Missing cached shader map for material FMatExpressionPreview MaterialExpressionTextureSampleParameter2D_73, compiling.
[2014.11.07-10.00.20:019][796]LogMaterial: Missing cached shader map for material FMatExpressionPreview MaterialExpressionBumpOffset_25, compiling.
[2014.11.07-10.00.20:021][796]LogMaterial: Missing cached shader map for material FMatExpressionPreview MaterialExpressionTextureSampleParameter2D_0, compiling.
[2014.11.07-10.00.20:034][796]LogMaterial: Missing cached shader map for material FMatExpressionPreview MaterialExpressionTextureSampleParameter2D_2, compiling.
[2014.11.07-10.00.20:036][796]LogMaterial: Missing cached shader map for material FMatExpressionPreview MaterialExpressionTextureSampleParameter2D_4, compiling.
[2014.11.07-10.00.20:039][796]LogMaterial: Missing cached shader map for material FMatExpressionPreview MaterialExpressionTextureSampleParameter2D_6, compiling.
[2014.11.07-10.00.20:049][796]LogMaterial: Missing cached shader map for material FMatExpressionPreview MaterialExpressionTextureSampleParameter2D_8, compiling.
[2014.11.07-10.00.20:051][796]LogMaterial: Missing cached shader map for material FMatExpressionPreview MaterialExpressionTextureSampleParameter2D_10, compiling.
[2014.11.07-10.00.20:054][796]LogMaterial: Missing cached shader map for material FMatExpressionPreview MaterialExpressionTextureSampleParameter2D_12, compiling.
[2014.11.07-10.00.20:056][796]LogMaterial: Missing cached shader map for material FMatExpressionPreview MaterialExpressionTextureSampleParameter2D_14, compiling.
[2014.11.07-10.00.20:058][796]LogMaterial: Missing cached shader map for material FMatExpressionPreview MaterialExpressionTextureSampleParameter2D_16, compiling.
[2014.11.07-10.00.20:061][796]LogMaterial: Missing cached shader map for material FMatExpressionPreview MaterialExpressionTextureSampleParameter2D_18, compiling.
[2014.11.07-10.00.20:079][796]LogMaterial: Missing cached shader map for material FMatExpressionPreview MaterialExpressionTextureSampleParameter2D_20, compiling.
[2014.11.07-10.00.20:092][796]LogMaterial: Missing cached shader map for material FMatExpressionPreview MaterialExpressionTextureSampleParameter2D_22, compiling.
[2014.11.07-10.00.20:108][796]LogMaterial: Missing cached shader map for material FMatExpressionPreview MaterialExpressionTextureSampleParameter2D_5, compiling.
[2014.11.07-10.00.20:111][796]LogMaterial: Missing cached shader map for material FMatExpressionPreview MaterialExpressionTextureSampleParameter2D_9, compiling.
[2014.11.07-10.00.20:113][796]LogMaterial: Missing cached shader map for material FMatExpressionPreview MaterialExpressionTextureSampleParameter2D_15, compiling.
[2014.11.07-10.00.20:115][796]LogMaterial: Missing cached shader map for material FMatExpressionPreview MaterialExpressionTextureSampleParameter2D_19, compiling.
[2014.11.07-10.00.20:134][796]LogMaterial: Missing cached shader map for material FMatExpressionPreview MaterialExpressionTextureSampleParameter2D_23, compiling.
[2014.11.07-10.00.20:151][796]LogMaterial: Missing cached shader map for material FMatExpressionPreview MaterialExpressionTextureSampleParameter2D_26, compiling.
[2014.11.07-10.00.20:158][796]LogMaterial: Missing cached shader map for material FMatExpressionPreview MaterialExpressionTextureSampleParameter2D_29, compiling.
[2014.11.07-10.00.20:161][796]LogMaterial: Missing cached shader map for material FMatExpressionPreview MaterialExpressionTextureSampleParameter2D_32, compiling.
[2014.11.07-10.00.20:163][796]LogMaterial: Missing cached shader map for material FMatExpressionPreview MaterialExpressionTextureSampleParameter2D_35, compiling.
[2014.11.07-10.00.20:180][796]LogMaterial: Missing cached shader map for material FMatExpressionPreview MaterialExpressionTextureSampleParameter2D_38, compiling.
[2014.11.07-10.00.20:199][796]LogMaterial: Missing cached shader map for material FMatExpressionPreview MaterialExpressionTextureSampleParameter2D_40, compiling.
[2014.11.07-10.00.20:201][796]LogMaterial: Missing cached shader map for material FMatExpressionPreview MaterialExpressionConstant3Vector_0, compiling.
[2014.11.07-10.00.20:204][796]LogMaterial: Missing cached shader map for material FMatExpressionPreview MaterialExpressionTextureSample_6, compiling.
[2014.11.07-10.00.20:206][796]LogMaterial: Missing cached shader map for material FMatExpressionPreview MaterialExpressionTextureSample_19, compiling.
[2014.11.07-10.00.20:208][796]LogMaterial: Missing cached shader map for material FMatExpressionPreview MaterialExpressionTextureSample_20, compiling.
[2014.11.07-10.01.29:706][190]BlueprintLog: New page: Pre-PIE auto-recompile
[2014.11.07-10.01.29:706][190]LogPlayLevel: [PIE] Compiling TheRoom before PIE...
[2014.11.07-10.01.29:921][190]LogParticles: Destroying 0 GPU particle simulations for FXSystem 0x000000001A17ED40
[2014.11.07-10.01.29:931][190]LogPlayLevel: PIE:  Blueprint regeneration took 225 ms (1 blueprints)
[2014.11.07-10.01.29:931][190]PIE: New page: PIE session: TheRoom (Nov 7, 2014, 12:01:29 PM)
[2014.11.07-10.01.29:941][190]LogPlayLevel: PIE: StaticDuplicateObject took: (0.009818s)
[2014.11.07-10.01.29:942][190]LogPlayLevel: PIE: World Init took: (0.000953s)
[2014.11.07-10.01.29:942][190]LogPlayLevel: PIE: Created PIE world by copying editor world from /Game/Maps/TheRoom.TheRoom to /Game/Maps/UEDPIE_0_TheRoom.TheRoom (0.010988s)
[2014.11.07-10.01.30:006][190]BlueprintLog:Warning: Warning Blueprint MyHUD has been migrated and requires re-saving to avoid import errors
[2014.11.07-10.01.30:007][190]BlueprintLog:Warning: Warning Blueprint MyGame has been migrated and requires re-saving to avoid import errors
[2014.11.07-10.01.30:007][190]LogWorld: Game class is 'MyGame_C'
[2014.11.07-10.01.30:009][190]LogAIModule: Creating AISystem for world TheRoom
[2014.11.07-10.01.30:011][190]LogWorld: Bringing World /Game/Maps/UEDPIE_0_TheRoom.TheRoom up for play (max tick rate 0) at 2014.11.07-11.01.30
[2014.11.07-10.01.30:012][190]LogWorld: Bringing up level for play took: 0.002822
[2014.11.07-10.01.30:013][190]PIE: Info Play in editor start time for /Game/Maps/UEDPIE_0_TheRoom -0.03
[2014.11.07-10.01.34:435][530]LogBlueprintUserMessages: true && Actor: Schlüssel_C_0
[2014.11.07-10.01.44:819][336]LogParticles: Destroying 0 GPU particle simulations for FXSystem 0x000000001C6479C0
[2014.11.07-10.01.51:773][773]LogSlate:Warning: Prevented a slow task dialog from being summoned while a context menu was open
[2014.11.07-10.01.59:228][ 11]BlueprintLog: New page: Compile MyCharacter
[2014.11.07-10.01.59:443][ 11]LogActorComponent: UnregisterComponent: (/Engine/Transient.CharacterMovementComponent_0) Not registered. Aborting.
[2014.11.07-10.01.59:526][ 11]BlueprintEditorCompileResults: Info [0218.64] Compile of MyCharacter successful! [in 48 ms]
[2014.11.07-10.02.06:998][286]Cmd: OBJ SAVEPACKAGE PACKAGE="/Game/Blueprints/MyCharacter" FILE="../../../../../../Users/lennart.daldrup.S4G/Documents/Unreal Projects/Nightterror/Content/Blueprints/MyCharacter.uasset" SILENT=true
[2014.11.07-10.02.07:172][286]LogSavePackage: Save=155.752960ms
[2014.11.07-10.02.07:172][286]LogSavePackage: Moving '../../../../../../Users/lennart.daldrup.S4G/Documents/Unreal Projects/Nightterror/Saved/MyCharacter8922C9E045595F676651A0A327D33573.tmp' to '../../../../../../Users/lennart.daldrup.S4G/Documents/Unreal Projects/Nightterror/Content/Blueprints/MyCharacter.uasset'
[2014.11.07-10.02.31:140][181]BlueprintLog: New page: Compile MyCharacter
[2014.11.07-10.02.31:354][181]LogActorComponent: UnregisterComponent: (/Engine/Transient.CharacterMovementComponent_1) Not registered. Aborting.
[2014.11.07-10.02.31:433][181]BlueprintEditorCompileResults: Info [0250.56] Compile of MyCharacter successful! [in 51 ms]
[2014.11.07-10.02.32:094][190]Cmd: OBJ SAVEPACKAGE PACKAGE="/Game/Blueprints/MyCharacter" FILE="../../../../../../Users/lennart.daldrup.S4G/Documents/Unreal Projects/Nightterror/Content/Blueprints/MyCharacter.uasset" SILENT=true
[2014.11.07-10.02.32:254][190]LogSavePackage: Save=152.602112ms
[2014.11.07-10.02.32:254][190]LogSavePackage: Moving '../../../../../../Users/lennart.daldrup.S4G/Documents/Unreal Projects/Nightterror/Saved/MyCharacter6A447EFE4CBCF390CDEA71B32872032C.tmp' to '../../../../../../Users/lennart.daldrup.S4G/Documents/Unreal Projects/Nightterror/Content/Blueprints/MyCharacter.uasset'
[2014.11.07-10.02.34:342][286]BlueprintLog: New page: Pre-PIE auto-recompile
[2014.11.07-10.02.34:342][286]LogPlayLevel: [PIE] Compiling TheRoom before PIE...
[2014.11.07-10.02.34:456][286]LogActorComponent: UnregisterComponent: (/Engine/Transient.CharacterMovementComponent_2) Not registered. Aborting.
[2014.11.07-10.02.34:480][286]LogParticles: Destroying 0 GPU particle simulations for FXSystem 0x00000000201DA340
[2014.11.07-10.02.34:487][286]LogPlayLevel: PIE:  Blueprint regeneration took 144 ms (1 blueprints)
[2014.11.07-10.02.34:487][286]PIE: New page: PIE session: TheRoom (Nov 7, 2014, 12:02:34 PM)
[2014.11.07-10.02.34:497][286]LogPlayLevel: PIE: StaticDuplicateObject took: (0.009312s)
[2014.11.07-10.02.34:498][286]LogPlayLevel: PIE: World Init took: (0.000973s)
[2014.11.07-10.02.34:498][286]LogPlayLevel: PIE: Created PIE world by copying editor world from /Game/Maps/TheRoom.TheRoom to /Game/Maps/UEDPIE_0_TheRoom.TheRoom (0.010536s)
[2014.11.07-10.02.34:533][286]LogWorld: Game class is 'MyGame_C'
[2014.11.07-10.02.34:534][286]LogAIModule: Creating AISystem for world TheRoom
[2014.11.07-10.02.34:536][286]LogWorld: Bringing World /Game/Maps/UEDPIE_0_TheRoom.TheRoom up for play (max tick rate 0) at 2014.11.07-11.02.34
[2014.11.07-10.02.34:537][286]LogWorld: Bringing up level for play took: 0.002830
[2014.11.07-10.02.34:538][286]PIE: Info Play in editor start time for /Game/Maps/UEDPIE_0_TheRoom 0.497
[2014.11.07-10.02.40:306][717]LogParticles: Destroying 0 GPU particle simulations for FXSystem 0x000000001A2F40E0
[2014.11.07-10.03.29:518][595]LogEditorViewport: Clicking on Actor (LMB): StaticMeshActor (Floor_400x400)
[2014.11.07-10.03.32:558][729]LogContentBrowser:Verbose: The content browser source was changed by the sources view to 'None'
[2014.11.07-10.03.32:558][729]LogContentBrowser:Verbose: The content browser source was changed by the sources view to '/Game/Materials'
[2014.11.07-10.03.39:500][ 23]LogSavePackage: Save=130.502533ms
[2014.11.07-10.03.39:500][ 23]LogSavePackage: Moving '../../../../../../Users/lennart.daldrup.S4G/Documents/Unreal Projects/Nightterror/Saved/M_CobbleStone_SmoothD637663F4C9019A7731587B0016F7929.tmp' to '../../../../../../Users/lennart.daldrup.S4G/Documents/Unreal Projects/Nightterror/Content/Assets/Materials/M_CobbleStone_Smooth.uasset'
[2014.11.07-10.03.40:658][ 80]LogContentBrowser:Verbose: The content browser source was changed by the sources view to '/Game/Assets/Materials'
[2014.11.07-10.03.42:214][151]LogMaterial: Missing cached shader map for material NewMaterial, compiling.
[2014.11.07-10.03.45:371][252]LogEditorViewport: Clicking on Actor (LMB): StaticMeshActor (Wall_400x400)
[2014.11.07-10.03.48:546][309]LogContentBrowser:Verbose: The content browser source was changed by the sources view to 'None'
[2014.11.07-10.03.48:547][309]LogContentBrowser:Verbose: The content browser source was changed by the sources view to '/Game/Materials'
[2014.11.07-10.03.52:156][459]LogSavePackage: Save=98.439339ms
[2014.11.07-10.03.52:156][459]LogSavePackage: Moving '../../../../../../Users/lennart.daldrup.S4G/Documents/Unreal Projects/Nightterror/Saved/M_Brick_Clay_OldDD4272DB43F479EA848ACC8213F65D90.tmp' to '../../../../../../Users/lennart.daldrup.S4G/Documents/Unreal Projects/Nightterror/Content/Assets/Materials/M_Brick_Clay_Old.uasset'
[2014.11.07-10.03.55:875][681]LogEditorViewport: Clicking on Actor (LMB): StaticMeshActor (Floor_400x401)
[2014.11.07-10.03.57:341][760]LogContentBrowser:Verbose: The content browser source was changed by the sources view to 'None'
[2014.11.07-10.03.57:341][760]LogContentBrowser:Verbose: The content browser source was changed by the sources view to '/Game/Materials'
[2014.11.07-10.04.02:195][963]LogSavePackage: Save=106.557083ms
[2014.11.07-10.04.02:195][963]LogSavePackage: Moving '../../../../../../Users/lennart.daldrup.S4G/Documents/Unreal Projects/Nightterror/Saved/M_Brick_Cut_Stone120360884D11D3CA8E1F599A36AD1784.tmp' to '../../../../../../Users/lennart.daldrup.S4G/Documents/Unreal Projects/Nightterror/Content/Assets/Materials/M_Brick_Cut_Stone.uasset'
[2014.11.07-10.04.04:339][ 87]LogEditorViewport: Clicking on Actor (LMB): StaticMeshActor (Furniture_Closet_Lowpoly)
[2014.11.07-10.04.05:705][153]LogContentBrowser:Verbose: The content browser source was changed by the sources view to 'None'
[2014.11.07-10.04.05:705][153]LogContentBrowser:Verbose: The content browser source was changed by the sources view to '/Game/Meshes'
[2014.11.07-10.04.21:760][ 34]Cmd: OBJ SAVEPACKAGE PACKAGE="/Game/Meshes/M_Wood512_Glossy" FILE="../../../../../../Users/lennart.daldrup.S4G/Documents/Unreal Projects/Nightterror/Content/Meshes/M_Wood512_Glossy.uasset" SILENT=true
[2014.11.07-10.04.21:927][ 34]LogSavePackage: Save=162.737091ms
[2014.11.07-10.04.21:927][ 34]LogSavePackage: Moving '../../../../../../Users/lennart.daldrup.S4G/Documents/Unreal Projects/Nightterror/Saved/M_Wood512_Glossy0D7E1C7942442E5C9296F8974341713F.tmp' to '../../../../../../Users/lennart.daldrup.S4G/Documents/Unreal Projects/Nightterror/Content/Meshes/M_Wood512_Glossy.uasset'
[2014.11.07-10.04.21:938][ 34]Cmd: OBJ SAVEPACKAGE PACKAGE="/Game/Meshes/NewMaterial" FILE="../../../../../../Users/lennart.daldrup.S4G/Documents/Unreal Projects/Nightterror/Content/Meshes/NewMaterial.uasset" SILENT=true
[2014.11.07-10.04.21:999][ 34]LogSavePackage: Save=14.818184ms
[2014.11.07-10.04.21:999][ 34]LogSavePackage: Moving '../../../../../../Users/lennart.daldrup.S4G/Documents/Unreal Projects/Nightterror/Saved/NewMaterial2398D8D94483A41946570893A49C3A46.tmp' to '../../../../../../Users/lennart.daldrup.S4G/Documents/Unreal Projects/Nightterror/Content/Meshes/NewMaterial.uasset'
[2014.11.07-10.04.26:546][213]LogSavePackage: Save=160.830688ms
[2014.11.07-10.04.26:546][213]LogSavePackage: Moving '../../../../../../Users/lennart.daldrup.S4G/Documents/Unreal Projects/Nightterror/Saved/M_Wood512_GlossyE4F9E91A4C74E3501B25B4AAD4E269CA.tmp' to '../../../../../../Users/lennart.daldrup.S4G/Documents/Unreal Projects/Nightterror/Content/Assets/Materials/M_Wood512_Glossy.uasset'
[2014.11.07-10.04.26:678][213]Cmd: OBJ SAVEPACKAGE PACKAGE="/Game/Meshes/NewMaterial" FILE="../../../../../../Users/lennart.daldrup.S4G/Documents/Unreal Projects/Nightterror/Content/Meshes/NewMaterial.uasset" SILENT=true
[2014.11.07-10.04.26:693][213]LogSavePackage: Save=9.185696ms
[2014.11.07-10.04.26:693][213]LogSavePackage: Moving '../../../../../../Users/lennart.daldrup.S4G/Documents/Unreal Projects/Nightterror/Saved/NewMaterial07345C0945F445CAC12CD2A86A0C8672.tmp' to '../../../../../../Users/lennart.daldrup.S4G/Documents/Unreal Projects/Nightterror/Content/Meshes/NewMaterial.uasset'
[2014.11.07-10.04.42:034][913]Cmd: OBJ SAVEPACKAGE PACKAGE="/Game/Meshes/M_Old_Rug" FILE="../../../../../../Users/lennart.daldrup.S4G/Documents/Unreal Projects/Nightterror/Content/Meshes/M_Old_Rug.uasset" SILENT=true
[2014.11.07-10.04.42:240][913]LogSavePackage: Save=202.087112ms
[2014.11.07-10.04.42:240][913]LogSavePackage: Moving '../../../../../../Users/lennart.daldrup.S4G/Documents/Unreal Projects/Nightterror/Saved/M_Old_Rug5CBDE77A4DAF725735284484C682CD7C.tmp' to '../../../../../../Users/lennart.daldrup.S4G/Documents/Unreal Projects/Nightterror/Content/Meshes/M_Old_Rug.uasset'
[2014.11.07-10.04.42:251][913]Cmd: OBJ SAVEPACKAGE PACKAGE="/Game/Meshes/rug_texture_Mat" FILE="../../../../../../Users/lennart.daldrup.S4G/Documents/Unreal Projects/Nightterror/Content/Meshes/rug_texture_Mat.uasset" SILENT=true
[2014.11.07-10.04.42:327][913]LogSavePackage: Save=10.954770ms
[2014.11.07-10.04.42:327][913]LogSavePackage: Moving '../../../../../../Users/lennart.daldrup.S4G/Documents/Unreal Projects/Nightterror/Saved/rug_texture_Mat269CA6BB46D1B62E8C48159F55A34D89.tmp' to '../../../../../../Users/lennart.daldrup.S4G/Documents/Unreal Projects/Nightterror/Content/Meshes/rug_texture_Mat.uasset'
[2014.11.07-10.04.45:631][ 47]LogSavePackage: Save=201.612167ms
[2014.11.07-10.04.45:631][ 47]LogSavePackage: Moving '../../../../../../Users/lennart.daldrup.S4G/Documents/Unreal Projects/Nightterror/Saved/M_Old_Rug30900C424BEE3416E25F5C9CA470FA37.tmp' to '../../../../../../Users/lennart.daldrup.S4G/Documents/Unreal Projects/Nightterror/Content/Assets/Materials/M_Old_Rug.uasset'
[2014.11.07-10.04.45:766][ 47]Cmd: OBJ SAVEPACKAGE PACKAGE="/Game/Meshes/rug_texture_Mat" FILE="../../../../../../Users/lennart.daldrup.S4G/Documents/Unreal Projects/Nightterror/Content/Meshes/rug_texture_Mat.uasset" SILENT=true
[2014.11.07-10.04.45:781][ 47]LogSavePackage: Save=9.170034ms
[2014.11.07-10.04.45:781][ 47]LogSavePackage: Moving '../../../../../../Users/lennart.daldrup.S4G/Documents/Unreal Projects/Nightterror/Saved/rug_texture_MatCE4253FE4DD36BA7E8214FA30A857B6B.tmp' to '../../../../../../Users/lennart.daldrup.S4G/Documents/Unreal Projects/Nightterror/Content/Meshes/rug_texture_Mat.uasset'
[2014.11.07-10.04.53:614][407]Cmd: OBJ SAVEPACKAGE PACKAGE="/Game/Meshes/T_Old_Rug" FILE="../../../../../../Users/lennart.daldrup.S4G/Documents/Unreal Projects/Nightterror/Content/Meshes/T_Old_Rug.uasset" SILENT=true
[2014.11.07-10.04.53:716][407]LogSavePackage: Save=98.639008ms
[2014.11.07-10.04.53:716][407]LogSavePackage: Moving '../../../../../../Users/lennart.daldrup.S4G/Documents/Unreal Projects/Nightterror/Saved/T_Old_Rug7FA19FAE4C611D9726DDABAADDB72F11.tmp' to '../../../../../../Users/lennart.daldrup.S4G/Documents/Unreal Projects/Nightterror/Content/Meshes/T_Old_Rug.uasset'
[2014.11.07-10.04.53:726][407]Cmd: OBJ SAVEPACKAGE PACKAGE="/Game/Meshes/rug_texture" FILE="../../../../../../Users/lennart.daldrup.S4G/Documents/Unreal Projects/Nightterror/Content/Meshes/rug_texture.uasset" SILENT=true
[2014.11.07-10.04.53:762][407]LogSavePackage: Save=11.220403ms
[2014.11.07-10.04.53:762][407]LogSavePackage: Moving '../../../../../../Users/lennart.daldrup.S4G/Documents/Unreal Projects/Nightterror/Saved/rug_textureB13810FF434D36D408301AAC51C2E43E.tmp' to '../../../../../../Users/lennart.daldrup.S4G/Documents/Unreal Projects/Nightterror/Content/Meshes/rug_texture.uasset'
[2014.11.07-10.04.56:927][540]Cmd: OBJ SAVEPACKAGE PACKAGE="/Game/Assets/Textures/T_Old_Rug" FILE="../../../../../../Users/lennart.daldrup.S4G/Documents/Unreal Projects/Nightterror/Content/Assets/Textures/T_Old_Rug.uasset" SILENT=true
[2014.11.07-10.04.57:030][540]LogSavePackage: Save=99.079018ms
[2014.11.07-10.04.57:030][540]LogSavePackage: Moving '../../../../../../Users/lennart.daldrup.S4G/Documents/Unreal Projects/Nightterror/Saved/T_Old_Rug70F4AF034A567ED52C7F7AA0833C0324.tmp' to '../../../../../../Users/lennart.daldrup.S4G/Documents/Unreal Projects/Nightterror/Content/Assets/Textures/T_Old_Rug.uasset'
[2014.11.07-10.04.57:162][540]Cmd: OBJ SAVEPACKAGE PACKAGE="/Game/Meshes/rug_texture" FILE="../../../../../../Users/lennart.daldrup.S4G/Documents/Unreal Projects/Nightterror/Content/Meshes/rug_texture.uasset" SILENT=true
[2014.11.07-10.04.57:177][540]LogSavePackage: Save=8.690572ms
[2014.11.07-10.04.57:177][540]LogSavePackage: Moving '../../../../../../Users/lennart.daldrup.S4G/Documents/Unreal Projects/Nightterror/Saved/rug_textureAB87012545461A41DBBA81AD2E861228.tmp' to '../../../../../../Users/lennart.daldrup.S4G/Documents/Unreal Projects/Nightterror/Content/Meshes/rug_texture.uasset'
[2014.11.07-10.05.10:625][158]Cmd: OBJ SAVEPACKAGE PACKAGE="/Game/Meshes/T_Wood512" FILE="../../../../../../Users/lennart.daldrup.S4G/Documents/Unreal Projects/Nightterror/Content/Meshes/T_Wood512.uasset" SILENT=true
[2014.11.07-10.05.11:076][158]LogSavePackage: Save=446.919922ms
[2014.11.07-10.05.11:076][158]LogSavePackage: Moving '../../../../../../Users/lennart.daldrup.S4G/Documents/Unreal Projects/Nightterror/Saved/T_Wood51263CADFB843D267501DFB19B82128D3DD.tmp' to '../../../../../../Users/lennart.daldrup.S4G/Documents/Unreal Projects/Nightterror/Content/Meshes/T_Wood512.uasset'
[2014.11.07-10.05.11:086][158]Cmd: OBJ SAVEPACKAGE PACKAGE="/Game/Meshes/Wood_512x512" FILE="../../../../../../Users/lennart.daldrup.S4G/Documents/Unreal Projects/Nightterror/Content/Meshes/Wood_512x512.uasset" SILENT=true
[2014.11.07-10.05.11:134][158]LogSavePackage: Save=9.939826ms
[2014.11.07-10.05.11:134][158]LogSavePackage: Moving '../../../../../../Users/lennart.daldrup.S4G/Documents/Unreal Projects/Nightterror/Saved/Wood_512x5122620B2CF47BE7F91BDDCAD9FD0166A89.tmp' to '../../../../../../Users/lennart.daldrup.S4G/Documents/Unreal Projects/Nightterror/Content/Meshes/Wood_512x512.uasset'
[2014.11.07-10.05.22:899][676]Cmd: OBJ SAVEPACKAGE PACKAGE="/Game/Assets/Textures/T_Wood512" FILE="../../../../../../Users/lennart.daldrup.S4G/Documents/Unreal Projects/Nightterror/Content/Assets/Textures/T_Wood512.uasset" SILENT=true
[2014.11.07-10.05.23:350][676]LogSavePackage: Save=448.043610ms
[2014.11.07-10.05.23:351][676]LogSavePackage: Moving '../../../../../../Users/lennart.daldrup.S4G/Documents/Unreal Projects/Nightterror/Saved/T_Wood51204024071450DF1416BC19ABB2750F963.tmp' to '../../../../../../Users/lennart.daldrup.S4G/Documents/Unreal Projects/Nightterror/Content/Assets/Textures/T_Wood512.uasset'
[2014.11.07-10.05.23:484][676]Cmd: OBJ SAVEPACKAGE PACKAGE="/Game/Meshes/Wood_512x512" FILE="../../../../../../Users/lennart.daldrup.S4G/Documents/Unreal Projects/Nightterror/Content/Meshes/Wood_512x512.uasset" SILENT=true
[2014.11.07-10.05.23:499][676]LogSavePackage: Save=8.485776ms
[2014.11.07-10.05.23:499][676]LogSavePackage: Moving '../../../../../../Users/lennart.daldrup.S4G/Documents/Unreal Projects/Nightterror/Saved/Wood_512x51276D71E4A4C1494931DC66BA8B3FF1DAF.tmp' to '../../../../../../Users/lennart.daldrup.S4G/Documents/Unreal Projects/Nightterror/Content/Meshes/Wood_512x512.uasset'
[2014.11.07-10.05.34:903][134]LogContentBrowser:Verbose: The content browser source was changed by the sources view to '/Game/Meshes/TestPlaceholder'
[2014.11.07-10.05.39:918][438]LogContentBrowser:Verbose: The content browser source was changed by the sources view to '/Game/Meshes'
[2014.11.07-10.05.54:784][321]Cmd: OBJ SAVEPACKAGE PACKAGE="/Game/Meshes/T_" FILE="../../../../../../Users/lennart.daldrup.S4G/Documents/Unreal Projects/Nightterror/Content/Meshes/T_.uasset" SILENT=true
[2014.11.07-10.05.54:867][321]LogSavePackage: Save=79.523125ms
[2014.11.07-10.05.54:868][321]LogSavePackage: Moving '../../../../../../Users/lennart.daldrup.S4G/Documents/Unreal Projects/Nightterror/Saved/T_51E9E98E40E19A9D7D48BBBBE792A74E.tmp' to '../../../../../../Users/lennart.daldrup.S4G/Documents/Unreal Projects/Nightterror/Content/Meshes/T_.uasset'
[2014.11.07-10.05.55:029][321]Cmd: OBJ SAVEPACKAGE PACKAGE="/Game/Meshes/lampenschirm" FILE="../../../../../../Users/lennart.daldrup.S4G/Documents/Unreal Projects/Nightterror/Content/Meshes/lampenschirm.uasset" SILENT=true
[2014.11.07-10.05.55:267][321]LogSavePackage: Save=127.511612ms
[2014.11.07-10.05.55:267][321]LogSavePackage: Moving '../../../../../../Users/lennart.daldrup.S4G/Documents/Unreal Projects/Nightterror/Saved/lampenschirm5C7F19534F59E7524AC024A7CB4F8864.tmp' to '../../../../../../Users/lennart.daldrup.S4G/Documents/Unreal Projects/Nightterror/Content/Meshes/lampenschirm.uasset'
[2014.11.07-10.06.11:528][220]Cmd: OBJ SAVEPACKAGE PACKAGE="/Game/Meshes/T_Lamp_Textil" FILE="../../../../../../Users/lennart.daldrup.S4G/Documents/Unreal Projects/Nightterror/Content/Meshes/T_Lamp_Textil.uasset" SILENT=true
[2014.11.07-10.06.11:607][220]LogSavePackage: Save=75.608215ms
[2014.11.07-10.06.11:607][220]LogSavePackage: Moving '../../../../../../Users/lennart.daldrup.S4G/Documents/Unreal Projects/Nightterror/Saved/T_Lamp_Textil2C99981B44CEED0BB25A42AB8BEE680B.tmp' to '../../../../../../Users/lennart.daldrup.S4G/Documents/Unreal Projects/Nightterror/Content/Meshes/T_Lamp_Textil.uasset'
[2014.11.07-10.06.11:745][220]Cmd: OBJ SAVEPACKAGE PACKAGE="/Game/Meshes/lampenschirm" FILE="../../../../../../Users/lennart.daldrup.S4G/Documents/Unreal Projects/Nightterror/Content/Meshes/lampenschirm.uasset" SILENT=true
[2014.11.07-10.06.11:764][220]LogSavePackage: Save=13.256916ms
[2014.11.07-10.06.11:764][220]LogSavePackage: Moving '../../../../../../Users/lennart.daldrup.S4G/Documents/Unreal Projects/Nightterror/Saved/lampenschirm60600C9E42C54B0F6744AD8B8AE45F8B.tmp' to '../../../../../../Users/lennart.daldrup.S4G/Documents/Unreal Projects/Nightterror/Content/Meshes/lampenschirm.uasset'
[2014.11.07-10.06.21:266][653]LogSavePackage: Save=73.485863ms
[2014.11.07-10.06.21:266][653]LogSavePackage: Moving '../../../../../../Users/lennart.daldrup.S4G/Documents/Unreal Projects/Nightterror/Saved/T_Lamp_TextilA349539247B837B3C69107A4AE037F38.tmp' to '../../../../../../Users/lennart.daldrup.S4G/Documents/Unreal Projects/Nightterror/Content/Assets/Textures/T_Lamp_Textil.uasset'
[2014.11.07-10.06.21:404][653]Cmd: OBJ SAVEPACKAGE PACKAGE="/Game/Meshes/lampenschirm" FILE="../../../../../../Users/lennart.daldrup.S4G/Documents/Unreal Projects/Nightterror/Content/Meshes/lampenschirm.uasset" SILENT=true
[2014.11.07-10.06.21:425][653]LogSavePackage: Save=14.556466ms
[2014.11.07-10.06.21:425][653]LogSavePackage: Moving '../../../../../../Users/lennart.daldrup.S4G/Documents/Unreal Projects/Nightterror/Saved/lampenschirm406747034D87A2EF92FAC1B8E3CCD1AF.tmp' to '../../../../../../Users/lennart.daldrup.S4G/Documents/Unreal Projects/Nightterror/Content/Meshes/lampenschirm.uasset'
[2014.11.07-10.06.32:177][258]Cmd: OBJ SAVEPACKAGE PACKAGE="/Game/Meshes/M_Lampenschirm" FILE="../../../../../../Users/lennart.daldrup.S4G/Documents/Unreal Projects/Nightterror/Content/Meshes/M_Lampenschirm.uasset" SILENT=true
[2014.11.07-10.06.32:272][258]LogSavePackage: Save=90.457115ms
[2014.11.07-10.06.32:272][258]LogSavePackage: Moving '../../../../../../Users/lennart.daldrup.S4G/Documents/Unreal Projects/Nightterror/Saved/M_Lampenschirm74445620463E80A7615F529D486C379A.tmp' to '../../../../../../Users/lennart.daldrup.S4G/Documents/Unreal Projects/Nightterror/Content/Meshes/M_Lampenschirm.uasset'
[2014.11.07-10.06.32:281][258]Cmd: OBJ SAVEPACKAGE PACKAGE="/Game/Meshes/lampenschirm" FILE="../../../../../../Users/lennart.daldrup.S4G/Documents/Unreal Projects/Nightterror/Content/Meshes/lampenschirm.uasset" SILENT=true
[2014.11.07-10.06.32:296][258]LogSavePackage: Save=9.280866ms
[2014.11.07-10.06.32:296][258]LogSavePackage: Moving '../../../../../../Users/lennart.daldrup.S4G/Documents/Unreal Projects/Nightterror/Saved/lampenschirm0D33633341F1AC2CA1129CB29B2FE120.tmp' to '../../../../../../Users/lennart.daldrup.S4G/Documents/Unreal Projects/Nightterror/Content/Meshes/lampenschirm.uasset'
[2014.11.07-10.06.39:674][562]LogSavePackage: Save=90.479706ms
[2014.11.07-10.06.39:674][562]LogSavePackage: Moving '../../../../../../Users/lennart.daldrup.S4G/Documents/Unreal Projects/Nightterror/Saved/M_LampenschirmA03A680E4109D27FC3F5C888D551AB7C.tmp' to '../../../../../../Users/lennart.daldrup.S4G/Documents/Unreal Projects/Nightterror/Content/Assets/Materials/M_Lampenschirm.uasset'
[2014.11.07-10.06.39:807][562]Cmd: OBJ SAVEPACKAGE PACKAGE="/Game/Meshes/lampenschirm" FILE="../../../../../../Users/lennart.daldrup.S4G/Documents/Unreal Projects/Nightterror/Content/Meshes/lampenschirm.uasset" SILENT=true
[2014.11.07-10.06.39:823][562]LogSavePackage: Save=9.165517ms
[2014.11.07-10.06.39:823][562]LogSavePackage: Moving '../../../../../../Users/lennart.daldrup.S4G/Documents/Unreal Projects/Nightterror/Saved/lampenschirm0A09A001497D7E44A216C9A18A82AE33.tmp' to '../../../../../../Users/lennart.daldrup.S4G/Documents/Unreal Projects/Nightterror/Content/Meshes/lampenschirm.uasset'
[2014.11.07-10.06.40:728][617]LogContentBrowser:Verbose: The content browser source was changed by the sources view to '/Game/Assets/Meshes'
[2014.11.07-10.06.41:105][643]LogContentBrowser:Verbose: The content browser source was changed by the sources view to '/Game/Assets/Textures'
[2014.11.07-10.06.54:153][188]LogSavePackage: Save=75.923241ms
[2014.11.07-10.06.54:153][188]LogSavePackage: Moving '../../../../../../Users/lennart.daldrup.S4G/Documents/Unreal Projects/Nightterror/Saved/T_LampenschirmA27CDDC04B1DE96871EFE6AADF7C713B.tmp' to '../../../../../../Users/lennart.daldrup.S4G/Documents/Unreal Projects/Nightterror/Content/Assets/Textures/T_Lampenschirm.uasset'
[2014.11.07-10.06.54:316][188]LogSavePackage: Save=15.076588ms
[2014.11.07-10.06.54:316][188]LogSavePackage: Moving '../../../../../../Users/lennart.daldrup.S4G/Documents/Unreal Projects/Nightterror/Saved/M_Lampenschirm9CE3B4274E1365A8837E01B0663AE6CA.tmp' to '../../../../../../Users/lennart.daldrup.S4G/Documents/Unreal Projects/Nightterror/Content/Assets/Materials/M_Lampenschirm.uasset'
[2014.11.07-10.06.56:739][346]LogContentBrowser:Verbose: The content browser source was changed by the sources view to '/Game/Assets/Meshes'
[2014.11.07-10.07.00:588][586]LogContentBrowser:Verbose: The content browser source was changed by the sources view to '/Game/Meshes'
[2014.11.07-10.07.33:796][704]LogEditorViewport: Clicking on Actor (LMB): StaticMeshActor (Furniture_EndTable_Lowpoly)
[2014.11.07-10.07.34:341][738]LogEditorViewport: Clicking on Actor (LMB): Tischlampe_C (Tischlampe)
[2014.11.07-10.07.47:216][466]LogRenderer:Warning: Reallocating scene render targets to support 1616x896.
[2014.11.07-10.07.58:758][944]LogEditorTransaction: Undo Delete Child
[2014.11.07-10.08.12:659][482]BlueprintLog: New page: Compile Tischlampe
[2014.11.07-10.08.12:789][482]BlueprintEditorCompileResults: Info [0591.93] Compile of Tischlampe successful! [in 0 ms]
[2014.11.07-10.08.13:517][500]Cmd: OBJ SAVEPACKAGE PACKAGE="/Game/Blueprints/Tischlampe" FILE="../../../../../../Users/lennart.daldrup.S4G/Documents/Unreal Projects/Nightterror/Content/Blueprints/Tischlampe.uasset" SILENT=true
[2014.11.07-10.08.13:661][500]LogSavePackage: Save=72.972977ms
[2014.11.07-10.08.13:661][500]LogSavePackage: Moving '../../../../../../Users/lennart.daldrup.S4G/Documents/Unreal Projects/Nightterror/Saved/Tischlampe4640A09247A6190B1FAD449C611691B6.tmp' to '../../../../../../Users/lennart.daldrup.S4G/Documents/Unreal Projects/Nightterror/Content/Blueprints/Tischlampe.uasset'
[2014.11.07-10.08.36:834][819]LogObjectTools:Warning: ForceReplaceReferences replaced references for a transient object 'TransBuffer_0' or package '/Engine/Transient'.
[2014.11.07-10.08.36:842][819]LogMaterial: Missing cached shader map for material M_Wood512_Glossy, compiling.
[2014.11.07-10.08.38:653][819]LogSavePackage: Save=239.078659ms
[2014.11.07-10.08.38:653][819]LogSavePackage: Moving '../../../../../../Users/lennart.daldrup.S4G/Documents/Unreal Projects/Nightterror/Saved/TheRoom52B195264130844B05D05B9F58AC6E7F.tmp' to '../../../../../../Users/lennart.daldrup.S4G/Documents/Unreal Projects/Nightterror/Content/Maps/TheRoom.umap'
[2014.11.07-10.08.38:724][819]LogFileHelpers: Saving map 'TheRoom' took 0.419
[2014.11.07-10.08.38:728][819]Cmd: OBJ SAVEPACKAGE PACKAGE="/Game/Meshes/Wood_512x512_Mat" FILE="../../../../../../Users/lennart.daldrup.S4G/Documents/Unreal Projects/Nightterror/Content/Meshes/Wood_512x512_Mat.uasset" SILENT=true
[2014.11.07-10.08.38:961][819]LogSavePackage: Save=102.932198ms
[2014.11.07-10.08.38:961][819]LogSavePackage: Moving '../../../../../../Users/lennart.daldrup.S4G/Documents/Unreal Projects/Nightterror/Saved/Wood_512x512_MatEA7C57714633B8EDE3EE40AAEA06D298.tmp' to '../../../../../../Users/lennart.daldrup.S4G/Documents/Unreal Projects/Nightterror/Content/Meshes/Wood_512x512_Mat.uasset'
[2014.11.07-10.08.47:516][246]LogContentBrowser:Verbose: The content browser source was changed by the sources view to '/Game/Assets/Materials'
[2014.11.07-10.08.51:916][401]LogContentBrowser:Verbose: The content browser source was changed by the sources view to '/Game/Meshes/TestPlaceholder'
[2014.11.07-10.08.52:412][422]LogContentBrowser:Verbose: The content browser source was changed by the sources view to '/Game/Meshes'
[2014.11.07-10.08.55:923][581]LogContentBrowser:Verbose: The content browser source was changed by the sources view to '/Game/Assets/Meshes'
[2014.11.07-10.08.57:665][706]LogContentBrowser:Verbose: The content browser source was changed by the sources view to '/Game/Assets/Textures'
[2014.11.07-10.08.58:259][745]LogContentBrowser:Verbose: The content browser source was changed by the sources view to '/Game/Assets/Meshes'
[2014.11.07-10.08.58:853][787]LogContentBrowser:Verbose: The content browser source was changed by the sources view to '/Game/Assets/Materials'
[2014.11.07-10.09.09:276][358]LogContentBrowser:Verbose: The content browser source was changed by the sources view to '/Game/Meshes'
[2014.11.07-10.09.13:254][504]LogParticles: Destroying 0 GPU particle simulations for FXSystem 0x00000000250B74C0
[2014.11.07-10.09.28:260][935]LogSavePackage: Save=161.334244ms
[2014.11.07-10.09.28:260][935]LogSavePackage: Moving '../../../../../../Users/lennart.daldrup.S4G/Documents/Unreal Projects/Nightterror/Saved/M_Wood512_Glossy4C804FF64017D68FEEF1A6A8A1AA8F1C.tmp' to '../../../../../../Users/lennart.daldrup.S4G/Documents/Unreal Projects/Nightterror/Content/Assets/Materials/M_Wood512_Glossy.uasset'
[2014.11.07-10.09.28:491][935]LogSavePackage: Save=193.519714ms
[2014.11.07-10.09.28:491][935]LogSavePackage: Moving '../../../../../../Users/lennart.daldrup.S4G/Documents/Unreal Projects/Nightterror/Saved/Environment_Door_Lowpoly4519435C4B56215BA952D1819A8BEE98.tmp' to '../../../../../../Users/lennart.daldrup.S4G/Documents/Unreal Projects/Nightterror/Content/Meshes/Environment_Door_Lowpoly.uasset'
[2014.11.07-10.09.28:708][935]LogSavePackage: Save=179.641785ms
[2014.11.07-10.09.28:708][935]LogSavePackage: Moving '../../../../../../Users/lennart.daldrup.S4G/Documents/Unreal Projects/Nightterror/Saved/Furniture_Closet_Lowpoly0A77E436479A849D1A83D1AD2299BFEC.tmp' to '../../../../../../Users/lennart.daldrup.S4G/Documents/Unreal Projects/Nightterror/Content/Meshes/Furniture_Closet_Lowpoly.uasset'
[2014.11.07-10.09.28:937][935]LogSavePackage: Save=191.433807ms
[2014.11.07-10.09.28:937][935]LogSavePackage: Moving '../../../../../../Users/lennart.daldrup.S4G/Documents/Unreal Projects/Nightterror/Saved/Furniture_Secretary_Lowpoly4472051B486845C5D04F6EBC1C808F5D.tmp' to '../../../../../../Users/lennart.daldrup.S4G/Documents/Unreal Projects/Nightterror/Content/Meshes/Furniture_Secretary_Lowpoly.uasset'
[2014.11.07-10.09.33:771][115]LogSavePackage: Save=192.648438ms
[2014.11.07-10.09.33:771][115]LogSavePackage: Moving '../../../../../../Users/lennart.daldrup.S4G/Documents/Unreal Projects/Nightterror/Saved/Environment_Door_Lowpoly0198F6674847605DE3A53C9B812F9A20.tmp' to '../../../../../../Users/lennart.daldrup.S4G/Documents/Unreal Projects/Nightterror/Content/Assets/Meshes/Environment_Door_Lowpoly.uasset'
[2014.11.07-10.09.33:796][115]LogSavePackage: Save=8.838145ms
[2014.11.07-10.09.33:796][115]LogSavePackage: Moving '../../../../../../Users/lennart.daldrup.S4G/Documents/Unreal Projects/Nightterror/Saved/Environment_Door_LowpolyAAE7C11D4AEC5EA51C830995AC7C993A.tmp' to '../../../../../../Users/lennart.daldrup.S4G/Documents/Unreal Projects/Nightterror/Content/Meshes/Environment_Door_Lowpoly.uasset'
[2014.11.07-10.09.36:514][237]LogEditorViewport: Clicking on Actor (LMB): StaticMeshActor (Furniture_Dresser_Lowpoly)
[2014.11.07-10.09.39:034][337]LogContentBrowser:Verbose: The content browser source was changed by the sources view to 'None'
[2014.11.07-10.09.39:035][337]LogContentBrowser:Verbose: The content browser source was changed by the sources view to '/Game/Meshes'
[2014.11.07-10.09.42:054][457]LogSavePackage: Save=191.012772ms
[2014.11.07-10.09.42:054][457]LogSavePackage: Moving '../../../../../../Users/lennart.daldrup.S4G/Documents/Unreal Projects/Nightterror/Saved/Furniture_Dresser_LowpolyBDF06A144A24C7EDD55EE19E3EA80942.tmp' to '../../../../../../Users/lennart.daldrup.S4G/Documents/Unreal Projects/Nightterror/Content/Assets/Meshes/Furniture_Dresser_Lowpoly.uasset'
[2014.11.07-10.09.42:084][457]LogSavePackage: Save=9.732018ms
[2014.11.07-10.09.42:084][457]LogSavePackage: Moving '../../../../../../Users/lennart.daldrup.S4G/Documents/Unreal Projects/Nightterror/Saved/Furniture_Dresser_Lowpoly3216B2BE475E855AEDCECBA1D8868609.tmp' to '../../../../../../Users/lennart.daldrup.S4G/Documents/Unreal Projects/Nightterror/Content/Meshes/Furniture_Dresser_Lowpoly.uasset'
[2014.11.07-10.09.42:926][511]LogEditorViewport: Clicking on Actor (LMB): StaticMeshActor (Furniture_Liege_lowpoly)
[2014.11.07-10.09.43:949][557]LogContentBrowser:Verbose: The content browser source was changed by the sources view to 'None'
[2014.11.07-10.09.43:949][557]LogContentBrowser:Verbose: The content browser source was changed by the sources view to '/Game/Meshes'
[2014.11.07-10.09.46:630][654]LogSavePackage: Save=189.703583ms
[2014.11.07-10.09.46:630][654]LogSavePackage: Moving '../../../../../../Users/lennart.daldrup.S4G/Documents/Unreal Projects/Nightterror/Saved/Furniture_Liege_lowpoly023271CD4517C909D9281FAAB3B29A08.tmp' to '../../../../../../Users/lennart.daldrup.S4G/Documents/Unreal Projects/Nightterror/Content/Assets/Meshes/Furniture_Liege_lowpoly.uasset'
[2014.11.07-10.09.46:675][654]LogSavePackage: Save=11.110174ms
[2014.11.07-10.09.46:675][654]LogSavePackage: Moving '../../../../../../Users/lennart.daldrup.S4G/Documents/Unreal Projects/Nightterror/Saved/Furniture_Liege_lowpoly2F84E695406AFF162FFE50AF8805F656.tmp' to '../../../../../../Users/lennart.daldrup.S4G/Documents/Unreal Projects/Nightterror/Content/Meshes/Furniture_Liege_lowpoly.uasset'
[2014.11.07-10.09.47:818][726]LogEditorViewport: Clicking on Actor (LMB): StaticMeshActor (rug)
[2014.11.07-10.09.49:163][797]LogContentBrowser:Verbose: The content browser source was changed by the sources view to 'None'
[2014.11.07-10.09.49:164][797]LogContentBrowser:Verbose: The content browser source was changed by the sources view to '/Game/Meshes'
[2014.11.07-10.09.52:397][922]Cmd: OBJ SAVEPACKAGE PACKAGE="/Game/Assets/Meshes/rug" FILE="../../../../../../Users/lennart.daldrup.S4G/Documents/Unreal Projects/Nightterror/Content/Assets/Meshes/rug.uasset" SILENT=true
[2014.11.07-10.09.52:566][922]LogSavePackage: Save=165.784637ms
[2014.11.07-10.09.52:566][922]LogSavePackage: Moving '../../../../../../Users/lennart.daldrup.S4G/Documents/Unreal Projects/Nightterror/Saved/rugD7A8A6D940FCE99963FF05A76BFBA996.tmp' to '../../../../../../Users/lennart.daldrup.S4G/Documents/Unreal Projects/Nightterror/Content/Assets/Meshes/rug.uasset'
[2014.11.07-10.09.52:577][922]Cmd: OBJ SAVEPACKAGE PACKAGE="/Game/Meshes/rug" FILE="../../../../../../Users/lennart.daldrup.S4G/Documents/Unreal Projects/Nightterror/Content/Meshes/rug.uasset" SILENT=true
[2014.11.07-10.09.52:623][922]LogSavePackage: Save=10.597281ms
[2014.11.07-10.09.52:623][922]LogSavePackage: Moving '../../../../../../Users/lennart.daldrup.S4G/Documents/Unreal Projects/Nightterror/Saved/rug038F0FC347D3F60719D74B8255C19353.tmp' to '../../../../../../Users/lennart.daldrup.S4G/Documents/Unreal Projects/Nightterror/Content/Meshes/rug.uasset'
[2014.11.07-10.09.53:803][998]LogEditorViewport: Clicking on Actor (LMB): StaticMeshActor (Furniture_Secretary_Lowpoly)
[2014.11.07-10.09.55:167][ 53]LogContentBrowser:Verbose: The content browser source was changed by the sources view to 'None'
[2014.11.07-10.09.55:167][ 53]LogContentBrowser:Verbose: The content browser source was changed by the sources view to '/Game/Meshes'
[2014.11.07-10.09.58:194][174]LogSavePackage: Save=194.786438ms
[2014.11.07-10.09.58:194][174]LogSavePackage: Moving '../../../../../../Users/lennart.daldrup.S4G/Documents/Unreal Projects/Nightterror/Saved/Furniture_Secretary_Lowpoly7DEC4DFA4E65BC45685FF9B43BBB92F7.tmp' to '../../../../../../Users/lennart.daldrup.S4G/Documents/Unreal Projects/Nightterror/Content/Assets/Meshes/Furniture_Secretary_Lowpoly.uasset'
[2014.11.07-10.09.58:268][174]LogSavePackage: Save=57.781036ms
[2014.11.07-10.09.58:270][174]LogSavePackage: Moving '../../../../../../Users/lennart.daldrup.S4G/Documents/Unreal Projects/Nightterror/Saved/Furniture_Secretary_Lowpoly79E122A348D3FEF6CE8AD6813495B044.tmp' to '../../../../../../Users/lennart.daldrup.S4G/Documents/Unreal Projects/Nightterror/Content/Meshes/Furniture_Secretary_Lowpoly.uasset'
[2014.11.07-10.09.59:626][257]LogEditorViewport: Clicking on Actor (LMB): StaticMeshActor (Furniture_Closet_Lowpoly)
[2014.11.07-10.10.00:671][306]LogContentBrowser:Verbose: The content browser source was changed by the sources view to 'None'
[2014.11.07-10.10.00:672][306]LogContentBrowser:Verbose: The content browser source was changed by the sources view to '/Game/Meshes'
[2014.11.07-10.10.03:158][400]LogSavePackage: Save=182.670959ms
[2014.11.07-10.10.03:158][400]LogSavePackage: Moving '../../../../../../Users/lennart.daldrup.S4G/Documents/Unreal Projects/Nightterror/Saved/Furniture_Closet_LowpolyB1FC587848D7E70792C66DAA82D9AEF4.tmp' to '../../../../../../Users/lennart.daldrup.S4G/Documents/Unreal Projects/Nightterror/Content/Assets/Meshes/Furniture_Closet_Lowpoly.uasset'
[2014.11.07-10.10.03:185][400]LogSavePackage: Save=9.119137ms
[2014.11.07-10.10.03:185][400]LogSavePackage: Moving '../../../../../../Users/lennart.daldrup.S4G/Documents/Unreal Projects/Nightterror/Saved/Furniture_Closet_LowpolyA94334424FEA7746A6161FB698E6F5D3.tmp' to '../../../../../../Users/lennart.daldrup.S4G/Documents/Unreal Projects/Nightterror/Content/Meshes/Furniture_Closet_Lowpoly.uasset'
[2014.11.07-10.10.05:236][535]LogEditorViewport: Clicking on Actor (LMB): StaticMeshActor (Furniture_EndTable_Lowpoly)
[2014.11.07-10.10.06:431][582]LogContentBrowser:Verbose: The content browser source was changed by the sources view to 'None'
[2014.11.07-10.10.06:431][582]LogContentBrowser:Verbose: The content browser source was changed by the sources view to '/Game/Meshes'
[2014.11.07-10.10.08:885][668]LogSavePackage: Save=180.778107ms
[2014.11.07-10.10.08:885][668]LogSavePackage: Moving '../../../../../../Users/lennart.daldrup.S4G/Documents/Unreal Projects/Nightterror/Saved/Furniture_EndTable_Lowpoly653979794703074609DDA1B3C684FF1C.tmp' to '../../../../../../Users/lennart.daldrup.S4G/Documents/Unreal Projects/Nightterror/Content/Assets/Meshes/Furniture_EndTable_Lowpoly.uasset'
[2014.11.07-10.10.08:927][668]LogSavePackage: Save=11.451099ms
[2014.11.07-10.10.08:927][668]LogSavePackage: Moving '../../../../../../Users/lennart.daldrup.S4G/Documents/Unreal Projects/Nightterror/Saved/Furniture_EndTable_LowpolyCD31C0A640E60A7D338741A41CB64D3B.tmp' to '../../../../../../Users/lennart.daldrup.S4G/Documents/Unreal Projects/Nightterror/Content/Meshes/Furniture_EndTable_Lowpoly.uasset'
[2014.11.07-10.10.10:078][740]LogEditorViewport: Clicking on Actor (LMB): Tischlampe_C (Tischlampe)
[2014.11.07-10.10.21:398][189]LogContentBrowser:Verbose: The content browser source was changed by the sources view to 'None'
[2014.11.07-10.10.21:399][189]LogContentBrowser:Verbose: The content browser source was changed by the sources view to '/Game/Meshes'
[2014.11.07-10.10.27:825][415]LogSavePackage: Save=124.220421ms
[2014.11.07-10.10.27:825][415]LogSavePackage: Moving '../../../../../../Users/lennart.daldrup.S4G/Documents/Unreal Projects/Nightterror/Saved/Accessoires_Lamp_Lowpoly794765B0487848FD665C048B83BB536C.tmp' to '../../../../../../Users/lennart.daldrup.S4G/Documents/Unreal Projects/Nightterror/Content/Assets/Meshes/Accessoires_Lamp_Lowpoly.uasset'
[2014.11.07-10.10.27:872][415]LogSavePackage: Save=9.723887ms
[2014.11.07-10.10.27:872][415]LogSavePackage: Moving '../../../../../../Users/lennart.daldrup.S4G/Documents/Unreal Projects/Nightterror/Saved/Accessoires_Lamp_Lowpoly48780D004221D21BBA141490D5EC58BF.tmp' to '../../../../../../Users/lennart.daldrup.S4G/Documents/Unreal Projects/Nightterror/Content/Meshes/Accessoires_Lamp_Lowpoly.uasset'
[2014.11.07-10.10.32:787][590]Cmd: OBJ SAVEPACKAGE PACKAGE="/Game/Assets/Meshes/lightbox" FILE="../../../../../../Users/lennart.daldrup.S4G/Documents/Unreal Projects/Nightterror/Content/Assets/Meshes/lightbox.uasset" SILENT=true
[2014.11.07-10.10.32:926][590]LogSavePackage: Save=134.266556ms
[2014.11.07-10.10.32:926][590]LogSavePackage: Moving '../../../../../../Users/lennart.daldrup.S4G/Documents/Unreal Projects/Nightterror/Saved/lightboxEDBCFEAC45F8071FBC4158A8C46A7149.tmp' to '../../../../../../Users/lennart.daldrup.S4G/Documents/Unreal Projects/Nightterror/Content/Assets/Meshes/lightbox.uasset'
[2014.11.07-10.10.32:937][590]Cmd: OBJ SAVEPACKAGE PACKAGE="/Game/Meshes/lightbox" FILE="../../../../../../Users/lennart.daldrup.S4G/Documents/Unreal Projects/Nightterror/Content/Meshes/lightbox.uasset" SILENT=true
[2014.11.07-10.10.32:958][590]LogSavePackage: Save=9.555232ms
[2014.11.07-10.10.32:958][590]LogSavePackage: Moving '../../../../../../Users/lennart.daldrup.S4G/Documents/Unreal Projects/Nightterror/Saved/lightboxF4244DED47BEF13715086798D251CF7C.tmp' to '../../../../../../Users/lennart.daldrup.S4G/Documents/Unreal Projects/Nightterror/Content/Meshes/lightbox.uasset'
[2014.11.07-10.10.36:670][751]LogContentBrowser:Verbose: The content browser source was changed by the sources view to '/Game/Meshes/TestPlaceholder'
[2014.11.07-10.10.43:850][ 80]Cmd: OBJ SAVEPACKAGE PACKAGE="/Game/Assets/Meshes/Key" FILE="../../../../../../Users/lennart.daldrup.S4G/Documents/Unreal Projects/Nightterror/Content/Assets/Meshes/Key.uasset" SILENT=true
[2014.11.07-10.10.43:930][ 80]LogSavePackage: Save=75.839813ms
[2014.11.07-10.10.43:930][ 80]LogSavePackage: Moving '../../../../../../Users/lennart.daldrup.S4G/Documents/Unreal Projects/Nightterror/Saved/Key061C624342B1EAA3F3C317AA638735B2.tmp' to '../../../../../../Users/lennart.daldrup.S4G/Documents/Unreal Projects/Nightterror/Content/Assets/Meshes/Key.uasset'
[2014.11.07-10.10.43:963][ 80]LogSavePackage: Save=11.030063ms
[2014.11.07-10.10.43:963][ 80]LogSavePackage: Moving '../../../../../../Users/lennart.daldrup.S4G/Documents/Unreal Projects/Nightterror/Saved/Key19B39B294F6C22195BDF709DE296AF7E.tmp' to '../../../../../../Users/lennart.daldrup.S4G/Documents/Unreal Projects/Nightterror/Content/Meshes/TestPlaceholder/Key.uasset'
[2014.11.07-10.10.46:523][191]Cmd: OBJ SAVEPACKAGE PACKAGE="/Game/Assets/Meshes/lamp" FILE="../../../../../../Users/lennart.daldrup.S4G/Documents/Unreal Projects/Nightterror/Content/Assets/Meshes/lamp.uasset" SILENT=true
[2014.11.07-10.10.46:661][191]LogSavePackage: Save=133.611511ms
[2014.11.07-10.10.46:661][191]LogSavePackage: Moving '../../../../../../Users/lennart.daldrup.S4G/Documents/Unreal Projects/Nightterror/Saved/lamp3FDF2A8641D98314833CD9A09027E2FB.tmp' to '../../../../../../Users/lennart.daldrup.S4G/Documents/Unreal Projects/Nightterror/Content/Assets/Meshes/lamp.uasset'
[2014.11.07-10.10.46:706][191]LogSavePackage: Save=9.816648ms
[2014.11.07-10.10.46:706][191]LogSavePackage: Moving '../../../../../../Users/lennart.daldrup.S4G/Documents/Unreal Projects/Nightterror/Saved/lamp1A9B158A4D861873069749B93359CBA0.tmp' to '../../../../../../Users/lennart.daldrup.S4G/Documents/Unreal Projects/Nightterror/Content/Meshes/TestPlaceholder/lamp.uasset'
[2014.11.07-10.10.48:785][338]LogContentBrowser:Verbose: The content browser source was changed by the sources view to '/Game/Meshes'
[2014.11.07-10.10.53:198][610]LogLinker:Warning: Can't find file '/Game/Meshes/01_-_Default'
[2014.11.07-10.10.53:198][610]LogLinker:Warning: Can't find file for asset '/Game/Meshes/01_-_Default' while loading ../../../../../../Users/lennart.daldrup.S4G/Documents/Unreal Projects/Nightterror/Content/Meshes/Nachttisch.uasset.
[2014.11.07-10.10.53:198][610]LoadErrors:Error: Error /Game/Meshes/Nachttisch : Can't find file for asset. /Game/Meshes/01_-_Default
[2014.11.07-10.10.53:198][610]LogLinker:Warning: Can't find file '/Game/Meshes/01_-_Default'
[2014.11.07-10.10.53:198][610]LogLinker:Warning: Can't find file for asset '/Game/Meshes/01_-_Default' while loading ../../../../../../Users/lennart.daldrup.S4G/Documents/Unreal Projects/Nightterror/Content/Meshes/Nachttisch.uasset.
[2014.11.07-10.10.53:199][610]LogLinker:Warning: Can't find file '/Game/Meshes/01_-_Default'
[2014.11.07-10.10.53:199][610]LoadErrors: Info Failed to load /Game/Meshes/01_-_Default.01_-_Default Referenced by Nachttisch Property /Script/Engine.StaticMesh:Materials
[2014.11.07-10.10.53:199][610]LogLinker:Warning: Can't find file for asset '/Game/Meshes/01_-_Default' while loading NULL.
[2014.11.07-10.10.53:386][610]LogParticles: Destroying 0 GPU particle simulations for FXSystem 0x00000000058C34C0
[2014.11.07-10.10.55:843][661]LogLinker:Warning: Can't find file '/Game/Meshes/01_-_Default'
[2014.11.07-10.10.55:843][661]LogLinker:Warning: Can't find file for asset '/Game/Meshes/01_-_Default' while loading ../../../../../../Users/lennart.daldrup.S4G/Documents/Unreal Projects/Nightterror/Content/Meshes/Furniture_Dresser_nodrawer.uasset.
[2014.11.07-10.10.55:843][661]LoadErrors:Error: Error /Game/Meshes/Furniture_Dresser_nodrawer : Can't find file for asset. /Game/Meshes/01_-_Default
[2014.11.07-10.10.55:843][661]LogLinker:Warning: Can't find file '/Game/Meshes/01_-_Default'
[2014.11.07-10.10.55:843][661]LogLinker:Warning: Can't find file for asset '/Game/Meshes/01_-_Default' while loading ../../../../../../Users/lennart.daldrup.S4G/Documents/Unreal Projects/Nightterror/Content/Meshes/Furniture_Dresser_nodrawer.uasset.
[2014.11.07-10.10.55:844][661]LogLinker:Warning: Can't find file '/Game/Meshes/01_-_Default'
[2014.11.07-10.10.55:844][661]LoadErrors: Info Failed to load /Game/Meshes/01_-_Default.01_-_Default Referenced by Furniture_Dresser_nodrawer Property /Script/Engine.StaticMesh:Materials
[2014.11.07-10.10.55:844][661]LogLinker:Warning: Can't find file for asset '/Game/Meshes/01_-_Default' while loading NULL.
[2014.11.07-10.11.50:808][  2]Cmd: fixupredirects
[2014.11.07-10.11.57:764][316]LogContentBrowser:Verbose: The content browser source was changed by the sources view to '/Game/Meshes/TestPlaceholder'
[2014.11.07-10.11.59:500][440]Cmd: fixupredirects
[2014.11.07-10.12.00:932][544]Cmd: DELETE
[2014.11.07-10.12.00:932][544]Cmd: ACTOR DELETE
[2014.11.07-10.12.00:932][544]LogEditorActor: Deleted Actor: Tischlampe_C
[2014.11.07-10.12.00:957][544]LogEditorActor: Deleted 1 Actors (0.025 secs)
[2014.11.07-10.12.02:310][672]Cmd: TRANSACTION UNDO
[2014.11.07-10.12.02:310][672]LogEditorTransaction: Undo Delete Actors
[2014.11.07-10.12.02:312][672]LogActorComponent: RegisterComponentWithWorld: (/Game/Maps/TheRoom.TheRoom:PersistentLevel.Tischlampe_C_1.hgh) Trying to register component with IsPendingKill() == true. Aborting.
[2014.11.07-10.12.02:312][672]PIE:Warning: Warning AttachTo: '/Game/Maps/TheRoom.TheRoom:PersistentLevel.Tischlampe_C_1.hgh' cannot be attached to itself. Aborting.
[2014.11.07-10.12.11:167][  9]LogSavePackage: Save=142.335220ms
[2014.11.07-10.12.11:168][  9]LogSavePackage: Moving '../../../../../../Users/lennart.daldrup.S4G/Documents/Unreal Projects/Nightterror/Saved/TheRoom5CE1CBB843E51E2FD765D1815FDD6C9B.tmp' to '../../../../../../Users/lennart.daldrup.S4G/Documents/Unreal Projects/Nightterror/Content/Maps/TheRoom.umap'
[2014.11.07-10.12.13:122][137]Cmd: fixupredirects
[2014.11.07-10.12.14:540][236]LogContentBrowser:Verbose: The content browser source was changed by the sources view to '/Game/Meshes'
[2014.11.07-10.12.27:125][654]Cmd: QUIT_EDITOR
[2014.11.07-10.12.27:297][654]LogWindowsTextInputMethodSystem:Error: Terminating failed while unadvising the language notification sink from the TSF source.
[2014.11.07-10.12.27:297][654]LogExit: Preparing to exit.
[2014.11.07-10.12.27:680][654]LogExit: Editor shut down
[2014.11.07-10.12.27:680][654]LogExit: Transaction tracking system shut down
[2014.11.07-10.12.27:681][654]LogParticles: Destroying 0 GPU particle simulations for FXSystem 0x000000000CA474C0
[2014.11.07-10.12.27:682][654]LogParticles: Destroying 0 GPU particle simulations for FXSystem 0x000000000D4A3380
[2014.11.07-10.12.27:682][654]LogParticles: Destroying 0 GPU particle simulations for FXSystem 0x000000000D4A36A0
[2014.11.07-10.12.27:682][654]LogParticles: Destroying 0 GPU particle simulations for FXSystem 0x00000000168A4680
[2014.11.07-10.12.27:717][654]LogExit: Object subsystem successfully closed.
[2014.11.07-10.12.27:746][654]LogModuleManager: Shutting down and abandoning module MaterialEditor (162)
[2014.11.07-10.12.27:746][654]LogModuleManager: Shutting down and abandoning module AndroidDeviceDetection (161)
[2014.11.07-10.12.27:746][654]LogModuleManager: Shutting down and abandoning module HTTP (160)
[2014.11.07-10.12.27:746][654]LogModuleManager: Shutting down and abandoning module CrashTracker (159)
[2014.11.07-10.12.27:746][654]LogModuleManager: Shutting down and abandoning module SuperSearch (158)
[2014.11.07-10.12.27:746][654]LogModuleManager: Shutting down and abandoning module SceneOutliner (157)
[2014.11.07-10.12.27:746][654]LogModuleManager: Shutting down and abandoning module EditorWidgets (156)
[2014.11.07-10.12.27:746][654]LogModuleManager: Shutting down and abandoning module CollectionManager (155)
[2014.11.07-10.12.27:746][654]LogModuleManager: Shutting down and abandoning module StatsViewer (154)
[2014.11.07-10.12.27:746][654]LogModuleManager: Shutting down and abandoning module FoliageEdit (153)
[2014.11.07-10.12.27:746][654]LogModuleManager: Shutting down and abandoning module LandscapeEditor (152)
[2014.11.07-10.12.27:746][654]LogModuleManager: Shutting down and abandoning module MeshPaint (151)
[2014.11.07-10.12.27:746][654]LogModuleManager: Shutting down and abandoning module ActorPickerMode (150)
[2014.11.07-10.12.27:746][654]LogModuleManager: Shutting down and abandoning module GeometryMode (149)
[2014.11.07-10.12.27:746][654]LogModuleManager: Shutting down and abandoning module TextureAlignMode (148)
[2014.11.07-10.12.27:747][654]LogModuleManager: Shutting down and abandoning module BspMode (147)
[2014.11.07-10.12.27:747][654]LogModuleManager: Shutting down and abandoning module PlacementMode (146)
[2014.11.07-10.12.27:747][654]LogModuleManager: Shutting down and abandoning module DesktopPlatform (145)
[2014.11.07-10.12.27:747][654]LogModuleManager: Shutting down and abandoning module AutomationWorker (144)
[2014.11.07-10.12.27:747][654]LogModuleManager: Shutting down and abandoning module EditorLiveStreaming (143)
[2014.11.07-10.12.27:747][654]LogModuleManager: Shutting down and abandoning module BehaviorTreeEditor (142)
[2014.11.07-10.12.27:747][654]LogModuleManager: Shutting down and abandoning module DeviceProfileEditor (141)
[2014.11.07-10.12.27:747][654]LogModuleManager: Shutting down and abandoning module UndoHistory (140)
[2014.11.07-10.12.27:747][654]LogModuleManager: Shutting down and abandoning module GameplayTagsEditor (139)
[2014.11.07-10.12.27:747][654]LogModuleManager: Shutting down and abandoning module UserFeedback (138)
[2014.11.07-10.12.27:747][654]LogModuleManager: Shutting down and abandoning module XmlParser (137)
[2014.11.07-10.12.27:747][654]LogModuleManager: Shutting down and abandoning module Blutility (136)
[2014.11.07-10.12.27:747][654]LogModuleManager: Shutting down and abandoning module IOSPlatformEditor (135)
[2014.11.07-10.12.27:747][654]LogModuleManager: Shutting down and abandoning module IOSRuntimeSettings (134)
[2014.11.07-10.12.27:747][654]LogModuleManager: Shutting down and abandoning module AndroidPlatformEditor (133)
[2014.11.07-10.12.27:747][654]LogModuleManager: Shutting down and abandoning module AndroidRuntimeSettings (132)
[2014.11.07-10.12.27:747][654]LogModuleManager: Shutting down and abandoning module ProjectTargetPlatformEditor (131)
[2014.11.07-10.12.27:747][654]LogModuleManager: Shutting down and abandoning module ProjectSettingsViewer (130)
[2014.11.07-10.12.27:747][654]LogModuleManager: Shutting down and abandoning module InputBindingEditor (129)
[2014.11.07-10.12.27:747][654]LogModuleManager: Shutting down and abandoning module EditorSettingsViewer (128)
[2014.11.07-10.12.27:747][654]LogModuleManager: Shutting down and abandoning module SettingsEditor (127)
[2014.11.07-10.12.27:747][654]LogModuleManager: Shutting down and abandoning module SessionLauncher (126)
[2014.11.07-10.12.27:747][654]LogModuleManager: Shutting down and abandoning module SessionFrontend (125)
[2014.11.07-10.12.27:747][654]LogModuleManager: Shutting down and abandoning module ProfilerClient (124)
[2014.11.07-10.12.27:747][654]LogModuleManager: Shutting down and abandoning module TargetDeviceServices (123)
[2014.11.07-10.12.27:747][654]LogModuleManager: Shutting down and abandoning module DeviceManager (122)
[2014.11.07-10.12.27:747][654]LogModuleManager: Shutting down and abandoning module AutomationController (121)
[2014.11.07-10.12.27:747][654]LogModuleManager: Shutting down and abandoning module AutomationWindow (120)
[2014.11.07-10.12.27:747][654]LogModuleManager: Shutting down and abandoning module Layers (119)
[2014.11.07-10.12.27:747][654]LogModuleManager: Shutting down and abandoning module ComponentVisualizers (118)
[2014.11.07-10.12.27:747][654]LogModuleManager: Shutting down and abandoning module DetailCustomizations (117)
[2014.11.07-10.12.27:747][654]LogModuleManager: Shutting down and abandoning module PackagesDialog (116)
[2014.11.07-10.12.27:747][654]LogModuleManager: Shutting down and abandoning module DirectoryWatcher (115)
[2014.11.07-10.12.27:748][654]LogModuleManager: Shutting down and abandoning module AssetRegistry (114)
[2014.11.07-10.12.27:861][654]LogModuleManager: Shutting down and abandoning module Persona (113)
[2014.11.07-10.12.27:861][654]LogModuleManager: Shutting down and abandoning module GraphEditor (112)
[2014.11.07-10.12.27:861][654]LogModuleManager: Shutting down and abandoning module ClassViewer (111)
[2014.11.07-10.12.27:861][654]LogModuleManager: Shutting down and abandoning module Toolbox (110)
[2014.11.07-10.12.27:861][654]LogModuleManager: Shutting down and abandoning module ModuleUI (109)
[2014.11.07-10.12.27:861][654]LogModuleManager: Shutting down and abandoning module Sequencer (108)
[2014.11.07-10.12.27:861][654]LogModuleManager: Shutting down and abandoning module MovieSceneTools (107)
[2014.11.07-10.12.27:861][654]LogModuleManager: Shutting down and abandoning module OutputLog (106)
[2014.11.07-10.12.27:861][654]LogModuleManager: Shutting down and abandoning module GammaUI (105)
[2014.11.07-10.12.27:861][654]LogModuleManager: Shutting down and abandoning module Documentation (104)
[2014.11.07-10.12.27:861][654]LogModuleManager: Shutting down and abandoning module GameLiveStreaming (103)
[2014.11.07-10.12.27:861][654]LogModuleManager: Shutting down and abandoning module StreamingPauseRendering (102)
[2014.11.07-10.12.27:861][654]LogModuleManager: Shutting down and abandoning module AnalyticsET (101)
[2014.11.07-10.12.27:861][654]LogModuleManager: Shutting down and abandoning module Analytics (100)
[2014.11.07-10.12.27:861][654]LogModuleManager: Shutting down and abandoning module GameplayDebugger (99)
[2014.11.07-10.12.27:861][654]LogModuleManager: Shutting down and abandoning module AIModule (98)
[2014.11.07-10.12.27:861][654]LogModuleManager: Shutting down and abandoning module ProfilerService (97)
[2014.11.07-10.12.28:027][654]LogModuleManager: Shutting down and abandoning module TaskGraph (96)
[2014.11.07-10.12.28:027][654]LogModuleManager: Shutting down and abandoning module SlateRemote (95)
[2014.11.07-10.12.28:027][654]LogModuleManager: Shutting down and abandoning module ScriptEditorPlugin (94)
[2014.11.07-10.12.28:027][654]LogModuleManager: Shutting down and abandoning module CustomMeshComponent (93)
[2014.11.07-10.12.28:027][654]LogModuleManager: Shutting down and abandoning module CableComponent (92)
[2014.11.07-10.12.28:027][654]LogModuleManager: Shutting down and abandoning module MessagingDebugger (91)
[2014.11.07-10.12.28:027][654]LogModuleManager: Shutting down and abandoning module ViewportSnapping (90)
[2014.11.07-10.12.28:027][654]LogModuleManager: Shutting down and abandoning module SmartSnapping (89)
[2014.11.07-10.12.28:027][654]LogModuleManager: Shutting down and abandoning module PaperTiledImporter (88)
[2014.11.07-10.12.28:027][654]LogModuleManager: Shutting down and abandoning module PaperJsonImporter (87)
[2014.11.07-10.12.28:027][654]LogModuleManager: Shutting down and abandoning module GameProjectGeneration (86)
[2014.11.07-10.12.28:027][654]LogModuleManager: Shutting down and abandoning module Matinee (85)
[2014.11.07-10.12.28:027][654]LogModuleManager: Shutting down and abandoning module Kismet (84)
[2014.11.07-10.12.28:027][654]LogModuleManager: Shutting down and abandoning module SlateReflector (83)
[2014.11.07-10.12.28:027][654]LogModuleManager: Shutting down and abandoning module LevelEditor (82)
[2014.11.07-10.12.28:029][654]LogModuleManager: Shutting down and abandoning module IntroTutorials (81)
[2014.11.07-10.12.28:029][654]LogModuleManager: Shutting down and abandoning module ContentBrowser (80)
[2014.11.07-10.12.28:029][654]LogModuleManager: Shutting down and abandoning module PropertyEditor (79)
[2014.11.07-10.12.28:029][654]LogModuleManager: Shutting down and abandoning module AssetTools (78)
[2014.11.07-10.12.28:029][654]LogModuleManager: Shutting down and abandoning module Paper2DEditor (77)
[2014.11.07-10.12.28:029][654]LogModuleManager: Shutting down and abandoning module SpeedTreeImporter (76)
[2014.11.07-10.12.28:029][654]LogModuleManager: Shutting down and abandoning module PluginsEditor (75)
[2014.11.07-10.12.28:029][654]LogModuleManager: Shutting down and abandoning module MainFrame (74)
[2014.11.07-10.12.28:029][654]LogModuleManager: Shutting down and abandoning module EpicSurvey (73)
[2014.11.07-10.12.28:029][654]LogModuleManager: Shutting down and abandoning module VisualStudioSourceCodeAccess (72)
[2014.11.07-10.12.28:029][654]LogModuleManager: Shutting down and abandoning module UObjectPlugin (71)
[2014.11.07-10.12.28:029][654]LogModuleManager: Shutting down and abandoning module SubversionSourceControl (70)
[2014.11.07-10.12.28:029][654]LogModuleManager: Shutting down and abandoning module SourceControl (69)
[2014.11.07-10.12.28:030][654]LogModuleManager: Shutting down and abandoning module PerforceSourceControl (68)
[2014.11.07-10.12.28:030][654]LogModuleManager: Shutting down and abandoning module BlankPlugin (67)
[2014.11.07-10.12.28:030][654]LogModuleManager: Shutting down and abandoning module ScriptPlugin (66)
[2014.11.07-10.12.28:030][654]LogModuleManager: Shutting down and abandoning module UdpMessaging (65)
[2014.11.07-10.12.28:130][654]LogModuleManager: Shutting down and abandoning module Paper2D (64)
[2014.11.07-10.12.28:130][654]LogModuleManager: Shutting down and abandoning module WindowsMoviePlayer (63)
[2014.11.07-10.12.28:143][654]LogModuleManager: Shutting down and abandoning module ImageWrapper (62)
[2014.11.07-10.12.28:143][654]LogModuleManager: Shutting down and abandoning module OnlineBlueprintSupport (61)
[2014.11.07-10.12.28:144][654]LogModuleManager: Shutting down and abandoning module FunctionalTesting (60)
[2014.11.07-10.12.28:144][654]LogModuleManager: Shutting down and abandoning module CollisionAnalyzer (59)
[2014.11.07-10.12.28:144][654]LogModuleManager: Shutting down and abandoning module WorkspaceMenuStructure (58)
[2014.11.07-10.12.28:144][654]LogModuleManager: Shutting down and abandoning module MessageLog (57)
[2014.11.07-10.12.28:144][654]LogModuleManager: Shutting down and abandoning module UMGEditor (56)
[2014.11.07-10.12.28:144][654]LogModuleManager: Shutting down and abandoning module UMG (55)
[2014.11.07-10.12.28:144][654]LogModuleManager: Shutting down and abandoning module Slate (54)
[2014.11.07-10.12.28:144][654]LogModuleManager: Shutting down and abandoning module EditorStyle (53)
[2014.11.07-10.12.28:151][654]LogModuleManager: Shutting down and abandoning module SessionServices (52)
[2014.11.07-10.12.28:151][654]LogModuleManager: Shutting down and abandoning module SourceCodeAccess (51)
[2014.11.07-10.12.28:151][654]LogModuleManager: Shutting down and abandoning module HeadMountedDisplay (50)
[2014.11.07-10.12.28:151][654]LogModuleManager: Shutting down and abandoning module XAudio2 (49)
[2014.11.07-10.12.28:151][654]LogModuleManager: Shutting down and abandoning module Networking (47)
[2014.11.07-10.12.28:151][654]LogModuleManager: Shutting down and abandoning module Core (46)
[2014.11.07-10.12.28:151][654]LogModuleManager: Shutting down and abandoning module KismetCompiler (45)
[2014.11.07-10.12.28:151][654]LogModuleManager: Shutting down and abandoning module PhysXFormats (44)
[2014.11.07-10.12.28:151][654]LogModuleManager: Shutting down and abandoning module MeshUtilities (43)
[2014.11.07-10.12.28:151][654]LogModuleManager: Shutting down and abandoning module DerivedDataCache (42)
[2014.11.07-10.12.28:208][654]LogDerivedDataCache: Shutdown
[2014.11.07-10.12.28:208][654]LogModuleManager: Shutting down and abandoning module ShaderFormatOpenGL (41)
[2014.11.07-10.12.28:208][654]LogModuleManager: Shutting down and abandoning module ShaderFormatD3D (40)
[2014.11.07-10.12.28:208][654]LogModuleManager: Shutting down and abandoning module MetalShaderFormat (39)
[2014.11.07-10.12.28:208][654]LogModuleManager: Shutting down and abandoning module TextureFormatUncompressed (38)
[2014.11.07-10.12.28:208][654]LogModuleManager: Shutting down and abandoning module TextureFormatPVR (37)
[2014.11.07-10.12.28:208][654]LogModuleManager: Shutting down and abandoning module TextureFormatDXT (36)
[2014.11.07-10.12.28:208][654]LogModuleManager: Shutting down and abandoning module TextureFormatAndroid (35)
[2014.11.07-10.12.28:208][654]LogModuleManager: Shutting down and abandoning module AudioFormatOpus (34)
[2014.11.07-10.12.28:208][654]LogModuleManager: Shutting down and abandoning module AudioFormatOgg (33)
[2014.11.07-10.12.28:208][654]LogModuleManager: Shutting down and abandoning module AudioFormatADPCM (32)
[2014.11.07-10.12.28:208][654]LogModuleManager: Shutting down and abandoning module Messaging (31)
[2014.11.07-10.12.28:208][654]LogModuleManager: Shutting down and abandoning module IOSTargetPlatform (30)
[2014.11.07-10.12.28:209][654]LogModuleManager: Shutting down and abandoning module Android_PVRTCTargetPlatform (29)
[2014.11.07-10.12.28:209][654]LogModuleManager: Shutting down and abandoning module Android_ETC2TargetPlatform (28)
[2014.11.07-10.12.28:209][654]LogModuleManager: Shutting down and abandoning module Android_ETC1TargetPlatform (27)
[2014.11.07-10.12.28:209][654]LogModuleManager: Shutting down and abandoning module Android_DXTTargetPlatform (26)
[2014.11.07-10.12.28:209][654]LogModuleManager: Shutting down and abandoning module Android_ATCTargetPlatform (25)
[2014.11.07-10.12.28:209][654]LogModuleManager: Shutting down and abandoning module AndroidTargetPlatform (24)
[2014.11.07-10.12.28:209][654]LogModuleManager: Shutting down and abandoning module WindowsTargetPlatform (23)
[2014.11.07-10.12.28:209][654]LogModuleManager: Shutting down and abandoning module WindowsServerTargetPlatform (22)
[2014.11.07-10.12.28:209][654]LogModuleManager: Shutting down and abandoning module WindowsNoEditorTargetPlatform (21)
[2014.11.07-10.12.28:209][654]LogModuleManager: Shutting down and abandoning module WindowsClientTargetPlatform (20)
[2014.11.07-10.12.28:209][654]LogModuleManager: Shutting down and abandoning module TargetPlatform (19)
[2014.11.07-10.12.28:209][654]LogModuleManager: Shutting down and abandoning module InputCore (18)
[2014.11.07-10.12.28:209][654]LogModuleManager: Shutting down and abandoning module Settings (17)
[2014.11.07-10.12.28:209][654]LogModuleManager: Shutting down and abandoning module ExampleDeviceProfileSelector (14)
[2014.11.07-10.12.28:209][654]LogModuleManager: Shutting down and abandoning module OculusRift (13)
[2014.11.07-10.12.28:209][654]LogModuleManager: Shutting down and abandoning module TextureCompressor (12)
[2014.11.07-10.12.28:209][654]LogModuleManager: Shutting down and abandoning module ShaderCore (11)
[2014.11.07-10.12.28:210][654]LogModuleManager: Shutting down and abandoning module OpenGLDrv (10)
[2014.11.07-10.12.28:210][654]LogModuleManager: Shutting down and abandoning module D3D11RHI (9)
[2014.11.07-10.12.28:210][654]LogModuleManager: Shutting down and abandoning module SlateRHIRenderer (8)
[2014.11.07-10.12.28:210][654]LogModuleManager: Shutting down and abandoning module Renderer (7)
[2014.11.07-10.12.28:210][654]LogModuleManager: Shutting down and abandoning module Engine (6)
[2014.11.07-10.12.28:210][654]LogModuleManager: Shutting down and abandoning module CoreUObject (5)
[2014.11.07-10.12.28:210][654]LogModuleManager: Shutting down and abandoning module NetworkFile (4)
[2014.11.07-10.12.28:210][654]LogModuleManager: Shutting down and abandoning module StreamingFile (3)
[2014.11.07-10.12.28:210][654]LogModuleManager: Shutting down and abandoning module SandboxFile (2)
[2014.11.07-10.12.28:210][654]LogModuleManager: Shutting down and abandoning module PakFile (1)
[2014.11.07-10.12.28:211][654]LogExit: Exiting.
[2014.11.07-10.12.28:220][654]Log file closed, 11/07/14 11:12:28
