Log file open, 11/07/14 13:45:56
LogInit:Display: Running engine for game: TheRoom
LogInit: Version: 4.4.3-2296771+++depot+UE4-Releases+4.4
LogInit: API Version: 2255576
LogInit: Compiled (64-bit): Sep 13 2014 22:30:58
LogInit: Build Configuration: Development
LogInit: Branch Name: ++depot+UE4-Releases+4.4
LogInit: Command line: 
LogInit: Base directory: C:/Program Files/Unreal Engine/4.4/Engine/Binaries/Win64/
LogInit: Rocket: 1
[2014.11.07-12.45.56:897][  0]LogTaskGraph: Started task graph with 3 named threads and 4 total threads.
[2014.11.07-12.45.56:923][  0]LogOnline:Warning: No default platform service specified for OnlineSubsystem
[2014.11.07-12.45.56:932][  0]LogInit: Presizing for 0 objects not considered by GC, pre-allocating 0 bytes.
[2014.11.07-12.45.56:940][  0]LogInit: Object subsystem initialized
[2014.11.07-12.45.56:942][  0]LogInit: Selected Device Profile: [Windows]
[2014.11.07-12.45.56:942][  0]LogInit: Applying CVar settings loaded from the selected device profile: [Windows]
[2014.11.07-12.45.56:948][  0]LogInit: Computer: 2013-KURS-09
[2014.11.07-12.45.56:948][  0]LogInit: User: lennartdaldrup
[2014.11.07-12.45.56:949][  0]LogInit: CPU Page size=4096, Cores=2
[2014.11.07-12.45.56:949][  0]LogInit: High frequency timer resolution =3.320380 MHz
[2014.11.07-12.45.56:949][  0]LogMemory: Memory total: Physical=8.0GB (8GB approx) Virtual=8192.0GB
[2014.11.07-12.45.56:950][  0]LogMemory: Platform Memory Stats for Windows
[2014.11.07-12.45.56:950][  0]LogMemory: Process Physical Memory: 61.52 MB used, 61.52 MB peak
[2014.11.07-12.45.56:950][  0]LogMemory: Process Virtual Memory: 37.09 MB used, 37.09 MB peak
[2014.11.07-12.45.56:950][  0]LogMemory: Physical Memory: 3245.11 MB used, 8185.95 MB total
[2014.11.07-12.45.56:950][  0]LogMemory: Virtual Memory: 262.12 MB used, 8388608.00 MB total
[2014.11.07-12.45.57:009][  0]LogD3D11RHI: Found D3D11 adapter 0: NVIDIA GeForce GTX 650 (Feature Level 11_0)
[2014.11.07-12.45.57:009][  0]LogD3D11RHI: Adapter has 971MB of dedicated video memory, 0MB of dedicated system memory, and 3072MB of shared system memory, 1 output[s]
[2014.11.07-12.45.57:009][  0]LogD3D11RHI: Chosen D3D11 Adapter Id = 0
[2014.11.07-12.45.57:019][  0]LogRHI: Texture pool is 680 MB (70% of 971 MB)
[2014.11.07-12.45.57:030][  0]LogD3D11RHI: Async texture creation enabled
[2014.11.07-12.45.57:097][  0]LogTextLocalizationManager:Warning: The selected culture 'de_DE' is not available; falling back to 'en'
[2014.11.07-12.45.57:192][  0]LogContentStreaming: Texture pool size is 0.000000MB
[2014.11.07-12.45.59:121][  0]LogTargetPlatformManager:Display: Building Assets For Windows
[2014.11.07-12.45.59:584][  0]LogTargetPlatformManager:Display: Building Assets For Windows
[2014.11.07-12.45.59:623][  0]LogDerivedDataCache:Display: Max Cache Size: 512 MB
[2014.11.07-12.45.59:706][  0]LogDerivedDataCache: Loaded boot cache 0.08s 39MB C:/Users/lennart.daldrup.S4G/AppData/Local/UnrealEngine/4.4/DerivedDataCache/Boot.ddc.
[2014.11.07-12.45.59:706][  0]LogDerivedDataCache:Display: Loaded Boot cache: C:/Users/lennart.daldrup.S4G/AppData/Local/UnrealEngine/4.4/DerivedDataCache/Boot.ddc
[2014.11.07-12.45.59:707][  0]LogDerivedDataCache: FDerivedDataBackendGraph:  Pak pak cache file ../../../../../../Users/lennart.daldrup.S4G/Documents/Unreal Projects/Nightterror/DerivedDataCache/DDC.ddp not found, will not use a pak cache.
[2014.11.07-12.45.59:707][  0]LogDerivedDataCache: Unable to find inner node Pak for hierarchical cache Hierarchy.
[2014.11.07-12.45.59:724][  0]LogDerivedDataCache:Display: Pak cache opened for reading ../../../Engine/DerivedDataCache/DDC.ddp.
[2014.11.07-12.45.59:735][  0]LogDerivedDataCache: Using Local data cache path C:/Users/lennart.daldrup.S4G/AppData/Local/UnrealEngine/4.4/DerivedDataCache: Writable
[2014.11.07-12.45.59:926][  0]LogMeshUtilities: No automatic mesh reduction module available
[2014.11.07-12.45.59:926][  0]LogMeshUtilities: No automatic mesh merging module available
[2014.11.07-12.46.00:352][  0]LogInit: WinSock: version 1.1 (2.2), MaxSocks=32767, MaxUdp=65467
[2014.11.07-12.46.01:105][  0]LogStats:Warning: MetaData mismatch. Did you assign a stat to two groups? New //STATGROUP_Threads//FMonitoredProcess///Thread_1b5c_0///////STATCAT_Advanced//// old //STATGROUP_Threads//FMonitoredProcess///Thread_5dc_0///////STATCAT_Advanced////
[2014.11.07-12.46.01:105][  0]UdpMessaging: Initializing bridge on interface 0.0.0.0:0 to multicast group 230.0.0.1:6666.
[2014.11.07-12.46.01:207][  0]SourceControl: Info Source control is disabled
[2014.11.07-12.46.01:207][  0]SourceControl: Info Source control is disabled
[2014.11.07-12.46.01:212][  0]SourceControl: Info Source control is disabled
[2014.11.07-12.46.01:415][  0]BlueprintLog: New page: Editor Load
[2014.11.07-12.46.01:519][  0]LogObj: 21438 objects as part of root set at end of initial load.
[2014.11.07-12.46.01:519][  0]LogUObjectAllocator: 4218656 out of 0 bytes used by permanent object pool.
[2014.11.07-12.46.01:777][  0]LogEngine: Initializing Engine...
[2014.11.07-12.46.01:911][  0]LogInit: XAudio2 using 'Lautsprecher (Realtek High Definition Audio)' : 2 channels at 48 kHz using 32 bits per sample (channel mask 0x3)
[2014.11.07-12.46.01:927][  0]LogInit: FAudioDevice initialized.
[2014.11.07-12.46.01:942][  0]LogAIModule: Creating AISystem for world NewWorld
[2014.11.07-12.46.01:978][  0]LogDerivedDataCache: Saved boot cache 0.04s 39MB C:/Users/lennart.daldrup.S4G/AppData/Local/UnrealEngine/4.4/DerivedDataCache/Boot.ddc.
[2014.11.07-12.46.01:992][  0]LogInit: Texture streaming: Enabled
[2014.11.07-12.46.02:027][  0]LogInit: Transaction tracking system initialized
[2014.11.07-12.46.02:141][  0]LogAssetRegistry: FAssetRegistry took 0.0098 seconds to start up
[2014.11.07-12.46.02:712][  0]LogTargetPlatformManager:Display: Building Assets For Windows
[2014.11.07-12.46.03:120][  0]LogTargetPlatformManager:Display: Building Assets For Windows
[2014.11.07-12.46.03:254][  0]LogConsoleResponse:Display: 
[2014.11.07-12.46.03:434][  0]LogStats:Warning: MetaData mismatch. Did you assign a stat to two groups? New //STATGROUP_Threads//FMonitoredProcess///Thread_ddc_0///////STATCAT_Advanced//// old //STATGROUP_Threads//FMonitoredProcess///Thread_5dc_0///////STATCAT_Advanced////
[2014.11.07-12.46.03:434][  0]LogStats:Warning: MetaData mismatch. Did you assign a stat to two groups? New //STATGROUP_Threads//FMonitoredProcess///Thread_1388_0///////STATCAT_Advanced//// old //STATGROUP_Threads//FMonitoredProcess///Thread_5dc_0///////STATCAT_Advanced////
[2014.11.07-12.46.03:434][  0]SourceControl: Info Source control is disabled
[2014.11.07-12.46.03:434][  0]Cmd: MAP LOAD FILE="../../../../../../Users/lennart.daldrup.S4G/Documents/Unreal Projects/Nightterror/Content/Maps/TheRoom.umap" TEMPLATE=0 SHOWPROGRESS=1
[2014.11.07-12.46.03:435][  0]LightingResults: New page: Lighting Build
[2014.11.07-12.46.03:442][  0]MapCheck: New page: Map Check
[2014.11.07-12.46.03:442][  0]LightingResults: New page: Lighting Build
[2014.11.07-12.46.03:460][  0]LogParticles: Destroying 0 GPU particle simulations for FXSystem 0x0000000011209300
[2014.11.07-12.46.03:812][  0]LogEditorServer: Finished looking for orphan Actors (0.000 secs)
[2014.11.07-12.46.03:812][  0]LogAIModule: Creating AISystem for world TheRoom
[2014.11.07-12.46.03:812][  0]Cmd: MAP CHECKDEP
[2014.11.07-12.46.03:812][  0]MapCheck: New page: TheRoom - Nov 7, 2014, 2:46:03 PM
[2014.11.07-12.46.03:871][  0]MapCheck: Info ========== Map Check: 0 Error(s), 0 Warning(s), [58.488ms] ==========
[2014.11.07-12.46.03:871][  0]LogFileHelpers: Loading map 'TheRoom' took 0.437
[2014.11.07-12.46.03:969][  0]LogCollectionManager: Loaded 0 collections in 0.001146 seconds
[2014.11.07-12.46.04:076][  0]LogCrashTracker: Crashtracker disabled due to settings.
[2014.11.07-12.46.04:666][  0]LogLoad: Full Startup: 8.63 seconds (BP compile: 0.14 seconds)
[2014.11.07-12.46.04:681][  0]LogContentBrowser:Verbose: The content browser source was changed by the sources view to '/Game/Assets'
[2014.11.07-12.46.04:785][  0]LogRenderer:Warning: Reallocating scene render