Log file open, 10/21/14 15:03:02
LogInit:Display: Running engine for game: TheRoom
LogInit: Version: 4.4.3-2296771+++depot+UE4-Releases+4.4
LogInit: API Version: 2255576
LogInit: Compiled (64-bit): Sep 13 2014 22:30:58
LogInit: Build Configuration: Development
LogInit: Branch Name: ++depot+UE4-Releases+4.4
LogInit: Command line: 
LogInit: Base directory: C:/Program Files/Unreal Engine/4.4/Engine/Binaries/Win64/
LogInit: Rocket: 1
[2014.10.21-13.03.02:485][  0]LogTaskGraph: Started task graph with 3 named threads and 4 total threads.
[2014.10.21-13.03.02:511][  0]LogOnline:Warning: No default platform service specified for OnlineSubsystem
[2014.10.21-13.03.02:520][  0]LogInit: Presizing for 0 objects not considered by GC, pre-allocating 0 bytes.
[2014.10.21-13.03.02:529][  0]LogInit: Object subsystem initialized
[2014.10.21-13.03.02:531][  0]LogInit: Selected Device Profile: [Windows]
[2014.10.21-13.03.02:531][  0]LogInit: Applying CVar settings loaded from the selected device profile: [Windows]
[2014.10.21-13.03.02:537][  0]LogInit: Computer: 2011-KURS-09
[2014.10.21-13.03.02:537][  0]LogInit: User: lennartdaldrup
[2014.10.21-13.03.02:538][  0]LogInit: CPU Page size=4096, Cores=2
[2014.10.21-13.03.02:538][  0]LogInit: High frequency timer resolution =14.318180 MHz
[2014.10.21-13.03.02:538][  0]LogMemory: Memory total: Physical=8.0GB (8GB approx) Virtual=8192.0GB
[2014.10.21-13.03.02:538][  0]LogMemory: Platform Memory Stats for Windows
[2014.10.21-13.03.02:538][  0]LogMemory: Process Physical Memory: 60.84 MB used, 60.84 MB peak
[2014.10.21-13.03.02:538][  0]LogMemory: Process Virtual Memory: 36.79 MB used, 36.79 MB peak
[2014.10.21-13.03.02:538][  0]LogMemory: Physical Memory: 2776.67 MB used, 8191.18 MB total
[2014.10.21-13.03.02:538][  0]LogMemory: Virtual Memory: 256.66 MB used, 8388608.00 MB total
[2014.10.21-13.03.02:588][  0]LogD3D11RHI: Found D3D11 adapter 0: NVIDIA GeForce GTX 550 Ti (Feature Level 11_0)
[2014.10.21-13.03.02:588][  0]LogD3D11RHI: Adapter has 977MB of dedicated video memory, 0MB of dedicated system memory, and 3071MB of shared system memory, 1 output[s]
[2014.10.21-13.03.02:588][  0]LogD3D11RHI: Chosen D3D11 Adapter Id = 0
[2014.10.21-13.03.02:595][  0]LogRHI: Texture pool is 684 MB (70% of 977 MB)
[2014.10.21-13.03.02:603][  0]LogD3D11RHI: Async texture creation enabled
[2014.10.21-13.03.02:651][  0]LogTextLocalizationManager:Warning: The selected culture 'de_DE' is not available; falling back to 'en'
[2014.10.21-13.03.02:747][  0]LogContentStreaming: Texture pool size is 0.000000MB
[2014.10.21-13.03.04:468][  0]LogTargetPlatformManager:Display: Building Assets For Windows
[2014.10.21-13.03.04:914][  0]LogTargetPlatformManager:Display: Building Assets For Windows
[2014.10.21-13.03.04:958][  0]LogDerivedDataCache:Display: Max Cache Size: 512 MB
[2014.10.21-13.03.05:054][  0]LogDerivedDataCache: Loaded boot cache 0.10s 39MB C:/Users/lennart.daldrup/AppData/Local/UnrealEngine/4.4/DerivedDataCache/Boot.ddc.
[2014.10.21-13.03.05:054][  0]LogDerivedDataCache:Display: Loaded Boot cache: C:/Users/lennart.daldrup/AppData/Local/UnrealEngine/4.4/DerivedDataCache/Boot.ddc
[2014.10.21-13.03.05:054][  0]LogDerivedDataCache: FDerivedDataBackendGraph:  Pak pak cache file ../../../../../../Users/lennart.daldrup/Documents/Unreal Projects/TheRoom/DerivedDataCache/DDC.ddp not found, will not use a pak cache.
[2014.10.21-13.03.05:054][  0]LogDerivedDataCache: Unable to find inner node Pak for hierarchical cache Hierarchy.
[2014.10.21-13.03.05:073][  0]LogDerivedDataCache:Display: Pak cache opened for reading ../../../Engine/DerivedDataCache/DDC.ddp.
[2014.10.21-13.03.05:084][  0]LogDerivedDataCache: Using Local data cache path C:/Users/lennart.daldrup/AppData/Local/UnrealEngine/4.4/DerivedDataCache: Writable
[2014.10.21-13.03.05:284][  0]LogMeshUtilities: No automatic mesh reduction module available
[2014.10.21-13.03.05:284][  0]LogMeshUtilities: No automatic mesh merging module available
[2014.10.21-13.03.05:725][  0]LogInit: WinSock: version 1.1 (2.2), MaxSocks=32767, MaxUdp=65467
[2014.10.21-13.03.06:510][  0]LogStats:Warning: MetaData mismatch. Did you assign a stat to two groups? New //STATGROUP_Threads//FMonitoredProcess///Thread_e10_0///////STATCAT_Advanced//// old //STATGROUP_Threads//FMonitoredProcess///Thread_14b0_0///////STATCAT_Advanced////
[2014.10.21-13.03.06:510][  0]UdpMessaging: Initializing bridge on interface 0.0.0.0:0 to multicast group 230.0.0.1:6666.
[2014.10.21-13.03.06:623][  0]SourceControl: Info Source control is disabled
[2014.10.21-13.03.06:623][  0]SourceControl: Info Source control is disabled
[2014.10.21-13.03.06:629][  0]SourceControl: Info Source control is disabled
[2014.10.21-13.03.06:804][  0]BlueprintLog: New page: Editor Load
[2014.10.21-13.03.06:892][  0]LogObj: 21438 objects as part of root set at end of initial load.
[2014.10.21-13.03.06:892][  0]LogUObjectAllocator: 4218656 out of 0 bytes used by permanent object pool.
[2014.10.21-13.03.07:165][  0]LogEngine: Initializing Engine...
[2014.10.21-13.03.07:313][  0]LogInit: XAudio2 using 'Kopfhörer (High Definition Audio-Gerät)' : 2 channels at 44.1 kHz using 16 bits per sample (channel mask 0x3)
[2014.10.21-13.03.07:323][  0]LogInit: FAudioDevice initialized.
[2014.10.21-13.03.07:339][  0]LogAIModule: Creating AISystem for world NewWorld
[2014.10.21-13.03.07:386][  0]LogDerivedDataCache: Saved boot cache 0.05s 39MB C:/Users/lennart.daldrup/AppData/Local/UnrealEngine/4.4/DerivedDataCache/Boot.ddc.
[2014.10.21-13.03.07:400][  0]LogInit: Texture streaming: Enabled
[2014.10.21-13.03.07:430][  0]LogInit: Transaction tracking system initialized
[2014.10.21-13.03.07:531][  0]LogAssetRegistry: FAssetRegistry took 0.0102 seconds to start up
[2014.10.21-13.03.08:088][  0]LogTargetPlatformManager:Display: Building Assets For Windows
[2014.10.21-13.03.08:576][  0]LogTargetPlatformManager:Display: Building Assets For Windows
[2014.10.21-13.03.08:693][  0]LogConsoleResponse:Display: 
[2014.10.21-13.03.08:865][  0]LogStats:Warning: MetaData mismatch. Did you assign a stat to two groups? New //STATGROUP_Threads//FMonitoredProcess///Thread_113c_0///////STATCAT_Advanced//// old //STATGROUP_Threads//FMonitoredProcess///Thread_14b0_0///////STATCAT_Advanced////
[2014.10.21-13.03.08:865][  0]LogStats:Warning: MetaData mismatch. Did you assign a stat to two groups? New //STATGROUP_Threads//FMonitoredProcess///Thread_1538_0///////STATCAT_Advanced//// old //STATGROUP_Threads//FMonitoredProcess///Thread_14b0_0///////STATCAT_Advanced////
[2014.10.21-13.03.08:865][  0]SourceControl: Info Source control is disabled
[2014.10.21-13.03.08:865][  0]Cmd: MAP LOAD FILE="../../../../../../Users/lennart.daldrup/Documents/Unreal Projects/TheRoom/Content/Maps/Example_Map.umap" TEMPLATE=0 SHOWPROGRESS=1
[2014.10.21-13.03.08:865][  0]LogEditorServer:Warning: Can't find file '../../../../../../Users/lennart.daldrup/Documents/Unreal Projects/TheRoom/Content/Maps/Example_Map.umap'
[2014.10.21-13.03.08:865][  0]Cmd: MAP CHECKDEP
[2014.10.21-13.03.08:865][  0]MapCheck: New page: Untitled_0 - Oct 21, 2014, 5:03:08 PM
[2014.10.21-13.03.08:911][  0]MapCheck: Info ========== Map Check: 0 Error(s), 0 Warning(s), [46.112ms] ==========
[2014.10.21-13.03.08:911][  0]LogFileHelpers: Loading map 'Example_Map' took 0.047
[2014.10.21-13.03.09:001][  0]LogCollectionManager: Loaded 0 collections in 0.001278 seconds
[2014.10.21-13.03.09:076][  0]LogCrashTracker: Crashtracker disabled due to settings.
[2014.10.21-13.03.09:122][  0]LogLoad: Full Startup: 8.47 seconds (BP compile: 0.00 seconds)
[2014.10.21-13.03.09:270][  0]LogRenderer:Warning: Reallocating scene render targets to support 1136x896.
[2014.10.21-13.03.09:395][  1]LogAssetRegistry: Asset discovery search completed in 1.8744 seconds
[2014.10.21-13.03.24:195][ 77]Cmd: MAP LOAD FILE="../../../../../../Users/lennart.daldrup/Documents/Unreal Projects/TheRoom/Content/Maps/TheRoom.umap" TEMPLATE=0 SHOWPROGRESS=1
[2014.10.21-13.03.24:195][ 77]LightingResults: New page: Lighting Build
[2014.10.21-13.03.24:218][ 77]LoadErrors: New page: Loading map: TheRoom.umap
[2014.10.21-13.03.24:219][ 77]MapCheck: New page: Map Check
[2014.10.21-13.03.24:219][ 77]LightingResults: New page: Lighting Build
[2014.10.21-13.03.24:244][ 77]LogParticles: Destroying 0 GPU particle simulations for FXSystem 0x00000000111047C0
[2014.10.21-13.03.24:283][ 77]LogEditorServer: Finished looking for orphan Actors (0.000 secs)
[2014.10.21-13.03.24:283][ 77]LogAIModule: Creating AISystem for world TheRoom
[2014.10.21-13.03.24:301][ 77]Cmd: MAP CHECKDEP
[2014.10.21-13.03.24:301][ 77]MapCheck: New page: TheRoom - Oct 21, 2014, 5:03:24 PM
[2014.10.21-13.03.24:355][ 77]MapCheck: Info ========== Map Check: 0 Error(s), 0 Warning(s), [54.228ms] ==========
[2014.10.21-13.03.24:356][ 77]LogFileHelpers: Loading map 'TheRoom' took 0.162
[2014.10.21-13.03.27:556][338]LogContentBrowser:Verbose: The content browser source was changed by the sources view to '/Game/Maps'
[2014.10.21-13.03.28:019][381]LogContentBrowser:Verbose: The content browser source was changed by the sources view to '/Game/Meshes'
[2014.10.21-13.04.13:083][175]LogNavigationPoint: PostEditMove Clear paths rebuilt
[2014.10.21-13.04.13:831][224]LogEditorViewport: Clicking on Actor (LMB): StaticMeshActor (TemplateCube_Rounded)
[2014.10.21-13.04.40:248][726]LogFactory: FactoryCreateBinary: StaticMesh with FbxFactory (0 0 P:\Nightterror\3Dmodels\Blockouts\Furniture_Liege_lowpoly.FBX)
[2014.10.21-13.04.40:309][726]LogFbx: ItemName: GlobalSettings, ItemCount : 1
[2014.10.21-13.04.40:309][726]LogFbx: ItemName: AnimationStack, ItemCount : 1
[2014.10.21-13.04.40:309][726]LogFbx: ItemName: AnimationLayer, ItemCount : 1
[2014.10.21-13.04.40:309][726]LogFbx: ItemName: Model, ItemCount : 1
[2014.10.21-13.04.40:309][726]LogFbx: ItemName: Material, ItemCount : 1
[2014.10.21-13.04.40:309][726]LogFbx: ItemName: Geometry, ItemCount : 1
[2014.10.21-13.04.59:883][726]LogFbx: Loading FBX Scene from P:\Nightterror\3Dmodels\Blockouts\Furniture_Liege_lowpoly.FBX
[2014.10.21-13.04.59:900][726]LogFbx: FBX Scene Loaded Succesfully
[2014.10.21-13.04.59:905][726]LogLinker:Warning: Can't find file '/Game/Meshes/Material__35'
[2014.10.21-13.04.59:905][726]LogLinker:Warning: Can't find file '/Game/Meshes/Material__35'
[2014.10.21-13.04.59:905][726]LogUObjectGlobals:Warning: Failed to find object 'MaterialInterface /Game/Meshes/Material__35.Material__35'
[2014.10.21-13.04.59:928][726]LogMaterial: Missing cached shader map for material Material__35, compiling.
[2014.10.21-13.05.00:013][726]LogFbx: == Initial material list:
[2014.10.21-13.05.00:013][726]LogFbx: 0: Material #35
[2014.10.21-13.05.00:013][726]LogFbx: == After sorting:
[2014.10.21-13.05.00:013][726]LogFbx: 0: Material #35
[2014.10.21-13.05.00:013][726]LogFbx: == Mapping table:
[2014.10.21-13.05.00:013][726]LogFbx:   sort 0 -> 0
[2014.10.21-13.05.00:023][726]LogStaticMesh: Building static mesh Furniture_Liege_lowpoly...
[2014.10.21-13.05.00:064][726]LogStaticMesh: Built static mesh [41.124851ms] /Game/Meshes/Furniture_Liege_lowpoly.Furniture_Liege_lowpoly
[2014.10.21-13.05.00:098][726]LogContentBrowser:Verbose: The content browser source was changed by the sources view to 'None'
[2014.10.21-13.05.00:098][726]LogContentBrowser:Verbose: The content browser source was changed by the sources view to '/Game/Meshes'
[2014.10.21-13.05.34:718][310]LogActorFactory: Actor Factory created Environment_Door_Lowpoly
[2014.10.21-13.05.35:824][374]LogActorFactory: Actor Factory created Environment_Door_Lowpoly
[2014.10.21-13.05.40:127][609]LogEditorViewport: Clicking on Actor (LMB): PlayerStart (PlayerStart1)
[2014.10.21-13.05.41:277][677]LogPlayLevel: PIE:  No blueprints needed recompiling
[2014.10.21-13.05.41:277][677]PIE: New page: PIE session: TheRoom (Oct 21, 2014, 5:05:41 PM)
[2014.10.21-13.05.41:278][677]LogPlayLevel: PIE: StaticDuplicateObject took: (0.000885s)
[2014.10.21-13.05.41:279][677]LogPlayLevel: PIE: World Init took: (0.001135s)
[2014.10.21-13.05.41:280][677]LogPlayLevel: PIE: Created PIE world by copying editor world from /Game/Maps/TheRoom.TheRoom to /Game/Maps/UEDPIE_0_TheRoom.TheRoom (0.002227s)
[2014.10.21-13.05.41:404][677]BlueprintLog:Warning: Warning Blueprint MyHUD has been migrated and requires re-saving to avoid import errors
[2014.10.21-13.05.41:405][677]BlueprintLog:Warning: Warning Blueprint MyGame has been migrated and requires re-saving to avoid import errors
[2014.10.21-13.05.41:406][677]LogWorld: Game class is 'MyGame_C'
[2014.10.21-13.05.41:407][677]LogAIModule: Creating AISystem for world TheRoom
[2014.10.21-13.05.41:409][677]LogWorld: Bringing World /Game/Maps/UEDPIE_0_TheRoom.TheRoom up for play (max tick rate 0) at 2014.10.21-15.05.41
[2014.10.21-13.05.41:409][677]LogWorld: Bringing up level for play took: 0.001368
[2014.10.21-13.05.41:411][677]PIE: Info Play in editor start time for /Game/Maps/UEDPIE_0_TheRoom 0.449
[2014.10.21-13.05.41:474][678]LogRenderer:Warning: Reallocating scene render targets to support 1136x904.
[2014.10.21-13.06.16:117][491]LogParticles: Destroying 0 GPU particle simulations for FXSystem 0x0000000014B7D440
[2014.10.21-13.06.16:117][491]LogParticles: Destroying 0 GPU particle simulations for FXSystem 0x000000000A8CCA40
[2014.10.21-13.06.16:117][491]LogParticles: Destroying 0 GPU particle simulations for FXSystem 0x0000000014B7E0C0
[2014.10.21-13.06.16:118][491]LogParticles: Destroying 0 GPU particle simulations for FXSystem 0x000000000A8CF880
[2014.10.21-13.06.16:118][491]LogParticles: Destroying 0 GPU particle simulations for FXSystem 0x000000000C943A60
[2014.10.21-13.06.16:118][491]LogParticles: Destroying 0 GPU particle simulations for FXSystem 0x000000001A042AC0
[2014.10.21-13.06.20:683][732]LogEditorViewport: Clicking on Actor (LMB): StaticMeshActor (Environment_Door_Lowpoly)
[2014.10.21-13.06.25:998][ 34]LogActorFactory: Actor Factory created Furniture_Closet_Lowpoly
[2014.10.21-13.06.26:957][ 89]LogActorFactory: Actor Factory created Furniture_Closet_Lowpoly
[2014.10.21-13.06.32:067][378]LogActorFactory: Actor Factory created Furniture_Dresser_Lowpoly
[2014.10.21-13.06.35:455][582]LogActorFactory: Actor Factory created Furniture_Dresser_Lowpoly
[2014.10.21-13.06.36:300][630]LogEditorViewport: Clicking on Actor (LMB): StaticMeshActor (Furniture_Closet_Lowpoly)
[2014.10.21-13.06.37:906][725]LogEditorViewport: Clicking on Actor (LMB): StaticMeshActor (Furniture_Dresser_Lowpoly)
[2014.10.21-13.06.51:344][491]LogActorFactory: Actor Factory created Furniture_Liege_lowpoly
[2014.10.21-13.06.53:347][609]LogActorFactory: Actor Factory created Furniture_Liege_lowpoly
[2014.10.21-13.07.00:466][ 39]LogPlayLevel: PIE:  No blueprints needed recompiling
[2014.10.21-13.07.00:466][ 39]PIE: New page: PIE session: TheRoom (Oct 21, 2014, 5:07:00 PM)
[2014.10.21-13.07.00:467][ 39]LogPlayLevel: PIE: StaticDuplicateObject took: (0.001060s)
[2014.10.21-13.07.00:470][ 39]LogPlayLevel: PIE: World Init took: (0.002611s)
[2014.10.21-13.07.00:470][ 39]LogPlayLevel: PIE: Created PIE world by copying editor world from /Game/Maps/TheRoom.TheRoom to /Game/Maps/UEDPIE_0_TheRoom.TheRoom (0.003870s)
[2014.10.21-13.07.00:502][ 39]LogWorld: Game class is 'MyGame_C'
[2014.10.21-13.07.00:504][ 39]LogAIModule: Creating AISystem for world TheRoom
[2014.10.21-13.07.00:504][ 39]LogWorld: Bringing World /Game/Maps/UEDPIE_0_TheRoom.TheRoom up for play (max tick rate 0) at 2014.10.21-15.07.00
[2014.10.21-13.07.00:505][ 39]LogWorld: Bringing up level for play took: 0.001069
[2014.10.21-13.07.00:536][ 39]PIE: Info Play in editor start time for /Game/Maps/UEDPIE_0_TheRoom -0.429
[2014.10.21-13.07.07:141][563]LogActorComponent: UnregisterComponent: (/Engine/Transient.CharacterMovementComponent_0) Not registered. Aborting.
[2014.10.21-13.07.07:198][564]LogParticles: Destroying 0 GPU particle simulations for FXSystem 0x0000000014B7F4C0
[2014.10.21-13.07.43:549][554]Cmd: TRANSACTION UNDO
[2014.10.21-13.07.43:549][554]LogEditorTransaction: Undo Move Actors
[2014.10.21-13.07.49:045][849]LogEditorViewport: Clicking on Actor (LMB): DirectionalLight (DirectionalLight4)
[2014.10.21-13.07.52:437][ 38]LogEditorViewport: Clicking on Actor (LMB): DirectionalLight (DirectionalLight5)
[2014.10.21-13.08.05:015][729]LogUnrealMath: Expression Error : No value recognized
[2014.10.21-13.08.05:016][729]LogUnrealMath: Expression Error : Error in expression
[2014.10.21-13.08.14:221][233]LogEditorViewport: Clicking on Actor (LMB): StaticMeshActor (Environment_Door_Lowpoly)
[2014.10.21-13.08.14:820][258]LogEditorViewport: Clicking on Actor (LMB): DirectionalLight (DirectionalLight3)
[2014.10.21-13.08.26:001][821]Cmd: TRANSACTION UNDO
[2014.10.21-13.08.26:001][821]LogEditorTransaction: Undo Set actor location
[2014.10.21-13.08.26:500][836]Cmd: TRANSACTION UNDO
[2014.10.21-13.08.26:500][836]LogEditorTransaction: Undo Move Actors
[2014.10.21-13.08.27:157][871]Cmd: TRANSACTION UNDO
[2014.10.21-13.08.27:157][871]LogEditorTransaction: Undo Move Actors
[2014.10.21-13.08.35:185][313]LogEditorViewport: Clicking on Actor (LMB): DirectionalLight (DirectionalLight5)
[2014.10.21-13.08.36:846][409]LogEditorViewport: Clicking on Actor (LMB): DirectionalLight (DirectionalLight6)
[2014.10.21-13.09.09:809][200]LogEditorViewport: Clicking Background
[2014.10.21-13.09.11:585][303]LogPlayLevel: PIE:  No blueprints needed recompiling
[2014.10.21-13.09.11:586][303]PIE: New page: PIE session: TheRoom (Oct 21, 2014, 5:09:11 PM)
[2014.10.21-13.09.11:587][303]LogPlayLevel: PIE: StaticDuplicateObject took: (0.001341s)
[2014.10.21-13.09.11:588][303]LogPlayLevel: PIE: World Init took: (0.001243s)
[2014.10.21-13.09.11:588][303]LogPlayLevel: PIE: Created PIE world by copying editor world from /Game/Maps/TheRoom.TheRoom to /Game/Maps/UEDPIE_0_TheRoom.TheRoom (0.002787s)
[2014.10.21-13.09.11:618][303]LogWorld: Game class is 'MyGame_C'
[2014.10.21-13.09.11:620][303]LogAIModule: Creating AISystem for world TheRoom
[2014.10.21-13.09.11:621][303]LogWorld: Bringing World /Game/Maps/UEDPIE_0_TheRoom.TheRoom up for play (max tick rate 0) at 2014.10.21-15.09.11
[2014.10.21-13.09.11:621][303]LogWorld: Bringing up level for play took: 0.001294
[2014.10.21-13.09.11:623][303]PIE: Info Play in editor start time for /Game/Maps/UEDPIE_0_TheRoom 0.652
[2014.10.21-13.09.12:353][342]LogCharacterMovement: MyCharacter_C_2 is stuck and failed to move!
[2014.10.21-13.09.12:893][374]LogParticles: Destroying 0 GPU particle simulations for FXSystem 0x000000000C942480
[2014.10.21-13.09.13:884][438]MapCheck: New page: Map Check
[2014.10.21-13.09.13:911][438]Cmd: MAP REBUILD ALLVISIBLE
[2014.10.21-13.09.13:911][438]LogEditorServer: Rebuildmap Clear paths rebuilt
[2014.10.21-13.09.13:925][438]LightingResults: New page: Lighting Build - Oct 21, 2014, 5:09:13 PM
[2014.10.21-13.09.18:555][438]LogStaticLightingSystem:Warning: No importance volume found, so the scene bounding box was used.  You can optimize your scene's quality and lighting build times by adding importance volumes.
[2014.10.21-13.09.18:574][438]LogStaticLightingSystem: Running Lightmass w/ ImmediateImport mode ENABLED
[2014.10.21-13.09.18:574][438]LogStaticLightingSystem: Running Lightmass w/ ImmediateProcess mode ENABLED
[2014.10.21-13.09.18:574][438]LogStaticLightingSystem: Running Lightmass w/ Sorting mode ENABLED
[2014.10.21-13.09.18:574][438]LogStaticLightingSystem: Running Lightmass w/ Mapping paddings ENABLED
[2014.10.21-13.09.18:574][438]LogStaticLightingSystem: Running Lightmass w/ Mapping debug paddings DISABLED
[2014.10.21-13.09.18:739][438]LogEditorBuildUtils: Build time 0:00:04
[2014.10.21-13.09.18:760][438]LogMaterial: Missing cached shader map for material FLightmassMaterialRenderer Material__35, compiling.
[2014.10.21-13.09.18:763][438]LogMaterial: Missing cached shader map for material FLightmassMaterialRenderer Material__35, compiling.
[2014.10.21-13.09.18:765][438]LogMaterial: Missing cached shader map for material FLightmassMaterialRenderer Material__35, compiling.
[2014.10.21-13.09.23:511][582]LightingResults:Error: Error Environment_Door_Lowpoly Object has wrapping UVs.
[2014.10.21-13.09.23:932][605]LightingResults:Error: Error Furniture_Dresser_Lowpoly Object has wrapping UVs.
[2014.10.21-13.09.23:962][607]LightingResults:Error: Error Furniture_Dresser_Lowpoly Object has overlapping UVs.
[2014.10.21-13.09.23:984][608]LightingResults: Info Furniture_Dresser_Lowpoly Lightmap UV are overlapping by 15.8%. Please adjust content - Enable Error Coloring to visualize.
[2014.10.21-13.09.24:142][617]LightingResults:Error: Error Furniture_Closet_Lowpoly Object has wrapping UVs.
[2014.10.21-13.09.25:075][672]Job is a success!
[2014.10.21-13.09.25:168][674]LogMaterial:Warning: Material /Game/Meshes/Material__35.Material__35 needed to have new flag set bUsedWithStaticLighting !
[2014.10.21-13.09.25:170][674]LogMaterial: Missing cached shader map for material Material__35, compiling.
[2014.10.21-13.09.25:189][674]LogMaterial: 0.000152 seconds spent updating 1 materials, 1 interfaces, 0 instances, 0 with static permutations.
[2014.10.21-13.09.25:192][674]LightingResults:Error: Error DirectionalLight_3 Severe performance loss: Failed to allocate shadowmap channel for stationary light due to overlap - light will fall back to dynamic shadows!
[2014.10.21-13.09.25:205][674]LogTexture:Display: Building textures: HQ_Lightmap0_1 (AutoDXT)
[2014.10.21-13.09.25:233][674]LogTexture:Display: Building textures: LQ_Lightmap_0_3 (DXT1)
[2014.10.21-13.09.25:248][674]LogTexture:Display: Building textures: HQ_Lightmap0_3 (AutoDXT)
[2014.10.21-13.09.25:269][674]LogTexture:Display: Building textures: LQ_Lightmap_0_2 (DXT1)
[2014.10.21-13.09.25:378][674]LogTexture:Display: Building textures: HQ_Lightmap0_2 (AutoDXT)
[2014.10.21-13.09.25:588][674]LogTexture:Display: Building textures: LQ_Lightmap_0_1 (DXT1)
[2014.10.21-13.09.25:748][674]LogTexture:Display: Building textures: ShadowMapTexture2D_0 (BGRA8)
[2014.10.21-13.09.25:755][674]LogTexture:Display: Building textures: ShadowMapTexture2D_1 (BGRA8)
[2014.10.21-13.09.25:763][674]LogTexture:Display: Building textures: ShadowMapTexture2D_2 (BGRA8)
[2014.10.21-13.09.25:910][674]LogStaticLightingSystem:Warning: Illumination: 11.9 sec (573 ms encoding lightmaps)
[2014.10.21-13.09.25:910][674]LogStaticLightingSystem: Lightmap texture memory:  0.0 MB (0.0 MB streaming, 0.0 MB non-streaming), 6 textures
[2014.10.21-13.09.25:910][674]LogStaticLightingSystem: Shadowmap texture memory: 0.0 MB (0.0 MB streaming, 0.0 MB non-streaming), 3 textures
[2014.10.21-13.09.26:556][675]Cmd: MAP CHECK NOTIFYRESULTS
[2014.10.21-13.09.26:557][675]MapCheck: New page: TheRoom - Oct 21, 2014, 5:09:26 PM
[2014.10.21-13.09.26:632][675]MapCheck: Info ========== Map Check: 0 Error(s), 0 Warning(s), [74.81ms] ==========
[2014.10.21-13.09.34:888][  7]LogPlayLevel: PIE:  No blueprints needed recompiling
[2014.10.21-13.09.34:888][  7]PIE: New page: PIE session: TheRoom (Oct 21, 2014, 5:09:34 PM)
[2014.10.21-13.09.34:890][  7]LogPlayLevel: PIE: StaticDuplicateObject took: (0.001862s)
[2014.10.21-13.09.34:891][  7]LogPlayLevel: PIE: World Init took: (0.001022s)
[2014.10.21-13.09.34:891][  7]LogPlayLevel: PIE: Created PIE world by copying editor world from /Game/Maps/TheRoom.TheRoom to /Game/Maps/UEDPIE_0_TheRoom.TheRoom (0.003092s)
[2014.10.21-13.09.34:921][  7]LogWorld: Game class is 'MyGame_C'
[2014.10.21-13.09.34:922][  7]LogAIModule: Creating AISystem for world TheRoom
[2014.10.21-13.09.34:924][  7]LogWorld: Bringing World /Game/Maps/UEDPIE_0_TheRoom.TheRoom up for play (max tick rate 0) at 2014.10.21-15.09.34
[2014.10.21-13.09.34:925][  7]LogWorld: Bringing up level for play took: 0.002044
[2014.10.21-13.09.34:926][  7]PIE: Info Play in editor start time for /Game/Maps/UEDPIE_0_TheRoom -0.046
[2014.10.21-13.09.46:197][907]LogParticles: Destroying 0 GPU particle simulations for FXSystem 0x000000000C9418A0
[2014.10.21-13.09.52:741][371]LogEditorViewport: Clicking on Actor (LMB): StaticMeshActor (Furniture_Closet_Lowpoly)
[2014.10.21-13.09.53:462][397]LogEditorViewport: Clicking on Actor (LMB): StaticMeshActor (Furniture_Dresser_Lowpoly)
[2014.10.21-13.10.01:588][846]LogEditorViewport: Clicking on Actor (LMB): StaticMeshActor (TemplateCube_Rounded)
[2014.10.21-13.10.02:744][904]LogActorFactory: Actor Factory created Furniture_Secretary_Lowpoly
[2014.10.21-13.10.03:708][960]LogActorFactory: Actor Factory created Furniture_Secretary_Lowpoly
[2014.10.21-13.10.08:712][224]LogEditorViewport: Clicking on Actor (LMB): StaticMeshActor (TemplateCube_Rounded)
[2014.10.21-13.10.09:437][262]LogEditorViewport: Clicking on Actor (LMB): StaticMeshActor (TemplateCube_Rounded)
[2014.10.21-13.10.11:393][368]LogEditorViewport: Clicking on Actor (LMB): StaticMeshActor (Furniture_Dresser_Lowpoly)
[2014.10.21-13.10.11:845][392]Cmd: TRANSACTION UNDO
[2014.10.21-13.10.11:845][392]LogEditorTransaction: Undo Clicking on Actors
[2014.10.21-13.10.13:226][452]LogEditorViewport: Clicking on Actor (LMB): StaticMeshActor (Furniture_Dresser_Lowpoly)
[2014.10.21-13.10.22:280][913]LogUnrealMath: Expression Error : No value recognized
[2014.10.21-13.10.22:280][913]LogUnrealMath: Expression Error : Error in expression
[2014.10.21-13.10.29:495][283]LogEditorViewport: Clicking on Actor (LMB): StaticMeshActor (Furniture_Closet_Lowpoly)
[2014.10.21-13.10.36:160][620]LogEditorViewport: Clicking on Actor (LMB): StaticMeshActor (Furniture_Secretary_Lowpoly)
[2014.10.21-13.10.42:807][960]LogEditorViewport: Clicking on Actor (LMB): StaticMeshActor (Environment_Door_Lowpoly)
[2014.10.21-13.10.50:655][363]LogEditorViewport: Clicking on Actor (LMB): StaticMeshActor (Furniture_Dresser_Lowpoly)
[2014.10.21-13.10.54:722][586]LogEditorViewport: Clicking on Actor (LMB): StaticMeshActor (Furniture_Secretary_Lowpoly)
[2014.10.21-13.11.07:840][286]LogPlayLevel: PIE:  No blueprints needed recompiling
[2014.10.21-13.11.07:840][286]PIE: New page: PIE session: TheRoom (Oct 21, 2014, 5:11:07 PM)
[2014.10.21-13.11.07:842][286]LogPlayLevel: PIE: StaticDuplicateObject took: (0.002277s)
[2014.10.21-13.11.07:845][286]LogPlayLevel: PIE: World Init took: (0.002683s)
[2014.10.21-13.11.07:845][286]LogPlayLevel: PIE: Created PIE world by copying editor world from /Game/Maps/TheRoom.TheRoom to /Game/Maps/UEDPIE_0_TheRoom.TheRoom (0.005159s)
[2014.10.21-13.11.07:877][286]LogWorld: Game class is 'MyGame_C'
[2014.10.21-13.11.07:879][286]LogAIModule: Creating AISystem for world TheRoom
[2014.10.21-13.11.07:880][286]LogWorld: Bringing World /Game/Maps/UEDPIE_0_TheRoom.TheRoom up for play (max tick rate 0) at 2014.10.21-15.11.07
[2014.10.21-13.11.07:880][286]LogWorld: Bringing up level for play took: 0.001379
[2014.10.21-13.11.07:881][286]PIE: Info Play in editor start time for /Game/Maps/UEDPIE_0_TheRoom 0.905
[2014.10.21-13.12.07:824][884]LogActorComponent: UnregisterComponent: (/Engine/Transient.CharacterMovementComponent_1) Not registered. Aborting.
[2014.10.21-13.12.29:466][568]LogParticles: Destroying 0 GPU particle simulations for FXSystem 0x0000000011575440
[2014.10.21-13.12.31:226][650]LogEditorViewport: Clicking on Actor (LMB): StaticMeshActor (TemplateCube_Rounded)
[2014.10.21-13.12.32:019][684]LogEditorViewport: Clicking on Actor (LMB): StaticMeshActor (Furniture_Dresser_Lowpoly)
[2014.10.21-13.12.34:401][803]LogEditorViewport: Clicking on Actor (LMB): StaticMeshActor (Furniture_Secretary_Lowpoly)
[2014.10.21-13.12.35:132][842]LogEditorViewport: Clicking on Actor (LMB): StaticMeshActor (TemplateCube_Rounded)
[2014.10.21-13.12.35:578][864]LogEditorViewport: Clicking on Actor (LMB): StaticMeshActor (Furniture_Closet_Lowpoly)
[2014.10.21-13.12.36:616][919]LogEditorViewport: Clicking on Actor (LMB): StaticMeshActor (Environment_Door_Lowpoly)
[2014.10.21-13.12.37:298][955]LogEditorViewport: Clicking on Actor (LMB): StaticMeshActor (Furniture_Dresser_Lowpoly)
[2014.10.21-13.12.41:929][211]Cmd: DELETE
[2014.10.21-13.12.41:929][211]Cmd: ACTOR DELETE
[2014.10.21-13.12.41:930][211]LogEditorActor: Deleted Actor: StaticMeshActor
[2014.10.21-13.12.41:951][211]LogEditorActor: Deleted 1 Actors (0.022 secs)
[2014.10.21-13.12.42:852][277]LogEditorViewport: Clicking on Actor (LMB): StaticMeshActor (Furniture_Liege_lowpoly)
[2014.10.21-13.12.43:413][305]Cmd: DELETE
[2014.10.21-13.12.43:413][305]Cmd: ACTOR DELETE
[2014.10.21-13.12.43:413][305]LogEditorActor: Deleted Actor: StaticMeshActor
[2014.10.21-13.12.43:434][305]LogEditorActor: Deleted 1 Actors (0.021 secs)
[2014.10.21-13.12.44:082][352]LogEditorViewport: Clicking on Actor (LMB): StaticMeshActor (Furniture_Closet_Lowpoly)
[2014.10.21-13.12.44:198][355]Cmd: DELETE
[2014.10.21-13.12.44:198][355]Cmd: ACTOR DELETE
[2014.10.21-13.12.44:198][355]LogEditorActor: Deleted Actor: StaticMeshActor
[2014.10.21-13.12.44:219][355]LogEditorActor: Deleted 1 Actors (0.021 secs)
[2014.10.21-13.12.44:632][383]LogEditorViewport: Clicking on Actor (LMB): StaticMeshActor (Furniture_Secretary_Lowpoly)
[2014.10.21-13.12.44:863][393]Cmd: DELETE
[2014.10.21-13.12.44:863][393]Cmd: ACTOR DELETE
[2014.10.21-13.12.44:864][393]LogEditorActor: Deleted Actor: StaticMeshActor
[2014.10.21-13.12.44:884][393]LogEditorActor: Deleted 1 Actors (0.020 secs)
[2014.10.21-13.12.45:348][428]LogEditorViewport: Clicking on Actor (LMB): StaticMeshActor (Environment_Door_Lowpoly)
[2014.10.21-13.12.45:570][438]Cmd: DELETE
[2014.10.21-13.12.45:570][438]Cmd: ACTOR DELETE
[2014.10.21-13.12.45:571][438]LogEditorActor: Deleted Actor: StaticMeshActor
[2014.10.21-13.12.45:591][438]LogEditorActor: Deleted 1 Actors (0.021 secs)
[2014.10.21-13.12.54:050][662]LogObjectTools:Warning: ForceReplaceReferences replaced references for a transient object 'TransBuffer_0' or package '/Engine/Transient'.
[2014.10.21-13.12.55:868][768]Cmd: TRANSACTION UNDO
[2014.10.21-13.12.55:868][768]LogEditorTransaction: Undo Delete Actors
[2014.10.21-13.12.57:297][837]Cmd: TRANSACTION REDO
[2014.10.21-13.12.57:297][837]LogEditorTransaction: Redo Delete Actors
[2014.10.21-13.13.01:804][123]LogActorComponent: UnregisterComponent: (/Engine/Transient.CharacterMovementComponent_2) Not registered. Aborting.
[2014.10.21-13.13.01:824][123]LogParticles: Destroying 0 GPU particle simulations for FXSystem 0x0000000011577880
[2014.10.21-13.13.07:066][427]Cmd: BRUSH ADD SELECTNEWBRUSH
[2014.10.21-13.13.09:877][600]MapCheck: New page: Map Check
[2014.10.21-13.13.09:896][600]Cmd: MAP REBUILD ALLVISIBLE
[2014.10.21-13.13.09:897][600]LogEditorServer: Rebuildmap Clear paths rebuilt
[2014.10.21-13.13.09:923][600]LightingResults: New page: Lighting Build - Oct 21, 2014, 5:13:09 PM
[2014.10.21-13.13.14:511][600]LogStaticLightingSystem:Warning: No importance volume found, so the scene bounding box was used.  You can optimize your scene's quality and lighting build times by adding importance volumes.
[2014.10.21-13.13.14:534][600]LogStaticLightingSystem: Running Lightmass w/ ImmediateImport mode ENABLED
[2014.10.21-13.13.14:534][600]LogStaticLightingSystem: Running Lightmass w/ ImmediateProcess mode ENABLED
[2014.10.21-13.13.14:534][600]LogStaticLightingSystem: Running Lightmass w/ Sorting mode ENABLED
[2014.10.21-13.13.14:534][600]LogStaticLightingSystem: Running Lightmass w/ Mapping paddings ENABLED
[2014.10.21-13.13.14:534][600]LogStaticLightingSystem: Running Lightmass w/ Mapping debug paddings DISABLED
[2014.10.21-13.13.14:589][600]LogEditorBuildUtils: Build time 0:00:04
[2014.10.21-13.13.14:637][601]LogActorComponent: UnregisterComponent: (/Engine/Transient.CharacterMovementComponent_3) Not registered. Aborting.
[2014.10.21-13.13.15:648][634]Job is a success!
[2014.10.21-13.13.15:731][635]LightingResults:Error: Error DirectionalLight_3 Severe performance loss: Failed to allocate shadowmap channel for stationary light due to overlap - light will fall back to dynamic shadows!
[2014.10.21-13.13.15:740][635]LogTexture:Display: Building textures: HQ_Lightmap1_1 (AutoDXT)
[2014.10.21-13.13.15:750][635]LogTexture:Display: Building textures: LQ_Lightmap_1_1 (DXT1)
[2014.10.21-13.13.15:773][635]LogTexture:Display: Building textures: ShadowMapTexture2D_3 (BGRA8)
[2014.10.21-13.13.15:812][635]Lightmass on 2011-KURS-09: 707 ms total, 279 ms importing, 0 ms setup, 100 ms photons, 298 ms processing, 0 ms extra exporting [6/6 mappings]. Threads: 879 ms total, 26 ms processing.
[2014.10.21-13.13.15:815][635]LogStaticLightingSystem:Warning: Illumination: 5.86 sec (47 ms encoding lightmaps)
[2014.10.21-13.13.15:815][635]LogStaticLightingSystem: Lightmap texture memory:  0.0 MB (0.0 MB streaming, 0.0 MB non-streaming), 2 textures
[2014.10.21-13.13.15:815][635]LogStaticLightingSystem: Shadowmap texture memory: 0.0 MB (0.0 MB streaming, 0.0 MB non-streaming), 4 textures
[2014.10.21-13.13.16:546][636]Cmd: MAP CHECK NOTIFYRESULTS
[2014.10.21-13.13.16:546][636]MapCheck: New page: TheRoom - Oct 21, 2014, 5:13:16 PM
[2014.10.21-13.13.16:547][636]MapCheck:Error: Error TemplateCube_Rounded_9 Component is a static type but has invalid lightmap settings!  Indirect lighting will be black.  Common causes are lightmap resolution of 0, LightmapCoordinateIndex out of bounds. 
[2014.10.21-13.13.16:547][636]MapCheck:Warning: Warning TemplateCube_Rounded_9 TemplateCube_Rounded_9 : Static mesh actor has NULL StaticMesh property 
[2014.10.21-13.13.16:547][636]MapCheck:Warning: Warning TemplateCube_Rounded_9 TemplateCube_Rounded_9 : Static mesh actor has NULL StaticMesh property 
[2014.10.21-13.13.16:600][636]MapCheck: Info ========== Map Check: 1 Error(s), 2 Warning(s), [54.109ms] ==========
[2014.10.21-13.13.28:949][331]LogEditorActor: Deleted Actor: DirectionalLight
[2014.10.21-13.13.28:970][331]LogEditorActor: Deleted 1 Actors (0.021 secs)
[2014.10.21-13.13.30:277][430]LogEditorActor: Deleted Actor: DirectionalLight
[2014.10.21-13.13.30:298][430]LogEditorActor: Deleted 1 Actors (0.021 secs)
[2014.10.21-13.13.30:787][473]LogEditorActor: Deleted Actor: DirectionalLight
[2014.10.21-13.13.30:808][473]LogEditorActor: Deleted 1 Actors (0.021 secs)
[2014.10.21-13.13.31:376][524]LogEditorActor: Deleted Actor: DirectionalLight
[2014.10.21-13.13.31:397][524]LogEditorActor: Deleted 1 Actors (0.021 secs)
[2014.10.21-13.13.32:598][631]LogEditorViewport: Clicking Background
[2014.10.21-13.13.36:977][924]LogEditorViewport: Clicking on Actor (LMB): DirectionalLight (DirectionalLight3)
[2014.10.21-13.13.43:005][307]LogEditorViewport: Clicking on Actor (LMB): PlayerStart (PlayerStart1)
[2014.10.21-13.15.36:684][818]LogStaticMesh: Building static mesh Box_Brush_StaticMesh...
[2014.10.21-13.15.36:685][818]LogStaticMesh: Built static mesh [1.902267ms] /Game/Meshes/Box_Brush_StaticMesh.Box_Brush_StaticMesh
[2014.10.21-13.15.36:699][818]LogActorFactory: Actor Factory created Box_Brush_StaticMesh
[2014.10.21-13.15.36:734][818]EditorErrors: New page: Actor Reattachment
[2014.10.21-13.15.43:354][143]LogSavePackage: Save=41.440674ms
[2014.10.21-13.15.43:354][143]LogSavePackage: Moving '../../../../../../Users/lennart.daldrup/Documents/Unreal Projects/TheRoom/Saved/TheRoom_Auto178E6BD1C4FF59C6BA5AA199522ADA464.tmp' to '../../../../../../Users/lennart.daldrup/Documents/Unreal Projects/TheRoom/Saved/Autosaves/Game/Maps/TheRoom_Auto1.umap'
[2014.10.21-13.15.43:365][143]LogFileHelpers: Editor autosave (incl. sublevels) for '/Game/Maps/TheRoom' took 0.105
[2014.10.21-13.15.43:365][143]LogFileHelpers: Editor autosave (incl. sublevels) for all levels took 0.105
[2014.10.21-13.15.43:375][143]OBJ SavePackage: Generating thumbnails for [1] asset(s) in package [/Game/Meshes/Box_Brush_StaticMesh] ([1] browsable assets)...
[2014.10.21-13.15.43:405][143]OBJ SavePackage:     Rendered thumbnail for [StaticMesh /Game/Meshes/Box_Brush_StaticMesh.Box_Brush_StaticMesh]
[2014.10.21-13.15.43:405][143]OBJ SavePackage: Finished generating thumbnails for package [/Game/Meshes/Box_Brush_StaticMesh]
[2014.10.21-13.15.43:619][143]LogSavePackage: Save=186.536560ms
[2014.10.21-13.15.43:619][143]LogSavePackage: Moving '../../../../../../Users/lennart.daldrup/Documents/Unreal Projects/TheRoom/Saved/Box_Brush_StaticMesh_Auto153285E094D32AD4E8BC549B986D343D2.tmp' to '../../../../../../Users/lennart.daldrup/Documents/Unreal Projects/TheRoom/Saved/Autosaves/Game/Meshes/Box_Brush_StaticMesh_Auto1.uasset'
[2014.10.21-13.15.43:630][143]LogFileHelpers: Auto-saving content packages took 0.265
[2014.10.21-13.16.10:952][580]LogStaticMesh: Building static mesh Box_Brush_StaticMesh...
[2014.10.21-13.16.10:953][580]LogStaticMesh: Built static mesh [2.681556ms] /Game/Meshes/Box_Brush_StaticMesh.Box_Brush_StaticMesh
[2014.10.21-13.16.20:793][ 90]Cmd: OBJ SAVEPACKAGE PACKAGE="/Game/Meshes/Box_Brush_StaticMesh" FILE="../../../../../../Users/lennart.daldrup/Documents/Unreal Projects/TheRoom/Content/Meshes/Box_Brush_StaticMesh.uasset" SILENT=true
[2014.10.21-13.16.20:986][ 90]LogSavePackage: Save=179.740509ms
[2014.10.21-13.16.20:986][ 90]LogSavePackage: Moving '../../../../../../Users/lennart.daldrup/Documents/Unreal Projects/TheRoom/Saved/Box_Brush_StaticMeshCCAA8A3B4264004D8D0B16B06B8473C0.tmp' to '../../../../../../Users/lennart.daldrup/Documents/Unreal Projects/TheRoom/Content/Meshes/Box_Brush_StaticMesh.uasset'
[2014.10.21-13.16.23:095][216]LogEditorViewport: Clicking on Actor (LMB): StaticMeshActor (Box_Brush_StaticMesh)
[2014.10.21-13.16.26:975][433]MapCheck: New page: Map Check
[2014.10.21-13.16.26:988][433]Cmd: MAP REBUILD ALLVISIBLE
[2014.10.21-13.16.26:989][433]LogEditorServer: Rebuildmap Clear paths rebuilt
[2014.10.21-13.16.27:000][433]LightingResults: New page: Lighting Build - Oct 21, 2014, 5:16:27 PM
[2014.10.21-13.16.31:577][433]LogStaticLightingSystem:Warning: No importance volume found, so the scene bounding box was used.  You can optimize your scene's quality and lighting build times by adding importance volumes.
[2014.10.21-13.16.31:577][433]LogStaticLightingSystem: Running Lightmass w/ ImmediateImport mode ENABLED
[2014.10.21-13.16.31:577][433]LogStaticLightingSystem: Running Lightmass w/ ImmediateProcess mode ENABLED
[2014.10.21-13.16.31:577][433]LogStaticLightingSystem: Running Lightmass w/ Sorting mode ENABLED
[2014.10.21-13.16.31:577][433]LogStaticLightingSystem: Running Lightmass w/ Mapping paddings ENABLED
[2014.10.21-13.16.31:577][433]LogStaticLightingSystem: Running Lightmass w/ Mapping debug paddings DISABLED
[2014.10.21-13.16.31:614][433]LogEditorBuildUtils: Build time 0:00:04
[2014.10.21-13.16.31:685][434]LogParticles: Destroying 0 GPU particle simulations for FXSystem 0x000000000A8CD260
[2014.10.21-13.16.32:590][465]Job is a success!
[2014.10.21-13.16.32:666][466]Lightmass on 2011-KURS-09: 559 ms total, 265 ms importing, 0 ms setup, 126 ms photons, 130 ms processing, 0 ms extra exporting [0/0 mappings]. Threads: 380 ms total, 0 ms processing.
[2014.10.21-13.16.32:670][466]LogStaticLightingSystem:Warning: Illumination: 5.64 sec (0 ms encoding lightmaps)
[2014.10.21-13.16.32:670][466]LogStaticLightingSystem: Lightmap texture memory:  0.0 MB (0.0 MB streaming, 0.0 MB non-streaming), 0 textures
[2014.10.21-13.16.32:670][466]LogStaticLightingSystem: Shadowmap texture memory: 0.0 MB (0.0 MB streaming, 0.0 MB non-streaming), 4 textures
[2014.10.21-13.16.33:613][467]Cmd: MAP CHECK NOTIFYRESULTS
[2014.10.21-13.16.33:613][467]MapCheck: New page: TheRoom - Oct 21, 2014, 5:16:33 PM
[2014.10.21-13.16.33:613][467]MapCheck:Error: Error TemplateCube_Rounded_9 Component is a static type but has invalid lightmap settings!  Indirect lighting will be black.  Common causes are lightmap resolution of 0, LightmapCoordinateIndex out of bounds. 
[2014.10.21-13.16.33:614][467]MapCheck:Warning: Warning TemplateCube_Rounded_9 TemplateCube_Rounded_9 : Static mesh actor has NULL StaticMesh property 
[2014.10.21-13.16.33:614][467]MapCheck:Warning: Warning TemplateCube_Rounded_9 TemplateCube_Rounded_9 : Static mesh actor has NULL StaticMesh property 
[2014.10.21-13.16.33:614][467]MapCheck:Error: Error Box_Brush_StaticMesh Component is a static type but has invalid lightmap settings!  Indirect lighting will be black.  Common causes are lightmap resolution of 0, LightmapCoordinateIndex out of bounds. 
[2014.10.21-13.16.33:665][467]MapCheck: Info ========== Map Check: 2 Error(s), 2 Warning(s), [51.845ms] ==========
[2014.10.21-13.16.43:844][ 26]LogEditorActor: Deleted Actor: StaticMeshActor
[2014.10.21-13.16.43:864][ 26]LogEditorActor: Deleted 1 Actors (0.020 secs)
[2014.10.21-13.16.47:453][254]MapCheck: New page: Map Check
[2014.10.21-13.16.47:472][254]Cmd: MAP REBUILD ALLVISIBLE
[2014.10.21-13.16.47:472][254]LogEditorServer: Rebuildmap Clear paths rebuilt
[2014.10.21-13.16.47:483][254]LightingResults: New page: Lighting Build - Oct 21, 2014, 5:16:47 PM
[2014.10.21-13.16.52:058][254]LogStaticLightingSystem:Warning: No importance volume found, so the scene bounding box was used.  You can optimize your scene's quality and lighting build times by adding importance volumes.
[2014.10.21-13.16.52:058][254]LogStaticLightingSystem: Running Lightmass w/ ImmediateImport mode ENABLED
[2014.10.21-13.16.52:058][254]LogStaticLightingSystem: Running Lightmass w/ ImmediateProcess mode ENABLED
[2014.10.21-13.16.52:058][254]LogStaticLightingSystem: Running Lightmass w/ Sorting mode ENABLED
[2014.10.21-13.16.52:058][254]LogStaticLightingSystem: Running Lightmass w/ Mapping paddings ENABLED
[2014.10.21-13.16.52:058][254]LogStaticLightingSystem: Running Lightmass w/ Mapping debug paddings DISABLED
[2014.10.21-13.16.52:097][254]LogEditorBuildUtils: Build time 0:00:04
[2014.10.21-13.16.53:435][308]Job is a success!
[2014.10.21-13.16.53:542][310]Lightmass on 2011-KURS-09: 623 ms total, 256 ms importing, 1 ms setup, 121 ms photons, 197 ms processing, 0 ms extra exporting [0/0 mappings]. Threads: 568 ms total, 0 ms processing.
[2014.10.21-13.16.53:545][310]LogStaticLightingSystem:Warning: Illumination: 6.03 sec (0 ms encoding lightmaps)
[2014.10.21-13.16.53:545][310]LogStaticLightingSystem: Lightmap texture memory:  0.0 MB (0.0 MB streaming, 0.0 MB non-streaming), 0 textures
[2014.10.21-13.16.53:545][310]LogStaticLightingSystem: Shadowmap texture memory: 0.0 MB (0.0 MB streaming, 0.0 MB non-streaming), 4 textures
[2014.10.21-13.16.54:094][311]Cmd: MAP CHECK NOTIFYRESULTS
[2014.10.21-13.16.54:094][311]MapCheck: New page: TheRoom - Oct 21, 2014, 5:16:54 PM
[2014.10.21-13.16.54:094][311]MapCheck:Error: Error Box_Brush_StaticMesh Component is a static type but has invalid lightmap settings!  Indirect lighting will be black.  Common causes are lightmap resolution of 0, LightmapCoordinateIndex out of bounds. 
[2014.10.21-13.16.54:143][311]MapCheck: Info ========== Map Check: 1 Error(s), 0 Warning(s), [49.299ms] ==========
[2014.10.21-13.19.11:646][969]Cmd: OBJ SAVEPACKAGE PACKAGE="/Game/Meshes/Box_Brush_StaticMesh" FILE="../../../../../../Users/lennart.daldrup/Documents/Unreal Projects/TheRoom/Content/Meshes/Box_Brush_StaticMesh.uasset" SILENT=true
[2014.10.21-13.19.11:678][969]LogSavePackage: Save=18.453114ms
[2014.10.21-13.19.11:678][969]LogSavePackage: Moving '../../../../../../Users/lennart.daldrup/Documents/Unreal Projects/TheRoom/Saved/Box_Brush_StaticMesh017BBE634D76CA162A1C9BA6F2D98B73.tmp' to '../../../../../../Users/lennart.daldrup/Documents/Unreal Projects/TheRoom/Content/Meshes/Box_Brush_StaticMesh.uasset'
[2014.10.21-13.20.00:145][245]LogParticles: Destroying 0 GPU particle simulations for FXSystem 0x000000001AA34A40
[2014.10.21-13.20.09:065][517]Cmd: DELETE
[2014.10.21-13.20.09:065][517]Cmd: ACTOR DELETE
[2014.10.21-13.20.09:065][517]LogEditorActor: Deleted Actor: StaticMeshActor
[2014.10.21-13.20.09:065][517]LogActorComponent: UnregisterComponent: (/Engine/Transient.CharacterMovementComponent_4) Not registered. Aborting.
[2014.10.21-13.20.09:086][517]LogEditorActor: Deleted 1 Actors (0.021 secs)
[2014.10.21-13.20.50:950][493]Cmd: ACTOR SELECT ALL
[2014.10.21-13.20.53:464][665]LogNavigationPoint: PostEditMove Clear paths rebuilt
[2014.10.21-13.21.01:075][156]LogEditorViewport: Clicking Background
[2014.10.21-13.21.08:250][677]Cmd: CAMERA ALIGN ACTIVEVIEWPORTONLY
[2014.10.21-13.21.08:250][677]Aligned camera to fit all selected actors.
[2014.10.21-13.21.22:267][566]Cmd: OBJ SAVEPACKAGE PACKAGE="/Game/Maps/TheRoom" FILE="../../../../../../Users/lennart.daldrup/Documents/Unreal Projects/TheRoom/Content/Maps/TheRoom.umap" SILENT=true AUTOSAVING=false KEEPDIRTY=false
[2014.10.21-13.21.22:338][566]LogSavePackage: Save=37.381916ms
[2014.10.21-13.21.22:338][566]LogSavePackage: Moving '../../../../../../Users/lennart.daldrup/Documents/Unreal Projects/TheRoom/Saved/TheRoom8B2EE0FA49945F4F48499A82E25C4E00.tmp' to '../../../../../../Users/lennart.daldrup/Documents/Unreal Projects/TheRoom/Content/Maps/TheRoom.umap'
[2014.10.21-13.21.22:369][566]LogFileHelpers: Saving map 'TheRoom' took 0.155
[2014.10.21-13.21.26:578][824]LogUProjectInfo: Found projects:
[2014.10.21-13.22.01:733][ 71]Cmd: CLOSE_SLATE_MAINFRAME
[2014.10.21-13.22.02:238][ 72]Cmd: QUIT_EDITOR
[2014.10.21-13.22.02:419][ 72]LogWindowsTextInputMethodSystem:Error: Terminating failed while unadvising the language notification sink from the TSF source.
[2014.10.21-13.22.02:420][ 72]LogExit: Preparing to exit.
[2014.10.21-13.22.03:171][ 72]LogExit: Editor shut down
[2014.10.21-13.22.03:172][ 72]LogParticles: Destroying 0 GPU particle simulations for FXSystem 0x00000000164F84A0
[2014.10.21-13.22.03:173][ 72]LogExit: Transaction tracking system shut down
[2014.10.21-13.22.03:174][ 72]LogParticles: Destroying 0 GPU particle simulations for FXSystem 0x0000000014B7DC60
[2014.10.21-13.22.03:174][ 72]LogParticles: Destroying 0 GPU particle simulations for FXSystem 0x000000000A8CF600
[2014.10.21-13.22.03:199][ 72]LogParticles: Destroying 0 GPU particle simulations for FXSystem 0x0000000011575760
[2014.10.21-13.22.03:199][ 72]LogExit: Object subsystem successfully closed.
[2014.10.21-13.22.03:258][ 72]LogModuleManager: Shutting down and abandoning module StaticMeshEditor (162)
[2014.10.21-13.22.03:258][ 72]LogModuleManager: Shutting down and abandoning module StatsViewer (161)
[2014.10.21-13.22.03:258][ 72]LogModuleManager: Shutting down and abandoning module AndroidDeviceDetection (160)
[2014.10.21-13.22.03:258][ 72]LogModuleManager: Shutting down and abandoning module HTTP (159)
[2014.10.21-13.22.03:258][ 72]LogModuleManager: Shutting down and abandoning module CrashTracker (158)
[2014.10.21-13.22.03:258][ 72]LogModuleManager: Shutting down and abandoning module SuperSearch (157)
[2014.10.21-13.22.03:269][ 72]LogModuleManager: Shutting down and abandoning module SceneOutliner (156)
[2014.10.21-13.22.03:269][ 72]LogModuleManager: Shutting down and abandoning module EditorWidgets (155)
[2014.10.21-13.22.03:269][ 72]LogModuleManager: Shutting down and abandoning module CollectionManager (154)
[2014.10.21-13.22.03:280][ 72]LogModuleManager: Shutting down and abandoning module FoliageEdit (153)
[2014.10.21-13.22.03:280][ 72]LogModuleManager: Shutting down and abandoning module LandscapeEditor (152)
[2014.10.21-13.22.03:281][ 72]LogModuleManager: Shutting down and abandoning module MeshPaint (151)
[2014.10.21-13.22.03:281][ 72]LogModuleManager: Shutting down and abandoning module ActorPickerMode (150)
[2014.10.21-13.22.03:281][ 72]LogModuleManager: Shutting down and abandoning module GeometryMode (149)
[2014.10.21-13.22.03:281][ 72]LogModuleManager: Shutting down and abandoning module TextureAlignMode (148)
[2014.10.21-13.22.03:281][ 72]LogModuleManager: Shutting down and abandoning module BspMode (147)
[2014.10.21-13.22.03:281][ 72]LogModuleManager: Shutting down and abandoning module PlacementMode (146)
[2014.10.21-13.22.03:281][ 72]LogModuleManager: Shutting down and abandoning module DesktopPlatform (145)
[2014.10.21-13.22.03:281][ 72]LogModuleManager: Shutting down and abandoning module AutomationWorker (144)
[2014.10.21-13.22.03:281][ 72]LogModuleManager: Shutting down and abandoning module EditorLiveStreaming (143)
[2014.10.21-13.22.03:281][ 72]LogModuleManager: Shutting down and abandoning module BehaviorTreeEditor (142)
[2014.10.21-13.22.03:281][ 72]LogModuleManager: Shutting down and abandoning module DeviceProfileEditor (141)
[2014.10.21-13.22.03:281][ 72]LogModuleManager: Shutting down and abandoning module UndoHistory (140)
[2014.10.21-13.22.03:281][ 72]LogModuleManager: Shutting down and abandoning module GameplayTagsEditor (139)
[2014.10.21-13.22.03:281][ 72]LogModuleManager: Shutting down and abandoning module UserFeedback (138)
[2014.10.21-13.22.03:281][ 72]LogModuleManager: Shutting down and abandoning module XmlParser (137)
[2014.10.21-13.22.03:281][ 72]LogModuleManager: Shutting down and abandoning module Blutility (136)
[2014.10.21-13.22.03:281][ 72]LogModuleManager: Shutting down and abandoning module IOSPlatformEditor (135)
[2014.10.21-13.22.03:281][ 72]LogModuleManager: Shutting down and abandoning module IOSRuntimeSettings (134)
[2014.10.21-13.22.03:281][ 72]LogModuleManager: Shutting down and abandoning module AndroidPlatformEditor (133)
[2014.10.21-13.22.03:281][ 72]LogModuleManager: Shutting down and abandoning module AndroidRuntimeSettings (132)
[2014.10.21-13.22.03:281][ 72]LogModuleManager: Shutting down and abandoning module ProjectTargetPlatformEditor (131)
[2014.10.21-13.22.03:281][ 72]LogModuleManager: Shutting down and abandoning module ProjectSettingsViewer (130)
[2014.10.21-13.22.03:281][ 72]LogModuleManager: Shutting down and abandoning module InputBindingEditor (129)
[2014.10.21-13.22.03:281][ 72]LogModuleManager: Shutting down and abandoning module EditorSettingsViewer (128)
[2014.10.21-13.22.03:281][ 72]LogModuleManager: Shutting down and abandoning module SettingsEditor (127)
[2014.10.21-13.22.03:281][ 72]LogModuleManager: Shutting down and abandoning module SessionLauncher (126)
[2014.10.21-13.22.03:281][ 72]LogModuleManager: Shutting down and abandoning module SessionFrontend (125)
[2014.10.21-13.22.03:281][ 72]LogModuleManager: Shutting down and abandoning module ProfilerClient (124)
[2014.10.21-13.22.03:281][ 72]LogModuleManager: Shutting down and abandoning module TargetDeviceServices (123)
[2014.10.21-13.22.03:281][ 72]LogModuleManager: Shutting down and abandoning module DeviceManager (122)
[2014.10.21-13.22.03:281][ 72]LogModuleManager: Shutting down and abandoning module AutomationController (121)
[2014.10.21-13.22.03:281][ 72]LogModuleManager: Shutting down and abandoning module AutomationWindow (120)
[2014.10.21-13.22.03:281][ 72]LogModuleManager: Shutting down and abandoning module Layers (119)
[2014.10.21-13.22.03:281][ 72]LogModuleManager: Shutting down and abandoning module ComponentVisualizers (118)
[2014.10.21-13.22.03:281][ 72]LogModuleManager: Shutting down and abandoning module DetailCustomizations (117)
[2014.10.21-13.22.03:281][ 72]LogModuleManager: Shutting down and abandoning module PackagesDialog (116)
[2014.10.21-13.22.03:281][ 72]LogModuleManager: Shutting down and abandoning module DirectoryWatcher (115)
[2014.10.21-13.22.03:282][ 72]LogModuleManager: Shutting down and abandoning module AssetRegistry (114)
[2014.10.21-13.22.03:315][ 72]LogModuleManager: Shutting down and abandoning module Persona (113)
[2014.10.21-13.22.03:315][ 72]LogModuleManager: Shutting down and abandoning module GraphEditor (112)
[2014.10.21-13.22.03:315][ 72]LogModuleManager: Shutting down and abandoning module ClassViewer (111)
[2014.10.21-13.22.03:315][ 72]LogModuleManager: Shutting down and abandoning module Toolbox (110)
[2014.10.21-13.22.03:315][ 72]LogModuleManager: Shutting down and abandoning module ModuleUI (109)
[2014.10.21-13.22.03:315][ 72]LogModuleManager: Shutting down and abandoning module Sequencer (108)
[2014.10.21-13.22.03:315][ 72]LogModuleManager: Shutting down and abandoning module MovieSceneTools (107)
[2014.10.21-13.22.03:315][ 72]LogModuleManager: Shutting down and abandoning module OutputLog (106)
[2014.10.21-13.22.03:315][ 72]LogModuleManager: Shutting down and abandoning module GammaUI (105)
[2014.10.21-13.22.03:315][ 72]LogModuleManager: Shutting down and abandoning module Documentation (104)
[2014.10.21-13.22.03:315][ 72]LogModuleManager: Shutting down and abandoning module GameLiveStreaming (103)
[2014.10.21-13.22.03:315][ 72]LogModuleManager: Shutting down and abandoning module StreamingPauseRendering (102)
[2014.10.21-13.22.03:315][ 72]LogModuleManager: Shutting down and abandoning module AnalyticsET (101)
[2014.10.21-13.22.03:315][ 72]LogModuleManager: Shutting down and abandoning module Analytics (100)
[2014.10.21-13.22.03:315][ 72]LogModuleManager: Shutting down and abandoning module GameplayDebugger (99)
[2014.10.21-13.22.03:315][ 72]LogModuleManager: Shutting down and abandoning module AIModule (98)
[2014.10.21-13.22.03:315][ 72]LogModuleManager: Shutting down and abandoning module ProfilerService (97)
[2014.10.21-13.22.03:563][ 72]LogModuleManager: Shutting down and abandoning module TaskGraph (96)
[2014.10.21-13.22.03:563][ 72]LogModuleManager: Shutting down and abandoning module SlateRemote (95)
[2014.10.21-13.22.03:563][ 72]LogModuleManager: Shutting down and abandoning module ScriptEditorPlugin (94)
[2014.10.21-13.22.03:563][ 72]LogModuleManager: Shutting down and abandoning module CustomMeshComponent (93)
[2014.10.21-13.22.03:563][ 72]LogModuleManager: Shutting down and abandoning module CableComponent (92)
[2014.10.21-13.22.03:563][ 72]LogModuleManager: Shutting down and abandoning module MessagingDebugger (91)
[2014.10.21-13.22.03:563][ 72]LogModuleManager: Shutting down and abandoning module ViewportSnapping (90)
[2014.10.21-13.22.03:563][ 72]LogModuleManager: Shutting down and abandoning module SmartSnapping (89)
[2014.10.21-13.22.03:563][ 72]LogModuleManager: Shutting down and abandoning module PaperTiledImporter (88)
[2014.10.21-13.22.03:563][ 72]LogModuleManager: Shutting down and abandoning module PaperJsonImporter (87)
[2014.10.21-13.22.03:563][ 72]LogModuleManager: Shutting down and abandoning module GameProjectGeneration (86)
[2014.10.21-13.22.03:563][ 72]LogModuleManager: Shutting down and abandoning module Matinee (85)
[2014.10.21-13.22.03:563][ 72]LogModuleManager: Shutting down and abandoning module Kismet (84)
[2014.10.21-13.22.03:563][ 72]LogModuleManager: Shutting down and abandoning module SlateReflector (83)
[2014.10.21-13.22.03:563][ 72]LogModuleManager: Shutting down and abandoning module LevelEditor (82)
[2014.10.21-13.22.03:564][ 72]LogModuleManager: Shutting down and abandoning module IntroTutorials (81)
[2014.10.21-13.22.03:564][ 72]LogModuleManager: Shutting down and abandoning module ContentBrowser (80)
[2014.10.21-13.22.03:564][ 72]LogModuleManager: Shutting down and abandoning module PropertyEditor (79)
[2014.10.21-13.22.03:564][ 72]LogModuleManager: Shutting down and abandoning module AssetTools (78)
[2014.10.21-13.22.03:564][ 72]LogModuleManager: Shutting down and abandoning module Paper2DEditor (77)
[2014.10.21-13.22.03:564][ 72]LogModuleManager: Shutting down and abandoning module SpeedTreeImporter (76)
[2014.10.21-13.22.03:565][ 72]LogModuleManager: Shutting down and abandoning module PluginsEditor (75)
[2014.10.21-13.22.03:565][ 72]LogModuleManager: Shutting down and abandoning module MainFrame (74)
[2014.10.21-13.22.03:565][ 72]LogModuleManager: Shutting down and abandoning module EpicSurvey (73)
[2014.10.21-13.22.03:565][ 72]LogModuleManager: Shutting down and abandoning module VisualStudioSourceCodeAccess (72)
[2014.10.21-13.22.03:565][ 72]LogModuleManager: Shutting down and abandoning module UObjectPlugin (71)
[2014.10.21-13.22.03:565][ 72]LogModuleManager: Shutting down and abandoning module SubversionSourceControl (70)
[2014.10.21-13.22.03:565][ 72]LogModuleManager: Shutting down and abandoning module SourceControl (69)
[2014.10.21-13.22.03:565][ 72]LogModuleManager: Shutting down and abandoning module PerforceSourceControl (68)
[2014.10.21-13.22.03:565][ 72]LogModuleManager: Shutting down and abandoning module BlankPlugin (67)
[2014.10.21-13.22.03:565][ 72]LogModuleManager: Shutting down and abandoning module ScriptPlugin (66)
[2014.10.21-13.22.03:565][ 72]LogModuleManager: Shutting down and abandoning module UdpMessaging (65)
[2014.10.21-13.22.03:665][ 72]LogModuleManager: Shutting down and abandoning module Paper2D (64)
[2014.10.21-13.22.03:665][ 72]LogModuleManager: Shutting down and abandoning module WindowsMoviePlayer (63)
[2014.10.21-13.22.03:669][ 72]LogModuleManager: Shutting down and abandoning module ImageWrapper (62)
[2014.10.21-13.22.03:669][ 72]LogModuleManager: Shutting down and abandoning module OnlineBlueprintSupport (61)
[2014.10.21-13.22.03:669][ 72]LogModuleManager: Shutting down and abandoning module FunctionalTesting (60)
[2014.10.21-13.22.03:669][ 72]LogModuleManager: Shutting down and abandoning module CollisionAnalyzer (59)
[2014.10.21-13.22.03:669][ 72]LogModuleManager: Shutting down and abandoning module WorkspaceMenuStructure (58)
[2014.10.21-13.22.03:669][ 72]LogModuleManager: Shutting down and abandoning module MessageLog (57)
[2014.10.21-13.22.03:669][ 72]LogModuleManager: Shutting down and abandoning module UMGEditor (56)
[2014.10.21-13.22.03:669][ 72]LogModuleManager: Shutting down and abandoning module UMG (55)
[2014.10.21-13.22.03:669][ 72]LogModuleManager: Shutting down and abandoning module Slate (54)
[2014.10.21-13.22.03:669][ 72]LogModuleManager: Shutting down and abandoning module EditorStyle (53)
[2014.10.21-13.22.03:671][ 72]LogModuleManager: Shutting down and abandoning module SessionServices (52)
[2014.10.21-13.22.03:671][ 72]LogModuleManager: Shutting down and abandoning module SourceCodeAccess (51)
[2014.10.21-13.22.03:671][ 72]LogModuleManager: Shutting down and abandoning module HeadMountedDisplay (50)
[2014.10.21-13.22.03:671][ 72]LogModuleManager: Shutting down and abandoning module XAudio2 (49)
[2014.10.21-13.22.03:671][ 72]LogModuleManager: Shutting down and abandoning module Networking (47)
[2014.10.21-13.22.03:671][ 72]LogModuleManager: Shutting down and abandoning module Core (46)
[2014.10.21-13.22.03:671][ 72]LogModuleManager: Shutting down and abandoning module KismetCompiler (45)
[2014.10.21-13.22.03:671][ 72]LogModuleManager: Shutting down and abandoning module PhysXFormats (44)
[2014.10.21-13.22.03:671][ 72]LogModuleManager: Shutting down and abandoning module MeshUtilities (43)
[2014.10.21-13.22.03:671][ 72]LogModuleManager: Shutting down and abandoning module DerivedDataCache (42)
[2014.10.21-13.22.03:697][ 72]LogDerivedDataCache: Shutdown
[2014.10.21-13.22.03:697][ 72]LogModuleManager: Shutting down and abandoning module ShaderFormatOpenGL (41)
[2014.10.21-13.22.03:697][ 72]LogModuleManager: Shutting down and abandoning module ShaderFormatD3D (40)
[2014.10.21-13.22.03:697][ 72]LogModuleManager: Shutting down and abandoning module MetalShaderFormat (39)
[2014.10.21-13.22.03:697][ 72]LogModuleManager: Shutting down and abandoning module TextureFormatUncompressed (38)
[2014.10.21-13.22.03:697][ 72]LogModuleManager: Shutting down and abandoning module TextureFormatPVR (37)
[2014.10.21-13.22.03:697][ 72]LogModuleManager: Shutting down and abandoning module TextureFormatDXT (36)
[2014.10.21-13.22.03:697][ 72]LogModuleManager: Shutting down and abandoning module TextureFormatAndroid (35)
[2014.10.21-13.22.03:697][ 72]LogModuleManager: Shutting down and abandoning module AudioFormatOpus (34)
[2014.10.21-13.22.03:697][ 72]LogModuleManager: Shutting down and abandoning module AudioFormatOgg (33)
[2014.10.21-13.22.03:697][ 72]LogModuleManager: Shutting down and abandoning module AudioFormatADPCM (32)
[2014.10.21-13.22.03:697][ 72]LogModuleManager: Shutting down and abandoning module Messaging (31)
[2014.10.21-13.22.03:697][ 72]LogModuleManager: Shutting down and abandoning module IOSTargetPlatform (30)
[2014.10.21-13.22.03:697][ 72]LogModuleManager: Shutting down and abandoning module Android_PVRTCTargetPlatform (29)
[2014.10.21-13.22.03:697][ 72]LogModuleManager: Shutting down and abandoning module Android_ETC2TargetPlatform (28)
[2014.10.21-13.22.03:697][ 72]LogModuleManager: Shutting down and abandoning module Android_ETC1TargetPlatform (27)
[2014.10.21-13.22.03:697][ 72]LogModuleManager: Shutting down and abandoning module Android_DXTTargetPlatform (26)
[2014.10.21-13.22.03:697][ 72]LogModuleManager: Shutting down and abandoning module Android_ATCTargetPlatform (25)
[2014.10.21-13.22.03:697][ 72]LogModuleManager: Shutting down and abandoning module AndroidTargetPlatform (24)
[2014.10.21-13.22.03:697][ 72]LogModuleManager: Shutting down and abandoning module WindowsTargetPlatform (23)
[2014.10.21-13.22.03:697][ 72]LogModuleManager: Shutting down and abandoning module WindowsServerTargetPlatform (22)
[2014.10.21-13.22.03:697][ 72]LogModuleManager: Shutting down and abandoning module WindowsNoEditorTargetPlatform (21)
[2014.10.21-13.22.03:697][ 72]LogModuleManager: Shutting down and abandoning module WindowsClientTargetPlatform (20)
[2014.10.21-13.22.03:697][ 72]LogModuleManager: Shutting down and abandoning module TargetPlatform (19)
[2014.10.21-13.22.03:697][ 72]LogModuleManager: Shutting down and abandoning module InputCore (18)
[2014.10.21-13.22.03:697][ 72]LogModuleManager: Shutting down and abandoning module Settings (17)
[2014.10.21-13.22.03:697][ 72]LogModuleManager: Shutting down and abandoning module ExampleDeviceProfileSelector (14)
[2014.10.21-13.22.03:697][ 72]LogModuleManager: Shutting down and abandoning module OculusRift (13)
[2014.10.21-13.22.03:697][ 72]LogModuleManager: Shutting down and abandoning module TextureCompressor (12)
[2014.10.21-13.22.03:697][ 72]LogModuleManager: Shutting down and abandoning module ShaderCore (11)
[2014.10.21-13.22.03:697][ 72]LogModuleManager: Shutting down and abandoning module OpenGLDrv (10)
[2014.10.21-13.22.03:697][ 72]LogModuleManager: Shutting down and abandoning module D3D11RHI (9)
[2014.10.21-13.22.03:697][ 72]LogModuleManager: Shutting down and abandoning module SlateRHIRenderer (8)
[2014.10.21-13.22.03:697][ 72]LogModuleManager: Shutting down and abandoning module Renderer (7)
[2014.10.21-13.22.03:697][ 72]LogModuleManager: Shutting down and abandoning module Engine (6)
[2014.10.21-13.22.03:697][ 72]LogModuleManager: Shutting down and abandoning module CoreUObject (5)
[2014.10.21-13.22.03:697][ 72]LogModuleManager: Shutting down and abandoning module NetworkFile (4)
[2014.10.21-13.22.03:697][ 72]LogModuleManager: Shutting down and abandoning module StreamingFile (3)
[2014.10.21-13.22.03:697][ 72]LogModuleManager: Shutting down and abandoning module SandboxFile (2)
[2014.10.21-13.22.03:697][ 72]LogModuleManager: Shutting down and abandoning module PakFile (1)
[2014.10.21-13.22.03:698][ 72]LogExit: Exiting.
[2014.10.21-13.22.03:711][ 72]Log file closed, 10/21/14 15:22:03
