Log file open, 10/21/14 15:23:53
LogInit:Display: Running engine for game: TheRoom
LogInit: Version: 4.4.3-2296771+++depot+UE4-Releases+4.4
LogInit: API Version: 2255576
LogInit: Compiled (64-bit): Sep 13 2014 22:30:58
LogInit: Build Configuration: Development
LogInit: Branch Name: ++depot+UE4-Releases+4.4
LogInit: Command line: 
LogInit: Base directory: C:/Program Files/Unreal Engine/4.4/Engine/Binaries/Win64/
LogInit: Rocket: 1
[2014.10.21-13.23.53:321][  0]LogTaskGraph: Started task graph with 3 named threads and 4 total threads.
[2014.10.21-13.23.53:348][  0]LogOnline:Warning: No default platform service specified for OnlineSubsystem
[2014.10.21-13.23.53:356][  0]LogInit: Presizing for 0 objects not considered by GC, pre-allocating 0 bytes.
[2014.10.21-13.23.53:365][  0]LogInit: Object subsystem initialized
[2014.10.21-13.23.53:367][  0]LogInit: Selected Device Profile: [Windows]
[2014.10.21-13.23.53:367][  0]LogInit: Applying CVar settings loaded from the selected device profile: [Windows]
[2014.10.21-13.23.53:373][  0]LogInit: Computer: 2011-KURS-09
[2014.10.21-13.23.53:373][  0]LogInit: User: lennartdaldrup
[2014.10.21-13.23.53:374][  0]LogInit: CPU Page size=4096, Cores=2
[2014.10.21-13.23.53:374][  0]LogInit: High frequency timer resolution =14.318180 MHz
[2014.10.21-13.23.53:374][  0]LogMemory: Memory total: Physical=8.0GB (8GB approx) Virtual=8192.0GB
[2014.10.21-13.23.53:374][  0]LogMemory: Platform Memory Stats for Windows
[2014.10.21-13.23.53:374][  0]LogMemory: Process Physical Memory: 60.83 MB used, 60.83 MB peak
[2014.10.21-13.23.53:374][  0]LogMemory: Process Virtual Memory: 36.78 MB used, 36.78 MB peak
[2014.10.21-13.23.53:374][  0]LogMemory: Physical Memory: 3211.43 MB used, 8191.18 MB total
[2014.10.21-13.23.53:374][  0]LogMemory: Virtual Memory: 256.66 MB used, 8388608.00 MB total
[2014.10.21-13.23.53:407][  0]LogD3D11RHI: Found D3D11 adapter 0: NVIDIA GeForce GTX 550 Ti (Feature Level 11_0)
[2014.10.21-13.23.53:407][  0]LogD3D11RHI: Adapter has 977MB of dedicated video memory, 0MB of dedicated system memory, and 3071MB of shared system memory, 1 output[s]
[2014.10.21-13.23.53:407][  0]LogD3D11RHI: Chosen D3D11 Adapter Id = 0
[2014.10.21-13.23.53:416][  0]LogRHI: Texture pool is 684 MB (70% of 977 MB)
[2014.10.21-13.23.53:424][  0]LogD3D11RHI: Async texture creation enabled
[2014.10.21-13.23.53:475][  0]LogTextLocalizationManager:Warning: The selected culture 'de_DE' is not available; falling back to 'en'
[2014.10.21-13.23.53:576][  0]LogContentStreaming: Texture pool size is 0.000000MB
[2014.10.21-13.23.55:537][  0]LogTargetPlatformManager:Display: Building Assets For Windows
[2014.10.21-13.23.55:998][  0]LogTargetPlatformManager:Display: Building Assets For Windows
[2014.10.21-13.23.56:038][  0]LogDerivedDataCache:Display: Max Cache Size: 512 MB
[2014.10.21-13.23.56:126][  0]LogDerivedDataCache: Loaded boot cache 0.09s 39MB C:/Users/lennart.daldrup/AppData/Local/UnrealEngine/4.4/DerivedDataCache/Boot.ddc.
[2014.10.21-13.23.56:126][  0]LogDerivedDataCache:Display: Loaded Boot cache: C:/Users/lennart.daldrup/AppData/Local/UnrealEngine/4.4/DerivedDataCache/Boot.ddc
[2014.10.21-13.23.56:126][  0]LogDerivedDataCache: FDerivedDataBackendGraph:  Pak pak cache file ../../../../../../Users/lennart.daldrup/Documents/Unreal Projects/TheRoom/DerivedDataCache/DDC.ddp not found, will not use a pak cache.
[2014.10.21-13.23.56:126][  0]LogDerivedDataCache: Unable to find inner node Pak for hierarchical cache Hierarchy.
[2014.10.21-13.23.56:145][  0]LogDerivedDataCache:Display: Pak cache opened for reading ../../../Engine/DerivedDataCache/DDC.ddp.
[2014.10.21-13.23.56:157][  0]LogDerivedDataCache: Using Local data cache path C:/Users/lennart.daldrup/AppData/Local/UnrealEngine/4.4/DerivedDataCache: Writable
[2014.10.21-13.23.56:354][  0]LogMeshUtilities: No automatic mesh reduction module available
[2014.10.21-13.23.56:354][  0]LogMeshUtilities: No automatic mesh merging module available
[2014.10.21-13.23.56:792][  0]LogInit: WinSock: version 1.1 (2.2), MaxSocks=32767, MaxUdp=65467
[2014.10.21-13.23.57:574][  0]LogStats:Warning: MetaData mismatch. Did you assign a stat to two groups? New //STATGROUP_Threads//FMonitoredProcess///Thread_1374_0///////STATCAT_Advanced//// old //STATGROUP_Threads//FMonitoredProcess///Thread_1460_0///////STATCAT_Advanced////
[2014.10.21-13.23.57:574][  0]UdpMessaging: Initializing bridge on interface 0.0.0.0:0 to multicast group 230.0.0.1:6666.
[2014.10.21-13.23.57:671][  0]SourceControl: Info Source control is disabled
[2014.10.21-13.23.57:671][  0]SourceControl: Info Source control is disabled
[2014.10.21-13.23.57:676][  0]SourceControl: Info Source control is disabled
[2014.10.21-13.23.57:849][  0]BlueprintLog: New page: Editor Load
[2014.10.21-13.23.57:938][  0]LogObj: 21438 objects as part of root set at end of initial load.
[2014.10.21-13.23.57:938][  0]LogUObjectAllocator: 4218656 out of 0 bytes used by permanent object pool.
[2014.10.21-13.23.58:207][  0]LogEngine: Initializing Engine...
[2014.10.21-13.23.58:352][  0]LogInit: XAudio2 using 'Kopfhörer (High Definition Audio-Gerät)' : 2 channels at 44.1 kHz using 16 bits per sample (channel mask 0x3)
[2014.10.21-13.23.58:362][  0]LogInit: FAudioDevice initialized.
[2014.10.21-13.23.58:378][  0]LogAIModule: Creating AISystem for world NewWorld
[2014.10.21-13.23.58:415][  0]LogDerivedDataCache: Saved boot cache 0.04s 39MB C:/Users/lennart.daldrup/AppData/Local/UnrealEngine/4.4/DerivedDataCache/Boot.ddc.
[2014.10.21-13.23.58:429][  0]LogInit: Texture streaming: Enabled
[2014.10.21-13.23.58:471][  0]LogInit: Transaction tracking system initialized
[2014.10.21-13.23.58:570][  0]LogAssetRegistry: FAssetRegistry took 0.0097 seconds to start up
[2014.10.21-13.23.59:175][  0]LogTargetPlatformManager:Display: Building Assets For Windows
[2014.10.21-13.23.59:616][  0]LogTargetPlatformManager:Display: Building Assets For Windows
[2014.10.21-13.23.59:728][  0]LogConsoleResponse:Display: 
[2014.10.21-13.23.59:900][  0]LogStats:Warning: MetaData mismatch. Did you assign a stat to two groups? New //STATGROUP_Threads//FMonitoredProcess///Thread_c80_0///////STATCAT_Advanced//// old //STATGROUP_Threads//FMonitoredProcess///Thread_1460_0///////STATCAT_Advanced////
[2014.10.21-13.23.59:900][  0]LogStats:Warning: MetaData mismatch. Did you assign a stat to two groups? New //STATGROUP_Threads//FMonitoredProcess///Thread_13b4_0///////STATCAT_Advanced//// old //STATGROUP_Threads//FMonitoredProcess///Thread_1460_0///////STATCAT_Advanced////
[2014.10.21-13.23.59:900][  0]SourceControl: Info Source control is disabled
[2014.10.21-13.23.59:900][  0]Cmd: MAP LOAD FILE="../../../../../../Users/lennart.daldrup/Documents/Unreal Projects/TheRoom/Content/Maps/Example_Map.umap" TEMPLATE=0 SHOWPROGRESS=1
[2014.10.21-13.23.59:900][  0]LogEditorServer:Warning: Can't find file '../../../../../../Users/lennart.daldrup/Documents/Unreal Projects/TheRoom/Content/Maps/Example_Map.umap'
[2014.10.21-13.23.59:900][  0]Cmd: MAP CHECKDEP
[2014.10.21-13.23.59:900][  0]MapCheck: New page: Untitled_0 - Oct 21, 2014, 5:23:59 PM
[2014.10.21-13.23.59:949][  0]MapCheck: Info ========== Map Check: 0 Error(s), 0 Warning(s), [48.334ms] ==========
[2014.10.21-13.23.59:949][  0]LogFileHelpers: Loading map 'Example_Map' took 0.049
[2014.10.21-13.24.00:037][  0]LogCollectionManager: Loaded 0 collections in 0.001157 seconds
[2014.10.21-13.24.00:124][  0]LogCrashTracker: Crashtracker disabled due to settings.
[2014.10.21-13.24.00:174][  0]LogLoad: Full Startup: 8.68 seconds (BP compile: 0.00 seconds)
[2014.10.21-13.24.00:328][  0]LogRenderer:Warning: Reallocating scene render targets to support 1112x896.
[2014.10.21-13.24.00:461][  1]LogAssetRegistry: Asset discovery search completed in 1.9012 seconds
[2014.10.21-13.24.19:238][291]Cmd: MAP LOAD FILE="../../../../../../Users/lennart.daldrup/Documents/Unreal Projects/TheRoom/Content/Maps/TheRoom.umap" TEMPLATE=0 SHOWPROGRESS=1
[2014.10.21-13.24.19:239][291]LightingResults: New page: Lighting Build
[2014.10.21-13.24.19:264][291]LoadErrors: New page: Loading map: TheRoom.umap
[2014.10.21-13.24.19:265][291]MapCheck: New page: Map Check
[2014.10.21-13.24.19:265][291]LightingResults: New page: Lighting Build
[2014.10.21-13.24.19:286][291]LogParticles: Destroying 0 GPU particle simulations for FXSystem 0x00000000109F87C0
[2014.10.21-13.24.19:319][291]LogEditorServer: Finished looking for orphan Actors (0.000 secs)
[2014.10.21-13.24.19:319][291]LogAIModule: Creating AISystem for world TheRoom
[2014.10.21-13.24.19:348][291]Cmd: MAP CHECKDEP
[2014.10.21-13.24.19:348][291]MapCheck: New page: TheRoom - Oct 21, 2014, 5:24:19 PM
[2014.10.21-13.24.19:395][291]MapCheck: Info ========== Map Check: 0 Error(s), 0 Warning(s), [47.501ms] ==========
[2014.10.21-13.24.19:396][291]LogFileHelpers: Loading map 'TheRoom' took 0.158
[2014.10.21-13.24.21:744][486]LogContentBrowser:Verbose: The content browser source was changed by the sources view to '/Game/Maps'
[2014.10.21-13.24.22:085][518]LogContentBrowser:Verbose: The content browser source was changed by the sources view to '/Game/Materials'
[2014.10.21-13.24.35:886][420]LogContentBrowser:Verbose: The content browser source was changed by the sources view to '/Game'
[2014.10.21-13.24.38:653][623]LogAssetTools:Warning: Failed to import 'C:\Users\lennart.daldrup\Documents\Unreal Projects\MyProject\Content\Shapes/Shape_Cone.uasset'. Unknown extension 'uasset'.
[2014.10.21-13.24.38:656][623]LogAssetTools:Warning: Failed to import 'C:\Users\lennart.daldrup\Documents\Unreal Projects\MyProject\Content\Shapes/Shape_Cube.uasset'. Unknown extension 'uasset'.
[2014.10.21-13.24.38:659][623]LogAssetTools:Warning: Failed to import 'C:\Users\lennart.daldrup\Documents\Unreal Projects\MyProject\Content\Shapes/Shape_Cylinder.uasset'. Unknown extension 'uasset'.
[2014.10.21-13.24.38:662][623]LogAssetTools:Warning: Failed to import 'C:\Users\lennart.daldrup\Documents\Unreal Projects\MyProject\Content\Shapes/Shape_NarrowCapsule.uasset'. Unknown extension 'uasset'.
[2014.10.21-13.24.38:665][623]LogAssetTools:Warning: Failed to import 'C:\Users\lennart.daldrup\Documents\Unreal Projects\MyProject\Content\Shapes/Shape_Pipe.uasset'. Unknown extension 'uasset'.
[2014.10.21-13.24.38:668][623]LogAssetTools:Warning: Failed to import 'C:\Users\lennart.daldrup\Documents\Unreal Projects\MyProject\Content\Shapes/Shape_Pipe_180.uasset'. Unknown extension 'uasset'.
[2014.10.21-13.24.38:671][623]LogAssetTools:Warning: Failed to import 'C:\Users\lennart.daldrup\Documents\Unreal Projects\MyProject\Content\Shapes/Shape_Pipe_90.uasset'. Unknown extension 'uasset'.
[2014.10.21-13.24.38:674][623]LogAssetTools:Warning: Failed to import 'C:\Users\lennart.daldrup\Documents\Unreal Projects\MyProject\Content\Shapes/Shape_Plane.uasset'. Unknown extension 'uasset'.
[2014.10.21-13.24.38:677][623]LogAssetTools:Warning: Failed to import 'C:\Users\lennart.daldrup\Documents\Unreal Projects\MyProject\Content\Shapes/Shape_QuadPyramid.uasset'. Unknown extension 'uasset'.
[2014.10.21-13.24.38:680][623]LogAssetTools:Warning: Failed to import 'C:\Users\lennart.daldrup\Documents\Unreal Projects\MyProject\Content\Shapes/Shape_Sphere.uasset'. Unknown extension 'uasset'.
[2014.10.21-13.24.38:683][623]LogAssetTools:Warning: Failed to import 'C:\Users\lennart.daldrup\Documents\Unreal Projects\MyProject\Content\Shapes/Shape_Torus.uasset'. Unknown extension 'uasset'.
[2014.10.21-13.24.38:687][623]LogAssetTools:Warning: Failed to import 'C:\Users\lennart.daldrup\Documents\Unreal Projects\MyProject\Content\Shapes/Shape_Trim.uasset'. Unknown extension 'uasset'.
[2014.10.21-13.24.38:690][623]LogAssetTools:Warning: Failed to import 'C:\Users\lennart.daldrup\Documents\Unreal Projects\MyProject\Content\Shapes/Shape_Trim_90_In.uasset'. Unknown extension 'uasset'.
[2014.10.21-13.24.38:693][623]LogAssetTools:Warning: Failed to import 'C:\Users\lennart.daldrup\Documents\Unreal Projects\MyProject\Content\Shapes/Shape_Trim_90_Out.uasset'. Unknown extension 'uasset'.
[2014.10.21-13.24.38:696][623]LogAssetTools:Warning: Failed to import 'C:\Users\lennart.daldrup\Documents\Unreal Projects\MyProject\Content\Shapes/Shape_TriPyramid.uasset'. Unknown extension 'uasset'.
[2014.10.21-13.24.38:699][623]LogAssetTools:Warning: Failed to import 'C:\Users\lennart.daldrup\Documents\Unreal Projects\MyProject\Content\Shapes/Shape_Tube.uasset'. Unknown extension 'uasset'.
[2014.10.21-13.24.38:703][623]LogAssetTools:Warning: Failed to import 'C:\Users\lennart.daldrup\Documents\Unreal Projects\MyProject\Content\Shapes/Shape_Wedge_A.uasset'. Unknown extension 'uasset'.
[2014.10.21-13.24.38:706][623]LogAssetTools:Warning: Failed to import 'C:\Users\lennart.daldrup\Documents\Unreal Projects\MyProject\Content\Shapes/Shape_Wedge_B.uasset'. Unknown extension 'uasset'.
[2014.10.21-13.24.38:709][623]LogAssetTools:Warning: Failed to import 'C:\Users\lennart.daldrup\Documents\Unreal Projects\MyProject\Content\Shapes/Shape_WideCapsule.uasset'. Unknown extension 'uasset'.
[2014.10.21-13.24.47:838][ 32]LogContentBrowser:Verbose: The content browser source was changed by the sources view to '/Game'
[2014.10.21-13.24.52:402][435]LogContentBrowser:Verbose: The content browser source was changed by the sources view to '/Game/Shapes'
[2014.10.21-13.24.54:386][578]LogAssetTools:Warning: Failed to import 'C:\Users\lennart.daldrup\Documents\Unreal Projects\MyProject\Content\Shapes\Shape_Pipe.uasset'. Unknown extension 'uasset'.
[2014.10.21-13.24.54:389][578]LogAssetTools:Warning: Failed to import 'C:\Users\lennart.daldrup\Documents\Unreal Projects\MyProject\Content\Shapes\Shape_Pipe_90.uasset'. Unknown extension 'uasset'.
[2014.10.21-13.24.54:392][578]LogAssetTools:Warning: Failed to import 'C:\Users\lennart.daldrup\Documents\Unreal Projects\MyProject\Content\Shapes\Shape_Pipe_180.uasset'. Unknown extension 'uasset'.
[2014.10.21-13.24.54:395][578]LogAssetTools:Warning: Failed to import 'C:\Users\lennart.daldrup\Documents\Unreal Projects\MyProject\Content\Shapes\Shape_Plane.uasset'. Unknown extension 'uasset'.
[2014.10.21-13.24.54:398][578]LogAssetTools:Warning: Failed to import 'C:\Users\lennart.daldrup\Documents\Unreal Projects\MyProject\Content\Shapes\Shape_QuadPyramid.uasset'. Unknown extension 'uasset'.
[2014.10.21-13.24.54:401][578]LogAssetTools:Warning: Failed to import 'C:\Users\lennart.daldrup\Documents\Unreal Projects\MyProject\Content\Shapes\Shape_Sphere.uasset'. Unknown extension 'uasset'.
[2014.10.21-13.24.54:404][578]LogAssetTools:Warning: Failed to import 'C:\Users\lennart.daldrup\Documents\Unreal Projects\MyProject\Content\Shapes\Shape_Torus.uasset'. Unknown extension 'uasset'.
[2014.10.21-13.24.54:407][578]LogAssetTools:Warning: Failed to import 'C:\Users\lennart.daldrup\Documents\Unreal Projects\MyProject\Content\Shapes\Shape_Trim.uasset'. Unknown extension 'uasset'.
[2014.10.21-13.24.54:410][578]LogAssetTools:Warning: Failed to import 'C:\Users\lennart.daldrup\Documents\Unreal Projects\MyProject\Content\Shapes\Shape_Trim_90_In.uasset'. Unknown extension 'uasset'.
[2014.10.21-13.24.54:413][578]LogAssetTools:Warning: Failed to import 'C:\Users\lennart.daldrup\Documents\Unreal Projects\MyProject\Content\Shapes\Shape_Trim_90_Out.uasset'. Unknown extension 'uasset'.
[2014.10.21-13.24.54:416][578]LogAssetTools:Warning: Failed to import 'C:\Users\lennart.daldrup\Documents\Unreal Projects\MyProject\Content\Shapes\Shape_TriPyramid.uasset'. Unknown extension 'uasset'.
[2014.10.21-13.24.54:419][578]LogAssetTools:Warning: Failed to import 'C:\Users\lennart.daldrup\Documents\Unreal Projects\MyProject\Content\Shapes\Shape_Tube.uasset'. Unknown extension 'uasset'.
[2014.10.21-13.24.54:422][578]LogAssetTools:Warning: Failed to import 'C:\Users\lennart.daldrup\Documents\Unreal Projects\MyProject\Content\Shapes\Shape_Wedge_A.uasset'. Unknown extension 'uasset'.
[2014.10.21-13.24.54:425][578]LogAssetTools:Warning: Failed to import 'C:\Users\lennart.daldrup\Documents\Unreal Projects\MyProject\Content\Shapes\Shape_Wedge_B.uasset'. Unknown extension 'uasset'.
[2014.10.21-13.24.54:428][578]LogAssetTools:Warning: Failed to import 'C:\Users\lennart.daldrup\Documents\Unreal Projects\MyProject\Content\Shapes\Shape_WideCapsule.uasset'. Unknown extension 'uasset'.
[2014.10.21-13.24.54:431][578]LogAssetTools:Warning: Failed to import 'C:\Users\lennart.daldrup\Documents\Unreal Projects\MyProject\Content\Shapes\Shape_Cone.uasset'. Unknown extension 'uasset'.
[2014.10.21-13.24.54:434][578]LogAssetTools:Warning: Failed to import 'C:\Users\lennart.daldrup\Documents\Unreal Projects\MyProject\Content\Shapes\Shape_Cube.uasset'. Unknown extension 'uasset'.
[2014.10.21-13.24.54:437][578]LogAssetTools:Warning: Failed to import 'C:\Users\lennart.daldrup\Documents\Unreal Projects\MyProject\Content\Shapes\Shape_Cylinder.uasset'. Unknown extension 'uasset'.
[2014.10.21-13.24.54:440][578]LogAssetTools:Warning: Failed to import 'C:\Users\lennart.daldrup\Documents\Unreal Projects\MyProject\Content\Shapes\Shape_NarrowCapsule.uasset'. Unknown extension 'uasset'.
[2014.10.21-13.24.58:300][667]LogAssetTools:Warning: Failed to import 'C:\Users\lennart.daldrup\Documents\Unreal Projects\MyProject\Content\Shapes\Shape_Cone.uasset'. Unknown extension 'uasset'.
[2014.10.21-13.25.24:345][273]Cmd: MAP IMPORTADD FILE="../../../../../../Users/lennart.daldrup/Documents/Unreal Projects/MyProject/Content/Shapes/Shape_Pipe.uasset"
[2014.10.21-13.25.24:346][273]LogFactory: FactoryCreateBinary: World with WorldFactory (0 0 ../../../../../../Users/lennart.daldrup/Documents/Unreal Projects/MyProject/Content/Shapes/Shape_Pipe.uasset)
[2014.10.21-13.25.24:352][273]MapCheck: New page: Map Check
[2014.10.21-13.25.24:352][273]LightingResults: New page: Lighting Build
[2014.10.21-13.25.44:404][798]LogAssetTools:Warning: Failed to import 'C:\Users\lennart.daldrup\Documents\Unreal Projects\MyProject\Content\Architecture/Floor_400x400.uasset'. Unknown extension 'uasset'.
[2014.10.21-13.25.44:407][798]LogAssetTools:Warning: Failed to import 'C:\Users\lennart.daldrup\Documents\Unreal Projects\MyProject\Content\Architecture/Pillar_50x500.uasset'. Unknown extension 'uasset'.
[2014.10.21-13.25.44:410][798]LogAssetTools:Warning: Failed to import 'C:\Users\lennart.daldrup\Documents\Unreal Projects\MyProject\Content\Architecture/SM_CeilingPiece500x500.uasset'. Unknown extension 'uasset'.
[2014.10.21-13.25.44:413][798]LogAssetTools:Warning: Failed to import 'C:\Users\lennart.daldrup\Documents\Unreal Projects\MyProject\Content\Architecture/SM_FloorPiece500x500.uasset'. Unknown extension 'uasset'.
[2014.10.21-13.25.44:416][798]LogAssetTools:Warning: Failed to import 'C:\Users\lennart.daldrup\Documents\Unreal Projects\MyProject\Content\Architecture/Wall_400x200.uasset'. Unknown extension 'uasset'.
[2014.10.21-13.25.44:419][798]LogAssetTools:Warning: Failed to import 'C:\Users\lennart.daldrup\Documents\Unreal Projects\MyProject\Content\Architecture/Wall_400x300.uasset'. Unknown extension 'uasset'.
[2014.10.21-13.25.44:422][798]LogAssetTools:Warning: Failed to import 'C:\Users\lennart.daldrup\Documents\Unreal Projects\MyProject\Content\Architecture/Wall_400x400.uasset'. Unknown extension 'uasset'.
[2014.10.21-13.25.44:425][798]LogAssetTools:Warning: Failed to import 'C:\Users\lennart.daldrup\Documents\Unreal Projects\MyProject\Content\Architecture/Wall_500x500.uasset'. Unknown extension 'uasset'.
[2014.10.21-13.25.44:428][798]LogAssetTools:Warning: Failed to import 'C:\Users\lennart.daldrup\Documents\Unreal Projects\MyProject\Content\Architecture/Wall_Door_400x300.uasset'. Unknown extension 'uasset'.
[2014.10.21-13.25.44:431][798]LogAssetTools:Warning: Failed to import 'C:\Users\lennart.daldrup\Documents\Unreal Projects\MyProject\Content\Architecture/Wall_Door_400x400.uasset'. Unknown extension 'uasset'.
[2014.10.21-13.25.44:434][798]LogAssetTools:Warning: Failed to import 'C:\Users\lennart.daldrup\Documents\Unreal Projects\MyProject\Content\Architecture/Wall_Window_400x300.uasset'. Unknown extension 'uasset'.
[2014.10.21-13.25.44:437][798]LogAssetTools:Warning: Failed to import 'C:\Users\lennart.daldrup\Documents\Unreal Projects\MyProject\Content\Architecture/Wall_Window_400x400.uasset'. Unknown extension 'uasset'.
[2014.10.21-13.26.39:939][466]Cmd: OBJ SAVEPACKAGE PACKAGE="/Game/Maps/TheRoom" FILE="../../../../../../Users/lennart.daldrup/Documents/Unreal Projects/TheRoom/Content/Maps/TheRoom.umap" SILENT=true AUTOSAVING=false KEEPDIRTY=false
[2014.10.21-13.26.40:009][466]LogSavePackage: Save=35.017159ms
[2014.10.21-13.26.40:009][466]LogSavePackage: Moving '../../../../../../Users/lennart.daldrup/Documents/Unreal Projects/TheRoom/Saved/TheRoom6AD1A36B499A36794EB016B553B4E6F6.tmp' to '../../../../../../Users/lennart.daldrup/Documents/Unreal Projects/TheRoom/Content/Maps/TheRoom.umap'
[2014.10.21-13.26.40:041][466]LogFileHelpers: Saving map 'TheRoom' took 0.150
[2014.10.21-13.26.42:492][663]Cmd: CLOSE_SLATE_MAINFRAME
[2014.10.21-13.26.42:856][664]Cmd: QUIT_EDITOR
[2014.10.21-13.26.43:007][664]LogWindowsTextInputMethodSystem:Error: Terminating failed while unadvising the language notification sink from the TSF source.
[2014.10.21-13.26.43:008][664]LogExit: Preparing to exit.
[2014.10.21-13.26.43:761][664]LogExit: Editor shut down
[2014.10.21-13.26.43:762][664]LogParticles: Destroying 0 GPU particle simulations for FXSystem 0x000000000AE7FB00
[2014.10.21-13.26.43:762][664]LogExit: Transaction tracking system shut down
[2014.10.21-13.26.43:785][664]LogExit: Object subsystem successfully closed.
[2014.10.21-13.26.43:816][664]LogModuleManager: Shutting down and abandoning module StatsViewer (161)
[2014.10.21-13.26.43:816][664]LogModuleManager: Shutting down and abandoning module AndroidDeviceDetection (160)
[2014.10.21-13.26.43:816][664]LogModuleManager: Shutting down and abandoning module HTTP (159)
[2014.10.21-13.26.43:816][664]LogModuleManager: Shutting down and abandoning module CrashTracker (158)
[2014.10.21-13.26.43:816][664]LogModuleManager: Shutting down and abandoning module SuperSearch (157)
[2014.10.21-13.26.43:816][664]LogModuleManager: Shutting down and abandoning module SceneOutliner (156)
[2014.10.21-13.26.43:816][664]LogModuleManager: Shutting down and abandoning module EditorWidgets (155)
[2014.10.21-13.26.43:816][664]LogModuleManager: Shutting down and abandoning module CollectionManager (154)
[2014.10.21-13.26.43:816][664]LogModuleManager: Shutting down and abandoning module FoliageEdit (153)
[2014.10.21-13.26.43:816][664]LogModuleManager: Shutting down and abandoning module LandscapeEditor (152)
[2014.10.21-13.26.43:817][664]LogModuleManager: Shutting down and abandoning module MeshPaint (151)
[2014.10.21-13.26.43:817][664]LogModuleManager: Shutting down and abandoning module ActorPickerMode (150)
[2014.10.21-13.26.43:817][664]LogModuleManager: Shutting down and abandoning module GeometryMode (149)
[2014.10.21-13.26.43:817][664]LogModuleManager: Shutting down and abandoning module TextureAlignMode (148)
[2014.10.21-13.26.43:817][664]LogModuleManager: Shutting down and abandoning module BspMode (147)
[2014.10.21-13.26.43:817][664]LogModuleManager: Shutting down and abandoning module PlacementMode (146)
[2014.10.21-13.26.43:817][664]LogModuleManager: Shutting down and abandoning module DesktopPlatform (145)
[2014.10.21-13.26.43:817][664]LogModuleManager: Shutting down and abandoning module AutomationWorker (144)
[2014.10.21-13.26.43:817][664]LogModuleManager: Shutting down and abandoning module EditorLiveStreaming (143)
[2014.10.21-13.26.43:817][664]LogModuleManager: Shutting down and abandoning module BehaviorTreeEditor (142)
[2014.10.21-13.26.43:817][664]LogModuleManager: Shutting down and abandoning module DeviceProfileEditor (141)
[2014.10.21-13.26.43:817][664]LogModuleManager: Shutting down and abandoning module UndoHistory (140)
[2014.10.21-13.26.43:817][664]LogModuleManager: Shutting down and abandoning module GameplayTagsEditor (139)
[2014.10.21-13.26.43:817][664]LogModuleManager: Shutting down and abandoning module UserFeedback (138)
[2014.10.21-13.26.43:817][664]LogModuleManager: Shutting down and abandoning module XmlParser (137)
[2014.10.21-13.26.43:817][664]LogModuleManager: Shutting down and abandoning module Blutility (136)
[2014.10.21-13.26.43:817][664]LogModuleManager: Shutting down and abandoning module IOSPlatformEditor (135)
[2014.10.21-13.26.43:817][664]LogModuleManager: Shutting down and abandoning module IOSRuntimeSettings (134)
[2014.10.21-13.26.43:817][664]LogModuleManager: Shutting down and abandoning module AndroidPlatformEditor (133)
[2014.10.21-13.26.43:817][664]LogModuleManager: Shutting down and abandoning module AndroidRuntimeSettings (132)
[2014.10.21-13.26.43:817][664]LogModuleManager: Shutting down and abandoning module ProjectTargetPlatformEditor (131)
[2014.10.21-13.26.43:817][664]LogModuleManager: Shutting down and abandoning module ProjectSettingsViewer (130)
[2014.10.21-13.26.43:817][664]LogModuleManager: Shutting down and abandoning module InputBindingEditor (129)
[2014.10.21-13.26.43:817][664]LogModuleManager: Shutting down and abandoning module EditorSettingsViewer (128)
[2014.10.21-13.26.43:817][664]LogModuleManager: Shutting down and abandoning module SettingsEditor (127)
[2014.10.21-13.26.43:817][664]LogModuleManager: Shutting down and abandoning module SessionLauncher (126)
[2014.10.21-13.26.43:817][664]LogModuleManager: Shutting down and abandoning module SessionFrontend (125)
[2014.10.21-13.26.43:817][664]LogModuleManager: Shutting down and abandoning module ProfilerClient (124)
[2014.10.21-13.26.43:817][664]LogModuleManager: Shutting down and abandoning module TargetDeviceServices (123)
[2014.10.21-13.26.43:817][664]LogModuleManager: Shutting down and abandoning module DeviceManager (122)
[2014.10.21-13.26.43:817][664]LogModuleManager: Shutting down and abandoning module AutomationController (121)
[2014.10.21-13.26.43:817][664]LogModuleManager: Shutting down and abandoning module AutomationWindow (120)
[2014.10.21-13.26.43:817][664]LogModuleManager: Shutting down and abandoning module Layers (119)
[2014.10.21-13.26.43:817][664]LogModuleManager: Shutting down and abandoning module ComponentVisualizers (118)
[2014.10.21-13.26.43:817][664]LogModuleManager: Shutting down and abandoning module DetailCustomizations (117)
[2014.10.21-13.26.43:817][664]LogModuleManager: Shutting down and abandoning module PackagesDialog (116)
[2014.10.21-13.26.43:818][664]LogModuleManager: Shutting down and abandoning module DirectoryWatcher (115)
[2014.10.21-13.26.43:818][664]LogModuleManager: Shutting down and abandoning module AssetRegistry (114)
[2014.10.21-13.26.43:878][664]LogModuleManager: Shutting down and abandoning module Persona (113)
[2014.10.21-13.26.43:878][664]LogModuleManager: Shutting down and abandoning module GraphEditor (112)
[2014.10.21-13.26.43:878][664]LogModuleManager: Shutting down and abandoning module ClassViewer (111)
[2014.10.21-13.26.43:878][664]LogModuleManager: Shutting down and abandoning module Toolbox (110)
[2014.10.21-13.26.43:878][664]LogModuleManager: Shutting down and abandoning module ModuleUI (109)
[2014.10.21-13.26.43:878][664]LogModuleManager: Shutting down and abandoning module Sequencer (108)
[2014.10.21-13.26.43:878][664]LogModuleManager: Shutting down and abandoning module MovieSceneTools (107)
[2014.10.21-13.26.43:878][664]LogModuleManager: Shutting down and abandoning module OutputLog (106)
[2014.10.21-13.26.43:878][664]LogModuleManager: Shutting down and abandoning module GammaUI (105)
[2014.10.21-13.26.43:879][664]LogModuleManager: Shutting down and abandoning module Documentation (104)
[2014.10.21-13.26.43:879][664]LogModuleManager: Shutting down and abandoning module GameLiveStreaming (103)
[2014.10.21-13.26.43:879][664]LogModuleManager: Shutting down and abandoning module StreamingPauseRendering (102)
[2014.10.21-13.26.43:879][664]LogModuleManager: Shutting down and abandoning module AnalyticsET (101)
[2014.10.21-13.26.43:879][664]LogModuleManager: Shutting down and abandoning module Analytics (100)
[2014.10.21-13.26.43:879][664]LogModuleManager: Shutting down and abandoning module GameplayDebugger (99)
[2014.10.21-13.26.43:879][664]LogModuleManager: Shutting down and abandoning module AIModule (98)
[2014.10.21-13.26.43:879][664]LogModuleManager: Shutting down and abandoning module ProfilerService (97)
[2014.10.21-13.26.43:894][664]LogModuleManager: Shutting down and abandoning module TaskGraph (96)
[2014.10.21-13.26.43:894][664]LogModuleManager: Shutting down and abandoning module SlateRemote (95)
[2014.10.21-13.26.43:894][664]LogModuleManager: Shutting down and abandoning module ScriptEditorPlugin (94)
[2014.10.21-13.26.43:894][664]LogModuleManager: Shutting down and abandoning module CustomMeshComponent (93)
[2014.10.21-13.26.43:894][664]LogModuleManager: Shutting down and abandoning module CableComponent (92)
[2014.10.21-13.26.43:894][664]LogModuleManager: Shutting down and abandoning module MessagingDebugger (91)
[2014.10.21-13.26.43:894][664]LogModuleManager: Shutting down and abandoning module ViewportSnapping (90)
[2014.10.21-13.26.43:894][664]LogModuleManager: Shutting down and abandoning module SmartSnapping (89)
[2014.10.21-13.26.43:894][664]LogModuleManager: Shutting down and abandoning module PaperTiledImporter (88)
[2014.10.21-13.26.43:894][664]LogModuleManager: Shutting down and abandoning module PaperJsonImporter (87)
[2014.10.21-13.26.43:894][664]LogModuleManager: Shutting down and abandoning module GameProjectGeneration (86)
[2014.10.21-13.26.43:894][664]LogModuleManager: Shutting down and abandoning module Matinee (85)
[2014.10.21-13.26.43:894][664]LogModuleManager: Shutting down and abandoning module Kismet (84)
[2014.10.21-13.26.43:894][664]LogModuleManager: Shutting down and abandoning module SlateReflector (83)
[2014.10.21-13.26.43:894][664]LogModuleManager: Shutting down and abandoning module LevelEditor (82)
[2014.10.21-13.26.43:895][664]LogModuleManager: Shutting down and abandoning module IntroTutorials (81)
[2014.10.21-13.26.43:895][664]LogModuleManager: Shutting down and abandoning module ContentBrowser (80)
[2014.10.21-13.26.43:895][664]LogModuleManager: Shutting down and abandoning module PropertyEditor (79)
[2014.10.21-13.26.43:895][664]LogModuleManager: Shutting down and abandoning module AssetTools (78)
[2014.10.21-13.26.43:895][664]LogModuleManager: Shutting down and abandoning module Paper2DEditor (77)
[2014.10.21-13.26.43:895][664]LogModuleManager: Shutting down and abandoning module SpeedTreeImporter (76)
[2014.10.21-13.26.43:895][664]LogModuleManager: Shutting down and abandoning module PluginsEditor (75)
[2014.10.21-13.26.43:895][664]LogModuleManager: Shutting down and abandoning module MainFrame (74)
[2014.10.21-13.26.43:895][664]LogModuleManager: Shutting down and abandoning module EpicSurvey (73)
[2014.10.21-13.26.43:895][664]LogModuleManager: Shutting down and abandoning module VisualStudioSourceCodeAccess (72)
[2014.10.21-13.26.43:895][664]LogModuleManager: Shutting down and abandoning module UObjectPlugin (71)
[2014.10.21-13.26.43:895][664]LogModuleManager: Shutting down and abandoning module SubversionSourceControl (70)
[2014.10.21-13.26.43:895][664]LogModuleManager: Shutting down and abandoning module SourceControl (69)
[2014.10.21-13.26.43:895][664]LogModuleManager: Shutting down and abandoning module PerforceSourceControl (68)
[2014.10.21-13.26.43:895][664]LogModuleManager: Shutting down and abandoning module BlankPlugin (67)
[2014.10.21-13.26.43:895][664]LogModuleManager: Shutting down and abandoning module ScriptPlugin (66)
[2014.10.21-13.26.43:895][664]LogModuleManager: Shutting down and abandoning module UdpMessaging (65)
[2014.10.21-13.26.43:996][664]LogModuleManager: Shutting down and abandoning module Paper2D (64)
[2014.10.21-13.26.43:996][664]LogModuleManager: Shutting down and abandoning module WindowsMoviePlayer (63)
[2014.10.21-13.26.44:000][664]LogModuleManager: Shutting down and abandoning module ImageWrapper (62)
[2014.10.21-13.26.44:000][664]LogModuleManager: Shutting down and abandoning module OnlineBlueprintSupport (61)
[2014.10.21-13.26.44:000][664]LogModuleManager: Shutting down and abandoning module FunctionalTesting (60)
[2014.10.21-13.26.44:000][664]LogModuleManager: Shutting down and abandoning module CollisionAnalyzer (59)
[2014.10.21-13.26.44:000][664]LogModuleManager: Shutting down and abandoning module WorkspaceMenuStructure (58)
[2014.10.21-13.26.44:001][664]LogModuleManager: Shutting down and abandoning module MessageLog (57)
[2014.10.21-13.26.44:001][664]LogModuleManager: Shutting down and abandoning module UMGEditor (56)
[2014.10.21-13.26.44:001][664]LogModuleManager: Shutting down and abandoning module UMG (55)
[2014.10.21-13.26.44:001][664]LogModuleManager: Shutting down and abandoning module Slate (54)
[2014.10.21-13.26.44:001][664]LogModuleManager: Shutting down and abandoning module EditorStyle (53)
[2014.10.21-13.26.44:002][664]LogModuleManager: Shutting down and abandoning module SessionServices (52)
[2014.10.21-13.26.44:002][664]LogModuleManager: Shutting down and abandoning module SourceCodeAccess (51)
[2014.10.21-13.26.44:002][664]LogModuleManager: Shutting down and abandoning module HeadMountedDisplay (50)
[2014.10.21-13.26.44:002][664]LogModuleManager: Shutting down and abandoning module XAudio2 (49)
[2014.10.21-13.26.44:003][664]LogModuleManager: Shutting down and abandoning module Networking (47)
[2014.10.21-13.26.44:003][664]LogModuleManager: Shutting down and abandoning module Core (46)
[2014.10.21-13.26.44:003][664]LogModuleManager: Shutting down and abandoning module KismetCompiler (45)
[2014.10.21-13.26.44:003][664]LogModuleManager: Shutting down and abandoning module PhysXFormats (44)
[2014.10.21-13.26.44:003][664]LogModuleManager: Shutting down and abandoning module MeshUtilities (43)
[2014.10.21-13.26.44:003][664]LogModuleManager: Shutting down and abandoning module DerivedDataCache (42)
[2014.10.21-13.26.44:005][664]LogDerivedDataCache: Shutdown
[2014.10.21-13.26.44:005][664]LogModuleManager: Shutting down and abandoning module ShaderFormatOpenGL (41)
[2014.10.21-13.26.44:005][664]LogModuleManager: Shutting down and abandoning module ShaderFormatD3D (40)
[2014.10.21-13.26.44:005][664]LogModuleManager: Shutting down and abandoning module MetalShaderFormat (39)
[2014.10.21-13.26.44:005][664]LogModuleManager: Shutting down and abandoning module TextureFormatUncompressed (38)
[2014.10.21-13.26.44:005][664]LogModuleManager: Shutting down and abandoning module TextureFormatPVR (37)
[2014.10.21-13.26.44:005][664]LogModuleManager: Shutting down and abandoning module TextureFormatDXT (36)
[2014.10.21-13.26.44:005][664]LogModuleManager: Shutting down and abandoning module TextureFormatAndroid (35)
[2014.10.21-13.26.44:005][664]LogModuleManager: Shutting down and abandoning module AudioFormatOpus (34)
[2014.10.21-13.26.44:005][664]LogModuleManager: Shutting down and abandoning module AudioFormatOgg (33)
[2014.10.21-13.26.44:005][664]LogModuleManager: Shutting down and abandoning module AudioFormatADPCM (32)
[2014.10.21-13.26.44:005][664]LogModuleManager: Shutting down and abandoning module Messaging (31)
[2014.10.21-13.26.44:005][664]LogModuleManager: Shutting down and abandoning module IOSTargetPlatform (30)
[2014.10.21-13.26.44:005][664]LogModuleManager: Shutting down and abandoning module Android_PVRTCTargetPlatform (29)
[2014.10.21-13.26.44:005][664]LogModuleManager: Shutting down and abandoning module Android_ETC2TargetPlatform (28)
[2014.10.21-13.26.44:005][664]LogModuleManager: Shutting down and abandoning module Android_ETC1TargetPlatform (27)
[2014.10.21-13.26.44:005][664]LogModuleManager: Shutting down and abandoning module Android_DXTTargetPlatform (26)
[2014.10.21-13.26.44:005][664]LogModuleManager: Shutting down and abandoning module Android_ATCTargetPlatform (25)
[2014.10.21-13.26.44:005][664]LogModuleManager: Shutting down and abandoning module AndroidTargetPlatform (24)
[2014.10.21-13.26.44:005][664]LogModuleManager: Shutting down and abandoning module WindowsTargetPlatform (23)
[2014.10.21-13.26.44:005][664]LogModuleManager: Shutting down and abandoning module WindowsServerTargetPlatform (22)
[2014.10.21-13.26.44:005][664]LogModuleManager: Shutting down and abandoning module WindowsNoEditorTargetPlatform (21)
[2014.10.21-13.26.44:005][664]LogModuleManager: Shutting down and abandoning module WindowsClientTargetPlatform (20)
[2014.10.21-13.26.44:005][664]LogModuleManager: Shutting down and abandoning module TargetPlatform (19)
[2014.10.21-13.26.44:005][664]LogModuleManager: Shutting down and abandoning module InputCore (18)
[2014.10.21-13.26.44:005][664]LogModuleManager: Shutting down and abandoning module Settings (17)
[2014.10.21-13.26.44:005][664]LogModuleManager: Shutting down and abandoning module ExampleDeviceProfileSelector (14)
[2014.10.21-13.26.44:005][664]LogModuleManager: Shutting down and abandoning module OculusRift (13)
[2014.10.21-13.26.44:005][664]LogModuleManager: Shutting down and abandoning module TextureCompressor (12)
[2014.10.21-13.26.44:005][664]LogModuleManager: Shutting down and abandoning module ShaderCore (11)
[2014.10.21-13.26.44:005][664]LogModuleManager: Shutting down and abandoning module OpenGLDrv (10)
[2014.10.21-13.26.44:005][664]LogModuleManager: Shutting down and abandoning module D3D11RHI (9)
[2014.10.21-13.26.44:005][664]LogModuleManager: Shutting down and abandoning module SlateRHIRenderer (8)
[2014.10.21-13.26.44:005][664]LogModuleManager: Shutting down and abandoning module Renderer (7)
[2014.10.21-13.26.44:005][664]LogModuleManager: Shutting down and abandoning module Engine (6)
[2014.10.21-13.26.44:005][664]LogModuleManager: Shutting down and abandoning module CoreUObject (5)
[2014.10.21-13.26.44:005][664]LogModuleManager: Shutting down and abandoning module NetworkFile (4)
[2014.10.21-13.26.44:005][664]LogModuleManager: Shutting down and abandoning module StreamingFile (3)
[2014.10.21-13.26.44:005][664]LogModuleManager: Shutting down and abandoning module SandboxFile (2)
[2014.10.21-13.26.44:005][664]LogModuleManager: Shutting down and abandoning module PakFile (1)
[2014.10.21-13.26.44:006][664]LogExit: Exiting.
[2014.10.21-13.26.44:009][664]Log file closed, 10/21/14 15:26:44
