Log file open, 11/05/14 18:53:22
LogInit:Display: Running engine for game: TheRoom
LogInit: Version: 4.4.3-2296771+++depot+UE4-Releases+4.4
LogInit: API Version: 2255576
LogInit: Compiled (64-bit): Sep 13 2014 22:30:58
LogInit: Build Configuration: Development
LogInit: Branch Name: ++depot+UE4-Releases+4.4
LogInit: Command line: 
LogInit: Base directory: C:/Program Files/Unreal Engine/4.4/Engine/Binaries/Win64/
LogInit: Rocket: 1
[2014.11.05-17.53.22:705][  0]LogTaskGraph: Started task graph with 3 named threads and 4 total threads.
[2014.11.05-17.53.22:734][  0]LogOnline:Warning: No default platform service specified for OnlineSubsystem
[2014.11.05-17.53.22:742][  0]LogInit: Presizing for 0 objects not considered by GC, pre-allocating 0 bytes.
[2014.11.05-17.53.22:753][  0]LogInit: Object subsystem initialized
[2014.11.05-17.53.22:755][  0]LogInit: Selected Device Profile: [Windows]
[2014.11.05-17.53.22:755][  0]LogInit: Applying CVar settings loaded from the selected device profile: [Windows]
[2014.11.05-17.53.22:762][  0]LogInit: Computer: 2013-KURS-09
[2014.11.05-17.53.22:762][  0]LogInit: User: lennartdaldrup
[2014.11.05-17.53.22:763][  0]LogInit: CPU Page size=4096, Cores=2
[2014.11.05-17.53.22:763][  0]LogInit: High frequency timer resolution =3.320390 MHz
[2014.11.05-17.53.22:763][  0]LogMemory: Memory total: Physical=8.0GB (8GB approx) Virtual=8192.0GB
[2014.11.05-17.53.22:763][  0]LogMemory: Platform Memory Stats for Windows
[2014.11.05-17.53.22:763][  0]LogMemory: Process Physical Memory: 61.49 MB used, 61.49 MB peak
[2014.11.05-17.53.22:763][  0]LogMemory: Process Virtual Memory: 37.06 MB used, 37.06 MB peak
[2014.11.05-17.53.22:763][  0]LogMemory: Physical Memory: 4666.46 MB used, 8185.95 MB total
[2014.11.05-17.53.22:763][  0]LogMemory: Virtual Memory: 262.12 MB used, 8388608.00 MB total
[2014.11.05-17.53.22:812][  0]LogD3D11RHI: Found D3D11 adapter 0: NVIDIA GeForce GTX 650 (Feature Level 11_0)
[2014.11.05-17.53.22:812][  0]LogD3D11RHI: Adapter has 971MB of dedicated video memory, 0MB of dedicated system memory, and 3072MB of shared system memory, 1 output[s]
[2014.11.05-17.53.22:812][  0]LogD3D11RHI: Chosen D3D11 Adapter Id = 0
[2014.11.05-17.53.22:822][  0]LogRHI: Texture pool is 680 MB (70% of 971 MB)
[2014.11.05-17.53.22:831][  0]LogD3D11RHI: Async texture creation enabled
[2014.11.05-17.53.22:902][  0]LogTextLocalizationManager:Warning: The selected culture 'de_DE' is not available; falling back to 'en'
[2014.11.05-17.53.22:997][  0]LogContentStreaming: Texture pool size is 0.000000MB
[2014.11.05-17.53.25:133][  0]LogTargetPlatformManager:Display: Building Assets For Windows
[2014.11.05-17.53.25:910][  0]LogTargetPlatformManager:Display: Building Assets For Windows
[2014.11.05-17.53.25:951][  0]LogDerivedDataCache:Display: Max Cache Size: 512 MB
[2014.11.05-17.53.26:055][  0]LogDerivedDataCache: Loaded boot cache 0.10s 39MB C:/Users/lennart.daldrup.S4G/AppData/Local/UnrealEngine/4.4/DerivedDataCache/Boot.ddc.
[2014.11.05-17.53.26:055][  0]LogDerivedDataCache:Display: Loaded Boot cache: C:/Users/lennart.daldrup.S4G/AppData/Local/UnrealEngine/4.4/DerivedDataCache/Boot.ddc
[2014.11.05-17.53.26:055][  0]LogDerivedDataCache: FDerivedDataBackendGraph:  Pak pak cache file ../../../../../../Users/lennart.daldrup.S4G/Documents/Unreal Projects/Nightterror/DerivedDataCache/DDC.ddp not found, will not use a pak cache.
[2014.11.05-17.53.26:055][  0]LogDerivedDataCache: Unable to find inner node Pak for hierarchical cache Hierarchy.
[2014.11.05-17.53.26:075][  0]LogDerivedDataCache:Display: Pak cache opened for reading ../../../Engine/DerivedDataCache/DDC.ddp.
[2014.11.05-17.53.26:087][  0]LogDerivedDataCache: Using Local data cache path C:/Users/lennart.daldrup.S4G/AppData/Local/UnrealEngine/4.4/DerivedDataCache: Writable
[2014.11.05-17.53.26:303][  0]LogMeshUtilities: No automatic mesh reduction module available
[2014.11.05-17.53.26:303][  0]LogMeshUtilities: No automatic mesh merging module available
[2014.11.05-17.53.26:770][  0]LogInit: WinSock: version 1.1 (2.2), MaxSocks=32767, MaxUdp=65467
[2014.11.05-17.53.27:552][  0]LogStats:Warning: MetaData mismatch. Did you assign a stat to two groups? New //STATGROUP_Threads//FMonitoredProcess///Thread_2630_0///////STATCAT_Advanced//// old //STATGROUP_Threads//FMonitoredProcess///Thread_25c4_0///////STATCAT_Advanced////
[2014.11.05-17.53.27:552][  0]UdpMessaging: Initializing bridge on interface 0.0.0.0:0 to multicast group 230.0.0.1:6666.
[2014.11.05-17.53.27:657][  0]SourceControl: Info Source control is disabled
[2014.11.05-17.53.27:657][  0]SourceControl: Info Source control is disabled
[2014.11.05-17.53.27:662][  0]SourceControl: Info Source control is disabled
[2014.11.05-17.53.27:848][  0]BlueprintLog: New page: Editor Load
[2014.11.05-17.53.27:970][  0]LogObj: 21438 objects as part of root set at end of initial load.
[2014.11.05-17.53.27:970][  0]LogUObjectAllocator: 4218656 out of 0 bytes used by permanent object pool.
[2014.11.05-17.53.28:246][  0]LogEngine: Initializing Engine...
[2014.11.05-17.53.28:384][  0]LogInit: XAudio2 using 'Realtek Digital Output (Realtek High Definition Audio)' : 2 channels at 48 kHz using 16 bits per sample (channel mask 0x3)
[2014.11.05-17.53.28:445][  0]LogInit: FAudioDevice initialized.
[2014.11.05-17.53.28:460][  0]LogAIModule: Creating AISystem for world NewWorld
[2014.11.05-17.53.28:546][  0]LogDerivedDataCache: Saved boot cache 0.08s 39MB C:/Users/lennart.daldrup.S4G/AppData/Local/UnrealEngine/4.4/DerivedDataCache/Boot.ddc.
[2014.11.05-17.53.28:563][  0]LogInit: Texture streaming: Enabled
[2014.11.05-17.53.28:603][  0]LogInit: Transaction tracking system initialized
[2014.11.05-17.53.28:744][  0]LogAssetRegistry: FAssetRegistry took 0.0096 seconds to start up
[2014.11.05-17.53.29:245][  0]LogTargetPlatformManager:Display: Building Assets For Windows
[2014.11.05-17.53.29:604][  0]LogTargetPlatformManager:Display: Building Assets For Windows
[2014.11.05-17.53.29:738][  0]LogConsoleResponse:Display: 
[2014.11.05-17.53.29:906][  0]LogStats:Warning: MetaData mismatch. Did you assign a stat to two groups? New //STATGROUP_Threads//FMonitoredProcess///Thread_2734_0///////STATCAT_Advanced//// old //STATGROUP_Threads//FMonitoredProcess///Thread_25c4_0///////STATCAT_Advanced////
[2014.11.05-17.53.29:906][  0]LogStats:Warning: MetaData mismatch. Did you assign a stat to two groups? New //STATGROUP_Threads//FMonitoredProcess///Thread_275c_0///////STATCAT_Advanced//// old //STATGROUP_Threads//FMonitoredProcess///Thread_25c4_0///////STATCAT_Advanced////
[2014.11.05-17.53.29:906][  0]SourceControl: Info Source control is disabled
[2014.11.05-17.53.29:906][  0]Cmd: MAP LOAD FILE="../../../../../../Users/lennart.daldrup.S4G/Documents/Unreal Projects/Nightterror/Content/Maps/TheRoom.umap" TEMPLATE=0 SHOWPROGRESS=1
[2014.11.05-17.53.29:907][  0]LightingResults: New page: Lighting Build
[2014.11.05-17.53.29:914][  0]MapCheck: New page: Map Check
[2014.11.05-17.53.29:914][  0]LightingResults: New page: Lighting Build
[2014.11.05-17.53.29:934][  0]LogParticles: Destroying 0 GPU particle simulations for FXSystem 0x000000000EBF5300
[2014.11.05-17.53.30:256][  0]LogEditorServer: Finished looking for orphan Actors (0.000 secs)
[2014.11.05-17.53.30:257][  0]LogAIModule: Creating AISystem for world TheRoom
[2014.11.05-17.53.30:257][  0]Cmd: MAP CHECKDEP
[2014.11.05-17.53.30:257][  0]MapCheck: New page: TheRoom - Nov 5, 2014, 7:53:30 PM
[2014.11.05-17.53.30:310][  0]MapCheck: Info ========== Map Check: 0 Error(s), 0 Warning(s), [53.391ms] ==========
[2014.11.05-17.53.30:311][  0]LogFileHelpers: Loading map 'TheRoom' took 0.404
[2014.11.05-17.53.30:387][  0]LogCollectionManager: Loaded 0 collections in 0.001139 seconds
[2014.11.05-17.53.30:398][  0]LogContentBrowser:Verbose: The content browser source was changed by the sources view to '/Game'
[2014.11.05-17.53.30:476][  0]LogCrashTracker: Crashtracker disabled due to settings.
[2014.11.05-17.53.30:554][  0]LogLoad: Full Startup: 8.72 seconds (BP compile: 0.12 seconds)
[2014.11.05-17.53.30:734][  0]LogRenderer:Warning: Reallocating scene render targets to support 32x32.
[2014.11.05-17.53.30:798][  0]LogRenderer:Warning: Reallocating scene render targets to support 1136x896.
[2014.11.05-17.53.31:029][  2]LogAssetRegistry: Asset discovery search completed in 2.2952 seconds
[2014.11.05-17.53.32:906][ 63]BlueprintLog: New page: Pre-PIE auto-recompile
[2014.11.05-17.53.32:906][ 63]LogPlayLevel: [PIE] Compiling TheRoom before PIE...
[2014.11.05-17.53.33:093][ 63]LogPlayLevel: PIE:  Blueprint regeneration took 187 ms (1 blueprints)
[2014.11.05-17.53.33:093][ 63]PIE: New page: PIE session: TheRoom (Nov 5, 2014, 7:53:33 PM)
[2014.11.05-17.53.33:105][ 63]LogPlayLevel: PIE: StaticDuplicateObject took: (0.011719s)
[2014.11.05-17.53.33:107][ 63]LogPlayLevel: PIE: World Init took: (0.002165s)
[2014.11.05-17.53.33:107][ 63]LogPlayLevel: PIE: Created PIE world by copying editor world from /Game/Maps/TheRoom.TheRoom to /Game/Maps/UEDPIE_0_TheRoom.TheRoom (0.014096s)
[2014.11.05-17.53.33:179][ 63]BlueprintLog:Warning: Warning Blueprint MyHUD has been migrated and requires re-saving to avoid import errors
[2014.11.05-17.53.33:180][ 63]BlueprintLog:Warning: Warning Blueprint MyGame has been migrated and requires re-saving to avoid import errors
[2014.11.05-17.53.33:180][ 63]LogWorld: Game class is 'MyGame_C'
[2014.11.05-17.53.33:182][ 63]LogAIModule: Creating AISystem for world TheRoom
[2014.11.05-17.53.33:184][ 63]LogWorld: Bringing World /Game/Maps/UEDPIE_0_TheRoom.TheRoom up for play (max tick rate 0) at 2014.11.05-18.53.33
[2014.11.05-17.53.33:184][ 63]LogWorld: Bringing up level for play took: 0.002726
[2014.11.05-17.53.33:186][ 63]PIE: Info Play in editor start time for /Game/Maps/UEDPIE_0_TheRoom -0.059
[2014.11.05-17.53.33:967][ 95]LogBlueprintUserMessages: ActorHit: "Wall_400x401" + ItemHit: "-1"
[2014.11.05-17.53.36:141][190]LogBlueprintUserMessages: ActorHit: "Floor_400x400_7" + ItemHit: "-1"
[2014.11.05-17.53.36:469][205]LogBlueprintUserMessages: ActorHit: "Floor_400x400_7" + ItemHit: "-1"
[2014.11.05-17.53.36:658][213]LogBlueprintUserMessages: ActorHit: "Floor_400x400_7" + ItemHit: "-1"
[2014.11.05-17.53.36:801][220]LogBlueprintUserMessages: ActorHit: "Floor_400x400_7" + ItemHit: "-1"
[2014.11.05-17.53.36:943][226]LogBlueprintUserMessages: ActorHit: "Floor_400x400_7" + ItemHit: "-1"
[2014.11.05-17.53.37:102][233]LogBlueprintUserMessages: ActorHit: "Floor_400x400_7" + ItemHit: "-1"
[2014.11.05-17.53.38:317][288]LogBlueprintUserMessages: ActorHit: "Furniture_Closet_Lowpoly_17" + ItemHit: "-1"
[2014.11.05-17.53.38:495][296]LogBlueprintUserMessages: ActorHit: "Furniture_Closet_Lowpoly_17" + ItemHit: "-1"
[2014.11.05-17.53.38:629][302]LogBlueprintUserMessages: ActorHit: "Furniture_Closet_Lowpoly_17" + ItemHit: "-1"
[2014.11.05-17.53.41:698][441]LogBlueprintUserMessages: ActorHit: "Furniture_Closet_Lowpoly_17" + ItemHit: "-1"
[2014.11.05-17.53.41:962][453]LogBlueprintUserMessages: ActorHit: "Furniture_Closet_Lowpoly_17" + ItemHit: "-1"
[2014.11.05-17.53.42:225][465]LogBlueprintUserMessages: ActorHit: "Furniture_Closet_Lowpoly_17" + ItemHit: "-1"
[2014.11.05-17.53.42:486][477]LogBlueprintUserMessages: ActorHit: "Furniture_Closet_Lowpoly_17" + ItemHit: "-1"
[2014.11.05-17.53.42:734][488]LogBlueprintUserMessages: ActorHit: "Furniture_Closet_Lowpoly_17" + ItemHit: "-1"
[2014.11.05-17.53.42:997][500]LogBlueprintUserMessages: ActorHit: "Furniture_Closet_Lowpoly_17" + ItemHit: "-1"
[2014.11.05-17.53.43:215][509]LogBlueprintUserMessages: ActorHit: "Furniture_Closet_Lowpoly_17" + ItemHit: "-1"
[2014.11.05-17.53.43:496][522]LogBlueprintUserMessages: ActorHit: "Furniture_Closet_Lowpoly_17" + ItemHit: "-1"
[2014.11.05-17.53.43:720][532]LogBlueprintUserMessages: ActorHit: "Furniture_Closet_Lowpoly_17" + ItemHit: "-1"
[2014.11.05-17.53.43:958][543]LogBlueprintUserMessages: ActorHit: "Furniture_Closet_Lowpoly_17" + ItemHit: "-1"
[2014.11.05-17.53.44:176][553]LogBlueprintUserMessages: ActorHit: "Furniture_Closet_Lowpoly_17" + ItemHit: "-1"
[2014.11.05-17.53.44:423][564]LogBlueprintUserMessages: ActorHit: "Furniture_Closet_Lowpoly_17" + ItemHit: "-1"
[2014.11.05-17.53.44:623][573]LogBlueprintUserMessages: ActorHit: "Furniture_Closet_Lowpoly_17" + ItemHit: "-1"
[2014.11.05-17.53.44:791][581]LogBlueprintUserMessages: ActorHit: "Furniture_Closet_Lowpoly_17" + ItemHit: "-1"
[2014.11.05-17.53.44:998][590]LogBlueprintUserMessages: ActorHit: "Furniture_Closet_Lowpoly_17" + ItemHit: "-1"
[2014.11.05-17.53.45:200][599]LogBlueprintUserMessages: ActorHit: "Furniture_Closet_Lowpoly_17" + ItemHit: "-1"
[2014.11.05-17.53.45:473][611]LogBlueprintUserMessages: ActorHit: "Furniture_Closet_Lowpoly_17" + ItemHit: "-1"
[2014.11.05-17.53.45:690][621]LogBlueprintUserMessages: ActorHit: "Furniture_Closet_Lowpoly_17" + ItemHit: "-1"
[2014.11.05-17.53.45:999][635]LogBlueprintUserMessages: ActorHit: "Furniture_Closet_Lowpoly_17" + ItemHit: "-1"
[2014.11.05-17.53.46:175][643]LogBlueprintUserMessages: ActorHit: "Furniture_Closet_Lowpoly_17" + ItemHit: "-1"
[2014.11.05-17.53.46:405][653]LogBlueprintUserMessages: ActorHit: "Furniture_Closet_Lowpoly_17" + ItemHit: "-1"
[2014.11.05-17.53.46:585][661]LogBlueprintUserMessages: ActorHit: "Furniture_Closet_Lowpoly_17" + ItemHit: "-1"
[2014.11.05-17.53.46:764][669]LogBlueprintUserMessages: ActorHit: "Furniture_Closet_Lowpoly_17" + ItemHit: "-1"
[2014.11.05-17.53.46:972][679]LogBlueprintUserMessages: ActorHit: "Furniture_Closet_Lowpoly_17" + ItemHit: "-1"
[2014.11.05-17.53.47:151][687]LogBlueprintUserMessages: ActorHit: "Furniture_Closet_Lowpoly_17" + ItemHit: "-1"
[2014.11.05-17.53.47:351][696]LogBlueprintUserMessages: ActorHit: "Furniture_Closet_Lowpoly_17" + ItemHit: "-1"
[2014.11.05-17.53.47:549][705]LogBlueprintUserMessages: ActorHit: "Furniture_Closet_Lowpoly_17" + ItemHit: "-1"
[2014.11.05-17.53.48:709][757]LogBlueprintUserMessages: ActorHit: "Furniture_Closet_Lowpoly_17" + ItemHit: "-1"
[2014.11.05-17.53.49:014][771]LogBlueprintUserMessages: ActorHit: "Furniture_Closet_Lowpoly_17" + ItemHit: "-1"
[2014.11.05-17.53.59:411][244]LogBlueprintUserMessages: ActorHit: "Furniture_Closet_Lowpoly_17" + ItemHit: "-1"
[2014.11.05-17.53.59:737][259]LogBlueprintUserMessages: ActorHit: "Furniture_Closet_Lowpoly_17" + ItemHit: "-1"
[2014.11.05-17.54.00:228][281]LogBlueprintUserMessages: ActorHit: "Furniture_Closet_Lowpoly_17" + ItemHit: "-1"
[2014.11.05-17.54.01:072][316]LogBlueprintUserMessages: ActorHit: "Furniture_Closet_Lowpoly_17" + ItemHit: "-1"
[2014.11.05-17.54.01:595][340]LogBlueprintUserMessages: ActorHit: "Furniture_Closet_Lowpoly_17" + ItemHit: "-1"
[2014.11.05-17.54.03:083][404]LogParticles: Destroying 0 GPU particle simulations for FXSystem 0x000000000D395DA0
[2014.11.05-17.54.35:574][544]BlueprintLog: New page: Compile TheRoom
[2014.11.05-17.54.35:754][544]BlueprintEditorCompileResults: Info [0073.83] Compile of TheRoom successful! [in 15 ms]
[2014.11.05-17.54.37:058][581]BlueprintLog: New page: Pre-PIE auto-recompile
[2014.11.05-17.54.37:064][581]LogPlayLevel: [PIE] Compiling TheRoom before PIE...
[2014.11.05-17.54.37:226][581]LogPlayLevel: PIE:  Blueprint regeneration took 168 ms (1 blueprints)
[2014.11.05-17.54.37:227][581]PIE: New page: PIE session: TheRoom (Nov 5, 2014, 7:54:37 PM)
[2014.11.05-17.54.37:237][581]LogPlayLevel: PIE: StaticDuplicateObject took: (0.010322s)
[2014.11.05-17.54.37:238][581]LogPlayLevel: PIE: World Init took: (0.001106s)
[2014.11.05-17.54.37:238][581]LogPlayLevel: PIE: Created PIE world by copying editor world from /Game/Maps/TheRoom.TheRoom to /Game/Maps/UEDPIE_0_TheRoom.TheRoom (0.011627s)
[2014.11.05-17.54.37:264][581]LogWorld: Game class is 'MyGame_C'
[2014.11.05-17.54.37:266][581]LogAIModule: Creating AISystem for world TheRoom
[2014.11.05-17.54.37:268][581]LogWorld: Bringing World /Game/Maps/UEDPIE_0_TheRoom.TheRoom up for play (max tick rate 0) at 2014.11.05-18.54.37
[2014.11.05-17.54.37:269][581]LogWorld: Bringing up level for play took: 0.002713
[2014.11.05-17.54.37:270][581]PIE: Info Play in editor start time for /Game/Maps/UEDPIE_0_TheRoom 0.027
[2014.11.05-17.54.38:265][620]LogBlueprintUserMessages: ActorHit: "Floor_400x400_7" + ItemHit: "-1"
[2014.11.05-17.54.39:260][665]LogBlueprintUserMessages: ActorHit: "Floor_400x400_7" + ItemHit: "-1"
[2014.11.05-17.54.39:439][672]LogBlueprintUserMessages: ActorHit: "Floor_400x400_7" + ItemHit: "-1"
[2014.11.05-17.54.39:828][689]LogBlueprintUserMessages: ActorHit: "Wall_400x401" + ItemHit: "-1"
[2014.11.05-17.54.39:953][695]LogBlueprintUserMessages: ActorHit: "Wall_400x401" + ItemHit: "-1"
[2014.11.05-17.54.40:149][704]LogBlueprintUserMessages: ActorHit: "Wall_400x401" + ItemHit: "-1"
[2014.11.05-17.54.41:164][750]LogBlueprintUserMessages: ActorHit: "Wall_400x400_27" + ItemHit: "-1"
[2014.11.05-17.54.41:459][763]LogBlueprintUserMessages: ActorHit: "Wall_400x400_27" + ItemHit: "-1"
[2014.11.05-17.54.42:570][809]LogParticles: Destroying 0 GPU particle simulations for FXSystem 0x000000000CF69260
[2014.11.05-17.55.01:502][506]LogSlate:Warning: Prevented a slow task dialog from being summoned while a context menu was open
[2014.11.05-17.55.14:189][945]LogUObjectGlobals:Warning: Failed to find object 'Object None.'
[2014.11.05-17.55.14:189][945]LogUObjectGlobals:Warning: Failed to find object 'Object None.'
[2014.11.05-17.55.14:189][945]LogUObjectGlobals:Warning: Failed to find object 'Object None.'
[2014.11.05-17.55.14:189][945]LogUObjectGlobals:Warning: Failed to find object 'Object None.'
[2014.11.05-17.55.14:189][945]LogUObjectGlobals:Warning: Failed to find object 'Object None.'
[2014.11.05-17.55.14:190][945]LogUObjectGlobals:Warning: Failed to find object 'Object None.'
[2014.11.05-17.55.14:190][945]LogUObjectGlobals:Warning: Failed to find object 'Object None.'
[2014.11.05-17.55.14:190][945]LogUObjectGlobals:Warning: Failed to find object 'Object None.'
[2014.11.05-17.55.14:190][945]LogUObjectGlobals:Warning: Failed to find object 'Object None.'
[2014.11.05-17.55.14:190][945]LogUObjectGlobals:Warning: Failed to find object 'Object None.'
[2014.11.05-17.55.14:190][945]LogUObjectGlobals:Warning: Failed to find object 'Object None.'
[2014.11.05-17.55.14:190][945]LogUObjectGlobals:Warning: Failed to find object 'Object None.'
[2014.11.05-17.55.14:190][945]LogUObjectGlobals:Warning: Failed to find object 'Object None.'
[2014.11.05-17.55.14:190][945]LogUObjectGlobals:Warning: Failed to find object 'Object None.'
[2014.11.05-17.55.14:190][945]LogUObjectGlobals:Warning: Failed to find object 'Object None.'
[2014.11.05-17.55.14:191][945]LogUObjectHash:Warning: Ambiguous search, could be K2Node_InputKey /Game/Blueprints/MyCharacter.MyCharacter:EventGraph.K2Node_InputKey_1812 or K2Node_InputKey /Game/Maps/TheRoom.TheRoom:PersistentLevel.TheRoom.EdGraph_158.K2Node_InputKey_1812
[2014.11.05-17.55.14:191][945]LogUObjectHash:Warning: Ambiguous search, could be K2Node_InputKey /Game/Blueprints/MyCharacter.MyCharacter:EventGraph.K2Node_InputKey_1812 or K2Node_InputKey /Game/Maps/TheRoom.TheRoom:PersistentLevel.TheRoom.EventGraph.K2Node_InputKey_1812
[2014.11.05-17.55.14:191][945]LogProperty:Warning: Illegal TEXT reference to a private object in external package (EdGraphPin /Game/Maps/TheRoom.TheRoom:PersistentLevel.TheRoom.EventGraph.K2Node_InputKey_1812.EdGraphPin_2103) from referencer (EdGraphPin /Game/Blueprints/MyCharacter.MyCharacter:EventGraph.K2Node_CallFunction_10516.EdGraphPin_1992).  Import failed...
[2014.11.05-17.55.14:191][945]LogProperty:Warning: ObjectProperty /Script/Engine.EdGraphPin:LinkedTo.LinkedTo: unresolved reference to 'EdGraphPin'"K2Node_InputKey_1812.EdGraphPin_2103"''
[2014.11.05-17.55.14:191][945]LogUObjectHash:Warning: Ambiguous search, could be K2Node_CallFunction /Game/Blueprints/MyCharacter.MyCharacter:EventGraph.K2Node_CallFunction_16739 or K2Node_CallFunction /Game/Maps/TheRoom.TheRoom:PersistentLevel.TheRoom.EdGraph_158.K2Node_CallFunction_16739
[2014.11.05-17.55.14:192][945]LogUObjectHash:Warning: Ambiguous search, could be K2Node_CallFunction /Game/Blueprints/MyCharacter.MyCharacter:EventGraph.K2Node_CallFunction_16739 or K2Node_CallFunction /Game/Maps/TheRoom.TheRoom:PersistentLevel.TheRoom.EventGraph.K2Node_CallFunction_16739
[2014.11.05-17.55.14:192][945]LogProperty:Warning: Illegal TEXT reference to a private object in external package (EdGraphPin /Game/Maps/TheRoom.TheRoom:PersistentLevel.TheRoom.EventGraph.K2Node_CallFunction_16739.EdGraphPin_2079) from referencer (EdGraphPin /Game/Blueprints/MyCharacter.MyCharacter:EventGraph.K2Node_CallFunction_10516.EdGraphPin_1993).  Import failed...
[2014.11.05-17.55.14:192][945]LogProperty:Warning: ObjectProperty /Script/Engine.EdGraphPin:LinkedTo.LinkedTo: unresolved reference to 'EdGraphPin'"K2Node_CallFunction_16739.EdGraphPin_2079"''
[2014.11.05-17.55.14:192][945]LogUObjectHash:Warning: Ambiguous search, could be K2Node_MakeArray /Game/Blueprints/MyCharacter.MyCharacter:EventGraph.K2Node_MakeArray_23 or K2Node_MakeArray /Game/Maps/TheRoom.TheRoom:PersistentLevel.TheRoom.EdGraph_158.K2Node_MakeArray_23
[2014.11.05-17.55.14:192][945]LogUObjectHash:Warning: Ambiguous search, could be K2Node_MakeArray /Game/Blueprints/MyCharacter.MyCharacter:EventGraph.K2Node_MakeArray_23 or K2Node_MakeArray /Game/Maps/TheRoom.TheRoom:PersistentLevel.TheRoom.EventGraph.K2Node_MakeArray_23
[2014.11.05-17.55.14:192][945]LogProperty:Warning: Illegal TEXT reference to a private object in external package (EdGraphPin /Game/Maps/TheRoom.TheRoom:PersistentLevel.TheRoom.EventGraph.K2Node_MakeArray_23.EdGraphPin_2232) from referencer (EdGraphPin /Game/Blueprints/MyCharacter.MyCharacter:EventGraph.K2Node_CallFunction_10516.EdGraphPin_1998).  Import failed...
[2014.11.05-17.55.14:192][945]LogProperty:Warning: ObjectProperty /Script/Engine.EdGraphPin:LinkedTo.LinkedTo: unresolved reference to 'EdGraphPin'"K2Node_MakeArray_23.EdGraphPin_2232"''
[2014.11.05-17.55.14:193][945]LogUObjectHash:Warning: Ambiguous search, could be K2Node_CallFunction /Game/Blueprints/MyCharacter.MyCharacter:EventGraph.K2Node_CallFunction_16174 or K2Node_CallFunction /Game/Maps/TheRoom.TheRoom:PersistentLevel.TheRoom.EdGraph_158.K2Node_CallFunction_16174
[2014.11.05-17.55.14:193][945]LogUObjectHash:Warning: Ambiguous search, could be K2Node_CallFunction /Game/Blueprints/MyCharacter.MyCharacter:EventGraph.K2Node_CallFunction_16174 or K2Node_CallFunction /Game/Maps/TheRoom.TheRoom:PersistentLevel.TheRoom.EventGraph.K2Node_CallFunction_16174
[2014.11.05-17.55.14:193][945]LogProperty:Warning: Illegal TEXT reference to a private object in external package (EdGraphPin /Game/Maps/TheRoom.TheRoom:PersistentLevel.TheRoom.EventGraph.K2Node_CallFunction_16174.EdGraphPin_2038) from referencer (EdGraphPin /Game/Blueprints/MyCharacter.MyCharacter:EventGraph.K2Node_CallFunction_10516.EdGraphPin_2002).  Import failed...
[2014.11.05-17.55.14:193][945]LogProperty:Warning: ObjectProperty /Script/Engine.EdGraphPin:LinkedTo.LinkedTo: unresolved reference to 'EdGraphPin'"K2Node_CallFunction_16174.EdGraphPin_2038"''
[2014.11.05-17.55.14:193][945]LogUObjectHash:Warning: Ambiguous search, could be K2Node_CallFunction /Game/Blueprints/MyCharacter.MyCharacter:EventGraph.K2Node_CallFunction_183031 or K2Node_CallFunction /Game/Maps/TheRoom.TheRoom:PersistentLevel.TheRoom.EventGraph.K2Node_CallFunction_183031
[2014.11.05-17.55.14:193][945]LogProperty:Warning: Illegal TEXT reference to a private object in external package (EdGraphPin /Game/Maps/TheRoom.TheRoom:PersistentLevel.TheRoom.EventGraph.K2Node_CallFunction_183031.EdGraphPin_2112) from referencer (EdGraphPin /Game/Blueprints/MyCharacter.MyCharacter:EventGraph.K2Node_CallFunction_11930.EdGraphPin_2031).  Import failed...
[2014.11.05-17.55.14:193][945]LogProperty:Warning: ObjectProperty /Script/Engine.EdGraphPin:LinkedTo.LinkedTo: unresolved reference to 'EdGraphPin'"K2Node_CallFunction_183031.EdGraphPin_2112"''
[2014.11.05-17.55.14:194][945]LogUObjectHash:Warning: Ambiguous search, could be K2Node_CallFunction /Game/Blueprints/MyCharacter.MyCharacter:EventGraph.K2Node_CallFunction_16257 or K2Node_CallFunction /Game/Maps/TheRoom.TheRoom:PersistentLevel.TheRoom.EdGraph_158.K2Node_CallFunction_16257
[2014.11.05-17.55.14:194][945]LogUObjectHash:Warning: Ambiguous search, could be K2Node_CallFunction /Game/Blueprints/MyCharacter.MyCharacter:EventGraph.K2Node_CallFunction_16257 or K2Node_CallFunction /Game/Maps/TheRoom.TheRoom:PersistentLevel.TheRoom.EventGraph.K2Node_CallFunction_16257
[2014.11.05-17.55.14:195][945]LogProperty:Warning: Illegal TEXT reference to a private object in external package (EdGraphPin /Game/Maps/TheRoom.TheRoom:PersistentLevel.TheRoom.EventGraph.K2Node_CallFunction_16257.EdGraphPin_2071) from referencer (EdGraphPin /Game/Blueprints/MyCharacter.MyCharacter:EventGraph.K2Node_CallFunction_16174.EdGraphPin_2044).  Import failed...
[2014.11.05-17.55.14:195][945]LogProperty:Warning: ObjectProperty /Script/Engine.EdGraphPin:LinkedTo.LinkedTo: unresolved reference to 'EdGraphPin'"K2Node_CallFunction_16257.EdGraphPin_2071"''
[2014.11.05-17.55.14:195][945]LogUObjectHash:Warning: Ambiguous search, could be K2Node_CallFunction /Game/Blueprints/MyCharacter.MyCharacter:EventGraph.K2Node_CallFunction_93679 or K2Node_CallFunction /Game/Maps/TheRoom.TheRoom:PersistentLevel.TheRoom.EventGraph.K2Node_CallFunction_93679
[2014.11.05-17.55.14:195][945]LogProperty:Warning: Illegal TEXT reference to a private object in external package (EdGraphPin /Game/Maps/TheRoom.TheRoom:PersistentLevel.TheRoom.EventGraph.K2Node_CallFunction_93679.EdGraphPin_2131) from referencer (EdGraphPin /Game/Blueprints/MyCharacter.MyCharacter:EventGraph.K2Node_CallFunction_16174.EdGraphPin_2047).  Import failed...
[2014.11.05-17.55.14:195][945]LogProperty:Warning: ObjectProperty /Script/Engine.EdGraphPin:LinkedTo.LinkedTo: unresolved reference to 'EdGraphPin'"K2Node_CallFunction_93679.EdGraphPin_2131"''
[2014.11.05-17.55.14:196][945]LogUObjectHash:Warning: Ambiguous search, could be K2Node_CallFunction /Game/Blueprints/MyCharacter.MyCharacter:EventGraph.K2Node_CallFunction_94212 or K2Node_CallFunction /Game/Maps/TheRoom.TheRoom:PersistentLevel.TheRoom.EventGraph.K2Node_CallFunction_94212
[2014.11.05-17.55.14:196][945]LogProperty:Warning: Illegal TEXT reference to a private object in external package (EdGraphPin /Game/Maps/TheRoom.TheRoom:PersistentLevel.TheRoom.EventGraph.K2Node_CallFunction_94212.EdGraphPin_2141) from referencer (EdGraphPin /Game/Blueprints/MyCharacter.MyCharacter:EventGraph.K2Node_CallFunction_16257.EdGraphPin_2072).  Import failed...
[2014.11.05-17.55.14:196][945]LogProperty:Warning: ObjectProperty /Script/Engine.EdGraphPin:LinkedTo.LinkedTo: unresolved reference to 'EdGraphPin'"K2Node_CallFunction_94212.EdGraphPin_2141"''
[2014.11.05-17.55.14:196][945]LogUObjectHash:Warning: Ambiguous search, could be K2Node_CallFunction /Game/Blueprints/MyCharacter.MyCharacter:EventGraph.K2Node_CallFunction_114572 or K2Node_CallFunction /Game/Maps/TheRoom.TheRoom:PersistentLevel.TheRoom.EventGraph.K2Node_CallFunction_114572
[2014.11.05-17.55.14:196][945]LogProperty:Warning: Illegal TEXT reference to a private object in external package (EdGraphPin /Game/Maps/TheRoom.TheRoom:PersistentLevel.TheRoom.EventGraph.K2Node_CallFunction_114572.EdGraphPin_2178) from referencer (EdGraphPin /Game/Blueprints/MyCharacter.MyCharacter:EventGraph.K2Node_CallFunction_16739.EdGraphPin_2083).  Import failed...
[2014.11.05-17.55.14:196][945]LogProperty:Warning: ObjectProperty /Script/Engine.EdGraphPin:LinkedTo.LinkedTo: unresolved reference to 'EdGraphPin'"K2Node_CallFunction_114572.EdGraphPin_2178"''
[2014.11.05-17.55.14:197][945]LogUObjectHash:Warning: Ambiguous search, could be K2Node_CallFunction /Game/Blueprints/MyCharacter.MyCharacter:EventGraph.K2Node_CallFunction_193857 or K2Node_CallFunction /Game/Maps/TheRoom.TheRoom:PersistentLevel.TheRoom.EventGraph.K2Node_CallFunction_193857
[2014.11.05-17.55.14:197][945]LogProperty:Warning: Illegal TEXT reference to a private object in external package (EdGraphPin /Game/Maps/TheRoom.TheRoom:PersistentLevel.TheRoom.EventGraph.K2Node_CallFunction_193857.EdGraphPin_2187) from referencer (EdGraphPin /Game/Blueprints/MyCharacter.MyCharacter:EventGraph.K2Node_CallFunction_183031.EdGraphPin_2112).  Import failed...
[2014.11.05-17.55.14:197][945]LogProperty:Warning: ObjectProperty /Script/Engine.EdGraphPin:LinkedTo.LinkedTo: unresolved reference to 'EdGraphPin'"K2Node_CallFunction_193857.EdGraphPin_2187"''
[2014.11.05-17.55.14:198][945]LogUObjectHash:Warning: Ambiguous search, could be K2Node_CallFunction /Game/Blueprints/MyCharacter.MyCharacter:EventGraph.K2Node_CallFunction_96391 or K2Node_CallFunction /Game/Maps/TheRoom.TheRoom:PersistentLevel.TheRoom.EventGraph.K2Node_CallFunction_96391
[2014.11.05-17.55.14:198][945]LogProperty:Warning: Illegal TEXT reference to a private object in external package (EdGraphPin /Game/Maps/TheRoom.TheRoom:PersistentLevel.TheRoom.EventGraph.K2Node_CallFunction_96391.EdGraphPin_2165) from referencer (EdGraphPin /Game/Blueprints/MyCharacter.MyCharacter:EventGraph.K2Node_CallFunction_93679.EdGraphPin_2132).  Import failed...
[2014.11.05-17.55.14:198][945]LogProperty:Warning: ObjectProperty /Script/Engine.EdGraphPin:LinkedTo.LinkedTo: unresolved reference to 'EdGraphPin'"K2Node_CallFunction_96391.EdGraphPin_2165"''
[2014.11.05-17.55.14:198][945]LogUObjectHash:Warning: Ambiguous search, could be K2Node_CallFunction /Game/Blueprints/MyCharacter.MyCharacter:EventGraph.K2Node_CallFunction_95277 or K2Node_CallFunction /Game/Maps/TheRoom.TheRoom:PersistentLevel.TheRoom.EventGraph.K2Node_CallFunction_95277
[2014.11.05-17.55.14:198][945]LogProperty:Warning: Illegal TEXT reference to a private object in external package (EdGraphPin /Game/Maps/TheRoom.TheRoom:PersistentLevel.TheRoom.EventGraph.K2Node_CallFunction_95277.EdGraphPin_2152) from referencer (EdGraphPin /Game/Blueprints/MyCharacter.MyCharacter:EventGraph.K2Node_CallFunction_94212.EdGraphPin_2142).  Import failed...
[2014.11.05-17.55.14:198][945]LogProperty:Warning: ObjectProperty /Script/Engine.EdGraphPin:LinkedTo.LinkedTo: unresolved reference to 'EdGraphPin'"K2Node_CallFunction_95277.EdGraphPin_2152"''
[2014.11.05-17.55.14:199][945]LogUObjectHash:Warning: Ambiguous search, could be K2Node_CallFunction /Game/Blueprints/MyCharacter.MyCharacter:EventGraph.K2Node_CallFunction_96391 or K2Node_CallFunction /Game/Maps/TheRoom.TheRoom:PersistentLevel.TheRoom.EventGraph.K2Node_CallFunction_96391
[2014.11.05-17.55.14:199][945]LogProperty:Warning: Illegal TEXT reference to a private object in external package (EdGraphPin /Game/Maps/TheRoom.TheRoom:PersistentLevel.TheRoom.EventGraph.K2Node_CallFunction_96391.EdGraphPin_2164) from referencer (EdGraphPin /Game/Blueprints/MyCharacter.MyCharacter:EventGraph.K2Node_CallFunction_95277.EdGraphPin_2154).  Import failed...
[2014.11.05-17.55.14:199][945]LogProperty:Warning: ObjectProperty /Script/Engine.EdGraphPin:LinkedTo.LinkedTo: unresolved reference to 'EdGraphPin'"K2Node_CallFunction_96391.EdGraphPin_2164"''
[2014.11.05-17.55.14:199][945]LogUObjectHash:Warning: Ambiguous search, could be K2Node_CallFunction /Game/Blueprints/MyCharacter.MyCharacter:EventGraph.K2Node_CallFunction_114572 or K2Node_CallFunction /Game/Maps/TheRoom.TheRoom:PersistentLevel.TheRoom.EventGraph.K2Node_CallFunction_114572
[2014.11.05-17.55.14:199][945]LogProperty:Warning: Illegal TEXT reference to a private object in external package (EdGraphPin /Game/Maps/TheRoom.TheRoom:PersistentLevel.TheRoom.EventGraph.K2Node_CallFunction_114572.EdGraphPin_2176) from referencer (EdGraphPin /Game/Blueprints/MyCharacter.MyCharacter:EventGraph.K2Node_CallFunction_96391.EdGraphPin_2166).  Import failed...
[2014.11.05-17.55.14:199][945]LogProperty:Warning: ObjectProperty /Script/Engine.EdGraphPin:LinkedTo.LinkedTo: unresolved reference to 'EdGraphPin'"K2Node_CallFunction_114572.EdGraphPin_2176"''
[2014.11.05-17.55.14:200][945]LogUObjectHash:Warning: Ambiguous search, could be K2Node_CallFunction /Game/Blueprints/MyCharacter.MyCharacter:EventGraph.K2Node_CallFunction_193857 or K2Node_CallFunction /Game/Maps/TheRoom.TheRoom:PersistentLevel.TheRoom.EventGraph.K2Node_CallFunction_193857
[2014.11.05-17.55.14:200][945]LogProperty:Warning: Illegal TEXT reference to a private object in external package (EdGraphPin /Game/Maps/TheRoom.TheRoom:PersistentLevel.TheRoom.EventGraph.K2Node_CallFunction_193857.EdGraphPin_2188) from referencer (EdGraphPin /Game/Blueprints/MyCharacter.MyCharacter:EventGraph.K2Node_CallFunction_193235.EdGraphPin_2122).  Import failed...
[2014.11.05-17.55.14:200][945]LogProperty:Warning: ObjectProperty /Script/Engine.EdGraphPin:LinkedTo.LinkedTo: unresolved reference to 'EdGraphPin'"K2Node_CallFunction_193857.EdGraphPin_2188"''
[2014.11.05-17.55.37:847][683]LogSlate:Warning: GetFontFace failed to load or process 'Roboto-Regular'
[2014.11.05-17.55.37:847][683]LogSlate:Warning: GetFontFace failed to load or process 'Roboto-Regular'
[2014.11.05-17.55.37:852][683]LogSlate:Warning: GetFontFace failed to load or process 'Roboto-Regular'
[2014.11.05-17.55.37:852][683]LogSlate:Warning: GetFontFace failed to load or process 'Roboto-Regular'
[2014.11.05-17.55.37:852][683]LogSlate:Warning: GetFontFace failed to load or process 'Roboto-Regular'
[2014.11.05-17.55.37:852][683]LogSlate:Warning: GetFontFace failed to load or process 'Roboto-Regular'
[2014.11.05-17.55.37:852][683]LogSlate:Warning: GetFontFace failed to load or process 'Roboto-Regular'
[2014.11.05-17.55.37:852][683]LogSlate:Warning: GetFontFace failed to load or process 'Roboto-Regular'
[2014.11.05-17.55.37:852][683]LogSlate:Warning: GetFontFace failed to load or process 'Roboto-Regular'
[2014.11.05-17.55.37:852][683]LogSlate:Warning: GetFontFace failed to load or process 'Roboto-Regular'
[2014.11.05-17.55.37:852][683]LogSlate:Warning: GetFontFace failed to load or process 'Roboto-Regular'
[2014.11.05-17.55.37:852][683]LogSlate:Warning: GetFontFace failed to load or process 'Roboto-Regular'
[2014.11.05-17.55.37:853][683]LogSlate:Warning: GetFontFace failed to load or process 'Roboto-Regular'
[2014.11.05-17.55.37:853][683]LogSlate:Warning: GetFontFace failed to load or process 'Roboto-Regular'
[2014.11.05-17.55.37:853][683]LogSlate:Warning: GetFontFace failed to load or process 'Roboto-Regular'
[2014.11.05-17.55.37:853][683]LogSlate:Warning: GetFontFace failed to load or process 'Roboto-Regular'
[2014.11.05-17.55.37:853][683]LogSlate:Warning: GetFontFace failed to load or process 'Roboto-Regular'
[2014.11.05-17.55.37:853][683]LogSlate:Warning: GetFontFace failed to load or process 'Roboto-Regular'
[2014.11.05-17.58.19:095][ 27]LogActorComponent: UnregisterComponent: (/Engine/Transient.CharacterMovementComponent_0) Not registered. Aborting.
[2014.11.05-17.58.35:569][531]BlueprintLog: New page: Compile MyCharacter
[2014.11.05-17.58.35:815][531]BlueprintEditorCompileResults: Info [0313.82] Compile of MyCharacter successful! [in 42 ms]
[2014.11.05-17.59.18:919][951]BlueprintLog: New page: Compile MyCharacter
[2014.11.05-17.59.19:115][951]BlueprintEditorCompileResults: Info [0357.17] Compile of MyCharacter successful! [in 42 ms]
[2014.11.05-17.59.21:527][ 16]BlueprintLog: New page: Pre-PIE auto-recompile
[2014.11.05-17.59.21:537][ 16]LogPlayLevel: [PIE] Compiling TheRoom before PIE...
[2014.11.05-17.59.21:713][ 16]LogPlayLevel: PIE:  Blueprint regeneration took 185 ms (1 blueprints)
[2014.11.05-17.59.21:713][ 16]PIE: New page: PIE session: TheRoom (Nov 5, 2014, 7:59:21 PM)
[2014.11.05-17.59.21:723][ 16]LogPlayLevel: PIE: StaticDuplicateObject took: (0.010431s)
[2014.11.05-17.59.21:724][ 16]LogPlayLevel: PIE: World Init took: (0.000980s)
[2014.11.05-17.59.21:725][ 16]LogPlayLevel: PIE: Created PIE world by copying editor world from /Game/Maps/TheRoom.TheRoom to /Game/Maps/UEDPIE_0_TheRoom.TheRoom (0.011620s)
[2014.11.05-17.59.21:756][ 16]LogWorld: Game class is 'MyGame_C'
[2014.11.05-17.59.21:757][ 16]LogAIModule: Creating AISystem for world TheRoom
[2014.11.05-17.59.21:759][ 16]LogWorld: Bringing World /Game/Maps/UEDPIE_0_TheRoom.TheRoom up for play (max tick rate 0) at 2014.11.05-18.59.21
[2014.11.05-17.59.21:760][ 16]LogWorld: Bringing up level for play took: 0.002557
[2014.11.05-17.59.21:761][ 16]PIE: Info Play in editor start time for /Game/Maps/UEDPIE_0_TheRoom 0.529
[2014.11.05-17.59.22:374][ 40]LogBlueprintUserMessages: ActorHit: "None" + ItemHit: "0"
[2014.11.05-17.59.23:834][ 98]LogParticles: Destroying 0 GPU particle simulations for FXSystem 0x0000000021533B00
[2014.11.05-17.59.31:970][320]LogSavePackage: Save=161.114212ms
[2014.11.05-17.59.31:970][320]LogSavePackage: Moving '../../../../../../Users/lennart.daldrup.S4G/Documents/Unreal Projects/Nightterror/Saved/TheRoom958853984F1B356F3EBFE5876AB21DE6.tmp' to '../../../../../../Users/lennart.daldrup.S4G/Documents/Unreal Projects/Nightterror/Content/Maps/TheRoom.umap'
[2014.11.05-17.59.32:002][320]LogFileHelpers: Saving map 'TheRoom' took 0.297
[2014.11.05-17.59.32:024][320]Cmd: OBJ SAVEPACKAGE PACKAGE="/Game/Blueprints/MyCharacter" FILE="../../../../../../Users/lennart.daldrup.S4G/Documents/Unreal Projects/Nightterror/Content/Blueprints/MyCharacter.uasset" SILENT=true
[2014.11.05-17.59.32:194][320]LogSavePackage: Save=159.562576ms
[2014.11.05-17.59.32:194][320]LogSavePackage: Moving '../../../../../../Users/lennart.daldrup.S4G/Documents/Unreal Projects/Nightterror/Saved/MyCharacter7A7504064EA9E84FCCB853BC085B6245.tmp' to '../../../../../../Users/lennart.daldrup.S4G/Documents/Unreal Projects/Nightterror/Content/Blueprints/MyCharacter.uasset'
[2014.11.05-17.59.34:209][376]BlueprintLog: New page: Pre-PIE auto-recompile
[2014.11.05-17.59.34:212][376]LogPlayLevel: [PIE] Compiling TheRoom before PIE...
[2014.11.05-17.59.34:336][376]LogActorComponent: UnregisterComponent: (/Engine/Transient.CharacterMovementComponent_1) Not registered. Aborting.
[2014.11.05-17.59.34:371][376]LogPlayLevel: PIE:  Blueprint regeneration took 162 ms (1 blueprints)
[2014.11.05-17.59.34:371][376]PIE: New page: PIE session: TheRoom (Nov 5, 2014, 7:59:34 PM)
[2014.11.05-17.59.34:380][376]LogPlayLevel: PIE: StaticDuplicateObject took: (0.008693s)
[2014.11.05-17.59.34:381][376]LogPlayLevel: PIE: World Init took: (0.000935s)
[2014.11.05-17.59.34:381][376]LogPlayLevel: PIE: Created PIE world by copying editor world from /Game/Maps/TheRoom.TheRoom to /Game/Maps/UEDPIE_0_TheRoom.TheRoom (0.009822s)
[2014.11.05-17.59.34:410][376]LogWorld: Game class is 'MyGame_C'
[2014.11.05-17.59.34:412][376]LogAIModule: Creating AISystem for world TheRoom
[2014.11.05-17.59.34:414][376]LogWorld: Bringing World /Game/Maps/UEDPIE_0_TheRoom.TheRoom up for play (max tick rate 0) at 2014.11.05-18.59.34
[2014.11.05-17.59.34:414][376]LogWorld: Bringing up level for play took: 0.002594
[2014.11.05-17.59.34:416][376]PIE: Info Play in editor start time for /Game/Maps/UEDPIE_0_TheRoom 1.185
[2014.11.05-17.59.35:021][398]LogBlueprintUserMessages: X=15.000 Y=25.000 Z=35.000
[2014.11.05-17.59.37:361][501]LogBlueprintUserMessages: X=15.000 Y=25.000 Z=35.000
[2014.11.05-17.59.40:801][654]LogBlueprintUserMessages: X=15.000 Y=25.000 Z=35.000
[2014.11.05-17.59.44:581][820]LogParticles: Destroying 0 GPU particle simulations for FXSystem 0x0000000025990D60
[2014.11.05-18.01.22:806][ 47]LogSlate:Warning: GetFontFace failed to load or process 'Roboto-Regular'
[2014.11.05-18.01.22:806][ 47]LogSlate:Warning: GetFontFace failed to load or process 'Roboto-Regular'
[2014.11.05-18.01.22:806][ 47]LogSlate:Warning: GetFontFace failed to load or process 'Roboto-Regular'
[2014.11.05-18.01.22:806][ 47]LogSlate:Warning: GetFontFace failed to load or process 'Roboto-Regular'
[2014.11.05-18.01.22:806][ 47]LogSlate:Warning: GetFontFace failed to load or process 'Roboto-Regular'
[2014.11.05-18.01.22:806][ 47]LogSlate:Warning: GetFontFace failed to load or process 'Roboto-Regular'
[2014.11.05-18.02.20:699][198]LogRenderer:Warning: Reallocating scene render targets to support 1616x896.
[2014.11.05-18.03.10:570][843]LogSlate:Warning: GetFontFace failed to load or process 'Roboto-Regular'
[2014.11.05-18.03.10:570][843]LogSlate:Warning: GetFontFace failed to load or process 'Roboto-Regular'
[2014.11.05-18.03.10:571][843]LogSlate:Warning: GetFontFace failed to load or process 'Roboto-Regular'
[2014.11.05-18.03.10:571][843]LogSlate:Warning: GetFontFace failed to load or process 'Roboto-Regular'
[2014.11.05-18.04.45:688][110]BlueprintLog: New page: Pre-PIE auto-recompile
[2014.11.05-18.04.45:757][110]LogPlayLevel: [PIE] Compiling MyCharacter before PIE...
[2014.11.05-18.04.45:970][110]LogPlayLevel: [PIE] Compiling TheRoom before PIE...
[2014.11.05-18.04.46:148][110]LogPlayLevel: PIE:  Blueprint regeneration took 459 ms (2 blueprints)
[2014.11.05-18.04.46:148][110]PIE: New page: PIE session: TheRoom (Nov 5, 2014, 8:04:46 PM)
[2014.11.05-18.04.46:157][110]LogPlayLevel: PIE: StaticDuplicateObject took: (0.008783s)
[2014.11.05-18.04.46:158][110]LogPlayLevel: PIE: World Init took: (0.000927s)
[2014.11.05-18.04.46:158][110]LogPlayLevel: PIE: Created PIE world by copying editor world from /Game/Maps/TheRoom.TheRoom to /Game/Maps/UEDPIE_0_TheRoom.TheRoom (0.009908s)
[2014.11.05-18.04.46:187][110]LogWorld: Game class is 'MyGame_C'
[2014.11.05-18.04.46:188][110]LogAIModule: Creating AISystem for world TheRoom
[2014.11.05-18.04.46:190][110]LogWorld: Bringing World /Game/Maps/UEDPIE_0_TheRoom.TheRoom up for play (max tick rate 0) at 2014.11.05-19.04.46
[2014.11.05-18.04.46:191][110]LogWorld: Bringing up level for play took: 0.002667
[2014.11.05-18.04.46:192][110]PIE: Info Play in editor start time for /Game/Maps/UEDPIE_0_TheRoom 0.973
[2014.11.05-18.04.47:675][163]LogParticles: Destroying 0 GPU particle simulations for FXSystem 0x000000001F245EE0
[2014.11.05-18.05.26:595][431]BlueprintLog: New page: Pre-PIE auto-recompile
[2014.11.05-18.05.26:598][431]LogPlayLevel: [PIE] Compiling TheRoom before PIE...
[2014.11.05-18.05.26:748][431]LogPlayLevel: PIE:  Blueprint regeneration took 152 ms (1 blueprints)
[2014.11.05-18.05.26:748][431]PIE: New page: PIE session: TheRoom (Nov 5, 2014, 8:05:26 PM)
[2014.11.05-18.05.26:757][431]LogPlayLevel: PIE: StaticDuplicateObject took: (0.008915s)
[2014.11.05-18.05.26:760][431]LogPlayLevel: PIE: World Init took: (0.002091s)
[2014.11.05-18.05.26:760][431]LogPlayLevel: PIE: Created PIE world by copying editor world from /Game/Maps/TheRoom.TheRoom to /Game/Maps/UEDPIE_0_TheRoom.TheRoom (0.011215s)
[2014.11.05-18.05.26:831][431]LogWorld: Game class is 'MyGame_C'
[2014.11.05-18.05.26:832][431]LogAIModule: Creating AISystem for world TheRoom
[2014.11.05-18.05.26:836][431]LogWorld: Bringing World /Game/Maps/UEDPIE_0_TheRoom.TheRoom up for play (max tick rate 0) at 2014.11.05-19.05.26
[2014.11.05-18.05.26:837][431]LogWorld: Bringing up level for play took: 0.004917
[2014.11.05-18.05.26:838][431]PIE: Info Play in editor start time for /Game/Maps/UEDPIE_0_TheRoom -0.38
[2014.11.05-18.05.28:023][467]LogParticles: Destroying 0 GPU particle simulations for FXSystem 0x00000000262827A0
[2014.11.05-18.05.31:443][555]Cmd: OBJ SAVEPACKAGE PACKAGE="/Game/Blueprints/MyCharacter" FILE="../../../../../../Users/lennart.daldrup.S4G/Documents/Unreal Projects/Nightterror/Content/Blueprints/MyCharacter.uasset" SILENT=true
[2014.11.05-18.05.31:610][555]LogSavePackage: Save=155.314880ms
[2014.11.05-18.05.31:610][555]LogSavePackage: Moving '../../../../../../Users/lennart.daldrup.S4G/Documents/Unreal Projects/Nightterror/Saved/MyCharacter9AF597094E6DA8A24945F0A7DAB462DF.tmp' to '../../../../../../Users/lennart.daldrup.S4G/Documents/Unreal Projects/Nightterror/Content/Blueprints/MyCharacter.uasset'
[2014.11.05-18.05.31:623][555]LogActorComponent: UnregisterComponent: (/Engine/Transient.CharacterMovementComponent_2) Not registered. Aborting.
[2014.11.05-18.05.31:826][555]LogSavePackage: Save=155.819351ms
[2014.11.05-18.05.31:826][555]LogSavePackage: Moving '../../../../../../Users/lennart.daldrup.S4G/Documents/Unreal Projects/Nightterror/Saved/UEDPCTheRoom09EB344447E7E6B207B9DE9AE34364D4.tmp' to '../../../../../../Users/lennart.daldrup.S4G/Documents/Unreal Projects/Nightterror/Saved/Autosaves/Game/Maps/UEDPCTheRoom.umap'
[2014.11.05-18.08.32:870][ 52]LogPropertyNode:Warning: UI Min (0) >= UI Max () for Ranged Numeric
[2014.11.05-18.08.32:870][ 52]LogPropertyNode:Warning: UI Min (0) >= UI Max () for Ranged Numeric
[2014.11.05-18.08.32:870][ 52]LogPropertyNode:Warning: UI Min (0) >= UI Max () for Ranged Numeric
[2014.11.05-18.08.32:871][ 52]LogPropertyNode:Warning: UI Min (0) >= UI Max () for Ranged Numeric
[2014.11.05-18.08.32:872][ 52]LogPropertyNode:Warning: UI Min (0) >= UI Max () for Ranged Numeric
[2014.11.05-18.09.52:748][693]LogSavePackage: Save=160.469101ms
[2014.11.05-18.09.52:748][693]LogSavePackage: Moving '../../../../../../Users/lennart.daldrup.S4G/Documents/Unreal Projects/Nightterror/Saved/UEDPCTheRoomADDE9AB64830069524956292E54E26B5.tmp' to '../../../../../../Users/lennart.daldrup.S4G/Documents/Unreal Projects/Nightterror/Saved/Autosaves/Game/Maps/UEDPCTheRoom.umap'
[2014.11.05-18.09.53:285][710]LogEditorViewport: Clicking on Actor (LMB): StaticMeshActor (Floor_400x401)
[2014.11.05-18.09.56:550][796]BlueprintLog: New page: Pre-PIE auto-recompile
[2014.11.05-18.09.56:554][796]LogPlayLevel: [PIE] Compiling TheRoom before PIE...
[2014.11.05-18.09.56:760][796]LogPlayLevel: PIE:  Blueprint regeneration took 209 ms (1 blueprints)
[2014.11.05-18.09.56:760][796]PIE: New page: PIE session: TheRoom (Nov 5, 2014, 8:09:56 PM)
[2014.11.05-18.09.56:770][796]LogPlayLevel: PIE: StaticDuplicateObject took: (0.009275s)
[2014.11.05-18.09.56:771][796]LogPlayLevel: PIE: World Init took: (0.001000s)
[2014.11.05-18.09.56:771][796]LogPlayLevel: PIE: Created PIE world by copying editor world from /Game/Maps/TheRoom.TheRoom to /Game/Maps/UEDPIE_0_TheRoom.TheRoom (0.010483s)
[2014.11.05-18.09.56:803][796]LogWorld: Game class is 'MyGame_C'
[2014.11.05-18.09.56:804][796]LogAIModule: Creating AISystem for world TheRoom
[2014.11.05-18.09.56:806][796]LogWorld: Bringing World /Game/Maps/UEDPIE_0_TheRoom.TheRoom up for play (max tick rate 0) at 2014.11.05-19.09.56
[2014.11.05-18.09.56:807][796]LogWorld: Bringing up level for play took: 0.002866
[2014.11.05-18.09.56:808][796]PIE: Info Play in editor start time for /Game/Maps/UEDPIE_0_TheRoom -0.399
[2014.11.05-18.09.57:646][828]LogBlueprintUserMessages: ActorHit: "None" + ItemHit: "0"
[2014.11.05-18.10.02:156][ 10]LogBlueprintUserMessages: ActorHit: "None" + ItemHit: "0"
[2014.11.05-18.10.02:681][ 32]LogBlueprintUserMessages: ActorHit: "None" + ItemHit: "0"
[2014.11.05-18.10.02:885][ 41]LogBlueprintUserMessages: ActorHit: "None" + ItemHit: "0"
[2014.11.05-18.10.04:926][128]LogBlueprintUserMessages: ActorHit: "None" + ItemHit: "0"
[2014.11.05-18.10.05:113][136]LogBlueprintUserMessages: ActorHit: "None" + ItemHit: "0"
[2014.11.05-18.10.06:387][193]Cmd: sg.ResolutionQuality 150
[2014.11.05-18.10.06:387][193]sg.ResolutionQuality = "150"
[2014.11.05-18.10.06:387][193]Cmd: sg.ViewDistanceQuality 3
[2014.11.05-18.10.06:387][193]sg.ViewDistanceQuality = "3"
[2014.11.05-18.10.06:387][193]Cmd: sg.AntiAliasingQuality 3
[2014.11.05-18.10.06:387][193]sg.AntiAliasingQuality = "3"
[2014.11.05-18.10.06:387][193]Cmd: sg.PostProcessQuality 3
[2014.11.05-18.10.06:387][193]sg.PostProcessQuality = "3"
[2014.11.05-18.10.06:387][193]Cmd: sg.ShadowQuality 3
[2014.11.05-18.10.06:387][193]sg.ShadowQuality = "3"
[2014.11.05-18.10.06:387][193]Cmd: sg.TextureQuality 3
[2014.11.05-18.10.06:388][193]sg.TextureQuality = "3"
[2014.11.05-18.10.06:388][193]Cmd: sg.EffectsQuality 3
[2014.11.05-18.10.06:388][193]sg.EffectsQuality = "3"
[2014.11.05-18.10.06:410][193]Cmd: r.PostProcessAAQuality 6
[2014.11.05-18.10.06:410][193]r.PostProcessAAQuality = "6"
[2014.11.05-18.10.06:410][193]Cmd: r.EyeAdaptationQuality 0
[2014.11.05-18.10.06:410][193]r.EyeAdaptationQuality = "0"
[2014.11.05-18.10.06:410][193]Cmd: r.SSR.MaxRoughness 0.9
[2014.11.05-18.10.06:410][193]r.SSR.MaxRoughness = "0.9"
[2014.11.05-18.10.06:410][193]LogBlueprintUserMessages: EXTREME!!
[2014.11.05-18.10.06:411][193]LogContentStreaming: Texture pool size now 1000 MB
[2014.11.05-18.10.06:428][194]LogRenderer:Warning: Reallocating scene render targets to support 1616x904.
[2014.11.05-18.10.07:177][212]LogBlueprintUserMessages: ActorHit: "None" + ItemHit: "0"
[2014.11.05-18.10.16:396][500]LogParticles: Destroying 0 GPU particle simulations for FXSystem 0x0000000025992840
[2014.11.05-18.10.17:236][520]LogEditorViewport: Clicking on Actor (LMB): Schlüssel_C (BP_UsableActor)
[2014.11.05-18.10.20:264][596]LogContentBrowser:Verbose: The content browser source was changed by the sources view to '/Game/Blueprints'
[2014.11.05-18.11.08:747][658]LogEditorTransaction: Undo Scale Collision
[2014.11.05-18.11.08:830][658]LogActorComponent: UnregisterComponent: (/Engine/Transient.CharacterMovementComponent_3) Not registered. Aborting.
[2014.11.05-18.11.09:349][672]LogEditorTransaction: Undo Scale Collision
[2014.11.05-18.13.19:107][227]LogEditorViewport: Clicking on Actor (LMB): StaticMeshActor (Furniture_Closet_Lowpoly)
[2014.11.05-18.15.54:436][913]MapCheck: New page: Map Check
[2014.11.05-18.15.54:468][913]Cmd: MAP REBUILD ALLVISIBLE
[2014.11.05-18.15.54:468][913]LogEditorServer: Rebuildmap Clear paths rebuilt
[2014.11.05-18.15.54:504][913]LightingResults: New page: Lighting Build - Nov 5, 2014, 8:15:54 PM
[2014.11.05-18.15.59:235][913]LogStaticLightingSystem:Warning: No importance volume found, so the scene bounding box was used.  You can optimize your scene's quality and lighting build times by adding importance volumes.
[2014.11.05-18.15.59:359][913]LogStaticLightingSystem: Running Lightmass w/ ImmediateImport mode ENABLED
[2014.11.05-18.15.59:359][913]LogStaticLightingSystem: Running Lightmass w/ ImmediateProcess mode ENABLED
[2014.11.05-18.15.59:359][913]LogStaticLightingSystem: Running Lightmass w/ Sorting mode ENABLED
[2014.11.05-18.15.59:359][913]LogStaticLightingSystem: Running Lightmass w/ Mapping paddings ENABLED
[2014.11.05-18.15.59:359][913]LogStaticLightingSystem: Running Lightmass w/ Mapping debug paddings DISABLED
[2014.11.05-18.15.59:517][913]LogEditorBuildUtils: Build time 0:00:05
[2014.11.05-18.16.00:306][924]LogActorComponent: UnregisterComponent: (/Engine/Transient.CharacterMovementComponent_4) Not registered. Aborting.
[2014.11.05-18.16.03:365][968]Job is a success!
[2014.11.05-18.16.03:487][969]LogTexture:Display: Building textures: HQ_Lightmap1_1 (AutoDXT)
[2014.11.05-18.16.03:530][969]LogTexture:Display: Building textures: LQ_Lightmap_1_1 (DXT1)
[2014.11.05-18.16.03:617][969]Lightmass on 2013-KURS-09: 2.56 sec total, 301 ms importing, 10 ms setup, 157 ms photons, 1.97 sec processing, 0 ms extra exporting [15/15 mappings]. Threads: 5.89 sec total, 3.05 sec processing.
[2014.11.05-18.16.03:628][969]LogStaticLightingSystem:Warning: Illumination: 9.08 sec (117 ms encoding lightmaps)
[2014.11.05-18.16.03:628][969]LogStaticLightingSystem: Lightmap texture memory:  0.3 MB (0.3 MB streaming, 0.0 MB non-streaming), 2 textures
[2014.11.05-18.16.03:628][969]LogStaticLightingSystem: Shadowmap texture memory: 0.0 MB (0.0 MB streaming, 0.0 MB non-streaming), 0 textures
[2014.11.05-18.16.04:319][970]Cmd: MAP CHECK NOTIFYRESULTS
[2014.11.05-18.16.04:319][970]MapCheck: New page: TheRoom - Nov 5, 2014, 8:16:04 PM
[2014.11.05-18.16.04:376][970]MapCheck: Info ========== Map Check: 0 Error(s), 0 Warning(s), [57.126ms] ==========
[2014.11.05-18.16.06:232][ 42]BlueprintLog: New page: Pre-PIE auto-recompile
[2014.11.05-18.16.06:234][ 42]LogPlayLevel: [PIE] Compiling Schlüssel before PIE...
[2014.11.05-18.16.06:358][ 42]LogPlayLevel: [PIE] Compiling MyCharacter before PIE...
[2014.11.05-18.16.06:563][ 42]LogPlayLevel: [PIE] Compiling TheRoom before PIE...
[2014.11.05-18.16.06:720][ 42]LogPlayLevel: PIE:  Blueprint regeneration took 488 ms (3 blueprints)
[2014.11.05-18.16.06:720][ 42]PIE: New page: PIE session: TheRoom (Nov 5, 2014, 8:16:06 PM)
[2014.11.05-18.16.06:729][ 42]LogPlayLevel: PIE: StaticDuplicateObject took: (0.008817s)
[2014.11.05-18.16.06:730][ 42]LogPlayLevel: PIE: World Init took: (0.000973s)
[2014.11.05-18.16.06:730][ 42]LogPlayLevel: PIE: Created PIE world by copying editor world from /Game/Maps/TheRoom.TheRoom to /Game/Maps/UEDPIE_0_TheRoom.TheRoom (0.009999s)
[2014.11.05-18.16.06:763][ 42]LogWorld: Game class is 'MyGame_C'
[2014.11.05-18.16.06:764][ 42]LogAIModule: Creating AISystem for world TheRoom
[2014.11.05-18.16.06:766][ 42]LogWorld: Bringing World /Game/Maps/UEDPIE_0_TheRoom.TheRoom up for play (max tick rate 0) at 2014.11.05-19.16.06
[2014.11.05-18.16.06:767][ 42]LogWorld: Bringing up level for play took: 0.002627
[2014.11.05-18.16.06:768][ 42]PIE: Info Play in editor start time for /Game/Maps/UEDPIE_0_TheRoom -0.425
[2014.11.05-18.16.09:483][119]LogBlueprintUserMessages: ActorHit: "None" + ItemHit: "0"
[2014.11.05-18.17.05:161][819]LogActorComponent: UnregisterComponent: (/Engine/Transient.CharacterMovementComponent_5) Not registered. Aborting.
[2014.11.05-18.17.05:204][819]LogParticles: Destroying 0 GPU particle simulations for FXSystem 0x00000000169EC0E0
[2014.11.05-18.17.08:432][882]LogEditorViewport: Clicking on Actor (LMB): StaticMeshActor (Environment_Door_Lowpoly)
[2014.11.05-18.21.04:981][685]LogActorComponent: UnregisterComponent: (/Engine/Transient.CharacterMovementComponent_6) Not registered. Aborting.
[2014.11.05-18.21.05:229][685]LogSavePackage: Save=157.750748ms
[2014.11.05-18.21.05:229][685]LogSavePackage: Moving '../../../../../../Users/lennart.daldrup.S4G/Documents/Unreal Projects/Nightterror/Saved/TheRoom_Auto17F47E73F41C337CE069693A66892BC77.tmp' to '../../../../../../Users/lennart.daldrup.S4G/Documents/Unreal Projects/Nightterror/Saved/Autosaves/Game/Maps/TheRoom_Auto1.umap'
[2014.11.05-18.21.05:242][685]LogFileHelpers: Editor autosave (incl. sublevels) for '/Game/Maps/TheRoom' took 0.261
[2014.11.05-18.21.05:242][685]LogFileHelpers: Editor autosave (incl. sublevels) for all levels took 0.261
[2014.11.05-18.21.05:251][685]OBJ SavePackage: Generating thumbnails for [1] asset(s) in package [/Game/Blueprints/Schlüssel] ([1] browsable assets)...
[2014.11.05-18.21.05:279][685]OBJ SavePackage:     Rendered thumbnail for [Blueprint /Game/Blueprints/Schlüssel.Schlüssel]
[2014.11.05-18.21.05:279][685]OBJ SavePackage: Finished generating thumbnails for package [/Game/Blueprints/Schlüssel]
[2014.11.05-18.21.05:667][685]LogSavePackage: Save=366.768066ms
[2014.11.05-18.21.05:667][685]LogSavePackage: Moving '../../../../../../Users/lennart.daldrup.S4G/Documents/Unreal Projects/Nightterror/Saved/Schlüssel_Auto10C5285394B1C176F880A6DBD6F068774.tmp' to '../../../../../../Users/lennart.daldrup.S4G/Documents/Unreal Projects/Nightterror/Saved/Autosaves/Game/Blueprints/Schlüssel_Auto1.uasset'
[2014.11.05-18.21.05:760][685]OBJ SavePackage: Generating thumbnails for [1] asset(s) in package [/Game/Blueprints/MyCharacter] ([1] browsable assets)...
[2014.11.05-18.21.05:793][685]OBJ SavePackage:     Rendered thumbnail for [Blueprint /Game/Blueprints/MyCharacter.MyCharacter]
[2014.11.05-18.21.05:793][685]OBJ SavePackage: Finished generating thumbnails for package [/Game/Blueprints/MyCharacter]
[2014.11.05-18.21.06:256][685]LogSavePackage: Save=441.629456ms
[2014.11.05-18.21.06:257][685]LogSavePackage: Moving '../../../../../../Users/lennart.daldrup.S4G/Documents/Unreal Projects/Nightterror/Saved/MyCharacter_Auto1823CEB074D1211952469F48899FA1599.tmp' to '../../../../../../Users/lennart.daldrup.S4G/Documents/Unreal Projects/Nightterror/Saved/Autosaves/Game/Blueprints/MyCharacter_Auto1.uasset'
[2014.11.05-18.21.06:270][685]LogFileHelpers: Auto-saving content packages took 1.028
[2014.11.05-18.21.14:233][936]LogEditorViewport: Clicking on Actor (LMB): StaticMeshActor (Environment_Door_Lowpoly)
[2014.11.05-18.22.53:559][948]Cmd: SELECT NONE
[2014.11.05-18.23.02:229][540]LogEditorViewport: Clicking Background
[2014.11.05-18.23.10:081][966]LogEditorViewport: Clicking on Actor (LMB): StaticMeshActor (Furniture_Secretary_Lowpoly)
[2014.11.05-18.23.22:136][349]LogMaterial: Missing cached shader map for material PreviewMaterial_0, compiling.
[2014.11.05-18.23.22:170][349]LogActorComponent: UnregisterComponent: (/Engine/Transient.SkeletalMeshComponent_8) Not registered. Aborting.
[2014.11.05-18.23.22:222][349]LogActorComponent: UnregisterComponent: (/Engine/Transient.SkeletalMeshComponent_8) Not registered. Aborting.
[2014.11.05-18.23.22:222][349]LogActorComponent: RegisterComponentWithWorld: (/Engine/Transient.MaterialEditorMeshComponent_0) Already registered. Aborting.
[2014.11.05-18.23.22:224][349]LogMaterial: Missing cached shader map for material PreviewMaterial_0, compiling.
[2014.11.05-18.23.22:251][349]LogMaterial: Missing cached shader map for material FMatExpressionPreview MaterialExpressionTextureSample_0, compiling.
[2014.11.05-18.23.29:761][536]MaterialEditorStats: Info Base pass shader with static lighting: 119 instructions
[2014.11.05-18.23.29:761][536]MaterialEditorStats: Info Base pass shader with only dynamic lighting: 88 instructions
[2014.11.05-18.23.29:761][536]MaterialEditorStats: Info Vertex shader: 33 instructions
[2014.11.05-18.23.29:761][536]MaterialEditorStats: Info Texture samplers: 4/16
[2014.11.05-18.23.40:336][854]LogEditorViewport: Clicking on Actor (LMB): StaticMeshActor (Furniture_Liege_lowpoly)
[2014.11.05-18.24.47:932][ 93]BlueprintLog: New page: Pre-PIE auto-recompile
[2014.11.05-18.24.47:936][ 93]LogPlayLevel: [PIE] Compiling TheRoom before PIE...
[2014.11.05-18.24.48:064][ 93]LogActorComponent: UnregisterComponent: (/Engine/Transient.CharacterMovementComponent_7) Not registered. Aborting.
[2014.11.05-18.24.48:095][ 93]LogParticles: Destroying 0 GPU particle simulations for FXSystem 0x0000000025777600
[2014.11.05-18.24.48:095][ 93]LogParticles: Destroying 0 GPU particle simulations for FXSystem 0x0000000016709EE0
[2014.11.05-18.24.48:096][ 93]LogParticles: Destroying 0 GPU particle simulations for FXSystem 0x000000000D1F9D00
[2014.11.05-18.24.48:106][ 93]LogPlayLevel: PIE:  Blueprint regeneration took 174 ms (1 blueprints)
[2014.11.05-18.24.48:107][ 93]PIE: New page: SIE session: TheRoom (Nov 5, 2014, 8:24:48 PM)
[2014.11.05-18.24.48:116][ 93]LogPlayLevel: PIE: StaticDuplicateObject took: (0.008775s)
[2014.11.05-18.24.48:117][ 93]LogPlayLevel: PIE: World Init took: (0.000986s)
[2014.11.05-18.24.48:117][ 93]LogPlayLevel: PIE: Created PIE world by copying editor world from /Game/Maps/TheRoom.TheRoom to /Game/Maps/UEDPIE_0_TheRoom.TheRoom (0.009966s)
[2014.11.05-18.24.48:117][ 93]LogSelection:Warning: PIE object was selected: "StaticMeshActor /Game/Maps/UEDPIE_0_TheRoom.TheRoom:PersistentLevel.Furniture_Liege_lowpoly_14"
[2014.11.05-18.24.48:147][ 93]LogWorld: Game class is 'MyGame_C'
[2014.11.05-18.24.48:148][ 93]LogAIModule: Creating AISystem for world TheRoom
[2014.11.05-18.24.48:151][ 93]LogWorld: Bringing World /Game/Maps/UEDPIE_0_TheRoom.TheRoom up for play (max tick rate 0) at 2014.11.05-19.24.48
[2014.11.05-18.24.48:151][ 93]LogWorld: Bringing up level for play took: 0.002633
[2014.11.05-18.24.48:152][ 93]PIE: Info Play in editor start time for /Game/Maps/UEDPIE_0_TheRoom 0.979
[2014.11.05-18.24.48:171][ 93]LogSelection:Warning: PIE object was selected: "StaticMeshActor /Game/Maps/UEDPIE_0_TheRoom.TheRoom:PersistentLevel.Furniture_Liege_lowpoly_14"
[2014.11.05-18.24.57:485][357]LogParticles: Destroying 0 GPU particle simulations for FXSystem 0x000000000DDC1620
[2014.11.05-18.25.00:051][446]LogEditorViewport: Clicking on Actor (context menu): StaticMeshActor (Wall_400x402)
[2014.11.05-18.25.01:011][476]LogEditorViewport: Clicking on Actor (LMB): StaticMeshActor (Wall_400x402)
[2014.11.05-18.25.01:469][491]LogEditorViewport: Clicking on Actor (context menu): StaticMeshActor (Wall_400x402)
[2014.11.05-18.25.03:974][564]BlueprintLog: New page: Pre-PIE auto-recompile
[2014.11.05-18.25.03:977][564]LogPlayLevel: [PIE] Compiling TheRoom before PIE...
[2014.11.05-18.25.04:090][564]LogActorComponent: UnregisterComponent: (/Engine/Transient.CharacterMovementComponent_8) Not registered. Aborting.
[2014.11.05-18.25.04:119][564]LogPlayLevel: PIE:  Blueprint regeneration took 145 ms (1 blueprints)
[2014.11.05-18.25.04:120][564]PIE: New page: PIE session: TheRoom (Nov 5, 2014, 8:25:04 PM)
[2014.11.05-18.25.04:128][564]LogPlayLevel: PIE: StaticDuplicateObject took: (0.008711s)
[2014.11.05-18.25.04:129][564]LogPlayLevel: PIE: World Init took: (0.000965s)
[2014.11.05-18.25.04:130][564]LogPlayLevel: PIE: Created PIE world by copying editor world from /Game/Maps/TheRoom.TheRoom to /Game/Maps/UEDPIE_0_TheRoom.TheRoom (0.009877s)
[2014.11.05-18.25.04:156][564]LogWorld: Game class is 'MyGame_C'
[2014.11.05-18.25.04:158][564]LogAIModule: Creating AISystem for world TheRoom
[2014.11.05-18.25.04:160][564]LogWorld: Bringing World /Game/Maps/UEDPIE_0_TheRoom.TheRoom up for play (max tick rate 0) at 2014.11.05-19.25.04
[2014.11.05-18.25.04:160][564]LogWorld: Bringing up level for play took: 0.002628
[2014.11.05-18.25.04:162][564]PIE: Info Play in editor start time for /Game/Maps/UEDPIE_0_TheRoom 0.989
[2014.11.05-18.25.11:969][865]LogBlueprintUserMessages: ActorHit: "None" + ItemHit: "0"
[2014.11.05-18.25.12:511][882]LogParticles: Destroying 0 GPU particle simulations for FXSystem 0x000000000DDA99E0
[2014.11.05-18.25.16:862][ 18]BlueprintLog: New page: Pre-PIE auto-recompile
[2014.11.05-18.25.16:868][ 18]LogPlayLevel: [PIE] Compiling TheRoom before PIE...
[2014.11.05-18.25.16:983][ 18]LogActorComponent: UnregisterComponent: (/Engine/Transient.CharacterMovementComponent_9) Not registered. Aborting.
[2014.11.05-18.25.17:013][ 18]LogPlayLevel: PIE:  Blueprint regeneration took 151 ms (1 blueprints)
[2014.11.05-18.25.17:014][ 18]PIE: New page: PIE session: TheRoom (Nov 5, 2014, 8:25:17 PM)
[2014.11.05-18.25.17:023][ 18]LogPlayLevel: PIE: StaticDuplicateObject took: (0.009048s)
[2014.11.05-18.25.17:024][ 18]LogPlayLevel: PIE: World Init took: (0.000969s)
[2014.11.05-18.25.17:024][ 18]LogPlayLevel: PIE: Created PIE world by copying editor world from /Game/Maps/TheRoom.TheRoom to /Game/Maps/UEDPIE_0_TheRoom.TheRoom (0.010220s)
[2014.11.05-18.25.17:054][ 18]LogWorld: Game class is 'MyGame_C'
[2014.11.05-18.25.17:055][ 18]LogAIModule: Creating AISystem for world TheRoom
[2014.11.05-18.25.17:058][ 18]LogWorld: Bringing World /Game/Maps/UEDPIE_0_TheRoom.TheRoom up for play (max tick rate 0) at 2014.11.05-19.25.17
[2014.11.05-18.25.17:058][ 18]LogWorld: Bringing up level for play took: 0.002853
[2014.11.05-18.25.17:060][ 18]PIE: Info Play in editor start time for /Game/Maps/UEDPIE_0_TheRoom -0.113
[2014.11.05-18.25.18:108][ 49]LogBlueprintUserMessages: ActorHit: "None" + ItemHit: "0"
[2014.11.05-18.25.18:598][ 68]LogBlueprintUserMessages: ActorHit: "None" + ItemHit: "0"
[2014.11.05-18.25.18:741][ 74]LogBlueprintUserMessages: ActorHit: "None" + ItemHit: "0"
[2014.11.05-18.25.18:905][ 81]LogBlueprintUserMessages: ActorHit: "None" + ItemHit: "0"
[2014.11.05-18.25.19:045][ 87]LogBlueprintUserMessages: ActorHit: "None" + ItemHit: "0"
[2014.11.05-18.25.19:587][108]LogBlueprintUserMessages: ActorHit: "None" + ItemHit: "0"
[2014.11.05-18.25.19:812][116]LogBlueprintUserMessages: ActorHit: "None" + ItemHit: "0"
[2014.11.05-18.25.19:969][122]LogBlueprintUserMessages: ActorHit: "None" + ItemHit: "0"
[2014.11.05-18.25.20:132][128]LogBlueprintUserMessages: ActorHit: "None" + ItemHit: "0"
[2014.11.05-18.25.20:288][134]LogBlueprintUserMessages: ActorHit: "None" + ItemHit: "0"
[2014.11.05-18.25.20:430][138]LogBlueprintUserMessages: ActorHit: "None" + ItemHit: "0"
[2014.11.05-18.25.20:594][143]LogBlueprintUserMessages: ActorHit: "None" + ItemHit: "0"
[2014.11.05-18.25.20:733][148]LogBlueprintUserMessages: ActorHit: "None" + ItemHit: "0"
[2014.11.05-18.25.20:858][153]LogBlueprintUserMessages: ActorHit: "None" + ItemHit: "0"
[2014.11.05-18.25.21:164][166]LogBlueprintUserMessages: ActorHit: "None" + ItemHit: "0"
[2014.11.05-18.25.21:334][173]LogBlueprintUserMessages: ActorHit: "None" + ItemHit: "0"
[2014.11.05-18.25.21:509][180]LogBlueprintUserMessages: ActorHit: "None" + ItemHit: "0"
[2014.11.05-18.25.21:680][187]LogBlueprintUserMessages: ActorHit: "None" + ItemHit: "0"
[2014.11.05-18.25.21:822][193]LogBlueprintUserMessages: ActorHit: "None" + ItemHit: "0"
[2014.11.05-18.25.22:013][201]LogBlueprintUserMessages: ActorHit: "None" + ItemHit: "0"
[2014.11.05-18.25.22:249][211]LogBlueprintUserMessages: ActorHit: "None" + ItemHit: "0"
[2014.11.05-18.25.22:879][237]LogBlueprintUserMessages: ActorHit: "None" + ItemHit: "0"
[2014.11.05-18.25.26:440][388]LogBlueprintUserMessages: ActorHit: "None" + ItemHit: "0"
[2014.11.05-18.25.26:580][394]LogBlueprintUserMessages: ActorHit: "None" + ItemHit: "0"
[2014.11.05-18.25.26:728][400]LogBlueprintUserMessages: ActorHit: "None" + ItemHit: "0"
[2014.11.05-18.25.26:872][406]LogBlueprintUserMessages: ActorHit: "None" + ItemHit: "0"
[2014.11.05-18.25.27:062][414]LogBlueprintUserMessages: ActorHit: "None" + ItemHit: "0"
[2014.11.05-18.25.27:253][422]LogBlueprintUserMessages: ActorHit: "None" + ItemHit: "0"
[2014.11.05-18.25.27:425][429]LogBlueprintUserMessages: ActorHit: "None" + ItemHit: "0"
[2014.11.05-18.25.27:618][437]LogBlueprintUserMessages: ActorHit: "None" + ItemHit: "0"
[2014.11.05-18.25.27:858][447]LogBlueprintUserMessages: ActorHit: "None" + ItemHit: "0"
[2014.11.05-18.25.28:046][455]LogBlueprintUserMessages: ActorHit: "None" + ItemHit: "0"
[2014.11.05-18.25.28:211][462]LogBlueprintUserMessages: ActorHit: "None" + ItemHit: "0"
[2014.11.05-18.25.28:402][470]LogBlueprintUserMessages: ActorHit: "None" + ItemHit: "0"
[2014.11.05-18.25.28:833][488]LogBlueprintUserMessages: ActorHit: "None" + ItemHit: "0"
[2014.11.05-18.25.28:996][495]LogBlueprintUserMessages: ActorHit: "None" + ItemHit: "0"
[2014.11.05-18.25.30:337][545]LogParticles: Destroying 0 GPU particle simulations for FXSystem 0x0000000021E19F80
[2014.11.05-18.25.30:622][554]Cmd: SELECT NONE
[2014.11.05-18.25.34:772][698]BlueprintLog: New page: Pre-PIE auto-recompile
[2014.11.05-18.25.34:774][698]LogPlayLevel: [PIE] Compiling TheRoom before PIE...
[2014.11.05-18.25.34:919][698]LogPlayLevel: PIE:  Blueprint regeneration took 146 ms (1 blueprints)
[2014.11.05-18.25.34:919][698]PIE: New page: PIE session: TheRoom (Nov 5, 2014, 8:25:34 PM)
[2014.11.05-18.25.34:928][698]LogPlayLevel: PIE: StaticDuplicateObject took: (0.009317s)
[2014.11.05-18.25.34:929][698]LogPlayLevel: PIE: World Init took: (0.000965s)
[2014.11.05-18.25.34:929][698]LogPlayLevel: PIE: Created PIE world by copying editor world from /Game/Maps/TheRoom.TheRoom to /Game/Maps/UEDPIE_0_TheRoom.TheRoom (0.010484s)
[2014.11.05-18.25.34:960][698]LogWorld: Game class is 'MyGame_C'
[2014.11.05-18.25.34:961][698]LogAIModule: Creating AISystem for world TheRoom
[2014.11.05-18.25.34:963][698]LogWorld: Bringing World /Game/Maps/UEDPIE_0_TheRoom.TheRoom up for play (max tick rate 0) at 2014.11.05-19.25.34
[2014.11.05-18.25.34:964][698]LogWorld: Bringing up level for play took: 0.002614
[2014.11.05-18.25.34:965][698]PIE: Info Play in editor start time for /Game/Maps/UEDPIE_0_TheRoom -0.206
[2014.11.05-18.25.35:562][712]LogBlueprintUserMessages: ActorHit: "None" + ItemHit: "0"
[2014.11.05-18.25.35:785][721]LogBlueprintUserMessages: ActorHit: "None" + ItemHit: "0"
[2014.11.05-18.25.35:907][726]LogBlueprintUserMessages: ActorHit: "None" + ItemHit: "0"
[2014.11.05-18.25.36:052][732]LogBlueprintUserMessages: ActorHit: "None" + ItemHit: "0"
[2014.11.05-18.25.36:195][738]LogBlueprintUserMessages: ActorHit: "None" + ItemHit: "0"
[2014.11.05-18.25.36:365][745]LogBlueprintUserMessages: ActorHit: "None" + ItemHit: "0"
[2014.11.05-18.25.36:493][750]LogBlueprintUserMessages: ActorHit: "None" + ItemHit: "0"
[2014.11.05-18.25.36:662][757]LogBlueprintUserMessages: ActorHit: "None" + ItemHit: "0"
[2014.11.05-18.25.36:815][763]LogBlueprintUserMessages: ActorHit: "None" + ItemHit: "0"
[2014.11.05-18.25.37:007][771]LogBlueprintUserMessages: ActorHit: "None" + ItemHit: "0"
[2014.11.05-18.25.37:483][786]LogParticles: Destroying 0 GPU particle simulations for FXSystem 0x0000000021E18220
[2014.11.05-18.25.50:771][125]LogSavePackage: Save=143.556625ms
[2014.11.05-18.25.50:771][125]LogSavePackage: Moving '../../../../../../Users/lennart.daldrup.S4G/Documents/Unreal Projects/Nightterror/Saved/TheRoom1667AA9B400DD44CB931E3B675073B92.tmp' to '../../../../../../Users/lennart.daldrup.S4G/Documents/Unreal Projects/Nightterror/Content/Maps/TheRoom.umap'
[2014.11.05-18.25.50:804][125]LogFileHelpers: Saving map 'TheRoom' took 0.272
[2014.11.05-18.25.50:807][125]Cmd: OBJ SAVEPACKAGE PACKAGE="/Game/Blueprints/Schlüssel" FILE="../../../../../../Users/lennart.daldrup.S4G/Documents/Unreal Projects/Nightterror/Content/Blueprints/Schlüssel.uasset" SILENT=true
[2014.11.05-18.25.50:838][125]LogSavePackage: Save=23.384903ms
[2014.11.05-18.25.50:838][125]LogSavePackage: Moving '../../../../../../Users/lennart.daldrup.S4G/Documents/Unreal Projects/Nightterror/Saved/SchlüsselCB24F2DE4AE0B6804A8E5C8A91B3DDCA.tmp' to '../../../../../../Users/lennart.daldrup.S4G/Documents/Unreal Projects/Nightterror/Content/Blueprints/Schlüssel.uasset'
[2014.11.05-18.25.50:849][125]Cmd: OBJ SAVEPACKAGE PACKAGE="/Game/Blueprints/MyCharacter" FILE="../../../../../../Users/lennart.daldrup.S4G/Documents/Unreal Projects/Nightterror/Content/Blueprints/MyCharacter.uasset" SILENT=true
[2014.11.05-18.25.50:907][125]LogSavePackage: Save=52.720013ms
[2014.11.05-18.25.50:907][125]LogSavePackage: Moving '../../../../../../Users/lennart.daldrup.S4G/Documents/Unreal Projects/Nightterror/Saved/MyCharacterF987B3564983EA1B094E71806AB9220B.tmp' to '../../../../../../Users/lennart.daldrup.S4G/Documents/Unreal Projects/Nightterror/Content/Blueprints/MyCharacter.uasset'
[2014.11.05-18.25.53:307][185]Cmd: QUIT_EDITOR
[2014.11.05-18.25.53:473][185]LogWindowsTextInputMethodSystem:Error: Terminating failed while unadvising the language notification sink from the TSF source.
[2014.11.05-18.25.53:475][185]LogExit: Preparing to exit.
[2014.11.05-18.25.54:237][185]LogExit: Editor shut down
[2014.11.05-18.25.54:238][185]LogExit: Transaction tracking system shut down
[2014.11.05-18.25.54:239][185]LogParticles: Destroying 0 GPU particle simulations for FXSystem 0x000000000C81A840
[2014.11.05-18.25.54:240][185]LogParticles: Destroying 0 GPU particle simulations for FXSystem 0x000000000D579080
[2014.11.05-18.25.54:240][185]LogParticles: Destroying 0 GPU particle simulations for FXSystem 0x000000000D579120
[2014.11.05-18.25.54:241][185]LogParticles: Destroying 0 GPU particle simulations for FXSystem 0x000000000D397F60
[2014.11.05-18.25.54:241][185]LogParticles: Destroying 0 GPU particle simulations for FXSystem 0x000000000DD76F20
[2014.11.05-18.25.54:296][185]LogExit: Object subsystem successfully closed.
[2014.11.05-18.25.54:352][185]LogModuleManager: Shutting down and abandoning module MaterialEditor (163)
[2014.11.05-18.25.54:352][185]LogModuleManager: Shutting down and abandoning module StaticMeshEditor (162)
[2014.11.05-18.25.54:352][185]LogModuleManager: Shutting down and abandoning module AndroidDeviceDetection (161)
[2014.11.05-18.25.54:352][185]LogModuleManager: Shutting down and abandoning module HTTP (160)
[2014.11.05-18.25.54:352][185]LogModuleManager: Shutting down and abandoning module CrashTracker (159)
[2014.11.05-18.25.54:352][185]LogModuleManager: Shutting down and abandoning module SuperSearch (158)
[2014.11.05-18.25.54:352][185]LogModuleManager: Shutting down and abandoning module SceneOutliner (157)
[2014.11.05-18.25.54:353][185]LogModuleManager: Shutting down and abandoning module EditorWidgets (156)
[2014.11.05-18.25.54:353][185]LogModuleManager: Shutting down and abandoning module CollectionManager (155)
[2014.11.05-18.25.54:353][185]LogModuleManager: Shutting down and abandoning module StatsViewer (154)
[2014.11.05-18.25.54:353][185]LogModuleManager: Shutting down and abandoning module FoliageEdit (153)
[2014.11.05-18.25.54:353][185]LogModuleManager: Shutting down and abandoning module LandscapeEditor (152)
[2014.11.05-18.25.54:353][185]LogModuleManager: Shutting down and abandoning module MeshPaint (151)
[2014.11.05-18.25.54:353][185]LogModuleManager: Shutting down and abandoning module ActorPickerMode (150)
[2014.11.05-18.25.54:353][185]LogModuleManager: Shutting down and abandoning module GeometryMode (149)
[2014.11.05-18.25.54:353][185]LogModuleManager: Shutting down and abandoning module TextureAlignMode (148)
[2014.11.05-18.25.54:353][185]LogModuleManager: Shutting down and abandoning module BspMode (147)
[2014.11.05-18.25.54:353][185]LogModuleManager: Shutting down and abandoning module PlacementMode (146)
[2014.11.05-18.25.54:353][185]LogModuleManager: Shutting down and abandoning module DesktopPlatform (145)
[2014.11.05-18.25.54:353][185]LogModuleManager: Shutting down and abandoning module AutomationWorker (144)
[2014.11.05-18.25.54:353][185]LogModuleManager: Shutting down and abandoning module EditorLiveStreaming (143)
[2014.11.05-18.25.54:353][185]LogModuleManager: Shutting down and abandoning module BehaviorTreeEditor (142)
[2014.11.05-18.25.54:353][185]LogModuleManager: Shutting down and abandoning module DeviceProfileEditor (141)
[2014.11.05-18.25.54:353][185]LogModuleManager: Shutting down and abandoning module UndoHistory (140)
[2014.11.05-18.25.54:353][185]LogModuleManager: Shutting down and abandoning module GameplayTagsEditor (139)
[2014.11.05-18.25.54:353][185]LogModuleManager: Shutting down and abandoning module UserFeedback (138)
[2014.11.05-18.25.54:353][185]LogModuleManager: Shutting down and abandoning module XmlParser (137)
[2014.11.05-18.25.54:353][185]LogModuleManager: Shutting down and abandoning module Blutility (136)
[2014.11.05-18.25.54:353][185]LogModuleManager: Shutting down and abandoning module IOSPlatformEditor (135)
[2014.11.05-18.25.54:353][185]LogModuleManager: Shutting down and abandoning module IOSRuntimeSettings (134)
[2014.11.05-18.25.54:353][185]LogModuleManager: Shutting down and abandoning module AndroidPlatformEditor (133)
[2014.11.05-18.25.54:353][185]LogModuleManager: Shutting down and abandoning module AndroidRuntimeSettings (132)
[2014.11.05-18.25.54:353][185]LogModuleManager: Shutting down and abandoning module ProjectTargetPlatformEditor (131)
[2014.11.05-18.25.54:353][185]LogModuleManager: Shutting down and abandoning module ProjectSettingsViewer (130)
[2014.11.05-18.25.54:353][185]LogModuleManager: Shutting down and abandoning module InputBindingEditor (129)
[2014.11.05-18.25.54:353][185]LogModuleManager: Shutting down and abandoning module EditorSettingsViewer (128)
[2014.11.05-18.25.54:353][185]LogModuleManager: Shutting down and abandoning module SettingsEditor (127)
[2014.11.05-18.25.54:353][185]LogModuleManager: Shutting down and abandoning module SessionLauncher (126)
[2014.11.05-18.25.54:353][185]LogModuleManager: Shutting down and abandoning module SessionFrontend (125)
[2014.11.05-18.25.54:353][185]LogModuleManager: Shutting down and abandoning module ProfilerClient (124)
[2014.11.05-18.25.54:353][185]LogModuleManager: Shutting down and abandoning module TargetDeviceServices (123)
[2014.11.05-18.25.54:353][185]LogModuleManager: Shutting down and abandoning module DeviceManager (122)
[2014.11.05-18.25.54:354][185]LogModuleManager: Shutting down and abandoning module AutomationController (121)
[2014.11.05-18.25.54:354][185]LogModuleManager: Shutting down and abandoning module AutomationWindow (120)
[2014.11.05-18.25.54:354][185]LogModuleManager: Shutting down and abandoning module Layers (119)
[2014.11.05-18.25.54:354][185]LogModuleManager: Shutting down and abandoning module ComponentVisualizers (118)
[2014.11.05-18.25.54:354][185]LogModuleManager: Shutting down and abandoning module DetailCustomizations (117)
[2014.11.05-18.25.54:354][185]LogModuleManager: Shutting down and abandoning module PackagesDialog (116)
[2014.11.05-18.25.54:354][185]LogModuleManager: Shutting down and abandoning module DirectoryWatcher (115)
[2014.11.05-18.25.54:354][185]LogModuleManager: Shutting down and abandoning module AssetRegistry (114)
[2014.11.05-18.25.54:379][185]LogModuleManager: Shutting down and abandoning module Persona (113)
[2014.11.05-18.25.54:379][185]LogModuleManager: Shutting down and abandoning module GraphEditor (112)
[2014.11.05-18.25.54:379][185]LogModuleManager: Shutting down and abandoning module ClassViewer (111)
[2014.11.05-18.25.54:379][185]LogModuleManager: Shutting down and abandoning module Toolbox (110)
[2014.11.05-18.25.54:379][185]LogModuleManager: Shutting down and abandoning module ModuleUI (109)
[2014.11.05-18.25.54:379][185]LogModuleManager: Shutting down and abandoning module Sequencer (108)
[2014.11.05-18.25.54:379][185]LogModuleManager: Shutting down and abandoning module MovieSceneTools (107)
[2014.11.05-18.25.54:379][185]LogModuleManager: Shutting down and abandoning module OutputLog (106)
[2014.11.05-18.25.54:379][185]LogModuleManager: Shutting down and abandoning module GammaUI (105)
[2014.11.05-18.25.54:379][185]LogModuleManager: Shutting down and abandoning module Documentation (104)
[2014.11.05-18.25.54:379][185]LogModuleManager: Shutting down and abandoning module GameLiveStreaming (103)
[2014.11.05-18.25.54:379][185]LogModuleManager: Shutting down and abandoning module StreamingPauseRendering (102)
[2014.11.05-18.25.54:379][185]LogModuleManager: Shutting down and abandoning module AnalyticsET (101)
[2014.11.05-18.25.54:379][185]LogModuleManager: Shutting down and abandoning module Analytics (100)
[2014.11.05-18.25.54:379][185]LogModuleManager: Shutting down and abandoning module GameplayDebugger (99)
[2014.11.05-18.25.54:379][185]LogModuleManager: Shutting down and abandoning module AIModule (98)
[2014.11.05-18.25.54:379][185]LogModuleManager: Shutting down and abandoning module ProfilerService (97)
[2014.11.05-18.25.54:411][185]LogModuleManager: Shutting down and abandoning module TaskGraph (96)
[2014.11.05-18.25.54:411][185]LogModuleManager: Shutting down and abandoning module SlateRemote (95)
[2014.11.05-18.25.54:411][185]LogModuleManager: Shutting down and abandoning module ScriptEditorPlugin (94)
[2014.11.05-18.25.54:411][185]LogModuleManager: Shutting down and abandoning module CustomMeshComponent (93)
[2014.11.05-18.25.54:411][185]LogModuleManager: Shutting down and abandoning module CableComponent (92)
[2014.11.05-18.25.54:411][185]LogModuleManager: Shutting down and abandoning module MessagingDebugger (91)
[2014.11.05-18.25.54:412][185]LogModuleManager: Shutting down and abandoning module ViewportSnapping (90)
[2014.11.05-18.25.54:412][185]LogModuleManager: Shutting down and abandoning module SmartSnapping (89)
[2014.11.05-18.25.54:412][185]LogModuleManager: Shutting down and abandoning module PaperTiledImporter (88)
[2014.11.05-18.25.54:412][185]LogModuleManager: Shutting down and abandoning module PaperJsonImporter (87)
[2014.11.05-18.25.54:412][185]LogModuleManager: Shutting down and abandoning module GameProjectGeneration (86)
[2014.11.05-18.25.54:412][185]LogModuleManager: Shutting down and abandoning module Matinee (85)
[2014.11.05-18.25.54:412][185]LogModuleManager: Shutting down and abandoning module Kismet (84)
[2014.11.05-18.25.54:412][185]LogModuleManager: Shutting down and abandoning module SlateReflector (83)
[2014.11.05-18.25.54:412][185]LogModuleManager: Shutting down and abandoning module LevelEditor (82)
[2014.11.05-18.25.54:413][185]LogModuleManager: Shutting down and abandoning module IntroTutorials (81)
[2014.11.05-18.25.54:413][185]LogModuleManager: Shutting down and abandoning module ContentBrowser (80)
[2014.11.05-18.25.54:413][185]LogModuleManager: Shutting down and abandoning module PropertyEditor (79)
[2014.11.05-18.25.54:413][185]LogModuleManager: Shutting down and abandoning module AssetTools (78)
[2014.11.05-18.25.54:413][185]LogModuleManager: Shutting down and abandoning module Paper2DEditor (77)
[2014.11.05-18.25.54:413][185]LogModuleManager: Shutting down and abandoning module SpeedTreeImporter (76)
[2014.11.05-18.25.54:413][185]LogModuleManager: Shutting down and abandoning module PluginsEditor (75)
[2014.11.05-18.25.54:413][185]LogModuleManager: Shutting down and abandoning module MainFrame (74)
[2014.11.05-18.25.54:413][185]LogModuleManager: Shutting down and abandoning module EpicSurvey (73)
[2014.11.05-18.25.54:413][185]LogModuleManager: Shutting down and abandoning module VisualStudioSourceCodeAccess (72)
[2014.11.05-18.25.54:413][185]LogModuleManager: Shutting down and abandoning module UObjectPlugin (71)
[2014.11.05-18.25.54:413][185]LogModuleManager: Shutting down and abandoning module SubversionSourceControl (70)
[2014.11.05-18.25.54:413][185]LogModuleManager: Shutting down and abandoning module SourceControl (69)
[2014.11.05-18.25.54:413][185]LogModuleManager: Shutting down and abandoning module PerforceSourceControl (68)
[2014.11.05-18.25.54:413][185]LogModuleManager: Shutting down and abandoning module BlankPlugin (67)
[2014.11.05-18.25.54:413][185]LogModuleManager: Shutting down and abandoning module ScriptPlugin (66)
[2014.11.05-18.25.54:413][185]LogModuleManager: Shutting down and abandoning module UdpMessaging (65)
[2014.11.05-18.25.54:599][185]LogModuleManager: Shutting down and abandoning module Paper2D (64)
[2014.11.05-18.25.54:599][185]LogModuleManager: Shutting down and abandoning module WindowsMoviePlayer (63)
[2014.11.05-18.25.54:618][185]LogModuleManager: Shutting down and abandoning module ImageWrapper (62)
[2014.11.05-18.25.54:618][185]LogModuleManager: Shutting down and abandoning module OnlineBlueprintSupport (61)
[2014.11.05-18.25.54:618][185]LogModuleManager: Shutting down and abandoning module FunctionalTesting (60)
[2014.11.05-18.25.54:618][185]LogModuleManager: Shutting down and abandoning module CollisionAnalyzer (59)
[2014.11.05-18.25.54:618][185]LogModuleManager: Shutting down and abandoning module WorkspaceMenuStructure (58)
[2014.11.05-18.25.54:618][185]LogModuleManager: Shutting down and abandoning module MessageLog (57)
[2014.11.05-18.25.54:618][185]LogModuleManager: Shutting down and abandoning module UMGEditor (56)
[2014.11.05-18.25.54:618][185]LogModuleManager: Shutting down and abandoning module UMG (55)
[2014.11.05-18.25.54:618][185]LogModuleManager: Shutting down and abandoning module Slate (54)
[2014.11.05-18.25.54:618][185]LogModuleManager: Shutting down and abandoning module EditorStyle (53)
[2014.11.05-18.25.54:621][185]LogModuleManager: Shutting down and abandoning module SessionServices (52)
[2014.11.05-18.25.54:621][185]LogModuleManager: Shutting down and abandoning module SourceCodeAccess (51)
[2014.11.05-18.25.54:621][185]LogModuleManager: Shutting down and abandoning module HeadMountedDisplay (50)
[2014.11.05-18.25.54:621][185]LogModuleManager: Shutting down and abandoning module XAudio2 (49)
[2014.11.05-18.25.54:621][185]LogModuleManager: Shutting down and abandoning module Networking (47)
[2014.11.05-18.25.54:621][185]LogModuleManager: Shutting down and abandoning module Core (46)
[2014.11.05-18.25.54:621][185]LogModuleManager: Shutting down and abandoning module KismetCompiler (45)
[2014.11.05-18.25.54:621][185]LogModuleManager: Shutting down and abandoning module PhysXFormats (44)
[2014.11.05-18.25.54:621][185]LogModuleManager: Shutting down and abandoning module MeshUtilities (43)
[2014.11.05-18.25.54:621][185]LogModuleManager: Shutting down and abandoning module DerivedDataCache (42)
[2014.11.05-18.25.54:748][185]LogDerivedDataCache: Shutdown
[2014.11.05-18.25.54:748][185]LogModuleManager: Shutting down and abandoning module ShaderFormatOpenGL (41)
[2014.11.05-18.25.54:748][185]LogModuleManager: Shutting down and abandoning module ShaderFormatD3D (40)
[2014.11.05-18.25.54:748][185]LogModuleManager: Shutting down and abandoning module MetalShaderFormat (39)
[2014.11.05-18.25.54:748][185]LogModuleManager: Shutting down and abandoning module TextureFormatUncompressed (38)
[2014.11.05-18.25.54:748][185]LogModuleManager: Shutting down and abandoning module TextureFormatPVR (37)
[2014.11.05-18.25.54:748][185]LogModuleManager: Shutting down and abandoning module TextureFormatDXT (36)
[2014.11.05-18.25.54:748][185]LogModuleManager: Shutting down and abandoning module TextureFormatAndroid (35)
[2014.11.05-18.25.54:748][185]LogModuleManager: Shutting down and abandoning module AudioFormatOpus (34)
[2014.11.05-18.25.54:748][185]LogModuleManager: Shutting down and abandoning module AudioFormatOgg (33)
[2014.11.05-18.25.54:748][185]LogModuleManager: Shutting down and abandoning module AudioFormatADPCM (32)
[2014.11.05-18.25.54:748][185]LogModuleManager: Shutting down and abandoning module Messaging (31)
[2014.11.05-18.25.54:748][185]LogModuleManager: Shutting down and abandoning module IOSTargetPlatform (30)
[2014.11.05-18.25.54:748][185]LogModuleManager: Shutting down and abandoning module Android_PVRTCTargetPlatform (29)
[2014.11.05-18.25.54:748][185]LogModuleManager: Shutting down and abandoning module Android_ETC2TargetPlatform (28)
[2014.11.05-18.25.54:748][185]LogModuleManager: Shutting down and abandoning module Android_ETC1TargetPlatform (27)
[2014.11.05-18.25.54:748][185]LogModuleManager: Shutting down and abandoning module Android_DXTTargetPlatform (26)
[2014.11.05-18.25.54:748][185]LogModuleManager: Shutting down and abandoning module Android_ATCTargetPlatform (25)
[2014.11.05-18.25.54:748][185]LogModuleManager: Shutting down and abandoning module AndroidTargetPlatform (24)
[2014.11.05-18.25.54:748][185]LogModuleManager: Shutting down and abandoning module WindowsTargetPlatform (23)
[2014.11.05-18.25.54:748][185]LogModuleManager: Shutting down and abandoning module WindowsServerTargetPlatform (22)
[2014.11.05-18.25.54:748][185]LogModuleManager: Shutting down and abandoning module WindowsNoEditorTargetPlatform (21)
[2014.11.05-18.25.54:748][185]LogModuleManager: Shutting down and abandoning module WindowsClientTargetPlatform (20)
[2014.11.05-18.25.54:748][185]LogModuleManager: Shutting down and abandoning module TargetPlatform (19)
[2014.11.05-18.25.54:748][185]LogModuleManager: Shutting down and abandoning module InputCore (18)
[2014.11.05-18.25.54:748][185]LogModuleManager: Shutting down and abandoning module Settings (17)
[2014.11.05-18.25.54:748][185]LogModuleManager: Shutting down and abandoning module ExampleDeviceProfileSelector (14)
[2014.11.05-18.25.54:748][185]LogModuleManager: Shutting down and abandoning module OculusRift (13)
[2014.11.05-18.25.54:748][185]LogModuleManager: Shutting down and abandoning module TextureCompressor (12)
[2014.11.05-18.25.54:748][185]LogModuleManager: Shutting down and abandoning module ShaderCore (11)
[2014.11.05-18.25.54:748][185]LogModuleManager: Shutting down and abandoning module OpenGLDrv (10)
[2014.11.05-18.25.54:748][185]LogModuleManager: Shutting down and abandoning module D3D11RHI (9)
[2014.11.05-18.25.54:748][185]LogModuleManager: Shutting down and abandoning module SlateRHIRenderer (8)
[2014.11.05-18.25.54:749][185]LogModuleManager: Shutting down and abandoning module Renderer (7)
[2014.11.05-18.25.54:749][185]LogModuleManager: Shutting down and abandoning module Engine (6)
[2014.11.05-18.25.54:749][185]LogModuleManager: Shutting down and abandoning module CoreUObject (5)
[2014.11.05-18.25.54:749][185]LogModuleManager: Shutting down and abandoning module NetworkFile (4)
[2014.11.05-18.25.54:749][185]LogModuleManager: Shutting down and abandoning module StreamingFile (3)
[2014.11.05-18.25.54:749][185]LogModuleManager: Shutting down and abandoning module SandboxFile (2)
[2014.11.05-18.25.54:749][185]LogModuleManager: Shutting down and abandoning module PakFile (1)
[2014.11.05-18.25.54:757][185]LogExit: Exiting.
[2014.11.05-18.25.54:775][185]Log file closed, 11/05/14 19:25:54
