Log file open, 11/05/14 19:05:33
LogInit:Display: Running engine for game: TheRoom
LogInit: Version: 4.4.3-2296771+++depot+UE4-Releases+4.4
LogInit: API Version: 2255576
LogInit: Compiled (64-bit): Sep 13 2014 22:30:58
LogInit: Build Configuration: Development
LogInit: Branch Name: ++depot+UE4-Releases+4.4
LogInit: Command line:  /Temp/Autosaves/Game/Maps/UEDPCTheRoom -game -PIEVIACONSOLE -ResX=1280 -ResY=720  -Multiprocess 
LogInit: Base directory: C:/Program Files/Unreal Engine/4.4/Engine/Binaries/Win64/
LogInit: Rocket: 1
[2014.11.05-18.05.33:907][  0]LogTaskGraph: Started task graph with 3 named threads and 4 total threads.
[2014.11.05-18.05.33:936][  0]LogOnline:Warning: No default platform service specified for OnlineSubsystem
[2014.11.05-18.05.33:945][  0]LogInit: Presizing for 0 objects not considered by GC, pre-allocating 0 bytes.
[2014.11.05-18.05.33:984][  0]LogInit: Object subsystem initialized
[2014.11.05-18.05.33:987][  0]LogInit: Selected Device Profile: [Windows]
[2014.11.05-18.05.33:987][  0]LogInit: Applying CVar settings loaded from the selected device profile: [Windows]
[2014.11.05-18.05.34:002][  0]LogInit: Computer: 2013-KURS-09
[2014.11.05-18.05.34:002][  0]LogInit: User: lennartdaldrup
[2014.11.05-18.05.34:003][  0]LogInit: CPU Page size=4096, Cores=2
[2014.11.05-18.05.34:003][  0]LogInit: High frequency timer resolution =3.320390 MHz
[2014.11.05-18.05.34:003][  0]LogMemory: Memory total: Physical=8.0GB (8GB approx) Virtual=8192.0GB
[2014.11.05-18.05.34:005][  0]LogMemory: Platform Memory Stats for Windows
[2014.11.05-18.05.34:005][  0]LogMemory: Process Physical Memory: 61.50 MB used, 61.50 MB peak
[2014.11.05-18.05.34:005][  0]LogMemory: Process Virtual Memory: 37.07 MB used, 37.07 MB peak
[2014.11.05-18.05.34:005][  0]LogMemory: Physical Memory: 3786.59 MB used, 8185.95 MB total
[2014.11.05-18.05.34:005][  0]LogMemory: Virtual Memory: 262.12 MB used, 8388608.00 MB total
[2014.11.05-18.05.34:166][  0]LogD3D11RHI: Found D3D11 adapter 0: NVIDIA GeForce GTX 650 (Feature Level 11_0)
[2014.11.05-18.05.34:166][  0]LogD3D11RHI: Adapter has 971MB of dedicated video memory, 0MB of dedicated system memory, and 3072MB of shared system memory, 1 output[s]
[2014.11.05-18.05.34:166][  0]LogD3D11RHI: Chosen D3D11 Adapter Id = 0
[2014.11.05-18.05.34:204][  0]LogRHI: Texture pool is 680 MB (70% of 971 MB)
[2014.11.05-18.05.34:243][  0]LogD3D11RHI: Async texture creation enabled
[2014.11.05-18.05.34:475][  0]LogTextLocalizationManager:Warning: The selected culture 'de_DE' is not available; falling back to 'en'
[2014.11.05-18.05.34:659][  0]LogContentStreaming: Texture pool size is 1000.000000MB
[2014.11.05-18.05.36:878][  0]LogTargetPlatformManager:Display: Building Assets For Windows
[2014.11.05-18.05.37:501][  0]LogTargetPlatformManager:Display: Building Assets For Windows
[2014.11.05-18.05.37:546][  0]LogDerivedDataCache:Display: Max Cache Size: 512 MB
[2014.11.05-18.05.37:680][  0]LogDerivedDataCache: Loaded boot cache 0.13s 39MB C:/Users/lennart.daldrup.S4G/AppData/Local/UnrealEngine/4.4/DerivedDataCache/Boot.ddc.
[2014.11.05-18.05.37:680][  0]LogDerivedDataCache:Display: Loaded Boot cache: C:/Users/lennart.daldrup.S4G/AppData/Local/UnrealEngine/4.4/DerivedDataCache/Boot.ddc
[2014.11.05-18.05.37:680][  0]LogDerivedDataCache: FDerivedDataBackendGraph:  Pak pak cache file ../../../../../../Users/lennart.daldrup.S4G/Documents/Unreal Projects/Nightterror/DerivedDataCache/DDC.ddp not found, will not use a pak cache.
[2014.11.05-18.05.37:680][  0]LogDerivedDataCache: Unable to find inner node Pak for hierarchical cache Hierarchy.
[2014.11.05-18.05.37:705][  0]LogDerivedDataCache:Display: Pak cache opened for reading ../../../Engine/DerivedDataCache/DDC.ddp.
[2014.11.05-18.05.37:719][  0]LogDerivedDataCache: Using Local data cache path C:/Users/lennart.daldrup.S4G/AppData/Local/UnrealEngine/4.4/DerivedDataCache: Writable
[2014.11.05-18.05.37:963][  0]LogMeshUtilities: No automatic mesh reduction module available
[2014.11.05-18.05.37:963][  0]LogMeshUtilities: No automatic mesh merging module available
[2014.11.05-18.05.38:420][  0]LogInit: WinSock: version 1.1 (2.2), MaxSocks=32767, MaxUdp=65467
[2014.11.05-18.05.39:729][  0]LogWindowsMoviePlayer: Unable to load movie: ../../../../../../Users/lennart.daldrup.S4G/Documents/Unreal Projects/Nightterror/Content/Movies/Default_Startup.mp4
[2014.11.05-18.05.39:852][  0]LogStats:Warning: MetaData mismatch. Did you assign a stat to two groups? New //STATGROUP_Threads//FMonitoredProcess///Thread_1584_0///////STATCAT_Advanced//// old //STATGROUP_Threads//FMonitoredProcess///Thread_1e40_0///////STATCAT_Advanced////
[2014.11.05-18.05.39:852][  0]SourceControl: Info Source control is disabled
[2014.11.05-18.05.39:852][  0]SourceControl: Info Source control is disabled
[2014.11.05-18.05.39:861][  0]SourceControl: Info Source control is disabled
[2014.11.05-18.05.39:928][  0]LogObj: 20996 objects as part of root set at end of initial load.
[2014.11.05-18.05.39:928][  0]LogUObjectAllocator: 3965960 out of 0 bytes used by permanent object pool.
[2014.11.05-18.05.40:273][  0]LogAutomationTest:Warning: ERR: Transient text cannot be serialized "Testing Transient serialization detection".
[2014.11.05-18.05.40:274][  0]LogEngine: Initializing Engine...
[2014.11.05-18.05.42:274][  0]LogHMD:Warning: No Oculus HMD detected! Is Oculus Run-Time installed and service is running?
[2014.11.05-18.05.42:274][  0]LogHMD: Oculus shutdown.
[2014.11.05-18.05.42:420][  0]LogInit: XAudio2 using 'Realtek Digital Output (Realtek High Definition Audio)' : 2 channels at 48 kHz using 16 bits per sample (channel mask 0x3)
[2014.11.05-18.05.42:434][  0]LogInit: FAudioDevice initialized.
[2014.11.05-18.05.42:447][  0]LogInit: Texture streaming: Enabled
[2014.11.05-18.05.42:698][  0]LogConsoleResponse:Display: 
[2014.11.05-18.05.42:698][  0]LogNet: Browse: /Temp/Autosaves/Game/Maps/UEDPCTheRoom?Name=Player
[2014.11.05-18.05.42:699][  0]LogLoad: LoadMap: /Temp/Autosaves/Game/Maps/UEDPCTheRoom?Name=Player
[2014.11.05-18.05.42:726][  0]LogMemory: Platform Memory Stats for Windows
[2014.11.05-18.05.42:726][  0]LogMemory: Process Physical Memory: 285.10 MB used, 316.76 MB peak
[2014.11.05-18.05.42:726][  0]LogMemory: Process Virtual Memory: 257.41 MB used, 285.34 MB peak
[2014.11.05-18.05.42:726][  0]LogMemory: Physical Memory: 3961.94 MB used, 8185.95 MB total
[2014.11.05-18.05.42:726][  0]LogMemory: Virtual Memory: 641.71 MB used, 8388608.00 MB total
[2014.11.05-18.05.42:726][  0]LogMemory: 
[2014.11.05-18.05.42:726][  0]Allocator Stats for TBB: (not implemented)
[2014.11.05-18.05.43:139][  0]BlueprintLog:Warning: Warning Blueprint MyGame has been migrated and requires re-saving to avoid import errors
[2014.11.05-18.05.43:139][  0]BlueprintLog:Warning: Warning Blueprint MyHUD has been migrated and requires re-saving to avoid import errors
[2014.11.05-18.05.43:140][  0]LogWorld: Game class is 'MyGame_C'
[2014.11.05-18.05.43:156][  0]LogAIModule: Creating AISystem for world TheRoom
[2014.11.05-18.05.43:168][  0]LogWorld: Bringing World /Temp/Autosaves/Game/Maps/UEDPCTheRoom.TheRoom up for play (max tick rate 0) at 2014.11.05-19.05.43
[2014.11.05-18.05.43:170][  0]LogWorld: Bringing up level for play took: 0.013943
[2014.11.05-18.05.43:171][  0]LogInit:Display: Game Engine Initialized.
[2014.11.05-18.05.43:384][  0]LogLoad: Full Startup: 11.35 seconds (BP compile: 0.19 seconds)
[2014.11.05-18.05.43:484][  1]LogRenderer:Warning: Reallocating scene render targets to support 1280x720.
[2014.11.05-18.05.44:700][ 60]LogConsoleResponse:Display: 
[2014.11.05-18.05.45:103][ 60]LogRenderer:Warning: Reallocating scene render targets to support 1600x904.
[2014.11.05-18.05.45:322][ 60]LogRenderer:Warning: Reallocating scene render targets to support 1296x784.
[2014.11.05-18.05.45:927][ 61]LogRenderer:Warning: Reallocating scene render targets to support 1152x864.
[2014.11.05-18.05.51:566][321]sg.ResolutionQuality = "25"
[2014.11.05-18.05.51:566][321]sg.ViewDistanceQuality = "0"
[2014.11.05-18.05.51:566][321]sg.AntiAliasingQuality = "0"
[2014.11.05-18.05.51:566][321]sg.PostProcessQuality = "0"
[2014.11.05-18.05.51:566][321]sg.ShadowQuality = "0"
[2014.11.05-18.05.51:566][321]sg.TextureQuality = "0"
[2014.11.05-18.05.51:567][321]sg.EffectsQuality = "0"
[2014.11.05-18.05.51:642][321]r.PostProcessAAQuality = "1"
[2014.11.05-18.05.51:642][321]r.EyeAdaptationQuality = "0"
[2014.11.05-18.05.51:642][321]r.SSR.MaxRoughness = "0.2"
[2014.11.05-18.05.51:642][321]LogBlueprintUserMessages: LOW!!
[2014.11.05-18.05.51:644][321]LogRenderer:Warning: Reallocating scene render targets to support 576x432.
[2014.11.05-18.05.51:644][321]LogContentStreaming: Texture pool size now 200 MB
[2014.11.05-18.05.52:155][353]sg.ResolutionQuality = "50"
[2014.11.05-18.05.52:155][353]sg.ViewDistanceQuality = "1"
[2014.11.05-18.05.52:155][353]sg.AntiAliasingQuality = "1"
[2014.11.05-18.05.52:155][353]sg.PostProcessQuality = "1"
[2014.11.05-18.05.52:155][353]sg.ShadowQuality = "1"
[2014.11.05-18.05.52:155][353]sg.TextureQuality = "1"
[2014.11.05-18.05.52:156][353]sg.EffectsQuality = "1"
[2014.11.05-18.05.52:218][353]r.PostProcessAAQuality = "2"
[2014.11.05-18.05.52:218][353]r.EyeAdaptationQuality = "0"
[2014.11.05-18.05.52:218][353]r.SSR.MaxRoughness = "0.6"
[2014.11.05-18.05.52:218][353]LogBlueprintUserMessages: MID!!
[2014.11.05-18.05.52:224][354]LogRenderer:Warning: Reallocating scene render targets to support 576x432.
[2014.11.05-18.05.52:257][356]sg.ResolutionQuality = "75"
[2014.11.05-18.05.52:257][356]sg.ViewDistanceQuality = "2"
[2014.11.05-18.05.52:257][356]sg.AntiAliasingQuality = "2"
[2014.11.05-18.05.52:257][356]sg.PostProcessQuality = "2"
[2014.11.05-18.05.52:257][356]sg.ShadowQuality = "2"
[2014.11.05-18.05.52:257][356]sg.TextureQuality = "2"
[2014.11.05-18.05.52:257][356]sg.EffectsQuality = "2"
[2014.11.05-18.05.52:257][356]r.PostProcessAAQuality = "3"
[2014.11.05-18.05.52:257][356]r.EyeAdaptationQuality = "0"
[2014.11.05-18.05.52:257][356]r.SSR.MaxRoughness = "0.8"
[2014.11.05-18.05.52:257][356]LogBlueprintUserMessages: HIGH!!
[2014.11.05-18.05.52:259][356]LogContentStreaming: Texture pool size now 700 MB
[2014.11.05-18.05.52:274][358]LogRenderer:Warning: Reallocating scene render targets to support 864x648.
[2014.11.05-18.05.52:463][368]sg.ResolutionQuality = "100"
[2014.11.05-18.05.52:463][368]sg.ViewDistanceQuality = "3"
[2014.11.05-18.05.52:463][368]sg.AntiAliasingQuality = "3"
[2014.11.05-18.05.52:463][368]sg.PostProcessQuality = "3"
[2014.11.05-18.05.52:463][368]sg.ShadowQuality = "3"
[2014.11.05-18.05.52:463][368]sg.TextureQuality = "3"
[2014.11.05-18.05.52:464][368]sg.EffectsQuality = "3"
[2014.11.05-18.05.52:466][368]r.PostProcessAAQuality = "4"
[2014.11.05-18.05.52:466][368]r.EyeAdaptationQuality = "0"
[2014.11.05-18.05.52:466][368]r.SSR.MaxRoughness = "0.9"
[2014.11.05-18.05.52:466][368]LogBlueprintUserMessages: ULTRA!!
[2014.11.05-18.05.52:467][369]LogRenderer:Warning: Reallocating scene render targets to support 1152x864.
[2014.11.05-18.05.52:527][371]LogContentStreaming: Texture pool size now 1000 MB
[2014.11.05-18.05.52:677][380]sg.ResolutionQuality = "150"
[2014.11.05-18.05.52:677][380]sg.ViewDistanceQuality = "3"
[2014.11.05-18.05.52:677][380]sg.AntiAliasingQuality = "3"
[2014.11.05-18.05.52:677][380]sg.PostProcessQuality = "3"
[2014.11.05-18.05.52:677][380]sg.ShadowQuality = "3"
[2014.11.05-18.05.52:677][380]sg.TextureQuality = "3"
[2014.11.05-18.05.52:677][380]sg.EffectsQuality = "3"
[2014.11.05-18.05.52:677][380]r.PostProcessAAQuality = "6"
[2014.11.05-18.05.52:677][380]r.EyeAdaptationQuality = "0"
[2014.11.05-18.05.52:677][380]r.SSR.MaxRoughness = "0.9"
[2014.11.05-18.05.52:677][380]LogBlueprintUserMessages: EXTREME!!
[2014.11.05-18.05.52:952][395]sg.ResolutionQuality = "400"
[2014.11.05-18.05.52:952][395]sg.ViewDistanceQuality = "3"
[2014.11.05-18.05.52:952][395]sg.AntiAliasingQuality = "3"
[2014.11.05-18.05.52:952][395]sg.PostProcessQuality = "3"
[2014.11.05-18.05.52:953][395]sg.ShadowQuality = "3"
[2014.11.05-18.05.52:953][395]sg.TextureQuality = "3"
[2014.11.05-18.05.52:953][395]sg.EffectsQuality = "3"
[2014.11.05-18.05.52:953][395]r.PostProcessAAQuality = "6"
[2014.11.05-18.05.52:953][395]r.EyeAdaptationQuality = "0"
[2014.11.05-18.05.52:953][395]r.SSR.MaxRoughness = "0.9"
[2014.11.05-18.05.52:953][395]LogBlueprintUserMessages: ULTRAEXTREME!!
[2014.11.05-18.06.52:216][153]LogBlueprintUserMessages: ActorHit: "None" + ItemHit: "0"
[2014.11.05-18.06.54:933][275]LogBlueprintUserMessages: ActorHit: "None" + ItemHit: "0"
[2014.11.05-18.06.55:379][295]LogBlueprintUserMessages: ActorHit: "None" + ItemHit: "0"
[2014.11.05-18.06.55:559][303]LogBlueprintUserMessages: ActorHit: "None" + ItemHit: "0"
[2014.11.05-18.06.55:780][313]LogBlueprintUserMessages: ActorHit: "None" + ItemHit: "0"
[2014.11.05-18.06.55:965][321]LogBlueprintUserMessages: ActorHit: "None" + ItemHit: "0"
[2014.11.05-18.06.56:185][331]LogBlueprintUserMessages: ActorHit: "None" + ItemHit: "0"
[2014.11.05-18.06.56:362][338]LogBlueprintUserMessages: ActorHit: "None" + ItemHit: "0"
[2014.11.05-18.06.57:425][387]LogBlueprintUserMessages: ActorHit: "None" + ItemHit: "0"
[2014.11.05-18.06.57:608][395]LogBlueprintUserMessages: ActorHit: "None" + ItemHit: "0"
[2014.11.05-18.06.57:788][403]LogBlueprintUserMessages: ActorHit: "None" + ItemHit: "0"
[2014.11.05-18.06.58:222][422]LogBlueprintUserMessages: ActorHit: "None" + ItemHit: "0"
[2014.11.05-18.06.58:446][432]LogBlueprintUserMessages: ActorHit: "None" + ItemHit: "0"
[2014.11.05-18.06.58:705][444]LogBlueprintUserMessages: ActorHit: "None" + ItemHit: "0"
[2014.11.05-18.06.59:011][458]LogBlueprintUserMessages: ActorHit: "None" + ItemHit: "0"
[2014.11.05-18.06.59:258][470]LogBlueprintUserMessages: ActorHit: "None" + ItemHit: "0"
[2014.11.05-18.06.59:480][480]LogBlueprintUserMessages: ActorHit: "None" + ItemHit: "0"
[2014.11.05-18.06.59:703][490]LogBlueprintUserMessages: ActorHit: "None" + ItemHit: "0"
[2014.11.05-18.07.00:009][504]LogBlueprintUserMessages: ActorHit: "None" + ItemHit: "0"
[2014.11.05-18.07.00:252][515]LogBlueprintUserMessages: ActorHit: "None" + ItemHit: "0"
[2014.11.05-18.07.00:463][525]LogBlueprintUserMessages: ActorHit: "None" + ItemHit: "0"
[2014.11.05-18.07.00:682][536]LogBlueprintUserMessages: ActorHit: "None" + ItemHit: "0"
[2014.11.05-18.07.00:953][549]LogBlueprintUserMessages: ActorHit: "None" + ItemHit: "0"
[2014.11.05-18.07.01:182][560]LogBlueprintUserMessages: ActorHit: "None" + ItemHit: "0"
[2014.11.05-18.07.01:618][580]LogBlueprintUserMessages: ActorHit: "None" + ItemHit: "0"
[2014.11.05-18.07.01:809][589]LogBlueprintUserMessages: ActorHit: "None" + ItemHit: "0"
[2014.11.05-18.07.01:997][598]LogBlueprintUserMessages: ActorHit: "None" + ItemHit: "0"
[2014.11.05-18.07.03:160][650]LogBlueprintUserMessages: ActorHit: "None" + ItemHit: "0"
[2014.11.05-18.07.06:180][786]LogBlueprintUserMessages: ActorHit: "None" + ItemHit: "0"
[2014.11.05-18.07.12:525][ 80]LogBlueprintUserMessages: ActorHit: "None" + ItemHit: "0"
[2014.11.05-18.07.12:738][ 90]LogBlueprintUserMessages: ActorHit: "None" + ItemHit: "0"
[2014.11.05-18.07.12:954][100]LogBlueprintUserMessages: ActorHit: "None" + ItemHit: "0"
[2014.11.05-18.07.13:277][115]LogBlueprintUserMessages: ActorHit: "None" + ItemHit: "0"
[2014.11.05-18.07.22:603][563]sg.ResolutionQuality = "25"
[2014.11.05-18.07.22:603][563]sg.ViewDistanceQuality = "0"
[2014.11.05-18.07.22:603][563]sg.AntiAliasingQuality = "0"
[2014.11.05-18.07.22:604][563]sg.PostProcessQuality = "0"
[2014.11.05-18.07.22:604][563]sg.ShadowQuality = "0"
[2014.11.05-18.07.22:604][563]sg.TextureQuality = "0"
[2014.11.05-18.07.22:604][563]sg.EffectsQuality = "0"
[2014.11.05-18.07.22:683][563]r.PostProcessAAQuality = "1"
[2014.11.05-18.07.22:683][563]r.EyeAdaptationQuality = "0"
[2014.11.05-18.07.22:683][563]r.SSR.MaxRoughness = "0.2"
[2014.11.05-18.07.22:683][563]LogBlueprintUserMessages: LOW!!
[2014.11.05-18.07.22:684][564]LogRenderer:Warning: Reallocating scene render targets to support 576x432.
[2014.11.05-18.07.22:733][566]LogContentStreaming: Texture pool size now 200 MB
[2014.11.05-18.07.26:744][811]sg.ResolutionQuality = "150"
[2014.11.05-18.07.26:744][811]sg.ViewDistanceQuality = "3"
[2014.11.05-18.07.26:744][811]sg.AntiAliasingQuality = "3"
[2014.11.05-18.07.26:744][811]sg.PostProcessQuality = "3"
[2014.11.05-18.07.26:744][811]sg.ShadowQuality = "3"
[2014.11.05-18.07.26:744][811]sg.TextureQuality = "3"
[2014.11.05-18.07.26:745][811]sg.EffectsQuality = "3"
[2014.11.05-18.07.26:810][811]r.PostProcessAAQuality = "6"
[2014.11.05-18.07.26:810][811]r.EyeAdaptationQuality = "0"
[2014.11.05-18.07.26:810][811]r.SSR.MaxRoughness = "0.9"
[2014.11.05-18.07.26:810][811]LogBlueprintUserMessages: EXTREME!!
[2014.11.05-18.07.26:811][811]LogRenderer:Warning: Reallocating scene render targets to support 1152x864.
[2014.11.05-18.07.26:811][811]LogContentStreaming: Texture pool size now 1000 MB
[2014.11.05-18.07.28:218][880]sg.ResolutionQuality = "50"
[2014.11.05-18.07.28:218][880]sg.ViewDistanceQuality = "1"
[2014.11.05-18.07.28:218][880]sg.AntiAliasingQuality = "1"
[2014.11.05-18.07.28:218][880]sg.PostProcessQuality = "1"
[2014.11.05-18.07.28:218][880]sg.ShadowQuality = "1"
[2014.11.05-18.07.28:218][880]sg.TextureQuality = "1"
[2014.11.05-18.07.28:218][880]sg.EffectsQuality = "1"
[2014.11.05-18.07.28:241][880]r.PostProcessAAQuality = "2"
[2014.11.05-18.07.28:241][880]r.EyeAdaptationQuality = "0"
[2014.11.05-18.07.28:241][880]r.SSR.MaxRoughness = "0.6"
[2014.11.05-18.07.28:241][880]LogBlueprintUserMessages: MID!!
[2014.11.05-18.07.28:241][880]sg.ResolutionQuality = "25"
[2014.11.05-18.07.28:242][880]sg.ViewDistanceQuality = "0"
[2014.11.05-18.07.28:242][880]sg.AntiAliasingQuality = "0"
[2014.11.05-18.07.28:242][880]sg.PostProcessQuality = "0"
[2014.11.05-18.07.28:242][880]sg.ShadowQuality = "0"
[2014.11.05-18.07.28:242][880]sg.TextureQuality = "0"
[2014.11.05-18.07.28:242][880]sg.EffectsQuality = "0"
[2014.11.05-18.07.28:302][880]r.PostProcessAAQuality = "1"
[2014.11.05-18.07.28:302][880]r.EyeAdaptationQuality = "0"
[2014.11.05-18.07.28:302][880]r.SSR.MaxRoughness = "0.2"
[2014.11.05-18.07.28:302][880]LogBlueprintUserMessages: LOW!!
[2014.11.05-18.07.28:306][881]LogRenderer:Warning: Reallocating scene render targets to support 576x432.
[2014.11.05-18.07.28:307][881]LogContentStreaming: Texture pool size now 200 MB
[2014.11.05-18.07.28:586][898]sg.ResolutionQuality = "50"
[2014.11.05-18.07.28:586][898]sg.ViewDistanceQuality = "1"
[2014.11.05-18.07.28:586][898]sg.AntiAliasingQuality = "1"
[2014.11.05-18.07.28:586][898]sg.PostProcessQuality = "1"
[2014.11.05-18.07.28:586][898]sg.ShadowQuality = "1"
[2014.11.05-18.07.28:586][898]sg.TextureQuality = "1"
[2014.11.05-18.07.28:586][898]sg.EffectsQuality = "1"
[2014.11.05-18.07.28:645][898]r.PostProcessAAQuality = "2"
[2014.11.05-18.07.28:645][898]r.EyeAdaptationQuality = "0"
[2014.11.05-18.07.28:645][898]r.SSR.MaxRoughness = "0.6"
[2014.11.05-18.07.28:645][898]LogBlueprintUserMessages: MID!!
[2014.11.05-18.07.28:651][899]LogRenderer:Warning: Reallocating scene render targets to support 576x432.
[2014.11.05-18.07.28:690][901]LogContentStreaming: Texture pool size now 400 MB
[2014.11.05-18.07.28:866][912]sg.ResolutionQuality = "75"
[2014.11.05-18.07.28:866][912]sg.ViewDistanceQuality = "2"
[2014.11.05-18.07.28:866][912]sg.AntiAliasingQuality = "2"
[2014.11.05-18.07.28:866][912]sg.PostProcessQuality = "2"
[2014.11.05-18.07.28:866][912]sg.ShadowQuality = "2"
[2014.11.05-18.07.28:866][912]sg.TextureQuality = "2"
[2014.11.05-18.07.28:866][912]sg.EffectsQuality = "2"
[2014.11.05-18.07.28:866][912]r.PostProcessAAQuality = "3"
[2014.11.05-18.07.28:867][912]r.EyeAdaptationQuality = "0"
[2014.11.05-18.07.28:867][912]r.SSR.MaxRoughness = "0.8"
[2014.11.05-18.07.28:867][912]LogBlueprintUserMessages: HIGH!!
[2014.11.05-18.07.28:867][913]LogRenderer:Warning: Reallocating scene render targets to support 864x648.
[2014.11.05-18.07.28:934][916]LogContentStreaming: Texture pool size now 700 MB
[2014.11.05-18.07.29:199][932]sg.ResolutionQuality = "150"
[2014.11.05-18.07.29:199][932]sg.ViewDistanceQuality = "3"
[2014.11.05-18.07.29:199][932]sg.AntiAliasingQuality = "3"
[2014.11.05-18.07.29:199][932]sg.PostProcessQuality = "3"
[2014.11.05-18.07.29:200][932]sg.ShadowQuality = "3"
[2014.11.05-18.07.29:200][932]sg.TextureQuality = "3"
[2014.11.05-18.07.29:200][932]sg.EffectsQuality = "3"
[2014.11.05-18.07.29:202][932]r.PostProcessAAQuality = "6"
[2014.11.05-18.07.29:202][932]r.EyeAdaptationQuality = "0"
[2014.11.05-18.07.29:202][932]r.SSR.MaxRoughness = "0.9"
[2014.11.05-18.07.29:202][932]LogBlueprintUserMessages: EXTREME!!
[2014.11.05-18.07.29:203][933]LogRenderer:Warning: Reallocating scene render targets to support 1152x864.
[2014.11.05-18.07.29:268][936]LogContentStreaming: Texture pool size now 1000 MB
[2014.11.05-18.08.16:257][107]LogEngine: All Windows Closed
[2014.11.05-18.08.16:257][107]LogWindows: FPlatformMisc::RequestExit(0)
[2014.11.05-18.08.16:355][108]LogWindowsTextInputMethodSystem:Error: Terminating failed while unadvising the language notification sink from the TSF source.
[2014.11.05-18.08.16:365][108]LogExit: Preparing to exit.
[2014.11.05-18.08.16:516][108]LogExit: Game engine shut down
[2014.11.05-18.08.16:518][108]LogParticles: Destroying 0 GPU particle simulations for FXSystem 0x000000000D73F9C0
[2014.11.05-18.08.16:549][108]LogExit: Object subsystem successfully closed.
[2014.11.05-18.08.16:572][108]LogModuleManager: Shutting down and abandoning module HTTP (86)
[2014.11.05-18.08.16:573][108]LogModuleManager: Shutting down and abandoning module AndroidDeviceDetection (85)
[2014.11.05-18.08.16:573][108]LogModuleManager: Shutting down and abandoning module AutomationWorker (84)
[2014.11.05-18.08.16:573][108]LogModuleManager: Shutting down and abandoning module GameplayDebugger (83)
[2014.11.05-18.08.16:573][108]LogModuleManager: Shutting down and abandoning module AIModule (82)
[2014.11.05-18.08.16:573][108]LogModuleManager: Shutting down and abandoning module GameLiveStreaming (81)
[2014.11.05-18.08.16:573][108]LogModuleManager: Shutting down and abandoning module StreamingPauseRendering (80)
[2014.11.05-18.08.16:573][108]LogModuleManager: Shutting down and abandoning module AnalyticsET (79)
[2014.11.05-18.08.16:573][108]LogModuleManager: Shutting down and abandoning module Analytics (78)
[2014.11.05-18.08.16:573][108]LogModuleManager: Shutting down and abandoning module ProfilerService (77)
[2014.11.05-18.08.16:745][108]LogModuleManager: Shutting down and abandoning module TaskGraph (76)
[2014.11.05-18.08.16:745][108]LogModuleManager: Shutting down and abandoning module SlateRemote (75)
[2014.11.05-18.08.16:745][108]LogModuleManager: Shutting down and abandoning module CustomMeshComponent (74)
[2014.11.05-18.08.16:745][108]LogModuleManager: Shutting down and abandoning module CableComponent (73)
[2014.11.05-18.08.16:745][108]LogModuleManager: Shutting down and abandoning module VisualStudioSourceCodeAccess (72)
[2014.11.05-18.08.16:745][108]LogModuleManager: Shutting down and abandoning module UObjectPlugin (71)
[2014.11.05-18.08.16:745][108]LogModuleManager: Shutting down and abandoning module SubversionSourceControl (70)
[2014.11.05-18.08.16:745][108]LogModuleManager: Shutting down and abandoning module SourceControl (69)
[2014.11.05-18.08.16:745][108]LogModuleManager: Shutting down and abandoning module PerforceSourceControl (68)
[2014.11.05-18.08.16:745][108]LogModuleManager: Shutting down and abandoning module BlankPlugin (67)
[2014.11.05-18.08.16:745][108]LogModuleManager: Shutting down and abandoning module ScriptPlugin (66)
[2014.11.05-18.08.16:745][108]LogModuleManager: Shutting down and abandoning module UdpMessaging (65)
[2014.11.05-18.08.16:745][108]LogModuleManager: Shutting down and abandoning module Paper2D (64)
[2014.11.05-18.08.16:745][108]LogModuleManager: Shutting down and abandoning module WindowsMoviePlayer (63)
[2014.11.05-18.08.16:746][108]LogModuleManager: Shutting down and abandoning module ImageWrapper (62)
[2014.11.05-18.08.16:746][108]LogModuleManager: Shutting down and abandoning module OnlineBlueprintSupport (61)
[2014.11.05-18.08.16:746][108]LogModuleManager: Shutting down and abandoning module FunctionalTesting (60)
[2014.11.05-18.08.16:746][108]LogModuleManager: Shutting down and abandoning module CollisionAnalyzer (59)
[2014.11.05-18.08.16:746][108]LogModuleManager: Shutting down and abandoning module WorkspaceMenuStructure (58)
[2014.11.05-18.08.16:746][108]LogModuleManager: Shutting down and abandoning module MessageLog (57)
[2014.11.05-18.08.16:746][108]LogModuleManager: Shutting down and abandoning module UMGEditor (56)
[2014.11.05-18.08.16:746][108]LogModuleManager: Shutting down and abandoning module UMG (55)
[2014.11.05-18.08.16:746][108]LogModuleManager: Shutting down and abandoning module Slate (54)
[2014.11.05-18.08.16:746][108]LogModuleManager: Shutting down and abandoning module EditorStyle (53)
[2014.11.05-18.08.16:748][108]LogModuleManager: Shutting down and abandoning module SessionServices (52)
[2014.11.05-18.08.16:748][108]LogModuleManager: Shutting down and abandoning module SourceCodeAccess (51)
[2014.11.05-18.08.16:748][108]LogModuleManager: Shutting down and abandoning module HeadMountedDisplay (50)
[2014.11.05-18.08.16:748][108]LogModuleManager: Shutting down and abandoning module XAudio2 (49)
[2014.11.05-18.08.16:748][108]LogModuleManager: Shutting down and abandoning module Networking (47)
[2014.11.05-18.08.16:748][108]LogModuleManager: Shutting down and abandoning module Core (46)
[2014.11.05-18.08.16:748][108]LogModuleManager: Shutting down and abandoning module KismetCompiler (45)
[2014.11.05-18.08.16:748][108]LogModuleManager: Shutting down and abandoning module PhysXFormats (44)
[2014.11.05-18.08.16:748][108]LogModuleManager: Shutting down and abandoning module MeshUtilities (43)
[2014.11.05-18.08.16:748][108]LogModuleManager: Shutting down and abandoning module DerivedDataCache (42)
[2014.11.05-18.08.16:770][108]LogDerivedDataCache: Shutdown
[2014.11.05-18.08.16:770][108]LogModuleManager: Shutting down and abandoning module ShaderFormatOpenGL (41)
[2014.11.05-18.08.16:770][108]LogModuleManager: Shutting down and abandoning module ShaderFormatD3D (40)
[2014.11.05-18.08.16:770][108]LogModuleManager: Shutting down and abandoning module MetalShaderFormat (39)
[2014.11.05-18.08.16:770][108]LogModuleManager: Shutting down and abandoning module TextureFormatUncompressed (38)
[2014.11.05-18.08.16:770][108]LogModuleManager: Shutting down and abandoning module TextureFormatPVR (37)
[2014.11.05-18.08.16:770][108]LogModuleManager: Shutting down and abandoning module TextureFormatDXT (36)
[2014.11.05-18.08.16:770][108]LogModuleManager: Shutting down and abandoning module TextureFormatAndroid (35)
[2014.11.05-18.08.16:770][108]LogModuleManager: Shutting down and abandoning module AudioFormatOpus (34)
[2014.11.05-18.08.16:770][108]LogModuleManager: Shutting down and abandoning module AudioFormatOgg (33)
[2014.11.05-18.08.16:770][108]LogModuleManager: Shutting down and abandoning module AudioFormatADPCM (32)
[2014.11.05-18.08.16:770][108]LogModuleManager: Shutting down and abandoning module Messaging (31)
[2014.11.05-18.08.16:770][108]LogModuleManager: Shutting down and abandoning module IOSTargetPlatform (30)
[2014.11.05-18.08.16:770][108]LogModuleManager: Shutting down and abandoning module Android_PVRTCTargetPlatform (29)
[2014.11.05-18.08.16:770][108]LogModuleManager: Shutting down and abandoning module Android_ETC2TargetPlatform (28)
[2014.11.05-18.08.16:770][108]LogModuleManager: Shutting down and abandoning module Android_ETC1TargetPlatform (27)
[2014.11.05-18.08.16:770][108]LogModuleManager: Shutting down and abandoning module Android_DXTTargetPlatform (26)
[2014.11.05-18.08.16:770][108]LogModuleManager: Shutting down and abandoning module Android_ATCTargetPlatform (25)
[2014.11.05-18.08.16:770][108]LogModuleManager: Shutting down and abandoning module AndroidTargetPlatform (24)
[2014.11.05-18.08.16:770][108]LogModuleManager: Shutting down and abandoning module WindowsTargetPlatform (23)
[2014.11.05-18.08.16:770][108]LogModuleManager: Shutting down and abandoning module WindowsServerTargetPlatform (22)
[2014.11.05-18.08.16:770][108]LogModuleManager: Shutting down and abandoning module WindowsNoEditorTargetPlatform (21)
[2014.11.05-18.08.16:770][108]LogModuleManager: Shutting down and abandoning module WindowsClientTargetPlatform (20)
[2014.11.05-18.08.16:770][108]LogModuleManager: Shutting down and abandoning module TargetPlatform (19)
[2014.11.05-18.08.16:770][108]LogModuleManager: Shutting down and abandoning module InputCore (18)
[2014.11.05-18.08.16:770][108]LogModuleManager: Shutting down and abandoning module Settings (17)
[2014.11.05-18.08.16:770][108]LogModuleManager: Shutting down and abandoning module ExampleDeviceProfileSelector (14)
[2014.11.05-18.08.16:770][108]LogModuleManager: Shutting down and abandoning module OculusRift (13)
[2014.11.05-18.08.16:770][108]LogModuleManager: Shutting down and abandoning module TextureCompressor (12)
[2014.11.05-18.08.16:771][108]LogModuleManager: Shutting down and abandoning module ShaderCore (11)
[2014.11.05-18.08.16:771][108]LogModuleManager: Shutting down and abandoning module OpenGLDrv (10)
[2014.11.05-18.08.16:771][108]LogModuleManager: Shutting down and abandoning module D3D11RHI (9)
[2014.11.05-18.08.16:771][108]LogModuleManager: Shutting down and abandoning module SlateRHIRenderer (8)
[2014.11.05-18.08.16:771][108]LogModuleManager: Shutting down and abandoning module Renderer (7)
[2014.11.05-18.08.16:771][108]LogModuleManager: Shutting down and abandoning module Engine (6)
[2014.11.05-18.08.16:771][108]LogModuleManager: Shutting down and abandoning module CoreUObject (5)
[2014.11.05-18.08.16:771][108]LogModuleManager: Shutting down and abandoning module NetworkFile (4)
[2014.11.05-18.08.16:771][108]LogModuleManager: Shutting down and abandoning module StreamingFile (3)
[2014.11.05-18.08.16:771][108]LogModuleManager: Shutting down and abandoning module SandboxFile (2)
[2014.11.05-18.08.16:771][108]LogModuleManager: Shutting down and abandoning module PakFile (1)
[2014.11.05-18.08.16:771][108]LogExit: Exiting.
[2014.11.05-18.08.16:772][108]Log file closed, 11/05/14 19:08:16
