Log file open, 10/29/14 17:45:26
LogInit:Display: Running engine for game: TheRoom
LogInit: Version: 4.4.3-2296771+++depot+UE4-Releases+4.4
LogInit: API Version: 2255576
LogInit: Compiled (64-bit): Sep 13 2014 22:30:58
LogInit: Build Configuration: Development
LogInit: Branch Name: ++depot+UE4-Releases+4.4
LogInit: Command line: 
LogInit: Base directory: C:/Program Files/Unreal Engine/4.4/Engine/Binaries/Win64/
LogInit: Rocket: 1
[2014.10.29-16.45.26:682][  0]LogTaskGraph: Started task graph with 3 named threads and 4 total threads.
[2014.10.29-16.45.26:720][  0]LogOnline:Warning: No default platform service specified for OnlineSubsystem
[2014.10.29-16.45.26:738][  0]LogInit: Presizing for 0 objects not considered by GC, pre-allocating 0 bytes.
[2014.10.29-16.45.26:749][  0]LogInit: Object subsystem initialized
[2014.10.29-16.45.26:751][  0]LogInit: Selected Device Profile: [Windows]
[2014.10.29-16.45.26:751][  0]LogInit: Applying CVar settings loaded from the selected device profile: [Windows]
[2014.10.29-16.45.26:761][  0]LogInit: Computer: 2013-KURS-09
[2014.10.29-16.45.26:761][  0]LogInit: User: lennartdaldrup
[2014.10.29-16.45.26:762][  0]LogInit: CPU Page size=4096, Cores=2
[2014.10.29-16.45.26:762][  0]LogInit: High frequency timer resolution =3.320361 MHz
[2014.10.29-16.45.26:762][  0]LogMemory: Memory total: Physical=8.0GB (8GB approx) Virtual=8192.0GB
[2014.10.29-16.45.26:762][  0]LogMemory: Platform Memory Stats for Windows
[2014.10.29-16.45.26:762][  0]LogMemory: Process Physical Memory: 61.52 MB used, 61.52 MB peak
[2014.10.29-16.45.26:762][  0]LogMemory: Process Virtual Memory: 37.07 MB used, 37.07 MB peak
[2014.10.29-16.45.26:762][  0]LogMemory: Physical Memory: 4066.07 MB used, 8185.95 MB total
[2014.10.29-16.45.26:762][  0]LogMemory: Virtual Memory: 262.12 MB used, 8388608.00 MB total
[2014.10.29-16.45.26:813][  0]LogD3D11RHI: Found D3D11 adapter 0: NVIDIA GeForce GTX 650 (Feature Level 11_0)
[2014.10.29-16.45.26:813][  0]LogD3D11RHI: Adapter has 971MB of dedicated video memory, 0MB of dedicated system memory, and 3072MB of shared system memory, 1 output[s]
[2014.10.29-16.45.26:813][  0]LogD3D11RHI: Chosen D3D11 Adapter Id = 0
[2014.10.29-16.45.26:821][  0]LogRHI: Texture pool is 680 MB (70% of 971 MB)
[2014.10.29-16.45.26:830][  0]LogD3D11RHI: Async texture creation enabled
[2014.10.29-16.45.26:898][  0]LogTextLocalizationManager:Warning: The selected culture 'de_DE' is not available; falling back to 'en'
[2014.10.29-16.45.26:997][  0]LogContentStreaming: Texture pool size is 0.000000MB
[2014.10.29-16.45.29:057][  0]LogTargetPlatformManager:Display: Building Assets For Windows
[2014.10.29-16.45.29:508][  0]LogTargetPlatformManager:Display: Building Assets For Windows
[2014.10.29-16.45.29:586][  0]LogDerivedDataCache:Display: Max Cache Size: 512 MB
[2014.10.29-16.45.29:688][  0]LogDerivedDataCache: Loaded boot cache 0.10s 39MB C:/Users/lennart.daldrup.S4G/AppData/Local/UnrealEngine/4.4/DerivedDataCache/Boot.ddc.
[2014.10.29-16.45.29:688][  0]LogDerivedDataCache:Display: Loaded Boot cache: C:/Users/lennart.daldrup.S4G/AppData/Local/UnrealEngine/4.4/DerivedDataCache/Boot.ddc
[2014.10.29-16.45.29:688][  0]LogDerivedDataCache: FDerivedDataBackendGraph:  Pak pak cache file ../../../../../../Users/lennart.daldrup.S4G/Documents/Unreal Projects/Nightterror/DerivedDataCache/DDC.ddp not found, will not use a pak cache.
[2014.10.29-16.45.29:688][  0]LogDerivedDataCache: Unable to find inner node Pak for hierarchical cache Hierarchy.
[2014.10.29-16.45.29:706][  0]LogDerivedDataCache:Display: Pak cache opened for reading ../../../Engine/DerivedDataCache/DDC.ddp.
[2014.10.29-16.45.29:718][  0]LogDerivedDataCache: Using Local data cache path C:/Users/lennart.daldrup.S4G/AppData/Local/UnrealEngine/4.4/DerivedDataCache: Writable
[2014.10.29-16.45.29:923][  0]LogMeshUtilities: No automatic mesh reduction module available
[2014.10.29-16.45.29:923][  0]LogMeshUtilities: No automatic mesh merging module available
[2014.10.29-16.45.30:364][  0]LogInit: WinSock: version 1.1 (2.2), MaxSocks=32767, MaxUdp=65467
[2014.10.29-16.45.31:161][  0]UdpMessaging: Initializing bridge on interface 0.0.0.0:0 to multicast group 230.0.0.1:6666.
[2014.10.29-16.45.31:269][  0]LogStats:Warning: MetaData mismatch. Did you assign a stat to two groups? New //STATGROUP_Threads//FMonitoredProcess///Thread_1610_0///////STATCAT_Advanced//// old //STATGROUP_Threads//FMonitoredProcess///Thread_de8_0///////STATCAT_Advanced////
[2014.10.29-16.45.31:269][  0]SourceControl: Info Source control is disabled
[2014.10.29-16.45.31:269][  0]SourceControl: Info Source control is disabled
[2014.10.29-16.45.31:274][  0]SourceControl: Info Source control is disabled
[2014.10.29-16.45.31:461][  0]BlueprintLog: New page: Editor Load
[2014.10.29-16.45.31:568][  0]LogObj: 21438 objects as part of root set at end of initial load.
[2014.10.29-16.45.31:568][  0]LogUObjectAllocator: 4218656 out of 0 bytes used by permanent object pool.
[2014.10.29-16.45.31:853][  0]LogEngine: Initializing Engine...
[2014.10.29-16.45.32:004][  0]LogInit: XAudio2 using 'Lautsprecher (Realtek High Definition Audio)' : 2 channels at 48 kHz using 32 bits per sample (channel mask 0x3)
[2014.10.29-16.45.32:022][  0]LogInit: FAudioDevice initialized.
[2014.10.29-16.45.32:041][  0]LogAIModule: Creating AISystem for world NewWorld
[2014.10.29-16.45.32:083][  0]LogDerivedDataCache: Saved boot cache 0.04s 39MB C:/Users/lennart.daldrup.S4G/AppData/Local/UnrealEngine/4.4/DerivedDataCache/Boot.ddc.
[2014.10.29-16.45.32:099][  0]LogInit: Texture streaming: Enabled
[2014.10.29-16.45.32:146][  0]LogInit: Transaction tracking system initialized
[2014.10.29-16.45.32:270][  0]LogAssetRegistry: FAssetRegistry took 0.0093 seconds to start up
[2014.10.29-16.45.33:250][  0]LogTargetPlatformManager:Display: Building Assets For Windows
[2014.10.29-16.45.33:710][  0]LogTargetPlatformManager:Display: Building Assets For Windows
[2014.10.29-16.45.33:883][  0]LogConsoleResponse:Display: 
[2014.10.29-16.45.34:062][  0]LogStats:Warning: MetaData mismatch. Did you assign a stat to two groups? New //STATGROUP_Threads//FMonitoredProcess///Thread_14f4_0///////STATCAT_Advanced//// old //STATGROUP_Threads//FMonitoredProcess///Thread_de8_0///////STATCAT_Advanced////
[2014.10.29-16.45.34:062][  0]LogStats:Warning: MetaData mismatch. Did you assign a stat to two groups? New //STATGROUP_Threads//FMonitoredProcess///Thread_1630_0///////STATCAT_Advanced//// old //STATGROUP_Threads//FMonitoredProcess///Thread_de8_0///////STATCAT_Advanced////
[2014.10.29-16.45.34:062][  0]SourceControl: Info Source control is disabled
[2014.10.29-16.45.34:062][  0]Cmd: MAP LOAD FILE="../../../../../../Users/lennart.daldrup.S4G/Documents/Unreal Projects/Nightterror/Content/Maps/TheRoom.umap" TEMPLATE=0 SHOWPROGRESS=1
[2014.10.29-16.45.34:062][  0]LightingResults: New page: Lighting Build
[2014.10.29-16.45.34:069][  0]MapCheck: New page: Map Check
[2014.10.29-16.45.34:069][  0]LightingResults: New page: Lighting Build
[2014.10.29-16.45.34:086][  0]LogParticles: Destroying 0 GPU particle simulations for FXSystem 0x0000000011949300
[2014.10.29-16.45.34:617][  0]LogEditorServer: Finished looking for orphan Actors (0.000 secs)
[2014.10.29-16.45.34:617][  0]LogAIModule: Creating AISystem for world TheRoom
[2014.10.29-16.45.34:617][  0]Cmd: MAP CHECKDEP
[2014.10.29-16.45.34:617][  0]MapCheck: New page: TheRoom - Oct 29, 2014, 6:45:34 PM
[2014.10.29-16.45.34:737][  0]MapCheck: Info ========== Map Check: 0 Error(s), 0 Warning(s), [119.496ms] ==========
[2014.10.29-16.45.34:737][  0]LogFileHelpers: Loading map 'TheRoom' took 0.675
[2014.10.29-16.45.34:844][  0]LogCollectionManager: Loaded 0 collections in 0.001128 seconds
[2014.10.29-16.45.34:856][  0]LogContentBrowser:Verbose: The content browser source was changed by the sources view to '/Game'
[2014.10.29-16.45.34:947][  0]LogCrashTracker: Crashtracker disabled due to settings.
[2014.10.29-16.45.35:027][  0]LogLoad: Full Startup: 9.18 seconds (BP compile: 0.11 seconds)
[2014.10.29-16.45.35:249][  0]LogRenderer:Warning: Reallocating scene render targets to support 1136x896.
[2014.10.29-16.45.35:462][  3]LogAssetRegistry: Asset discovery search completed in 3.2019 seconds
[2014.10.29-16.45.38:613][200]BlueprintLog: New page: Pre-PIE auto-recompile
[2014.10.29-16.45.38:613][200]LogPlayLevel: [PIE] Compiling TheRoom before PIE...
[2014.10.29-16.45.38:800][200]LogPlayLevel: PIE:  Blueprint regeneration took 186 ms (1 blueprints)
[2014.10.29-16.45.38:800][200]PIE: New page: PIE session: TheRoom (Oct 29, 2014, 6:45:38 PM)
[2014.10.29-16.45.38:811][200]LogPlayLevel: PIE: StaticDuplicateObject took: (0.010970s)
[2014.10.29-16.45.38:812][200]LogPlayLevel: PIE: World Init took: (0.000955s)
[2014.10.29-16.45.38:812][200]LogPlayLevel: PIE: Created PIE world by copying editor world from /Game/Maps/TheRoom.TheRoom to /Game/Maps/UEDPIE_0_TheRoom.TheRoom (0.012120s)
[2014.10.29-16.45.38:957][200]BlueprintLog:Warning: Warning Blueprint MyHUD has been migrated and requires re-saving to avoid import errors
[2014.10.29-16.45.38:957][200]BlueprintLog:Warning: Warning Blueprint MyGame has been migrated and requires re-saving to avoid import errors
[2014.10.29-16.45.38:957][200]LogWorld: Game class is 'MyGame_C'
[2014.10.29-16.45.38:960][200]LogAIModule: Creating AISystem for world TheRoom
[2014.10.29-16.45.38:963][200]LogWorld: Bringing World /Game/Maps/UEDPIE_0_TheRoom.TheRoom up for play (max tick rate 0) at 2014.10.29-17.45.38
[2014.10.29-16.45.38:963][200]LogWorld: Bringing up level for play took: 0.003395
[2014.10.29-16.45.38:965][200]Cmd: sg.ResolutionQuality 25
[2014.10.29-16.45.38:965][200]sg.ResolutionQuality = "25"
[2014.10.29-16.45.38:965][200]Cmd: sg.ViewDistanceQuality 0
[2014.10.29-16.45.38:965][200]sg.ViewDistanceQuality = "0"
[2014.10.29-16.45.38:965][200]Cmd: sg.AntiAliasingQuality 0
[2014.10.29-16.45.38:965][200]sg.AntiAliasingQuality = "0"
[2014.10.29-16.45.38:965][200]Cmd: sg.PostProcessQuality 0
[2014.10.29-16.45.38:965][200]sg.PostProcessQuality = "0"
[2014.10.29-16.45.38:965][200]Cmd: sg.ShadowQuality 0
[2014.10.29-16.45.38:965][200]sg.ShadowQuality = "0"
[2014.10.29-16.45.38:965][200]Cmd: sg.TextureQuality 0
[2014.10.29-16.45.38:965][200]sg.TextureQuality = "0"
[2014.10.29-16.45.38:966][200]Cmd: sg.EffectsQuality 0
[2014.10.29-16.45.38:966][200]sg.EffectsQuality = "0"
[2014.10.29-16.45.39:056][200]Cmd: r.PostProcessAAQuality 1
[2014.10.29-16.45.39:056][200]r.PostProcessAAQuality = "1"
[2014.10.29-16.45.39:056][200]Cmd: r.EyeAdaptationQuality 0
[2014.10.29-16.45.39:056][200]r.EyeAdaptationQuality = "0"
[2014.10.29-16.45.39:056][200]Cmd: r.SSR.MaxRoughness 0.2
[2014.10.29-16.45.39:056][200]r.SSR.MaxRoughness = "0.2"
[2014.10.29-16.45.39:068][200]LogBlueprintUserMessages: LOW!!
[2014.10.29-16.45.39:068][200]PIE: Info Play in editor start time for /Game/Maps/UEDPIE_0_TheRoom -0.195
[2014.10.29-16.45.39:071][200]LogRenderer:Warning: Reallocating scene render targets to support 1136x896.
[2014.10.29-16.45.39:090][200]LogContentStreaming: Texture pool size now 200 MB
[2014.10.29-16.45.42:841][517]Cmd: sg.ResolutionQuality 25
[2014.10.29-16.45.42:841][517]sg.ResolutionQuality = "25"
[2014.10.29-16.45.42:841][517]Cmd: sg.ViewDistanceQuality 0
[2014.10.29-16.45.42:841][517]sg.ViewDistanceQuality = "0"
[2014.10.29-16.45.42:841][517]Cmd: sg.AntiAliasingQuality 0
[2014.10.29-16.45.42:841][517]sg.AntiAliasingQuality = "0"
[2014.10.29-16.45.42:841][517]Cmd: sg.PostProcessQuality 0
[2014.10.29-16.45.42:841][517]sg.PostProcessQuality = "0"
[2014.10.29-16.45.42:841][517]Cmd: sg.ShadowQuality 0
[2014.10.29-16.45.42:841][517]sg.ShadowQuality = "0"
[2014.10.29-16.45.42:841][517]Cmd: sg.TextureQuality 0
[2014.10.29-16.45.42:841][517]sg.TextureQuality = "0"
[2014.10.29-16.45.42:841][517]Cmd: sg.EffectsQuality 0
[2014.10.29-16.45.42:842][517]sg.EffectsQuality = "0"
[2014.10.29-16.45.42:842][517]Cmd: r.PostProcessAAQuality 1
[2014.10.29-16.45.42:842][517]r.PostProcessAAQuality = "1"
[2014.10.29-16.45.42:842][517]Cmd: r.EyeAdaptationQuality 0
[2014.10.29-16.45.42:842][517]r.EyeAdaptationQuality = "0"
[2014.10.29-16.45.42:842][517]Cmd: r.SSR.MaxRoughness 0.2
[2014.10.29-16.45.42:842][517]r.SSR.MaxRoughness = "0.2"
[2014.10.29-16.45.42:842][517]LogBlueprintUserMessages: LOW!!
[2014.10.29-16.45.43:285][555]Cmd: sg.ResolutionQuality 50
[2014.10.29-16.45.43:285][555]sg.ResolutionQuality = "50"
[2014.10.29-16.45.43:285][555]Cmd: sg.ViewDistanceQuality 1
[2014.10.29-16.45.43:285][555]sg.ViewDistanceQuality = "1"
[2014.10.29-16.45.43:285][555]Cmd: sg.AntiAliasingQuality 1
[2014.10.29-16.45.43:286][555]sg.AntiAliasingQuality = "1"
[2014.10.29-16.45.43:286][555]Cmd: sg.PostProcessQuality 1
[2014.10.29-16.45.43:286][555]sg.PostProcessQuality = "1"
[2014.10.29-16.45.43:286][555]Cmd: sg.ShadowQuality 1
[2014.10.29-16.45.43:286][555]sg.ShadowQuality = "1"
[2014.10.29-16.45.43:286][555]Cmd: sg.TextureQuality 1
[2014.10.29-16.45.43:286][555]sg.TextureQuality = "1"
[2014.10.29-16.45.43:288][555]Cmd: sg.EffectsQuality 1
[2014.10.29-16.45.43:288][555]sg.EffectsQuality = "1"
[2014.10.29-16.45.43:363][555]Cmd: r.PostProcessAAQuality 2
[2014.10.29-16.45.43:364][555]r.PostProcessAAQuality = "2"
[2014.10.29-16.45.43:364][555]Cmd: r.EyeAdaptationQuality 0
[2014.10.29-16.45.43:364][555]r.EyeAdaptationQuality = "0"
[2014.10.29-16.45.43:364][555]Cmd: r.SSR.MaxRoughness 0.6
[2014.10.29-16.45.43:364][555]r.SSR.MaxRoughness = "0.6"
[2014.10.29-16.45.43:364][555]LogBlueprintUserMessages: MID!!
[2014.10.29-16.45.43:370][555]LogRenderer:Warning: Reallocating scene render targets to support 1136x896.
[2014.10.29-16.45.43:370][555]LogContentStreaming: Texture pool size now 400 MB
[2014.10.29-16.45.43:568][571]Cmd: sg.ResolutionQuality 75
[2014.10.29-16.45.43:568][571]sg.ResolutionQuality = "75"
[2014.10.29-16.45.43:568][571]Cmd: sg.ViewDistanceQuality 2
[2014.10.29-16.45.43:568][571]sg.ViewDistanceQuality = "2"
[2014.10.29-16.45.43:568][571]Cmd: sg.AntiAliasingQuality 2
[2014.10.29-16.45.43:568][571]sg.AntiAliasingQuality = "2"
[2014.10.29-16.45.43:568][571]Cmd: sg.PostProcessQuality 2
[2014.10.29-16.45.43:568][571]sg.PostProcessQuality = "2"
[2014.10.29-16.45.43:569][571]Cmd: sg.ShadowQuality 2
[2014.10.29-16.45.43:569][571]sg.ShadowQuality = "2"
[2014.10.29-16.45.43:569][571]Cmd: sg.TextureQuality 2
[2014.10.29-16.45.43:569][571]sg.TextureQuality = "2"
[2014.10.29-16.45.43:570][571]Cmd: sg.EffectsQuality 2
[2014.10.29-16.45.43:570][571]sg.EffectsQuality = "2"
[2014.10.29-16.45.43:570][571]Cmd: r.PostProcessAAQuality 3
[2014.10.29-16.45.43:570][571]r.PostProcessAAQuality = "3"
[2014.10.29-16.45.43:570][571]Cmd: r.EyeAdaptationQuality 0
[2014.10.29-16.45.43:570][571]r.EyeAdaptationQuality = "0"
[2014.10.29-16.45.43:570][571]Cmd: r.SSR.MaxRoughness 0.8
[2014.10.29-16.45.43:570][571]r.SSR.MaxRoughness = "0.8"
[2014.10.29-16.45.43:570][571]LogBlueprintUserMessages: HIGH!!
[2014.10.29-16.45.43:585][572]LogRenderer:Warning: Reallocating scene render targets to support 1136x896.
[2014.10.29-16.45.43:801][573]Cmd: sg.ResolutionQuality 100
[2014.10.29-16.45.43:801][573]sg.ResolutionQuality = "100"
[2014.10.29-16.45.43:801][573]Cmd: sg.ViewDistanceQuality 3
[2014.10.29-16.45.43:802][573]sg.ViewDistanceQuality = "3"
[2014.10.29-16.45.43:802][573]Cmd: sg.AntiAliasingQuality 3
[2014.10.29-16.45.43:802][573]sg.AntiAliasingQuality = "3"
[2014.10.29-16.45.43:802][573]Cmd: sg.PostProcessQuality 3
[2014.10.29-16.45.43:802][573]sg.PostProcessQuality = "3"
[2014.10.29-16.45.43:802][573]Cmd: sg.ShadowQuality 3
[2014.10.29-16.45.43:802][573]sg.ShadowQuality = "3"
[2014.10.29-16.45.43:802][573]Cmd: sg.TextureQuality 3
[2014.10.29-16.45.43:802][573]sg.TextureQuality = "3"
[2014.10.29-16.45.43:802][573]Cmd: sg.EffectsQuality 3
[2014.10.29-16.45.43:802][573]sg.EffectsQuality = "3"
[2014.10.29-16.45.43:829][573]Cmd: r.PostProcessAAQuality 4
[2014.10.29-16.45.43:829][573]r.PostProcessAAQuality = "4"
[2014.10.29-16.45.43:829][573]Cmd: r.EyeAdaptationQuality 0
[2014.10.29-16.45.43:829][573]r.EyeAdaptationQuality = "0"
[2014.10.29-16.45.43:829][573]Cmd: r.SSR.MaxRoughness 0.9
[2014.10.29-16.45.43:829][573]r.SSR.MaxRoughness = "0.9"
[2014.10.29-16.45.43:829][573]LogBlueprintUserMessages: ULTRA!!
[2014.10.29-16.45.43:841][574]LogRenderer:Warning: Reallocating scene render targets to support 1136x904.
[2014.10.29-16.45.43:981][575]Cmd: sg.ResolutionQuality 150
[2014.10.29-16.45.43:981][575]sg.ResolutionQuality = "150"
[2014.10.29-16.45.43:981][575]Cmd: sg.ViewDistanceQuality 3
[2014.10.29-16.45.43:981][575]sg.ViewDistanceQuality = "3"
[2014.10.29-16.45.43:981][575]Cmd: sg.AntiAliasingQuality 3
[2014.10.29-16.45.43:982][575]sg.AntiAliasingQuality = "3"
[2014.10.29-16.45.43:982][575]Cmd: sg.PostProcessQuality 3
[2014.10.29-16.45.43:982][575]sg.PostProcessQuality = "3"
[2014.10.29-16.45.43:982][575]Cmd: sg.ShadowQuality 3
[2014.10.29-16.45.43:982][575]sg.ShadowQuality = "3"
[2014.10.29-16.45.43:982][575]Cmd: sg.TextureQuality 3
[2014.10.29-16.45.43:982][575]sg.TextureQuality = "3"
[2014.10.29-16.45.43:982][575]Cmd: sg.EffectsQuality 3
[2014.10.29-16.45.43:982][575]sg.EffectsQuality = "3"
[2014.10.29-16.45.43:982][575]Cmd: r.PostProcessAAQuality 6
[2014.10.29-16.45.43:982][575]r.PostProcessAAQuality = "6"
[2014.10.29-16.45.43:982][575]Cmd: r.EyeAdaptationQuality 0
[2014.10.29-16.45.43:982][575]r.EyeAdaptationQuality = "0"
[2014.10.29-16.45.43:982][575]Cmd: r.SSR.MaxRoughness 0.9
[2014.10.29-16.45.43:982][575]r.SSR.MaxRoughness = "0.9"
[2014.10.29-16.45.43:982][575]LogBlueprintUserMessages: EXTREME!!
[2014.10.29-16.45.43:983][575]LogContentStreaming: Texture pool size now 1000 MB
[2014.10.29-16.45.44:322][597]Cmd: sg.ResolutionQuality 400
[2014.10.29-16.45.44:322][597]sg.ResolutionQuality = "400"
[2014.10.29-16.45.44:322][597]Cmd: sg.ViewDistanceQuality 3
[2014.10.29-16.45.44:322][597]sg.ViewDistanceQuality = "3"
[2014.10.29-16.45.44:322][597]Cmd: sg.AntiAliasingQuality 3
[2014.10.29-16.45.44:322][597]sg.AntiAliasingQuality = "3"
[2014.10.29-16.45.44:322][597]Cmd: sg.PostProcessQuality 3
[2014.10.29-16.45.44:322][597]sg.PostProcessQuality = "3"
[2014.10.29-16.45.44:322][597]Cmd: sg.ShadowQuality 3
[2014.10.29-16.45.44:322][597]sg.ShadowQuality = "3"
[2014.10.29-16.45.44:322][597]Cmd: sg.TextureQuality 3
[2014.10.29-16.45.44:322][597]sg.TextureQuality = "3"
[2014.10.29-16.45.44:322][597]Cmd: sg.EffectsQuality 3
[2014.10.29-16.45.44:322][597]sg.EffectsQuality = "3"
[2014.10.29-16.45.44:322][597]Cmd: r.PostProcessAAQuality 6
[2014.10.29-16.45.44:322][597]r.PostProcessAAQuality = "6"
[2014.10.29-16.45.44:322][597]Cmd: r.EyeAdaptationQuality 0
[2014.10.29-16.45.44:322][597]r.EyeAdaptationQuality = "0"
[2014.10.29-16.45.44:322][597]Cmd: r.SSR.MaxRoughness 0.9
[2014.10.29-16.45.44:322][597]r.SSR.MaxRoughness = "0.9"
[2014.10.29-16.45.44:322][597]LogBlueprintUserMessages: ULTRAEXTREME!!
[2014.10.29-16.45.45:230][662]Cmd: sg.ResolutionQuality 25
[2014.10.29-16.45.45:230][662]sg.ResolutionQuality = "25"
[2014.10.29-16.45.45:230][662]Cmd: sg.ViewDistanceQuality 0
[2014.10.29-16.45.45:230][662]sg.ViewDistanceQuality = "0"
[2014.10.29-16.45.45:231][662]Cmd: sg.AntiAliasingQuality 0
[2014.10.29-16.45.45:231][662]sg.AntiAliasingQuality = "0"
[2014.10.29-16.45.45:231][662]Cmd: sg.PostProcessQuality 0
[2014.10.29-16.45.45:231][662]sg.PostProcessQuality = "0"
[2014.10.29-16.45.45:231][662]Cmd: sg.ShadowQuality 0
[2014.10.29-16.45.45:231][662]sg.ShadowQuality = "0"
[2014.10.29-16.45.45:231][662]Cmd: sg.TextureQuality 0
[2014.10.29-16.45.45:231][662]sg.TextureQuality = "0"
[2014.10.29-16.45.45:231][662]Cmd: sg.EffectsQuality 0
[2014.10.29-16.45.45:231][662]sg.EffectsQuality = "0"
[2014.10.29-16.45.45:305][662]Cmd: r.PostProcessAAQuality 1
[2014.10.29-16.45.45:305][662]r.PostProcessAAQuality = "1"
[2014.10.29-16.45.45:305][662]Cmd: r.EyeAdaptationQuality 0
[2014.10.29-16.45.45:305][662]r.EyeAdaptationQuality = "0"
[2014.10.29-16.45.45:305][662]Cmd: r.SSR.MaxRoughness 0.2
[2014.10.29-16.45.45:306][662]r.SSR.MaxRoughness = "0.2"
[2014.10.29-16.45.45:306][662]LogBlueprintUserMessages: LOW!!
[2014.10.29-16.45.45:319][663]LogRenderer:Warning: Reallocating scene render targets to support 1136x904.
[2014.10.29-16.45.45:321][663]LogContentStreaming: Texture pool size now 200 MB
[2014.10.29-16.45.47:798][871]LogParticles: Destroying 0 GPU particle simulations for FXSystem 0x000000000C7F1BC0
[2014.10.29-16.45.51:756][137]LogEditorViewport: Clicking on Actor (LMB): Tischlampe_C (Tischlampe)
[2014.10.29-16.45.53:727][252]LogContentBrowser:Verbose: The content browser source was changed by the sources view to '/Game/Character'
[2014.10.29-16.45.54:074][269]LogContentBrowser:Verbose: The content browser source was changed by the sources view to '/Game/Blueprints'
[2014.10.29-16.46.04:726][696]LogRenderer:Warning: Reallocating scene render targets to support 1616x904.
[2014.10.29-16.46.06:385][754]LogActorComponent: UnregisterComponent: (/Engine/Transient.CharacterMovementComponent_0) Not registered. Aborting.
[2014.10.29-16.46.07:476][782]BlueprintLog: New page: Compile Tischlampe
[2014.10.29-16.46.07:666][782]BlueprintEditorCompileResults: Info [0041.69] Compile of Tischlampe successful! [in 0 ms]
[2014.10.29-16.46.08:460][799]Cmd: OBJ SAVEPACKAGE PACKAGE="/Game/Blueprints/Tischlampe" FILE="../../../../../../Users/lennart.daldrup.S4G/Documents/Unreal Projects/Nightterror/Content/Blueprints/Tischlampe.uasset" SILENT=true
[2014.10.29-16.46.08:524][799]LogSavePackage: Save=53.498699ms
[2014.10.29-16.46.08:524][799]LogSavePackage: Moving '../../../../../../Users/lennart.daldrup.S4G/Documents/Unreal Projects/Nightterror/Saved/TischlampeC8B3EC544D571270D17765BC13AC9BE8.tmp' to '../../../../../../Users/lennart.daldrup.S4G/Documents/Unreal Projects/Nightterror/Content/Blueprints/Tischlampe.uasset'
[2014.10.29-16.46.15:098][ 95]MapCheck: New page: Map Check
[2014.10.29-16.46.15:125][ 95]Cmd: MAP REBUILD ALLVISIBLE
[2014.10.29-16.46.15:125][ 95]LogEditorServer: Rebuildmap Clear paths rebuilt
[2014.10.29-16.46.15:149][ 95]LightingResults: New page: Lighting Build - Oct 29, 2014, 6:46:15 PM
[2014.10.29-16.46.27:407][ 95]LogStaticLightingSystem:Warning: No importance volume found, so the scene bounding box was used.  You can optimize your scene's quality and lighting build times by adding importance volumes.
[2014.10.29-16.46.27:456][ 95]LogStaticLightingSystem: Running Lightmass w/ ImmediateImport mode ENABLED
[2014.10.29-16.46.27:456][ 95]LogStaticLightingSystem: Running Lightmass w/ ImmediateProcess mode ENABLED
[2014.10.29-16.46.27:456][ 95]LogStaticLightingSystem: Running Lightmass w/ Sorting mode ENABLED
[2014.10.29-16.46.27:456][ 95]LogStaticLightingSystem: Running Lightmass w/ Mapping paddings ENABLED
[2014.10.29-16.46.27:456][ 95]LogStaticLightingSystem: Running Lightmass w/ Mapping debug paddings DISABLED
[2014.10.29-16.46.27:728][ 95]LogEditorBuildUtils: Build time 0:00:12
[2014.10.29-16.46.27:859][ 96]LogMaterial: Missing cached shader map for material FLightmassMaterialRenderer NewMaterial, compiling.
[2014.10.29-16.46.27:911][ 96]LogMaterial: Missing cached shader map for material FLightmassMaterialRenderer NewMaterial, compiling.
[2014.10.29-16.46.27:913][ 96]LogMaterial: Missing cached shader map for material FLightmassMaterialRenderer NewMaterial, compiling.
[2014.10.29-16.46.28:447][ 98]LogMaterial: Missing cached shader map for material FLightmassMaterialRenderer Wood_512x512_Mat, compiling.
[2014.10.29-16.46.28:449][ 98]LogMaterial: Missing cached shader map for material FLightmassMaterialRenderer Wood_512x512_Mat, compiling.
[2014.10.29-16.46.28:452][ 98]LogMaterial: Missing cached shader map for material FLightmassMaterialRenderer Wood_512x512_Mat, compiling.
[2014.10.29-16.46.28:467][ 99]LogMaterial: Missing cached shader map for material FLightmassMaterialRenderer rug_texture_Mat, compiling.
[2014.10.29-16.46.28:483][ 99]LogMaterial: Missing cached shader map for material FLightmassMaterialRenderer rug_texture_Mat, compiling.
[2014.10.29-16.46.28:485][ 99]LogMaterial: Missing cached shader map for material FLightmassMaterialRenderer rug_texture_Mat, compiling.
[2014.10.29-16.46.33:388][119]LogParticles: Destroying 0 GPU particle simulations for FXSystem 0x000000001CF97060
[2014.10.29-16.46.39:825][330]Job is a success!
[2014.10.29-16.46.40:095][331]LogTexture:Display: Building textures: HQ_Lightmap1_1 (AutoDXT)
[2014.10.29-16.46.40:192][331]LogTexture:Display: Building textures: LQ_Lightmap_0_1 (DXT1)
[2014.10.29-16.46.40:432][331]LogTexture:Display: Building textures: ShadowMapTexture2D_1 (BGRA8)
[2014.10.29-16.46.40:687][331]Lightmass on 2013-KURS-09: 6.71 sec total, 490 ms importing, 9 ms setup, 265 ms photons, 5.70 sec processing, 0 ms extra exporting [14/14 mappings]. Threads: 17.0 sec total, 9.48 sec processing.
[2014.10.29-16.46.40:719][331]LogStaticLightingSystem:Warning: Illumination: 25.5 sec (535 ms encoding lightmaps)
[2014.10.29-16.46.40:719][331]LogStaticLightingSystem: Lightmap texture memory:  0.3 MB (0.3 MB streaming, 0.0 MB non-streaming), 2 textures
[2014.10.29-16.46.40:719][331]LogStaticLightingSystem: Shadowmap texture memory: 0.0 MB (0.0 MB streaming, 0.0 MB non-streaming), 1 textures
[2014.10.29-16.46.46:480][332]Cmd: MAP CHECK NOTIFYRESULTS
[2014.10.29-16.46.46:481][332]MapCheck: New page: TheRoom - Oct 29, 2014, 6:46:46 PM
[2014.10.29-16.46.46:551][332]MapCheck: Info ========== Map Check: 0 Error(s), 0 Warning(s), [69.855ms] ==========
[2014.10.29-16.46.48:640][439]BlueprintLog: New page: Pre-PIE auto-recompile
[2014.10.29-16.46.48:640][439]LogPlayLevel: [PIE] Compiling TheRoom before PIE...
[2014.10.29-16.46.48:881][439]LogPlayLevel: PIE:  Blueprint regeneration took 241 ms (1 blueprints)
[2014.10.29-16.46.48:882][439]PIE: New page: PIE session: TheRoom (Oct 29, 2014, 6:46:48 PM)
[2014.10.29-16.46.48:891][439]LogPlayLevel: PIE: StaticDuplicateObject took: (0.009614s)
[2014.10.29-16.46.48:892][439]LogPlayLevel: PIE: World Init took: (0.000933s)
[2014.10.29-16.46.48:892][439]LogPlayLevel: PIE: Created PIE world by copying editor world from /Game/Maps/TheRoom.TheRoom to /Game/Maps/UEDPIE_0_TheRoom.TheRoom (0.010740s)
[2014.10.29-16.46.48:924][439]LogWorld: Game class is 'MyGame_C'
[2014.10.29-16.46.48:925][439]LogAIModule: Creating AISystem for world TheRoom
[2014.10.29-16.46.48:927][439]LogWorld: Bringing World /Game/Maps/UEDPIE_0_TheRoom.TheRoom up for play (max tick rate 0) at 2014.10.29-17.46.48
[2014.10.29-16.46.48:927][439]LogWorld: Bringing up level for play took: 0.002049
[2014.10.29-16.46.48:928][439]Cmd: sg.ResolutionQuality 25
[2014.10.29-16.46.48:928][439]sg.ResolutionQuality = "25"
[2014.10.29-16.46.48:928][439]Cmd: sg.ViewDistanceQuality 0
[2014.10.29-16.46.48:928][439]sg.ViewDistanceQuality = "0"
[2014.10.29-16.46.48:928][439]Cmd: sg.AntiAliasingQuality 0
[2014.10.29-16.46.48:928][439]sg.AntiAliasingQuality = "0"
[2014.10.29-16.46.48:928][439]Cmd: sg.PostProcessQuality 0
[2014.10.29-16.46.48:928][439]sg.PostProcessQuality = "0"
[2014.10.29-16.46.48:929][439]Cmd: sg.ShadowQuality 0
[2014.10.29-16.46.48:929][439]sg.ShadowQuality = "0"
[2014.10.29-16.46.48:929][439]Cmd: sg.TextureQuality 0
[2014.10.29-16.46.48:929][439]sg.TextureQuality = "0"
[2014.10.29-16.46.48:929][439]Cmd: sg.EffectsQuality 0
[2014.10.29-16.46.48:929][439]sg.EffectsQuality = "0"
[2014.10.29-16.46.48:929][439]Cmd: r.PostProcessAAQuality 1
[2014.10.29-16.46.48:929][439]r.PostProcessAAQuality = "1"
[2014.10.29-16.46.48:929][439]Cmd: r.EyeAdaptationQuality 0
[2014.10.29-16.46.48:929][439]r.EyeAdaptationQuality = "0"
[2014.10.29-16.46.48:929][439]Cmd: r.SSR.MaxRoughness 0.2
[2014.10.29-16.46.48:929][439]r.SSR.MaxRoughness = "0.2"
[2014.10.29-16.46.48:929][439]LogBlueprintUserMessages: LOW!!
[2014.10.29-16.46.48:929][439]PIE: Info Play in editor start time for /Game/Maps/UEDPIE_0_TheRoom -0.338
[2014.10.29-16.46.50:145][519]Cmd: sg.ResolutionQuality 25
[2014.10.29-16.46.50:145][519]sg.ResolutionQuality = "25"
[2014.10.29-16.46.50:145][519]Cmd: sg.ViewDistanceQuality 0
[2014.10.29-16.46.50:145][519]sg.ViewDistanceQuality = "0"
[2014.10.29-16.46.50:145][519]Cmd: sg.AntiAliasingQuality 0
[2014.10.29-16.46.50:145][519]sg.AntiAliasingQuality = "0"
[2014.10.29-16.46.50:145][519]Cmd: sg.PostProcessQuality 0
[2014.10.29-16.46.50:145][519]sg.PostProcessQuality = "0"
[2014.10.29-16.46.50:145][519]Cmd: sg.ShadowQuality 0
[2014.10.29-16.46.50:145][519]sg.ShadowQuality = "0"
[2014.10.29-16.46.50:145][519]Cmd: sg.TextureQuality 0
[2014.10.29-16.46.50:145][519]sg.TextureQuality = "0"
[2014.10.29-16.46.50:145][519]Cmd: sg.EffectsQuality 0
[2014.10.29-16.46.50:145][519]sg.EffectsQuality = "0"
[2014.10.29-16.46.50:145][519]Cmd: r.PostProcessAAQuality 1
[2014.10.29-16.46.50:145][519]r.PostProcessAAQuality = "1"
[2014.10.29-16.46.50:145][519]Cmd: r.EyeAdaptationQuality 0
[2014.10.29-16.46.50:145][519]r.EyeAdaptationQuality = "0"
[2014.10.29-16.46.50:145][519]Cmd: r.SSR.MaxRoughness 0.2
[2014.10.29-16.46.50:145][519]r.SSR.MaxRoughness = "0.2"
[2014.10.29-16.46.50:145][519]LogBlueprintUserMessages: LOW!!
[2014.10.29-16.46.50:744][565]Cmd: sg.ResolutionQuality 50
[2014.10.29-16.46.50:744][565]sg.ResolutionQuality = "50"
[2014.10.29-16.46.50:744][565]Cmd: sg.ViewDistanceQuality 1
[2014.10.29-16.46.50:744][565]sg.ViewDistanceQuality = "1"
[2014.10.29-16.46.50:744][565]Cmd: sg.AntiAliasingQuality 1
[2014.10.29-16.46.50:744][565]sg.AntiAliasingQuality = "1"
[2014.10.29-16.46.50:744][565]Cmd: sg.PostProcessQuality 1
[2014.10.29-16.46.50:744][565]sg.PostProcessQuality = "1"
[2014.10.29-16.46.50:744][565]Cmd: sg.ShadowQuality 1
[2014.10.29-16.46.50:744][565]sg.ShadowQuality = "1"
[2014.10.29-16.46.50:744][565]Cmd: sg.TextureQuality 1
[2014.10.29-16.46.50:744][565]sg.TextureQuality = "1"
[2014.10.29-16.46.50:744][565]Cmd: sg.EffectsQuality 1
[2014.10.29-16.46.50:744][565]sg.EffectsQuality = "1"
[2014.10.29-16.46.50:819][565]Cmd: r.PostProcessAAQuality 2
[2014.10.29-16.46.50:819][565]r.PostProcessAAQuality = "2"
[2014.10.29-16.46.50:819][565]Cmd: r.EyeAdaptationQuality 0
[2014.10.29-16.46.50:819][565]r.EyeAdaptationQuality = "0"
[2014.10.29-16.46.50:819][565]Cmd: r.SSR.MaxRoughness 0.6
[2014.10.29-16.46.50:820][565]r.SSR.MaxRoughness = "0.6"
[2014.10.29-16.46.50:820][565]LogBlueprintUserMessages: MID!!
[2014.10.29-16.46.50:820][565]LogContentStreaming: Texture pool size now 400 MB
[2014.10.29-16.46.50:841][566]LogRenderer:Warning: Reallocating scene render targets to support 1616x904.
[2014.10.29-16.46.51:072][582]Cmd: sg.ResolutionQuality 75
[2014.10.29-16.46.51:072][582]sg.ResolutionQuality = "75"
[2014.10.29-16.46.51:072][582]Cmd: sg.ViewDistanceQuality 2
[2014.10.29-16.46.51:072][582]sg.ViewDistanceQuality = "2"
[2014.10.29-16.46.51:072][582]Cmd: sg.AntiAliasingQuality 2
[2014.10.29-16.46.51:072][582]sg.AntiAliasingQuality = "2"
[2014.10.29-16.46.51:072][582]Cmd: sg.PostProcessQuality 2
[2014.10.29-16.46.51:072][582]sg.PostProcessQuality = "2"
[2014.10.29-16.46.51:072][582]Cmd: sg.ShadowQuality 2
[2014.10.29-16.46.51:072][582]sg.ShadowQuality = "2"
[2014.10.29-16.46.51:072][582]Cmd: sg.TextureQuality 2
[2014.10.29-16.46.51:072][582]sg.TextureQuality = "2"
[2014.10.29-16.46.51:073][582]Cmd: sg.EffectsQuality 2
[2014.10.29-16.46.51:073][582]sg.EffectsQuality = "2"
[2014.10.29-16.46.51:073][582]Cmd: r.PostProcessAAQuality 3
[2014.10.29-16.46.51:073][582]r.PostProcessAAQuality = "3"
[2014.10.29-16.46.51:073][582]Cmd: r.EyeAdaptationQuality 0
[2014.10.29-16.46.51:073][582]r.EyeAdaptationQuality = "0"
[2014.10.29-16.46.51:073][582]Cmd: r.SSR.MaxRoughness 0.8
[2014.10.29-16.46.51:073][582]r.SSR.MaxRoughness = "0.8"
[2014.10.29-16.46.51:073][582]LogBlueprintUserMessages: HIGH!!
[2014.10.29-16.46.51:103][583]LogRenderer:Warning: Reallocating scene render targets to support 1616x904.
[2014.10.29-16.46.51:155][586]LogContentStreaming: Texture pool size now 700 MB
[2014.10.29-16.46.51:360][602]Cmd: sg.ResolutionQuality 100
[2014.10.29-16.46.51:361][602]sg.ResolutionQuality = "100"
[2014.10.29-16.46.51:361][602]Cmd: sg.ViewDistanceQuality 3
[2014.10.29-16.46.51:361][602]sg.ViewDistanceQuality = "3"
[2014.10.29-16.46.51:361][602]Cmd: sg.AntiAliasingQuality 3
[2014.10.29-16.46.51:361][602]sg.AntiAliasingQuality = "3"
[2014.10.29-16.46.51:361][602]Cmd: sg.PostProcessQuality 3
[2014.10.29-16.46.51:361][602]sg.PostProcessQuality = "3"
[2014.10.29-16.46.51:361][602]Cmd: sg.ShadowQuality 3
[2014.10.29-16.46.51:361][602]sg.ShadowQuality = "3"
[2014.10.29-16.46.51:361][602]Cmd: sg.TextureQuality 3
[2014.10.29-16.46.51:361][602]sg.TextureQuality = "3"
[2014.10.29-16.46.51:361][602]Cmd: sg.EffectsQuality 3
[2014.10.29-16.46.51:361][602]sg.EffectsQuality = "3"
[2014.10.29-16.46.51:365][602]Cmd: r.PostProcessAAQuality 4
[2014.10.29-16.46.51:365][602]r.PostProcessAAQuality = "4"
[2014.10.29-16.46.51:365][602]Cmd: r.EyeAdaptationQuality 0
[2014.10.29-16.46.51:365][602]r.EyeAdaptationQuality = "0"
[2014.10.29-16.46.51:365][602]Cmd: r.SSR.MaxRoughness 0.9
[2014.10.29-16.46.51:365][602]r.SSR.MaxRoughness = "0.9"
[2014.10.29-16.46.51:365][602]LogBlueprintUserMessages: ULTRA!!
[2014.10.29-16.46.51:378][603]LogRenderer:Warning: Reallocating scene render targets to support 1616x904.
[2014.10.29-16.46.51:429][606]LogContentStreaming: Texture pool size now 1000 MB
[2014.10.29-16.46.51:667][621]Cmd: sg.ResolutionQuality 150
[2014.10.29-16.46.51:667][621]sg.ResolutionQuality = "150"
[2014.10.29-16.46.51:667][621]Cmd: sg.ViewDistanceQuality 3
[2014.10.29-16.46.51:667][621]sg.ViewDistanceQuality = "3"
[2014.10.29-16.46.51:667][621]Cmd: sg.AntiAliasingQuality 3
[2014.10.29-16.46.51:667][621]sg.AntiAliasingQuality = "3"
[2014.10.29-16.46.51:667][621]Cmd: sg.PostProcessQuality 3
[2014.10.29-16.46.51:668][621]sg.PostProcessQuality = "3"
[2014.10.29-16.46.51:668][621]Cmd: sg.ShadowQuality 3
[2014.10.29-16.46.51:668][621]sg.ShadowQuality = "3"
[2014.10.29-16.46.51:668][621]Cmd: sg.TextureQuality 3
[2014.10.29-16.46.51:668][621]sg.TextureQuality = "3"
[2014.10.29-16.46.51:668][621]Cmd: sg.EffectsQuality 3
[2014.10.29-16.46.51:668][621]sg.EffectsQuality = "3"
[2014.10.29-16.46.51:668][621]Cmd: r.PostProcessAAQuality 6
[2014.10.29-16.46.51:668][621]r.PostProcessAAQuality = "6"
[2014.10.29-16.46.51:668][621]Cmd: r.EyeAdaptationQuality 0
[2014.10.29-16.46.51:668][621]r.EyeAdaptationQuality = "0"
[2014.10.29-16.46.51:668][621]Cmd: r.SSR.MaxRoughness 0.9
[2014.10.29-16.46.51:668][621]r.SSR.MaxRoughness = "0.9"
[2014.10.29-16.46.51:668][621]LogBlueprintUserMessages: EXTREME!!
[2014.10.29-16.46.52:098][648]Cmd: sg.ResolutionQuality 400
[2014.10.29-16.46.52:098][648]sg.ResolutionQuality = "400"
[2014.10.29-16.46.52:098][648]Cmd: sg.ViewDistanceQuality 3
[2014.10.29-16.46.52:098][648]sg.ViewDistanceQuality = "3"
[2014.10.29-16.46.52:098][648]Cmd: sg.AntiAliasingQuality 3
[2014.10.29-16.46.52:098][648]sg.AntiAliasingQuality = "3"
[2014.10.29-16.46.52:098][648]Cmd: sg.PostProcessQuality 3
[2014.10.29-16.46.52:098][648]sg.PostProcessQuality = "3"
[2014.10.29-16.46.52:098][648]Cmd: sg.ShadowQuality 3
[2014.10.29-16.46.52:098][648]sg.ShadowQuality = "3"
[2014.10.29-16.46.52:098][648]Cmd: sg.TextureQuality 3
[2014.10.29-16.46.52:098][648]sg.TextureQuality = "3"
[2014.10.29-16.46.52:098][648]Cmd: sg.EffectsQuality 3
[2014.10.29-16.46.52:098][648]sg.EffectsQuality = "3"
[2014.10.29-16.46.52:098][648]Cmd: r.PostProcessAAQuality 6
[2014.10.29-16.46.52:098][648]r.PostProcessAAQuality = "6"
[2014.10.29-16.46.52:098][648]Cmd: r.EyeAdaptationQuality 0
[2014.10.29-16.46.52:098][648]r.EyeAdaptationQuality = "0"
[2014.10.29-16.46.52:098][648]Cmd: r.SSR.MaxRoughness 0.9
[2014.10.29-16.46.52:098][648]r.SSR.MaxRoughness = "0.9"
[2014.10.29-16.46.52:098][648]LogBlueprintUserMessages: ULTRAEXTREME!!
[2014.10.29-16.46.53:244][721]Cmd: sg.ResolutionQuality 25
[2014.10.29-16.46.53:244][721]sg.ResolutionQuality = "25"
[2014.10.29-16.46.53:244][721]Cmd: sg.ViewDistanceQuality 0
[2014.10.29-16.46.53:244][721]sg.ViewDistanceQuality = "0"
[2014.10.29-16.46.53:244][721]Cmd: sg.AntiAliasingQuality 0
[2014.10.29-16.46.53:244][721]sg.AntiAliasingQuality = "0"
[2014.10.29-16.46.53:245][721]Cmd: sg.PostProcessQuality 0
[2014.10.29-16.46.53:245][721]sg.PostProcessQuality = "0"
[2014.10.29-16.46.53:245][721]Cmd: sg.ShadowQuality 0
[2014.10.29-16.46.53:245][721]sg.ShadowQuality = "0"
[2014.10.29-16.46.53:245][721]Cmd: sg.TextureQuality 0
[2014.10.29-16.46.53:245][721]sg.TextureQuality = "0"
[2014.10.29-16.46.53:245][721]Cmd: sg.EffectsQuality 0
[2014.10.29-16.46.53:245][721]sg.EffectsQuality = "0"
[2014.10.29-16.46.53:331][721]Cmd: r.PostProcessAAQuality 1
[2014.10.29-16.46.53:331][721]r.PostProcessAAQuality = "1"
[2014.10.29-16.46.53:331][721]Cmd: r.EyeAdaptationQuality 0
[2014.10.29-16.46.53:331][721]r.EyeAdaptationQuality = "0"
[2014.10.29-16.46.53:331][721]Cmd: r.SSR.MaxRoughness 0.2
[2014.10.29-16.46.53:331][721]r.SSR.MaxRoughness = "0.2"
[2014.10.29-16.46.53:331][721]LogBlueprintUserMessages: LOW!!
[2014.10.29-16.46.53:332][721]LogRenderer:Warning: Reallocating scene render targets to support 1616x904.
[2014.10.29-16.46.53:332][721]LogContentStreaming: Texture pool size now 200 MB
[2014.10.29-16.47.04:832][647]Cmd: sg.ResolutionQuality 400
[2014.10.29-16.47.04:832][647]sg.ResolutionQuality = "400"
[2014.10.29-16.47.04:832][647]Cmd: sg.ViewDistanceQuality 3
[2014.10.29-16.47.04:832][647]sg.ViewDistanceQuality = "3"
[2014.10.29-16.47.04:832][647]Cmd: sg.AntiAliasingQuality 3
[2014.10.29-16.47.04:832][647]sg.AntiAliasingQuality = "3"
[2014.10.29-16.47.04:832][647]Cmd: sg.PostProcessQuality 3
[2014.10.29-16.47.04:832][647]sg.PostProcessQuality = "3"
[2014.10.29-16.47.04:832][647]Cmd: sg.ShadowQuality 3
[2014.10.29-16.47.04:832][647]sg.ShadowQuality = "3"
[2014.10.29-16.47.04:832][647]Cmd: sg.TextureQuality 3
[2014.10.29-16.47.04:832][647]sg.TextureQuality = "3"
[2014.10.29-16.47.04:832][647]Cmd: sg.EffectsQuality 3
[2014.10.29-16.47.04:832][647]sg.EffectsQuality = "3"
[2014.10.29-16.47.04:908][647]Cmd: r.PostProcessAAQuality 6
[2014.10.29-16.47.04:908][647]r.PostProcessAAQuality = "6"
[2014.10.29-16.47.04:908][647]Cmd: r.EyeAdaptationQuality 0
[2014.10.29-16.47.04:908][647]r.EyeAdaptationQuality = "0"
[2014.10.29-16.47.04:908][647]Cmd: r.SSR.MaxRoughness 0.9
[2014.10.29-16.47.04:908][647]r.SSR.MaxRoughness = "0.9"
[2014.10.29-16.47.04:908][647]LogBlueprintUserMessages: ULTRAEXTREME!!
[2014.10.29-16.47.04:919][648]LogRenderer:Warning: Reallocating scene render targets to support 1616x904.
[2014.10.29-16.47.04:972][651]LogContentStreaming: Texture pool size now 1000 MB
[2014.10.29-16.47.06:958][769]LogParticles: Destroying 0 GPU particle simulations for FXSystem 0x000000001CFB2160
[2014.10.29-16.47.36:580][317]BlueprintLog: New page: Pre-PIE auto-recompile
[2014.10.29-16.47.36:580][317]LogPlayLevel: [PIE] Compiling TheRoom before PIE...
[2014.10.29-16.47.36:758][317]LogActorComponent: UnregisterComponent: (/Engine/Transient.CharacterMovementComponent_1) Not registered. Aborting.
[2014.10.29-16.47.36:785][317]LogPlayLevel: PIE:  Blueprint regeneration took 205 ms (1 blueprints)
[2014.10.29-16.47.36:785][317]PIE: New page: PIE session: TheRoom (Oct 29, 2014, 6:47:36 PM)
[2014.10.29-16.47.36:795][317]LogPlayLevel: PIE: StaticDuplicateObject took: (0.009740s)
[2014.10.29-16.47.36:798][317]LogPlayLevel: PIE: World Init took: (0.002826s)
[2014.10.29-16.47.36:798][317]LogPlayLevel: PIE: Created PIE world by copying editor world from /Game/Maps/TheRoom.TheRoom to /Game/Maps/UEDPIE_0_TheRoom.TheRoom (0.012753s)
[2014.10.29-16.47.36:827][317]LogWorld: Game class is 'MyGame_C'
[2014.10.29-16.47.36:828][317]LogAIModule: Creating AISystem for world TheRoom
[2014.10.29-16.47.36:830][317]LogWorld: Bringing World /Game/Maps/UEDPIE_0_TheRoom.TheRoom up for play (max tick rate 0) at 2014.10.29-17.47.36
[2014.10.29-16.47.36:830][317]LogWorld: Bringing up level for play took: 0.002196
[2014.10.29-16.47.36:831][317]Cmd: sg.ResolutionQuality 25
[2014.10.29-16.47.36:831][317]sg.ResolutionQuality = "25"
[2014.10.29-16.47.36:831][317]Cmd: sg.ViewDistanceQuality 0
[2014.10.29-16.47.36:832][317]sg.ViewDistanceQuality = "0"
[2014.10.29-16.47.36:832][317]Cmd: sg.AntiAliasingQuality 0
[2014.10.29-16.47.36:832][317]sg.AntiAliasingQuality = "0"
[2014.10.29-16.47.36:832][317]Cmd: sg.PostProcessQuality 0
[2014.10.29-16.47.36:832][317]sg.PostProcessQuality = "0"
[2014.10.29-16.47.36:832][317]Cmd: sg.ShadowQuality 0
[2014.10.29-16.47.36:832][317]sg.ShadowQuality = "0"
[2014.10.29-16.47.36:832][317]Cmd: sg.TextureQuality 0
[2014.10.29-16.47.36:832][317]sg.TextureQuality = "0"
[2014.10.29-16.47.36:832][317]Cmd: sg.EffectsQuality 0
[2014.10.29-16.47.36:832][317]sg.EffectsQuality = "0"
[2014.10.29-16.47.36:905][317]Cmd: r.PostProcessAAQuality 1
[2014.10.29-16.47.36:905][317]r.PostProcessAAQuality = "1"
[2014.10.29-16.47.36:905][317]Cmd: r.EyeAdaptationQuality 0
[2014.10.29-16.47.36:905][317]r.EyeAdaptationQuality = "0"
[2014.10.29-16.47.36:905][317]Cmd: r.SSR.MaxRoughness 0.2
[2014.10.29-16.47.36:905][317]r.SSR.MaxRoughness = "0.2"
[2014.10.29-16.47.36:905][317]LogBlueprintUserMessages: LOW!!
[2014.10.29-16.47.36:906][317]PIE: Info Play in editor start time for /Game/Maps/UEDPIE_0_TheRoom -0.364
[2014.10.29-16.47.36:909][317]LogRenderer:Warning: Reallocating scene render targets to support 1616x904.
[2014.10.29-16.47.36:971][318]LogContentStreaming: Texture pool size now 200 MB
[2014.10.29-16.47.37:918][396]Cmd: sg.ResolutionQuality 25
[2014.10.29-16.47.37:918][396]sg.ResolutionQuality = "25"
[2014.10.29-16.47.37:918][396]Cmd: sg.ViewDistanceQuality 0
[2014.10.29-16.47.37:918][396]sg.ViewDistanceQuality = "0"
[2014.10.29-16.47.37:918][396]Cmd: sg.AntiAliasingQuality 0
[2014.10.29-16.47.37:918][396]sg.AntiAliasingQuality = "0"
[2014.10.29-16.47.37:918][396]Cmd: sg.PostProcessQuality 0
[2014.10.29-16.47.37:918][396]sg.PostProcessQuality = "0"
[2014.10.29-16.47.37:919][396]Cmd: sg.ShadowQuality 0
[2014.10.29-16.47.37:919][396]sg.ShadowQuality = "0"
[2014.10.29-16.47.37:919][396]Cmd: sg.TextureQuality 0
[2014.10.29-16.47.37:919][396]sg.TextureQuality = "0"
[2014.10.29-16.47.37:919][396]Cmd: sg.EffectsQuality 0
[2014.10.29-16.47.37:919][396]sg.EffectsQuality = "0"
[2014.10.29-16.47.37:919][396]Cmd: r.PostProcessAAQuality 1
[2014.10.29-16.47.37:919][396]r.PostProcessAAQuality = "1"
[2014.10.29-16.47.37:919][396]Cmd: r.EyeAdaptationQuality 0
[2014.10.29-16.47.37:919][396]r.EyeAdaptationQuality = "0"
[2014.10.29-16.47.37:919][396]Cmd: r.SSR.MaxRoughness 0.2
[2014.10.29-16.47.37:919][396]r.SSR.MaxRoughness = "0.2"
[2014.10.29-16.47.37:919][396]LogBlueprintUserMessages: LOW!!
[2014.10.29-16.47.39:068][497]Cmd: sg.ResolutionQuality 50
[2014.10.29-16.47.39:068][497]sg.ResolutionQuality = "50"
[2014.10.29-16.47.39:068][497]Cmd: sg.ViewDistanceQuality 1
[2014.10.29-16.47.39:068][497]sg.ViewDistanceQuality = "1"
[2014.10.29-16.47.39:068][497]Cmd: sg.AntiAliasingQuality 1
[2014.10.29-16.47.39:069][497]sg.AntiAliasingQuality = "1"
[2014.10.29-16.47.39:069][497]Cmd: sg.PostProcessQuality 1
[2014.10.29-16.47.39:069][497]sg.PostProcessQuality = "1"
[2014.10.29-16.47.39:069][497]Cmd: sg.ShadowQuality 1
[2014.10.29-16.47.39:069][497]sg.ShadowQuality = "1"
[2014.10.29-16.47.39:069][497]Cmd: sg.TextureQuality 1
[2014.10.29-16.47.39:069][497]sg.TextureQuality = "1"
[2014.10.29-16.47.39:069][497]Cmd: sg.EffectsQuality 1
[2014.10.29-16.47.39:069][497]sg.EffectsQuality = "1"
[2014.10.29-16.47.39:139][497]Cmd: r.PostProcessAAQuality 2
[2014.10.29-16.47.39:140][497]r.PostProcessAAQuality = "2"
[2014.10.29-16.47.39:140][497]Cmd: r.EyeAdaptationQuality 0
[2014.10.29-16.47.39:140][497]r.EyeAdaptationQuality = "0"
[2014.10.29-16.47.39:140][497]Cmd: r.SSR.MaxRoughness 0.6
[2014.10.29-16.47.39:140][497]r.SSR.MaxRoughness = "0.6"
[2014.10.29-16.47.39:140][497]LogBlueprintUserMessages: MID!!
[2014.10.29-16.47.39:151][498]LogRenderer:Warning: Reallocating scene render targets to support 1616x904.
[2014.10.29-16.47.39:153][498]LogContentStreaming: Texture pool size now 400 MB
[2014.10.29-16.47.39:297][511]Cmd: sg.ResolutionQuality 75
[2014.10.29-16.47.39:297][511]sg.ResolutionQuality = "75"
[2014.10.29-16.47.39:297][511]Cmd: sg.ViewDistanceQuality 2
[2014.10.29-16.47.39:297][511]sg.ViewDistanceQuality = "2"
[2014.10.29-16.47.39:297][511]Cmd: sg.AntiAliasingQuality 2
[2014.10.29-16.47.39:297][511]sg.AntiAliasingQuality = "2"
[2014.10.29-16.47.39:297][511]Cmd: sg.PostProcessQuality 2
[2014.10.29-16.47.39:297][511]sg.PostProcessQuality = "2"
[2014.10.29-16.47.39:297][511]Cmd: sg.ShadowQuality 2
[2014.10.29-16.47.39:297][511]sg.ShadowQuality = "2"
[2014.10.29-16.47.39:297][511]Cmd: sg.TextureQuality 2
[2014.10.29-16.47.39:297][511]sg.TextureQuality = "2"
[2014.10.29-16.47.39:297][511]Cmd: sg.EffectsQuality 2
[2014.10.29-16.47.39:297][511]sg.EffectsQuality = "2"
[2014.10.29-16.47.39:298][511]Cmd: r.PostProcessAAQuality 3
[2014.10.29-16.47.39:298][511]r.PostProcessAAQuality = "3"
[2014.10.29-16.47.39:298][511]Cmd: r.EyeAdaptationQuality 0
[2014.10.29-16.47.39:298][511]r.EyeAdaptationQuality = "0"
[2014.10.29-16.47.39:298][511]Cmd: r.SSR.MaxRoughness 0.8
[2014.10.29-16.47.39:298][511]r.SSR.MaxRoughness = "0.8"
[2014.10.29-16.47.39:298][511]LogBlueprintUserMessages: HIGH!!
[2014.10.29-16.47.39:309][512]LogRenderer:Warning: Reallocating scene render targets to support 1616x904.
[2014.10.29-16.47.39:320][513]LogContentStreaming: Texture pool size now 700 MB
[2014.10.29-16.47.39:465][524]Cmd: sg.ResolutionQuality 100
[2014.10.29-16.47.39:465][524]sg.ResolutionQuality = "100"
[2014.10.29-16.47.39:465][524]Cmd: sg.ViewDistanceQuality 3
[2014.10.29-16.47.39:465][524]sg.ViewDistanceQuality = "3"
[2014.10.29-16.47.39:465][524]Cmd: sg.AntiAliasingQuality 3
[2014.10.29-16.47.39:465][524]sg.AntiAliasingQuality = "3"
[2014.10.29-16.47.39:465][524]Cmd: sg.PostProcessQuality 3
[2014.10.29-16.47.39:466][524]sg.PostProcessQuality = "3"
[2014.10.29-16.47.39:466][524]Cmd: sg.ShadowQuality 3
[2014.10.29-16.47.39:466][524]sg.ShadowQuality = "3"
[2014.10.29-16.47.39:466][524]Cmd: sg.TextureQuality 3
[2014.10.29-16.47.39:466][524]sg.TextureQuality = "3"
[2014.10.29-16.47.39:467][524]Cmd: sg.EffectsQuality 3
[2014.10.29-16.47.39:467][524]sg.EffectsQuality = "3"
[2014.10.29-16.47.39:475][524]Cmd: r.PostProcessAAQuality 4
[2014.10.29-16.47.39:475][524]r.PostProcessAAQuality = "4"
[2014.10.29-16.47.39:475][524]Cmd: r.EyeAdaptationQuality 0
[2014.10.29-16.47.39:475][524]r.EyeAdaptationQuality = "0"
[2014.10.29-16.47.39:475][524]Cmd: r.SSR.MaxRoughness 0.9
[2014.10.29-16.47.39:475][524]r.SSR.MaxRoughness = "0.9"
[2014.10.29-16.47.39:475][524]LogBlueprintUserMessages: ULTRA!!
[2014.10.29-16.47.39:493][525]LogRenderer:Warning: Reallocating scene render targets to support 1616x904.
[2014.10.29-16.47.39:541][528]LogContentStreaming: Texture pool size now 1000 MB
[2014.10.29-16.47.39:640][535]Cmd: sg.ResolutionQuality 150
[2014.10.29-16.47.39:641][535]sg.ResolutionQuality = "150"
[2014.10.29-16.47.39:641][535]Cmd: sg.ViewDistanceQuality 3
[2014.10.29-16.47.39:641][535]sg.ViewDistanceQuality = "3"
[2014.10.29-16.47.39:641][535]Cmd: sg.AntiAliasingQuality 3
[2014.10.29-16.47.39:641][535]sg.AntiAliasingQuality = "3"
[2014.10.29-16.47.39:641][535]Cmd: sg.PostProcessQuality 3
[2014.10.29-16.47.39:641][535]sg.PostProcessQuality = "3"
[2014.10.29-16.47.39:641][535]Cmd: sg.ShadowQuality 3
[2014.10.29-16.47.39:641][535]sg.ShadowQuality = "3"
[2014.10.29-16.47.39:641][535]Cmd: sg.TextureQuality 3
[2014.10.29-16.47.39:641][535]sg.TextureQuality = "3"
[2014.10.29-16.47.39:641][535]Cmd: sg.EffectsQuality 3
[2014.10.29-16.47.39:641][535]sg.EffectsQuality = "3"
[2014.10.29-16.47.39:641][535]Cmd: r.PostProcessAAQuality 6
[2014.10.29-16.47.39:641][535]r.PostProcessAAQuality = "6"
[2014.10.29-16.47.39:641][535]Cmd: r.EyeAdaptationQuality 0
[2014.10.29-16.47.39:641][535]r.EyeAdaptationQuality = "0"
[2014.10.29-16.47.39:641][535]Cmd: r.SSR.MaxRoughness 0.9
[2014.10.29-16.47.39:641][535]r.SSR.MaxRoughness = "0.9"
[2014.10.29-16.47.39:642][535]LogBlueprintUserMessages: EXTREME!!
[2014.10.29-16.47.39:859][549]Cmd: sg.ResolutionQuality 400
[2014.10.29-16.47.39:859][549]sg.ResolutionQuality = "400"
[2014.10.29-16.47.39:859][549]Cmd: sg.ViewDistanceQuality 3
[2014.10.29-16.47.39:859][549]sg.ViewDistanceQuality = "3"
[2014.10.29-16.47.39:859][549]Cmd: sg.AntiAliasingQuality 3
[2014.10.29-16.47.39:859][549]sg.AntiAliasingQuality = "3"
[2014.10.29-16.47.39:859][549]Cmd: sg.PostProcessQuality 3
[2014.10.29-16.47.39:860][549]sg.PostProcessQuality = "3"
[2014.10.29-16.47.39:860][549]Cmd: sg.ShadowQuality 3
[2014.10.29-16.47.39:860][549]sg.ShadowQuality = "3"
[2014.10.29-16.47.39:860][549]Cmd: sg.TextureQuality 3
[2014.10.29-16.47.39:860][549]sg.TextureQuality = "3"
[2014.10.29-16.47.39:860][549]Cmd: sg.EffectsQuality 3
[2014.10.29-16.47.39:860][549]sg.EffectsQuality = "3"
[2014.10.29-16.47.39:860][549]Cmd: r.PostProcessAAQuality 6
[2014.10.29-16.47.39:860][549]r.PostProcessAAQuality = "6"
[2014.10.29-16.47.39:860][549]Cmd: r.EyeAdaptationQuality 0
[2014.10.29-16.47.39:860][549]r.EyeAdaptationQuality = "0"
[2014.10.29-16.47.39:860][549]Cmd: r.SSR.MaxRoughness 0.9
[2014.10.29-16.47.39:860][549]r.SSR.MaxRoughness = "0.9"
[2014.10.29-16.47.39:860][549]LogBlueprintUserMessages: ULTRAEXTREME!!
[2014.10.29-16.47.42:066][688]Cmd: sg.ResolutionQuality 25
[2014.10.29-16.47.42:066][688]sg.ResolutionQuality = "25"
[2014.10.29-16.47.42:066][688]Cmd: sg.ViewDistanceQuality 0
[2014.10.29-16.47.42:066][688]sg.ViewDistanceQuality = "0"
[2014.10.29-16.47.42:066][688]Cmd: sg.AntiAliasingQuality 0
[2014.10.29-16.47.42:066][688]sg.AntiAliasingQuality = "0"
[2014.10.29-16.47.42:066][688]Cmd: sg.PostProcessQuality 0
[2014.10.29-16.47.42:066][688]sg.PostProcessQuality = "0"
[2014.10.29-16.47.42:066][688]Cmd: sg.ShadowQuality 0
[2014.10.29-16.47.42:066][688]sg.ShadowQuality = "0"
[2014.10.29-16.47.42:066][688]Cmd: sg.TextureQuality 0
[2014.10.29-16.47.42:066][688]sg.TextureQuality = "0"
[2014.10.29-16.47.42:066][688]Cmd: sg.EffectsQuality 0
[2014.10.29-16.47.42:067][688]sg.EffectsQuality = "0"
[2014.10.29-16.47.42:160][688]Cmd: r.PostProcessAAQuality 1
[2014.10.29-16.47.42:160][688]r.PostProcessAAQuality = "1"
[2014.10.29-16.47.42:160][688]Cmd: r.EyeAdaptationQuality 0
[2014.10.29-16.47.42:160][688]r.EyeAdaptationQuality = "0"
[2014.10.29-16.47.42:161][688]Cmd: r.SSR.MaxRoughness 0.2
[2014.10.29-16.47.42:161][688]r.SSR.MaxRoughness = "0.2"
[2014.10.29-16.47.42:161][688]LogBlueprintUserMessages: LOW!!
[2014.10.29-16.47.42:161][688]LogContentStreaming: Texture pool size now 200 MB
[2014.10.29-16.47.42:173][689]LogRenderer:Warning: Reallocating scene render targets to support 1616x904.
[2014.10.29-16.47.43:122][769]Cmd: sg.ResolutionQuality 400
[2014.10.29-16.47.43:122][769]sg.ResolutionQuality = "400"
[2014.10.29-16.47.43:122][769]Cmd: sg.ViewDistanceQuality 3
[2014.10.29-16.47.43:122][769]sg.ViewDistanceQuality = "3"
[2014.10.29-16.47.43:122][769]Cmd: sg.AntiAliasingQuality 3
[2014.10.29-16.47.43:122][769]sg.AntiAliasingQuality = "3"
[2014.10.29-16.47.43:122][769]Cmd: sg.PostProcessQuality 3
[2014.10.29-16.47.43:122][769]sg.PostProcessQuality = "3"
[2014.10.29-16.47.43:122][769]Cmd: sg.ShadowQuality 3
[2014.10.29-16.47.43:122][769]sg.ShadowQuality = "3"
[2014.10.29-16.47.43:122][769]Cmd: sg.TextureQuality 3
[2014.10.29-16.47.43:122][769]sg.TextureQuality = "3"
[2014.10.29-16.47.43:123][769]Cmd: sg.EffectsQuality 3
[2014.10.29-16.47.43:123][769]sg.EffectsQuality = "3"
[2014.10.29-16.47.43:194][769]Cmd: r.PostProcessAAQuality 6
[2014.10.29-16.47.43:194][769]r.PostProcessAAQuality = "6"
[2014.10.29-16.47.43:195][769]Cmd: r.EyeAdaptationQuality 0
[2014.10.29-16.47.43:195][769]r.EyeAdaptationQuality = "0"
[2014.10.29-16.47.43:195][769]Cmd: r.SSR.MaxRoughness 0.9
[2014.10.29-16.47.43:195][769]r.SSR.MaxRoughness = "0.9"
[2014.10.29-16.47.43:195][769]LogBlueprintUserMessages: ULTRAEXTREME!!
[2014.10.29-16.47.43:214][770]LogRenderer:Warning: Reallocating scene render targets to support 1616x904.
[2014.10.29-16.47.43:262][773]LogContentStreaming: Texture pool size now 1000 MB
[2014.10.29-16.47.45:422][910]Cmd: sg.ResolutionQuality 50
[2014.10.29-16.47.45:422][910]sg.ResolutionQuality = "50"
[2014.10.29-16.47.45:422][910]Cmd: sg.ViewDistanceQuality 1
[2014.10.29-16.47.45:422][910]sg.ViewDistanceQuality = "1"
[2014.10.29-16.47.45:422][910]Cmd: sg.AntiAliasingQuality 1
[2014.10.29-16.47.45:422][910]sg.AntiAliasingQuality = "1"
[2014.10.29-16.47.45:422][910]Cmd: sg.PostProcessQuality 1
[2014.10.29-16.47.45:422][910]sg.PostProcessQuality = "1"
[2014.10.29-16.47.45:422][910]Cmd: sg.ShadowQuality 1
[2014.10.29-16.47.45:422][910]sg.ShadowQuality = "1"
[2014.10.29-16.47.45:423][910]Cmd: sg.TextureQuality 1
[2014.10.29-16.47.45:423][910]sg.TextureQuality = "1"
[2014.10.29-16.47.45:423][910]Cmd: sg.EffectsQuality 1
[2014.10.29-16.47.45:423][910]sg.EffectsQuality = "1"
[2014.10.29-16.47.45:441][910]Cmd: r.PostProcessAAQuality 2
[2014.10.29-16.47.45:441][910]r.PostProcessAAQuality = "2"
[2014.10.29-16.47.45:441][910]Cmd: r.EyeAdaptationQuality 0
[2014.10.29-16.47.45:441][910]r.EyeAdaptationQuality = "0"
[2014.10.29-16.47.45:441][910]Cmd: r.SSR.MaxRoughness 0.6
[2014.10.29-16.47.45:441][910]r.SSR.MaxRoughness = "0.6"
[2014.10.29-16.47.45:441][910]LogBlueprintUserMessages: MID!!
[2014.10.29-16.47.45:454][911]LogRenderer:Warning: Reallocating scene render targets to support 1616x904.
[2014.10.29-16.47.45:482][913]LogContentStreaming: Texture pool size now 400 MB
[2014.10.29-16.47.46:784][ 23]Cmd: sg.ResolutionQuality 75
[2014.10.29-16.47.46:784][ 23]sg.ResolutionQuality = "75"
[2014.10.29-16.47.46:784][ 23]Cmd: sg.ViewDistanceQuality 2
[2014.10.29-16.47.46:784][ 23]sg.ViewDistanceQuality = "2"
[2014.10.29-16.47.46:784][ 23]Cmd: sg.AntiAliasingQuality 2
[2014.10.29-16.47.46:784][ 23]sg.AntiAliasingQuality = "2"
[2014.10.29-16.47.46:784][ 23]Cmd: sg.PostProcessQuality 2
[2014.10.29-16.47.46:784][ 23]sg.PostProcessQuality = "2"
[2014.10.29-16.47.46:785][ 23]Cmd: sg.ShadowQuality 2
[2014.10.29-16.47.46:785][ 23]sg.ShadowQuality = "2"
[2014.10.29-16.47.46:785][ 23]Cmd: sg.TextureQuality 2
[2014.10.29-16.47.46:785][ 23]sg.TextureQuality = "2"
[2014.10.29-16.47.46:785][ 23]Cmd: sg.EffectsQuality 2
[2014.10.29-16.47.46:785][ 23]sg.EffectsQuality = "2"
[2014.10.29-16.47.46:785][ 23]Cmd: r.PostProcessAAQuality 3
[2014.10.29-16.47.46:785][ 23]r.PostProcessAAQuality = "3"
[2014.10.29-16.47.46:785][ 23]Cmd: r.EyeAdaptationQuality 0
[2014.10.29-16.47.46:785][ 23]r.EyeAdaptationQuality = "0"
[2014.10.29-16.47.46:785][ 23]Cmd: r.SSR.MaxRoughness 0.8
[2014.10.29-16.47.46:785][ 23]r.SSR.MaxRoughness = "0.8"
[2014.10.29-16.47.46:785][ 23]LogBlueprintUserMessages: HIGH!!
[2014.10.29-16.47.46:786][ 23]LogContentStreaming: Texture pool size now 700 MB
[2014.10.29-16.47.46:797][ 24]LogRenderer:Warning: Reallocating scene render targets to support 1616x904.
[2014.10.29-16.47.46:962][ 36]Cmd: sg.ResolutionQuality 100
[2014.10.29-16.47.46:962][ 36]sg.ResolutionQuality = "100"
[2014.10.29-16.47.46:962][ 36]Cmd: sg.ViewDistanceQuality 3
[2014.10.29-16.47.46:962][ 36]sg.ViewDistanceQuality = "3"
[2014.10.29-16.47.46:962][ 36]Cmd: sg.AntiAliasingQuality 3
[2014.10.29-16.47.46:962][ 36]sg.AntiAliasingQuality = "3"
[2014.10.29-16.47.46:962][ 36]Cmd: sg.PostProcessQuality 3
[2014.10.29-16.47.46:962][ 36]sg.PostProcessQuality = "3"
[2014.10.29-16.47.46:962][ 36]Cmd: sg.ShadowQuality 3
[2014.10.29-16.47.46:963][ 36]sg.ShadowQuality = "3"
[2014.10.29-16.47.46:963][ 36]Cmd: sg.TextureQuality 3
[2014.10.29-16.47.46:963][ 36]sg.TextureQuality = "3"
[2014.10.29-16.47.46:963][ 36]Cmd: sg.EffectsQuality 3
[2014.10.29-16.47.46:963][ 36]sg.EffectsQuality = "3"
[2014.10.29-16.47.46:967][ 36]Cmd: r.PostProcessAAQuality 4
[2014.10.29-16.47.46:967][ 36]r.PostProcessAAQuality = "4"
[2014.10.29-16.47.46:967][ 36]Cmd: r.EyeAdaptationQuality 0
[2014.10.29-16.47.46:967][ 36]r.EyeAdaptationQuality = "0"
[2014.10.29-16.47.46:967][ 36]Cmd: r.SSR.MaxRoughness 0.9
[2014.10.29-16.47.46:967][ 36]r.SSR.MaxRoughness = "0.9"
[2014.10.29-16.47.46:967][ 36]LogBlueprintUserMessages: ULTRA!!
[2014.10.29-16.47.46:976][ 37]LogRenderer:Warning: Reallocating scene render targets to support 1616x904.
[2014.10.29-16.47.47:031][ 39]LogContentStreaming: Texture pool size now 1000 MB
[2014.10.29-16.47.47:150][ 47]Cmd: sg.ResolutionQuality 150
[2014.10.29-16.47.47:150][ 47]sg.ResolutionQuality = "150"
[2014.10.29-16.47.47:150][ 47]Cmd: sg.ViewDistanceQuality 3
[2014.10.29-16.47.47:150][ 47]sg.ViewDistanceQuality = "3"
[2014.10.29-16.47.47:150][ 47]Cmd: sg.AntiAliasingQuality 3
[2014.10.29-16.47.47:150][ 47]sg.AntiAliasingQuality = "3"
[2014.10.